[2022-05-23 00:10:02] [INFO]: 收到群 20Z计科通知群(540450397) 内 Q群管家(2854196310) 的消息: [CQ:at,qq=all] 熬夜追剧打游戏，趁机打个健康打卡୧⍤⃝
——来自群管理员（1772203969）的编辑 (-646435722) 
[2022-05-23 06:00:10] [INFO]: 收到群 21软件3班通知群(684039593) 内 Q群管家(2854196310) 的消息: [CQ:at,qq=all] 早起的你们打卡没？
——来自群管理员（1648866869）的编辑 (226871098) 
[2022-05-23 06:04:48] [INFO]: 收到群 21软件3班通知群(684039593) 内 陈雪莹 13270716186(804743218) 的消息: 收到 (2055403436) 
[2022-05-23 07:26:36] [INFO]: 收到群 21软件3班通知群(684039593) 内 李袁15052620445(2768783278) 的消息: [CQ:reply,id=-593443746][CQ:at,qq=2768783278] 没交英语作业的同学，记得带上作业本[CQ:at,qq=all]  (-477387242) 
[2022-05-23 08:00:35] [INFO]: 收到群 21软件2班(626284843) 内 Q群管家(2854196310) 的消息: [CQ:at,qq=all] 新的一天，新的美好，记得❕❗️健康打卡❗️❕[CQ:image,file=6ddeb3e1383d4b40494abdab142c1f04.image,subType=0]
——来自群管理员（3166230258）的编辑 (-671607047) 
[2022-05-23 08:20:01] [INFO]: 收到群 21数据官方群(673433432) 内 Q群管家(2854196310) 的消息: [CQ:at,qq=all] 课前进行健康打卡，谢谢大家配合。
——来自群管理员（1186037531）的编辑 (-1266985173) 
[2022-05-23 08:32:04] [INFO]: 发送群 18软件2班在线群(780548179) 的消息: 健康打卡自动提醒
尚 ... (1352361826) 
[2022-05-23 08:32:14] [INFO]: 发送群 20Z计科通知群(540450397) 的消息: 健康打卡自动提醒
尚 ... (-1367401248) 
[2022-05-23 08:32:25] [INFO]: 发送群 20智能科学与技术(1014806242) 的消息: 健康打卡自动提醒
尚 ... (-1311825986) 
[2022-05-23 08:32:36] [INFO]: 发送群 20软件3班通知群(953064865) 的消息: 健康打卡自动提醒
尚 ... (1103000585) 
[2022-05-23 08:32:47] [INFO]: 发送群 科文学院21Z计科(913765781) 的消息: 健康打卡自动提醒
尚 ... (-1983577799) 
[2022-05-23 08:32:58] [INFO]: 发送群 21数据官方群(673433432) 的消息: 健康打卡自动提醒
尚 ... (-725819698) 
[2022-05-23 08:33:09] [INFO]: 发送群 21软件2班(626284843) 的消息: 健康打卡自动提醒
尚 ... (-1593891217) 
[2022-05-23 08:33:20] [INFO]: 发送群 21软件3班通知群(684039593) 的消息: 健康打卡自动提醒
尚 ... (-1802725760) 
[2022-05-23 08:43:14] [INFO]: 收到群 20软件2班官方群(953152455) 内 健康打卡小助手(3528275423) 的消息: 健康打卡自动提醒
尚未打卡的同学如下：
[CQ:at,qq=1262296187] 	[CQ:at,qq=1569245448] 	[CQ:at,qq=2316501367] 	[CQ:at,qq=2734076433] 	[CQ:at,qq=2909235457] 	[CQ:at,qq=1757724386] 	[CQ:at,qq=2251145976] 	[CQ:at,qq=2428286276] 	[CQ:at,qq=2781468167] 	[CQ:at,qq=2470684840] 	[CQ:at,qq=2563787865] 	[CQ:at,qq=2959674812] 	[CQ:at,qq=2410323243] 	[CQ:at,qq=3031531805] 	[CQ:at,qq=571807394] 	[CQ:at,qq=763039204] 	[CQ:at,qq=2105339715] 	[CQ:at,qq=2145039799] 	[CQ:at,qq=2680260895] 	[CQ:at,qq=1482193676] 	[CQ:at,qq=2499869608] 	[CQ:at,qq=1520379867] 	[CQ:at,qq=1499593995] 	[CQ:at,qq=673576534] 	[CQ:at,qq=840066450] 	[CQ:at,qq=2759638913] 	[CQ:at,qq=2969787424] 	[CQ:at,qq=2653090107] 	[CQ:at,qq=2235357497] 	[CQ:at,qq=741349469] 	[CQ:at,qq=421712537] 	[CQ:at,qq=1776565000] 	[CQ:at,qq=1282676341] 	[CQ:at,qq=853579314] 	
已打卡的同学请忽略此条消息
8:43:8 (1994847877) 
[2022-05-23 08:57:52] [INFO]: 新成员 precious(3366946170) 进入了群 潘安湖二手物品转卖群(949682820). 
[2022-05-23 09:02:07] [INFO]: 收到群 18软件2班在线群(780548179) 内 Q群管家(2854196310) 的消息: [CQ:at,qq=all] 昨夜有繁星满天，今早有打卡提醒！各位同学：健康打卡啦！「江苏师范大学科文学院信息工程系18软件2班宣」
——来自群管理员（2732160776）的编辑 (664557556) 
[2022-05-23 09:32:06] [INFO]: 发送群 18软件2班在线群(780548179) 的消息: 健康打卡自动提醒
尚 ... (1197202961) 
[2022-05-23 09:32:17] [INFO]: 发送群 20Z计科通知群(540450397) 的消息: 健康打卡自动提醒
尚 ... (1052770673) 
[2022-05-23 09:32:28] [INFO]: 发送群 20智能科学与技术(1014806242) 的消息: 健康打卡自动提醒
尚 ... (684084740) 
[2022-05-23 09:32:39] [INFO]: 发送群 20软件3班通知群(953064865) 的消息: 健康打卡自动提醒
尚 ... (918111391) 
[2022-05-23 09:32:50] [INFO]: 发送群 科文学院21Z计科(913765781) 的消息: 健康打卡自动提醒
尚 ... (-20827729) 
[2022-05-23 09:33:01] [INFO]: 发送群 21数据官方群(673433432) 的消息: 健康打卡自动提醒
尚 ... (-1547964840) 
[2022-05-23 09:33:12] [INFO]: 发送群 21软件2班(626284843) 的消息: 健康打卡自动提醒
尚 ... (972453845) 
[2022-05-23 09:33:22] [INFO]: 发送群 21软件3班通知群(684039593) 的消息: 健康打卡已完成！
9 ... (182977315) 
[2022-05-23 09:43:05] [INFO]: 收到群 20软件2班官方群(953152455) 内 健康打卡小助手(3528275423) 的消息: 健康打卡自动提醒
尚未打卡的同学如下：
[CQ:at,qq=2145039799] 	[CQ:at,qq=763039204] 	[CQ:at,qq=421712537] 	[CQ:at,qq=2470684840] 	[CQ:at,qq=2969787424] 	[CQ:at,qq=571807394] 	[CQ:at,qq=1569245448] 	[CQ:at,qq=2428286276] 	[CQ:at,qq=2959674812] 	[CQ:at,qq=840066450] 	[CQ:at,qq=2410323243] 	[CQ:at,qq=2781468167] 	[CQ:at,qq=2251145976] 	
已打卡的同学请忽略此条消息
9:42:59 (31573523) 
[2022-05-23 09:48:37] [INFO]: 收到群 20软件2班官方群(953152455) 内 房晨宇19119243349(769591414) 的消息: 科文学院5.25心理健康月“向阳携行，同心抗疫”宿舍人际关系训练成长营系列活动：
[CQ:face,id=66]（一）—讲讲优质舍友成长记
1.活动简介：每一棵草都会开花，每一个人都会长大！发现优秀，让优秀成为一种氛围！ 是什么样的力量让你成为一名优质的室友 ？或是你的优质室友是如何成长的？讲一讲你的优质室友成长记，可以是你自己，可以是室友哦！                                                                                                 2.作品要求：主题健康向上，以宿舍为单位投稿参加，图片集、文字集、视频、手绘等形式不限。
[CQ:face,id=66]（二)—晒晒宿舍暖心故事集
1.活动简介：还记的谁是第一个到宿舍的吗？还记的在宿舍里无数次睡前谈心吗？你的宿舍一定发生过暖心的故事？在和舍友相处中的小确幸或温暖瞬间有没有？宿舍是我们第二个家，这里发生的点点滴滴都值得我们记忆，把你们的故事晒一晒吧！                                                                                                                               2.作品要求：主题健康向上，以宿舍为单位投稿参加，图片集、文字集、视频、手绘等形式不限。
请各班级积极转发动员同学们参加，各班将汇总好的作品及报名表5月28日21点前发到邮箱929274745@qq.com，手绘版作品及报名表5月28日10:00前送到教3-428办公室；作品一经上交，均不退还，请投稿者自留底稿。 (-1618652240) 
[2022-05-23 09:48:49] [INFO]: 群 20软件2班官方群(953152455) 内 房晨宇19119243349(769591414) 上传了文件: 525宿舍关系训练营报名信息统计表.xlsx 
[2022-05-23 09:53:22] [INFO]: 收到群 21软件2班(626284843) 内 易令(2831415059) 的消息: 我们10点整点名请同学们尽快前来哦。[CQ:at,qq=all]  (1324435267) 
[2022-05-23 10:00:16] [INFO]: 收到群 科文学院21Z计科(913765781) 内 Q群管家(2854196310) 的消息: [CQ:at,qq=all] 请大家尽快健康打卡喽！
——来自群管理员（2538311073）的编辑 (1621533708) 
[2022-05-23 10:02:35] [INFO]: 新成员 芊芊(415688995) 进入了群 潘安湖二手物品转卖群(949682820). 
[2022-05-23 10:30:04] [INFO]: 收到群 18软件2班在线群(780548179) 内 Q群管家(2854196310) 的消息: [CQ:at,qq=all] 这周的青年大学习要交啦
——来自群管理员（1046695404）的编辑 (811396743) 
[2022-05-23 10:32:04] [INFO]: 发送群 18软件2班在线群(780548179) 的消息: 健康打卡自动提醒
尚 ... (-1453998275) 
[2022-05-23 10:32:15] [INFO]: 发送群 20Z计科通知群(540450397) 的消息: 健康打卡自动提醒
尚 ... (1237791207) 
[2022-05-23 10:32:26] [INFO]: 发送群 20智能科学与技术(1014806242) 的消息: 健康打卡自动提醒
尚 ... (1606516370) 
[2022-05-23 10:32:37] [INFO]: 发送群 20软件3班通知群(953064865) 的消息: 健康打卡自动提醒
尚 ... (-1347414747) 
[2022-05-23 10:32:47] [INFO]: 发送群 科文学院21Z计科(913765781) 的消息: 健康打卡自动提醒
尚 ... (396465306) 
[2022-05-23 10:32:58] [INFO]: 发送群 21数据官方群(673433432) 的消息: 健康打卡自动提醒
尚 ... (984793058) 
[2022-05-23 10:33:09] [INFO]: 发送群 21软件2班(626284843) 的消息: 健康打卡自动提醒
尚 ... (-565290286) 
[2022-05-23 10:42:50] [INFO]: 收到群 20软件2班官方群(953152455) 内 健康打卡小助手(3528275423) 的消息: 健康打卡自动提醒
尚未打卡的同学如下：
[CQ:at,qq=763039204] 	[CQ:at,qq=1569245448] 	[CQ:at,qq=2410323243] 	[CQ:at,qq=2145039799] 	
已打卡的同学请忽略此条消息
10:42:44 (1904947868) 
[2022-05-23 10:49:59] [INFO]: 收到群 21数据官方群(673433432) 内 郑雨露(2047859253) 的消息: 经与教务处沟通，大学生劳动教育视频开放时间延长至27号，请未完成的同学尽快完成[CQ:at,qq=all]  (1303744372) 
[2022-05-23 11:00:41] [INFO]: 收到群 20智能科学与技术(1014806242) 内 19潘海英(2108817450) 的消息: 科文学院5.25心理健康月“向阳携行，同心抗疫”宿舍人际关系训练成长营系列活动：
[CQ:face,id=66]（一）—讲讲优质舍友成长记
1.活动简介：每一棵草都会开花，每一个人都会长大！发现优秀，让优秀成为一种氛围！ 是什么样的力量让你成为一名优质的室友 ？或是你的优质室友是如何成长的？讲一讲你的优质室友成长记，可以是你自己，可以是室友哦！                                                                                                 2.作品要求：主题健康向上，以宿舍为单位投稿参加，图片集、文字集、视频、手绘等形式不限。
[CQ:face,id=66]（二)—晒晒宿舍暖心故事集
1.活动简介：还记的谁是第一个到宿舍的吗？还记的在宿舍里无数次睡前谈心吗？你的宿舍一定发生过暖心的故事？在和舍友相处中的小确幸或温暖瞬间有没有？宿舍是我们第二个家，这里发生的点点滴滴都值得我们记忆，把你们的故事晒一晒吧！                                                                                                                               2.作品要求：主题健康向上，以宿舍为单位投稿参加，图片集、文字集、视频、手绘等形式不限。
请各班级积极转发动员同学们参加，各班将汇总好的作品及报名表5月28日21点前发到邮箱929274745@qq.com，手绘版作品及报名表5月28日10:00前送到教3-428办公室；作品一经上交，均不退还，请投稿者自留底稿。@全体成员  (-813800701) 
[2022-05-23 11:00:47] [INFO]: 群 20智能科学与技术(1014806242) 内 19潘海英(2108817450) 上传了文件: 525宿舍关系训练营报名信息统计表.xlsx 
[2022-05-23 11:07:03] [INFO]: 新成员 丁丁迪西和小波(3236176313) 进入了群 潘安湖二手物品转卖群(949682820). 
[2022-05-23 11:08:25] [INFO]: 收到群 20智能科学与技术(1014806242) 内 19潘海英(2108817450) 的消息: 大家可以积极报名，525心理健康月活动都是有机会得奖的，有奖状的[CQ:at,qq=all]  (-658580880) 
[2022-05-23 11:09:12] [INFO]: 收到群 20智能科学与技术(1014806242) 内 数电-张静宇老师(732257229) 的消息: [CQ:image,file=6fe7f3a5fdab91046d4a9d460d021393.image,subType=0] (-1346770202) 
[2022-05-23 11:09:21] [INFO]: 收到群 20智能科学与技术(1014806242) 内 数电-张静宇老师(732257229) 的消息: 核酸检测别忘了@ (917551964) 
[2022-05-23 11:09:30] [INFO]: 收到群 20智能科学与技术(1014806242) 内 数电-张静宇老师(732257229) 的消息: [CQ:at,qq=all]  (1102547914) 
[2022-05-23 11:21:50] [INFO]: 收到群 18软件2班在线群(780548179) 内 李铭扬(2058123321) 的消息: 【金山文档】 附件2．江苏师范大学2022届校友信息汇总表
https://kdocs.cn/l/cvGAkmdjj6S2
走过路过不要错过，瞧一瞧，看一看填一填了喂~ (-565014613) 
[2022-05-23 11:22:34] [INFO]: 收到群 18软件2班在线群(780548179) 内 李铭扬(2058123321) 的消息: 麻烦大家抓紧完善一下！！！着急要！！！[CQ:at,qq=all] (1077287432) 
[2022-05-23 11:23:21] [INFO]: 收到群 18软件2班在线群(780548179) 内 曹玉(2745850456) 的消息: 这个有什么意义 (925969054) 
[2022-05-23 11:29:14] [INFO]: 收到群 20软件3班通知群(953064865) 内 09-冯靖元-副团支书(2546110748) 的消息: [CQ:face,id=63]同学们中午好[CQ:face,id=63]
本周青年大学习正常进行。
学习完毕后请各位同学将截图发至各自宿舍的小群中，请宿舍长将聊天记录转发到宿舍长群中。 (-659085901) 
[2022-05-23 11:29:40] [INFO]: 收到群 20软件3班通知群(953064865) 内 24-刘梦子-团支书(1533808001) 的消息: [CQ:at,qq=all]  (1208498210) 
[2022-05-23 11:30:07] [INFO]: 收到群 18软件2班在线群(780548179) 内 Q群管家(2854196310) 的消息: [CQ:at,qq=all] 还有人没打卡，快看看是不是你😱😱😱「江苏师范大学科文学院信息工程系18软件2班宣」
——来自群管理员（2732160776）的编辑 (-1372030172) 
[2022-05-23 11:32:03] [INFO]: 发送群 18软件2班在线群(780548179) 的消息: 健康打卡自动提醒
尚 ... (-650163278) 
[2022-05-23 11:32:14] [INFO]: 发送群 20Z计科通知群(540450397) 的消息: 健康打卡自动提醒
尚 ... (456579712) 
[2022-05-23 11:32:24] [INFO]: 发送群 20智能科学与技术(1014806242) 的消息: 健康打卡已完成！
1 ... (-539812247) 
[2022-05-23 11:32:35] [INFO]: 收到群 20软件2班官方群(953152455) 内 健康打卡小助手(3528275423) 的消息: 健康打卡自动提醒
尚未打卡的同学如下：
[CQ:at,qq=2145039799] 	[CQ:at,qq=1569245448] 	[CQ:at,qq=2410323243] 	
已打卡的同学请忽略此条消息
11:32:29 (109838858) 
[2022-05-23 11:32:35] [INFO]: 发送群 20软件3班通知群(953064865) 的消息: 健康打卡已完成！
1 ... (1057949876) 
[2022-05-23 11:32:46] [INFO]: 发送群 科文学院21Z计科(913765781) 的消息: 健康打卡自动提醒
尚 ... (-1901542112) 
[2022-05-23 11:32:57] [INFO]: 发送群 21数据官方群(673433432) 的消息: 健康打卡自动提醒
尚 ... (-741270825) 
[2022-05-23 11:33:07] [INFO]: 发送群 21软件2班(626284843) 的消息: 健康打卡已完成！
1 ... (-1454806460) 
[2022-05-23 11:33:25] [INFO]: 收到群 20Z计科通知群(540450397) 内 逯琪    18334883791(1716451970) 的消息: 青年大学习开始了，本周做2022年第13期，按照上周的格式，以宿舍为单位上交，截图于今晚8：00前上交，辛苦大家配合一下按时上交，谢谢！@全体成员  (1815210518) 
[2022-05-23 11:37:22] [INFO]: 收到群 21数据官方群(673433432) 内 朱雯雅(2624160598) 的消息: 2022年第13期 青年大学习已开始，请同学们尽快完成，并在今天晚上八点之前把截图私发给我。/喵喵/喵喵/喵喵[CQ:at,qq=all]  (-1529468351) 
[2022-05-23 11:42:04] [INFO]: 收到群 20软件2班官方群(953152455) 内 张彦伟195 5163 5017(1458335158) 的消息: 下午双创还有算法课 (-1775034469) 
[2022-05-23 12:32:03] [INFO]: 发送群 18软件2班在线群(780548179) 的消息: 健康打卡自动提醒
尚 ... (1233147427) 
[2022-05-23 12:32:14] [INFO]: 发送群 20Z计科通知群(540450397) 的消息: 健康打卡自动提醒
尚 ... (-180831316) 
[2022-05-23 12:32:25] [INFO]: 发送群 科文学院21Z计科(913765781) 的消息: 健康打卡自动提醒
尚 ... (-105908810) 
[2022-05-23 12:32:35] [INFO]: 发送群 21数据官方群(673433432) 的消息: 健康打卡已完成！
1 ... (1038056443) 
[2022-05-23 12:35:37] [INFO]: 收到群 21软件3班通知群(684039593) 内 汪仕林  19516186003(2830524460) 的消息: [CQ:reply,id=1181687068][CQ:at,qq=2830524460] [CQ:at,qq=all] 请宿舍长在今天19：00前，将宿舍完成评教的截图私发给我[CQ:face,id=63][CQ:face,id=63] (2112828341) 
[2022-05-23 12:42:34] [INFO]: 收到群 20软件2班官方群(953152455) 内 健康打卡小助手(3528275423) 的消息: 健康打卡自动提醒
尚未打卡的同学如下：
[CQ:at,qq=1569245448] 	
已打卡的同学请忽略此条消息
12:42:27 (-516673779) 
[2022-05-23 13:21:11] [INFO]: 收到群 21数据官方群(673433432) 内 魏乐翔(50830046) 的消息: [CQ:json,data={"app":"com.tencent.structmsg"&#44;"config":{"ctime":1653283270&#44;"forward":true&#44;"token":"e8ea6c19ca710ed1d952dfeee078b992"&#44;"type":"normal"}&#44;"desc":"新闻"&#44;"extra":{"app_type":1&#44;"appid":101458937&#44;"uin":50830046}&#44;"meta":{"news":{"action":""&#44;"android_pkg_name":""&#44;"app_type":1&#44;"appid":101458937&#44;"ctime":1653283270&#44;"desc":"腾讯文档-在线表格"&#44;"jumpUrl":"https://docs.qq.com/sheet/DUlRwSkJhVlpWd25Z"&#44;"preview":"https://docs.idqqimg.com/tim/docs/docs-design-resources/mobile/png@2x/file_sheet_150@2x-379be1fb08.png"&#44;"source_icon":"https://p.qpic.cn/qqconnect/0/app_101458937_1596103559/100?max-age=2592000&amp;t=0"&#44;"source_url":""&#44;"tag":"腾讯文档"&#44;"title":"21数据班每日核酸统计表"&#44;"uin":50830046}}&#44;"prompt":"&#91;分享&#93;21数据班每日核酸统计表"&#44;"ver":"0.0.0.1"&#44;"view":"news"}] (1255689069) 
[2022-05-23 13:26:48] [INFO]: 收到群 20软件2班官方群(953152455) 内 赵惠杰 13023528917(2282161961) 的消息: 下午的实训是线上课，大家不用去教室 (-676789906) 
[2022-05-23 13:32:03] [INFO]: 发送群 18软件2班在线群(780548179) 的消息: 健康打卡自动提醒
尚 ... (1049061045) 
[2022-05-23 13:32:14] [INFO]: 发送群 20Z计科通知群(540450397) 的消息: 健康打卡已完成！
1 ... (-2109764806) 
[2022-05-23 13:32:25] [INFO]: 发送群 科文学院21Z计科(913765781) 的消息: 健康打卡自动提醒
尚 ... (1762715687) 
[2022-05-23 13:34:59] [INFO]: 群 20软件2班官方群(953152455) 内 算法老师-陈祥(365029552) 上传了文件: 实验5_学号_姓名.docx 
[2022-05-23 13:35:23] [INFO]: 群 20软件2班官方群(953152455) 内 算法老师-陈祥(365029552) 上传了文件: MaxHeap.java 
[2022-05-23 13:35:24] [INFO]: 群 20软件2班官方群(953152455) 内 算法老师-陈祥(365029552) 上传了文件: MinHeap.java 
[2022-05-23 13:35:28] [INFO]: 群 20软件2班官方群(953152455) 内 算法老师-陈祥(365029552) 上传了文件: BBKnapsack.java 
[2022-05-23 13:37:39] [INFO]: 收到群 20软件2班官方群(953152455) 内 王玮瑶18752799016(2044435806) 的消息: 6 (-1480329759) 
[2022-05-23 13:41:45] [INFO]: 收到群 20软件2班官方群(953152455) 内 健康打卡小助手(3528275423) 的消息: 今日健康打卡已完成！
13:41:39 (1053467739) 
[2022-05-23 13:52:03] [INFO]: 发送群 18软件2班在线群(780548179) 的消息: 健康打卡自动提醒
尚 ... (1819708882) 
[2022-05-23 13:52:05] [INFO]: 收到群 20智能科学与技术(1014806242) 内 54  郑宁宁(2872124414) 的消息: 请提醒学生可于今日起登录全国计算机等级考试报名网站（网址：https://ncre-bm.neea.cn或https://ncre-bm.neea.edu.cn）打印准考证，并注意查看考生须知及考点提示等内容。@全体成员 (-1462489345) 
[2022-05-23 13:52:14] [INFO]: 发送群 科文学院21Z计科(913765781) 的消息: 健康打卡已完成！
1 ... (504879281) 
[2022-05-23 14:05:17] [INFO]: 收到群 20智能科学与技术(1014806242) 内 54  郑宁宁(2872124414) 的消息: 教务系统学籍信息补充填报截止时间为本月月底，目前仍有部分学生未填写（具体名单见群共享），请尽快督促完成@全体成员 (836599621) 
[2022-05-23 14:05:24] [INFO]: 群 20智能科学与技术(1014806242) 内 54  郑宁宁(2872124414) 上传了文件: 学籍信息未核对学生名单.xlsx 
[2022-05-23 14:05:53] [INFO]: 收到群 20软件2班官方群(953152455) 内 算法老师-陈祥(365029552) 的消息: 
好工具一定要分享给最好的朋友，ProcessOn助您和好友一起高效办公！
https://www.processon.com/i/5bd01568e4b06fc64b2be72c

 (1238209741) 
[2022-05-23 14:06:12] [INFO]: 收到群 科文学院21Z计科(913765781) 内 63 学委 赵猛(2912580980) 的消息: 各学委：教务系统学籍信息补充填报截止时间为本月月底，目前仍有部分学生未填写（具体名单见群共享），请尽快督促完成@全体成员 (2127581524) 
[2022-05-23 14:06:13] [INFO]: 群 科文学院21Z计科(913765781) 内 63 学委 赵猛(2912580980) 上传了文件: 学籍信息未核对学生名单.xlsx 
[2022-05-23 14:11:15] [INFO]: 收到群 21软件3班通知群(684039593) 内 李袁15052620445(2768783278) 的消息: 各位同学：
    参加计算机考试的同学可于今日起登录全国计算机等级考试报名网站（网址：https://ncre-bm.neea.cn或https://ncre-bm.neea.edu.cn）打印准考证，并注意查看考生须知及考点提示等内容。祝参加考试的同学取得好成绩[CQ:face,id=63][CQ:at,qq=all]  (-454663665) 
[2022-05-23 14:17:27] [INFO]: 收到群 科文学院21Z计科(913765781) 内 63 学委 赵猛(2912580980) 的消息: @全体成员 
今年起，学生的毕业档案中将加入《学籍卡片》。请所有在校生登录教务系统，更新个人信息（邮编、家庭地址、电话、监护人、家庭成员），更新方法详见《学生端学籍基本信息修改》。
注意事项：
1.《学籍卡片》将放入学生档案，请各位同学严肃对待，填写真实有效的信息，一旦放入档案，将不能修改。
2.信息填写时间为5月31日前，逾期系统将自动关闭，请各位同学注意把握时间节点。
3.因18级在校外，近期五一的原因暂时不能访问，毕业班等外网开放了再填。

收到在线文档回复！ (-1864486792) 
[2022-05-23 14:17:28] [INFO]: 群 科文学院21Z计科(913765781) 内 63 学委 赵猛(2912580980) 上传了文件: 学生端学籍基本信息修改.docx 
[2022-05-23 14:23:24] [INFO]: 收到群 21数据官方群(673433432) 内 郑雨露(2047859253) 的消息: 各位同学：请学生可于今日起登录全国计算机等级考试报名网站（网址：https://ncre-bm.neea.cn或https://ncre-bm.neea.edu.cn）打印准考证，并注意查看考生须知及考点提示等内容。[CQ:at,qq=all]  (-630761732) 
[2022-05-23 14:24:52] [INFO]: 收到群 21数据官方群(673433432) 内 郑雨露(2047859253) 的消息:  各位同学：教务系统学籍信息补充填报截止时间为本月月底，目前仍有部分学生未填写，请尽快完成[CQ:at,qq=all] [CQ:image,file=c46724dbaa16d32563bff6560c2234fe.image,subType=0] (-1386191254) 
[2022-05-23 14:32:14] [INFO]: 收到群 20Z计科通知群(540450397) 内 学委 杜明晨 13013936980(2847970990) 的消息: 
今年起，学生的毕业档案中将加入《学籍卡片》。请所有在校生登录教务系统，更新个人信息（邮编、家庭地址、电话、监护人、家庭成员），更新方法详见《学生端学籍基本信息修改》。
注意事项：
1.《学籍卡片》将放入学生档案，请各位同学严肃对待，填写真实有效的信息，一旦放入档案，将不能修改。
2.信息填写时间为5月31日前，逾期系统将自动关闭，请各位同学注意把握时间节点。
3.因18级在校外，开放时间：每天9:00-16:30。学生访问地址为http://222.187.129.200:51234/jsxsd[CQ:at,qq=all]  (475733657) 
[2022-05-23 14:33:09] [INFO]: 收到群 20Z计科通知群(540450397) 内 学委 杜明晨 13013936980(2847970990) 的消息: [CQ:image,file=ffbac08ccd369ef1272614ea2a934e29.image,subType=0] (1801203215) 
[2022-05-23 14:34:57] [INFO]: 群 20Z计科通知群(540450397) 内 学委 杜明晨 13013936980(2847970990) 上传了文件: 学生端学籍基本信息修改 (1).docx 
[2022-05-23 14:39:27] [INFO]: 收到群 18软件2班在线群(780548179) 内 姚杰(2450220376) 的消息: [CQ:at,qq=all] 
教务系统学籍信息补充填报截止时间为本月月底，目前仍有部分同学未填写，请大家尽快完成 (460438852) 
[2022-05-23 14:40:46] [INFO]: 群 18软件2班在线群(780548179) 内 姚杰(2450220376) 上传了文件: 学生端学籍基本信息修改.docx 
[2022-05-23 14:47:47] [INFO]: 收到群 21软件2班(626284843) 内 王明玮(2990317540) 的消息: 同学可于今日起登录全国计算机等级考试报名网站（网址：https://ncre-bm.neea.cn或https://ncre-bm.neea.edu.cn）打印准考证，并注意查看考生须知及考点提示等内容。@全体成员 (-913382495) 
[2022-05-23 14:48:03] [INFO]: 收到群 20Z计科通知群(540450397) 内 周曾贤 19852067895(2419785771) 的消息: [CQ:reply,id=1801203215][CQ:at,qq=2847970990] [CQ:at,qq=2847970990] 这是修改好的？ (-2058203357) 
[2022-05-23 14:49:43] [INFO]: 收到群 21软件2班(626284843) 内 王明玮(2990317540) 的消息: 教务系统学籍信息补充填报截止时间为本月月底，目前仍有部分学生未填写 请尽快完成@全体成员 (-1098263753) 
[2022-05-23 14:49:55] [INFO]: 群 21软件2班(626284843) 内 王明玮(2990317540) 上传了文件: 学籍信息未核对学生名单.xlsx 
[2022-05-23 14:50:23] [INFO]: 收到群 20智能科学与技术(1014806242) 内 数电-张静宇老师(732257229) 的消息: 经反馈，我们学院的学生宿舍卫生情况不容乐观。屡次发现有卫生差、偶有发现大功率、违规电器，以目前的情形来看，不是某一个年级、某班的个例，而是普遍现象；经与社区沟通，现恢复线下授课后，社区检查将更加严格！
    大家要做好卫生打扫！注意学校对于违规电器的处理办法（学生手册149页），起床后要叠被，出门时要拔掉电源插头，关闭饮水机等。
    后期如有社区、或院内宿舍大检查中有发现较差的宿舍，将全院通报该宿舍，并给于违规登记，有两次违规登记将记过处理，[CQ:at,qq=all] (-698002878) 
[2022-05-23 14:50:35] [INFO]: 收到群 20智能科学与技术(1014806242) 内 16 路晨曦(2917450975) 的消息: [CQ:image,file=434c29ea4e936cd682a8a7de1ee32a9d.image,subType=1] (-1587387692) 
[2022-05-23 14:52:03] [INFO]: 发送群 18软件2班在线群(780548179) 的消息: 健康打卡已完成！
1 ... (-176169880) 
[2022-05-23 14:52:30] [INFO]: 收到群 20智能科学与技术(1014806242) 内 39 吴祥龙(1246925698) 的消息: [CQ:image,file=7f8d45acadb8f66e9615844c177d886d.image,subType=0] (1596376767) 
[2022-05-23 14:55:53] [INFO]: 收到群 18软件2班在线群(780548179) 内 男宿 630，崔炳铎(1697854382) 的消息: [CQ:image,file=7f558ad3c42b76d311404678b3c1f6f6.image,subType=0] (1796950475) 
[2022-05-23 14:56:03] [INFO]: 收到群 20智能科学与技术(1014806242) 内 54  郑宁宁(2872124414) 的消息: [CQ:image,file=61442e00292682d30eb9acfc5620533b.image,subType=0]   为方便不在校学生进行学籍信息填报，校外网址登陆时间为上午8:30—下午4:30，使用时直接用浏览器打开地址即可，不需要登录VPN。 (673314345) 
[2022-05-23 14:56:28] [INFO]: 收到群 20软件2班官方群(953152455) 内 辅导员赵思文(929274745) 的消息: 接社区通知，现天气渐热，也已恢复线下授课，社区检查将更会加严格！
   请所有同学做好卫生打扫工作，保持宿舍清洁、通风消杀！使用违规电器的处理办法（学生手册149页）有提及，所有同学起床后要叠被，出门时要拔掉电源插头，关闭饮水机等。
    后期如有社区、或院内宿舍大检查中有发现较差的宿舍，将全院通报该宿舍，并给于违规登记，有两次违规登记将记过处理。@全体成员 (-646805156) 
[2022-05-23 15:01:28] [INFO]: 收到群 20软件2班官方群(953152455) 内 辅导员赵思文(929274745) 的消息: [CQ:json,data={"app":"com.tencent.structmsg"&#44;"config":{"ctime":1653289287&#44;"forward":true&#44;"token":"201d7268737028b7d24d7e3229c7b346"&#44;"type":"normal"}&#44;"desc":"新闻"&#44;"extra":{"app_type":1&#44;"appid":1103188687&#44;"uin":929274745}&#44;"meta":{"news":{"action":""&#44;"android_pkg_name":""&#44;"app_type":1&#44;"appid":1103188687&#44;"ctime":1653289287&#44;"desc":" "&#44;"jumpUrl":"http://mp.weixin.qq.com/s?__biz=Mzg2OTc2Njk3MA==&amp;mid=2247484349&amp;idx=2&amp;sn=38458279036ea44c59e0ba502c49c1c1&amp;chksm=ce9941e8f9eec8fe81435d7e8a60631222e78bd4b834f2054d91fc0784a190ae0bdeff104e9b&amp;mpshare=1&amp;scene=23&amp;srcid=0522fdF2WJ9GWlow6xTb2S4K&amp;sharer_sharetime=1653289279541&amp;sharer_shareid=649def2d0ddc8f5e77ad22e136262f4a#rd"&#44;"preview":"https://mmbiz.qlogo.cn/mmbiz_jpg/NoHyCVtGR2v9mTBP4CACca3vJIHloAEMibX4MUdmwerOw62XqonoPSprUgIPMLAbRIiacLHdH4dnPf3Cr6ISRhvw/300?wx_fmt=jpeg&amp;wxfrom=7"&#44;"source_icon":"https://i.gtimg.cn/open/app_icon/03/18/86/87/1103188687_100_m.png"&#44;"source_url":""&#44;"tag":"微信"&#44;"title":"江苏师范大学科文学院征兵工作宣传-政策篇"&#44;"uin":929274745}}&#44;"prompt":"&#91;分享&#93;江苏师范大学科文学院征兵工作宣传-政策篇"&#44;"ver":"0.0.0.1"&#44;"view":"news"}] (-1368016438) 
[2022-05-23 15:06:28] [INFO]: 收到群 20Z计科通知群(540450397) 内 学委 杜明晨 13013936980(2847970990) 的消息: 自行检查，按要求填 (367874738) 
[2022-05-23 15:08:53] [INFO]: 收到群 20软件2班官方群(953152455) 内 张彦伟195 5163 5017(1458335158) 的消息: 请于今日起登录全国计算机等级考试报名网站（网址：https://ncre-bm.neea.cn或https://ncre-bm.neea.edu.cn）打印准考证，并注意查看考生须知及考点提示等内容。@全体成员 (-827183057) 
[2022-05-23 15:09:05] [INFO]: 收到群 20软件2班官方群(953152455) 内 辅导员赵思文(929274745) 的消息: 各位同学，今年秋季有意愿入伍的学生，科文学院计划本周邀请贾汪武装部到校进行宣讲。如需咨询，可以到行政楼115办公室或者通过QQ群（859970158）线上咨询。
    1.[CQ:face,id=63]班级如有有意愿入伍的学生，请于5月23日16:00前把班级-姓名-联系电话发给我。@全体成员  (-1179320135) 
[2022-05-23 15:09:38] [INFO]: 收到群 21数据官方群(673433432) 内 班主任-周俊(1027418356) 的消息: [CQ:image,file=006020388ad63ef9d8e78112206f0c9d.image,subType=0][CQ:image,file=65d2800969e4a423639d799f898efd64.image,subType=0]  [CQ:at,qq=all]     2022年秋季征兵工作已开始，请有意向的同学注意报名要求与时间节点！ (1394917889) 
[2022-05-23 15:12:30] [INFO]: 收到群 21数据官方群(673433432) 内 郑雨露(2047859253) 的消息: [CQ:image,file=61442e00292682d30eb9acfc5620533b.image,subType=0]   为方便不在校学生进行学籍信息填报，校外网址登陆时间为上午8:30—下午4:30，使用时直接用浏览器打开地址即可，不需要登录VPN。 (606335639) 
[2022-05-23 15:12:47] [INFO]: 收到群 21数据官方群(673433432) 内 班主任-周俊(1027418356) 的消息: [CQ:json,data={"app":"com.tencent.structmsg"&#44;"config":{"ctime":1653289967&#44;"forward":true&#44;"token":"5514e4f2e1dbde05d66da24269885935"&#44;"type":"normal"}&#44;"desc":"新闻"&#44;"extra":{"app_type":1&#44;"appid":1103188687&#44;"uin":1027418356}&#44;"meta":{"news":{"action":""&#44;"android_pkg_name":""&#44;"app_type":1&#44;"appid":1103188687&#44;"ctime":1653289967&#44;"desc":" "&#44;"jumpUrl":"http://mp.weixin.qq.com/s?__biz=Mzg2OTc2Njk3MA==&amp;mid=2247484349&amp;idx=2&amp;sn=38458279036ea44c59e0ba502c49c1c1&amp;chksm=ce9941e8f9eec8fe81435d7e8a60631222e78bd4b834f2054d91fc0784a190ae0bdeff104e9b&amp;mpshare=1&amp;scene=23&amp;srcid=0522fdF2WJ9GWlow6xTb2S4K&amp;sharer_sharetime=1653289964434&amp;sharer_shareid=9a9ce58545535d75263b3e14844be266#rd"&#44;"preview":"https://mmbiz.qlogo.cn/mmbiz_jpg/NoHyCVtGR2v9mTBP4CACca3vJIHloAEMibX4MUdmwerOw62XqonoPSprUgIPMLAbRIiacLHdH4dnPf3Cr6ISRhvw/300?wx_fmt=jpeg&amp;wxfrom=7"&#44;"source_icon":"https://i.gtimg.cn/open/app_icon/03/18/86/87/1103188687_100_m.png"&#44;"source_url":""&#44;"tag":"微信"&#44;"title":"江苏师范大学科文学院征兵工作宣传-政策篇"&#44;"uin":1027418356}}&#44;"prompt":"&#91;分享&#93;江苏师范大学科文学院征兵工作宣传-政策篇"&#44;"ver":"0.0.0.1"&#44;"view":"news"}] (-1121279187) 
[2022-05-23 15:12:59] [INFO]: 收到群 科文学院21Z计科(913765781) 内 班主任(313323736) 的消息: 各位同学：
    今年秋季有意愿入伍的同学，请关注一下：科文学院计划本周邀请贾汪武装部到校进行宣讲。如需咨询，可以到行政楼115办公室或者通过QQ群（859970158）线上咨询。班级如有有意愿入伍的学生，请于5月23日19:00前联系我，谢谢。[CQ:at,qq=all] 

 [CQ:image,file=006020388ad63ef9d8e78112206f0c9d.image,subType=0][CQ:image,file=65d2800969e4a423639d799f898efd64.image,subType=0] (2042467661) 
[2022-05-23 15:13:06] [INFO]: 收到群 科文学院21Z计科(913765781) 内 63 学委 赵猛(2912580980) 的消息: [CQ:image,file=61442e00292682d30eb9acfc5620533b.image,subType=0]   为方便不在校学生进行学籍信息填报，校外网址登陆时间为上午8:30—下午4:30，使用时直接用浏览器打开地址即可，不需要登录VPN。 (247113179) 
[2022-05-23 15:16:27] [INFO]: 群 20软件3班通知群(953064865) 内 算法老师-陈祥(365029552) 上传了文件: 实验5_学号_姓名.docx 
[2022-05-23 15:16:45] [INFO]: 收到群 21数据官方群(673433432) 内 班主任-周俊(1027418356) 的消息: [CQ:at,qq=3400432688] [CQ:at,qq=3270039385]    做核酸了吗 (-902982725) 
[2022-05-23 15:16:52] [INFO]: 收到群 21数据官方群(673433432) 内 诸胜(3400432688) 的消息: 做了 (1414071832) 
[2022-05-23 15:17:01] [INFO]: 群 20软件3班通知群(953064865) 内 算法老师-陈祥(365029552) 上传了文件: MinHeap.java 
[2022-05-23 15:17:01] [INFO]: 群 20软件3班通知群(953064865) 内 算法老师-陈祥(365029552) 上传了文件: MaxHeap.java 
[2022-05-23 15:17:09] [INFO]: 群 20软件3班通知群(953064865) 内 算法老师-陈祥(365029552) 上传了文件: BBKnapsack.java 
[2022-05-23 15:18:12] [INFO]: 收到群 21数据官方群(673433432) 内 刘雨欣(3270039385) 的消息: 做了 (592328334) 
[2022-05-23 15:24:14] [INFO]: 收到群 18软件2班在线群(780548179) 内 姚杰(2450220376) 的消息: [CQ:at,qq=all] 
[CQ:image,file=8d646a08b9997ea369daa5f3efaaf6fa.image,subType=0]    
为方便不在校学生进行学籍信息填报，校外网址登陆时间为上午8:30—下午4:30，使用时直接用浏览器打开地址即可，不需要登录VPN。 (471628125) 
[2022-05-23 15:30:05] [ERROR]: Protocol -> unexpected disconnect: EOF 
[2022-05-23 15:30:05] [INFO]: Protocol -> connect to server: 119.147.190.155:8080 
[2022-05-23 15:30:08] [INFO]: 收到服务器地址更新通知, 将在下一次重连时应用.  
[2022-05-23 15:38:10] [INFO]: 群 科文学院21Z计科(913765781) 内 47 吴顺 班长(1959838610) 上传了文件: 实训项目12  配置与管理VPN和NAT服务器.wmv 
[2022-05-23 15:43:47] [INFO]: 收到群 20智能科学与技术(1014806242) 内 数电-张静宇老师(732257229) 的消息: 最近学校又对宿舍检查提出了高要求，检查力度再次加大。其中必须要注意的是：1、宿舍里不能乱拉电线，尤其是不能从宿舍空调接线口那里接电。2、宿舍没人的时候一定要把插排拔掉，饮水机、电脑、空调、灯等必须关掉，将重点检查这个问题。3、起床后一定要叠被子，整理床铺。以上问题一旦出现，将立刻将宿舍等级评为差。宿舍内务等级评为中或者差，是要写说明材料的，而且会在你们的毕业评语里体现的。一定要慎重。！！！！[CQ:at,qq=all] (-1322735725) 
[2022-05-23 15:43:55] [INFO]: 收到群 20智能科学与技术(1014806242) 内 数电-张静宇老师(732257229) 的消息: 勿谓言之不预也 (-969959675) 
[2022-05-23 15:44:10] [INFO]: 收到群 20智能科学与技术(1014806242) 内 数电-张静宇老师(732257229) 的消息: [CQ:image,file=c5045728d2a923ac15f925779d4cac50.image,subType=0] (1481310886) 
[2022-05-23 15:45:27] [INFO]: 收到群 20软件3班通知群(953064865) 内 算法老师-陈祥(365029552) 的消息: 好工具一定要分享给最好的朋友，ProcessOn助您和好友一起高效办公！
https://www.processon.com/i/5bd01568e4b06fc64b2be72c (1788028874) 
[2022-05-23 15:53:46] [INFO]: 新成员 6(1551592061) 进入了群 潘安湖二手物品转卖群(949682820). 
[2022-05-23 16:06:48] [INFO]: 收到群 20Z计科通知群(540450397) 内 周曾贤 19852067895(2419785771) 的消息: 👏今晚有四场宣讲会等你来！📢 📢 📢 
1、【中建三局城建有限公司】 👉 18：00
2、【中铁广州工程局集团桥梁工程有限公司】👉  18：00
3、【郑州宇通集团有限公司】👉  19：00
4、【浙江华友钴业股份有限公司 】👉  19：00  
企业的HR和相关工作人员将会在直播间与我们见面??
⏰调好闹钟，届时一起聆听企业的故事吧🤗

【宣讲会链接，需手机端打开】
中建三局城建：https://yqy.h5.xeknow.com/s/46l5MQ
中铁广州工程局：https://yqy.h5.xeknow.com/s/1Ausbq
宇通集团：https://yqy.h5.xeknow.com/s/nyBTn
华友钴业：https://yqy.h5.xeknow.com/s/3HmIE2
（打不开的同学复制链接去微信打开即可）
@全体成员 (1659527716) 
[2022-05-23 16:08:50] [INFO]: 收到群 20Z计科通知群(540450397) 内 周曾贤 19852067895(2419785771) 的消息: 郑州宇通集团有限公司春招补录发车！冲！还有机会！
【宣讲会时间】2022年5月23日19：00
【宣讲会链接，需手机端打开】https://yqy.h5.xeknow.com/s/nyBTn
【简历投递链接】https://wj.qq.com/s2/10270852/798a/
【招聘入群链接，需手机端打开】http://url.qunjifen.com/J2KQb
【企业简介】
宇通集团是以客车、卡车、环卫装备及工程机械为主业的商用车集团，总部位于国家中心城市郑州市，连续18年登榜中国企业500强，持续上榜“中国品牌价值 500 强” 和《财富》杂志“财富 500 强”，连续多年荣获世界客车联盟（BAAV）系列大奖、世界客车博览会（Busworld）系列大奖、中国工业大奖、两次国家科技进步二等奖、工业企业质量标杆等 500 多项重要荣誉。 累计出口超75000辆，以优异品质和良好口碑，成为世界主流客车供应商。宇通荣登2021年中国500最具价值品牌，并获得2021中国大学生最喜爱雇主的殊荣。 
【招聘岗位】
1.技术类管培生 ： 计算机类、机械电气自动化类
2.营销类管培生 ：市场营销类、小语种类
3.生产类管培生 ：机械工程类、车辆工程类
4.财经类管培生 ：经济管理类
5.供应链类管培生 ：机械工程类、车辆、物流类
6.经管与人力类管培生 ：管理类
7.IT类管培生 ：计算机类
8.法务类管培生  ：法学类
【薪酬待遇】
年综合收入：本科：11-18 万/年，优秀者高达 24 万+；
硕士：13-21 万/年，优秀者高达 27 万+；
试用期工资全额发放。 
【其他福利】
1.三年免费公寓拎包入住；五险一金（入职即缴纳，公积金比例10%）；双休、每天工作 8 小时；
2.免费通勤班车；春节超长带薪年假、婚假、产假、护理假各种节假日福利；18个员工食堂、工会福利、健康体检等；公司提供餐补、取暖补贴、降温补贴等，部分岗位有岗位补贴、语言补贴、驻外补贴等；
3.符合相关条件的毕业生，落户郑州可享受政府提供2-10万元购房补贴，连续三年500-1500元/月的生活补贴。
【工作地点】河南郑州 (36563905) 
[2022-05-23 16:14:30] [INFO]: 收到群 18软件2班在线群(780548179) 内 盛老师(511754133) 的消息: 郑州宇通集团有限公司春招补录发车！冲！还有机会！
【宣讲会时间】2022年5月23日19：00
【宣讲会链接，需手机端打开】https://yqy.h5.xeknow.com/s/nyBTn
【简历投递链接】https://wj.qq.com/s2/10270852/798a/
【招聘入群链接，需手机端打开】http://url.qunjifen.com/J2KQb
【企业简介】
宇通集团是以客车、卡车、环卫装备及工程机械为主业的商用车集团，总部位于国家中心城市郑州市，连续18年登榜中国企业500强，持续上榜“中国品牌价值 500 强” 和《财富》杂志“财富 500 强”，连续多年荣获世界客车联盟（BAAV）系列大奖、世界客车博览会（Busworld）系列大奖、中国工业大奖、两次国家科技进步二等奖、工业企业质量标杆等 500 多项重要荣誉。 累计出口超75000辆，以优异品质和良好口碑，成为世界主流客车供应商。宇通荣登2021年中国500最具价值品牌，并获得2021中国大学生最喜爱雇主的殊荣。 
【招聘岗位】
1.技术类管培生 ： 计算机类、机械电气自动化类
2.营销类管培生 ：市场营销类、小语种类
3.生产类管培生 ：机械工程类、车辆工程类
4.财经类管培生 ：经济管理类
5.供应链类管培生 ：机械工程类、车辆、物流类
6.经管与人力类管培生 ：管理类
7.IT类管培生 ：计算机类
8.法务类管培生  ：法学类
【薪酬待遇】
年综合收入：本科：11-18 万/年，优秀者高达 24 万+；
硕士：13-21 万/年，优秀者高达 27 万+；
试用期工资全额发放。 
【其他福利】
1.三年免费公寓拎包入住；五险一金（入职即缴纳，公积金比例10%）；双休、每天工作 8 小时；
2.免费通勤班车；春节超长带薪年假、婚假、产假、护理假各种节假日福利；18个员工食堂、工会福利、健康体检等；公司提供餐补、取暖补贴、降温补贴等，部分岗位有岗位补贴、语言补贴、驻外补贴等；
3.符合相关条件的毕业生，落户郑州可享受政府提供2-10万元购房补贴，连续三年500-1500元/月的生活补贴。
【工作地点】河南郑州 (-2062210841) 
[2022-05-23 16:19:03] [INFO]: 收到群 21软件2班(626284843) 内 陈慧(3166230258) 的消息: &#91;&#91;分享&#93;21软件2班会&#93;请使用最新版本手机QQ查看[CQ:json,data={"app":"com.tencent.structmsg"&#44;"desc":"新闻"&#44;"view":"news"&#44;"ver":"0.0.0.1"&#44;"prompt":"&#91;分享&#93;21软件2班会"&#44;"meta":{"news":{"action":""&#44;"android_pkg_name":""&#44;"app_type":1&#44;"appid":101828163&#44;"ctime":1653293713&#44;"desc":"会议时间:2022\/05\/23 18:00-18:30 会议号:817 376 …"&#44;"jumpUrl":"https:\/\/meeting.tencent.com\/dm\/T0sCbIsuhzqH"&#44;"preview":"https:\/\/pic.ugcimg.cn\/29376286c903e70e6928c870710138b0\/jpg1"&#44;"source_icon":"https:\/\/p.qpic.cn\/qqconnect\/0\/app_101828163_1574753917\/100?max-age=2592000&amp;t=0"&#44;"source_url":""&#44;"tag":"腾讯会议"&#44;"title":"21软件2班会"&#44;"uin":3166230258}}&#44;"config":{"ctime":1653293713&#44;"forward":true&#44;"token":"1857d28dbc9b9b6c02eb94896d7b610b"&#44;"type":"normal"}}] (1351070235) 
[2022-05-23 16:19:04] [INFO]: 收到群 21软件2班(626284843) 内 陈慧(3166230258) 的消息: 今天晚上18:00有一个班会，请大家提前进入会议 (-823973960) 
[2022-05-23 16:19:09] [INFO]: 收到群 21软件2班(626284843) 内 陈慧(3166230258) 的消息: [CQ:at,qq=all]  (-1176234194) 
[2022-05-23 16:28:58] [INFO]: 收到群 21数据官方群(673433432) 内 班主任-周俊(1027418356) 的消息: [CQ:at,qq=all]     晚上18:30线上班会，腾讯会议号：494-764-7020 (-1169725644) 
[2022-05-23 16:37:51] [INFO]: 收到群 18软件2班在线群(780548179) 内 李铭扬(2058123321) 的消息: 【金山文档】 附件2．江苏师范大学2022届校友信息汇总表
https://kdocs.cn/l/cvGAkmdjj6S2
走过路过不要错过，瞧一瞧，看一看填一填了喂~ (-233695119) 
[2022-05-23 16:43:48] [INFO]: 收到群 20软件2班官方群(953152455) 内 张彦伟195 5163 5017(1458335158) 的消息: 教务系统学籍信息补充填报截止时间为本月月底，请尽快完成@全体成员[CQ:image,file=8b237e4c84be07d194592e6cbf67acd1.image,subType=0] (549212419) 
[2022-05-23 16:44:21] [INFO]: 收到群 18软件2班在线群(780548179) 内 李铭扬(2058123321) 的消息: [CQ:image,file=eadb249b89d20791ca30aba0531cd41c.image,subType=0] (1655506400) 
[2022-05-23 16:44:32] [INFO]: 收到群 18软件2班在线群(780548179) 内 李铭扬(2058123321) 的消息: 请这些同学抓紧填写表格[CQ:at,qq=all] (363476342) 
[2022-05-23 17:01:57] [INFO]: 收到群 20智能科学与技术(1014806242) 内 54  郑宁宁(2872124414) 的消息: 转教务处通知，由于系统原因，烦请通知已经完成评教的学生重新进行评教，没有评教的学生正常评教，评教时间5月24日—5月28日。给大家带来的不便敬请谅解！@全体成员 (793522736) 
[2022-05-23 17:05:25] [INFO]: 收到群 20软件3班通知群(953064865) 内 班主任(313323736) 的消息: [CQ:image,file=fc80d032bfc9807b96f9c80c6be46cdc.image,subType=0]
明日核酸名单，地点仍然是教5楼，请各位同学知晓。[CQ:at,qq=all] (496244572) 
[2022-05-23 17:05:55] [INFO]: 收到群 科文学院21Z计科(913765781) 内 班主任(313323736) 的消息: [CQ:image,file=e3cba80f7fd5d573ccea84b4bb1668f7.image,subType=0]
明日核酸名单，地点仍然是教5楼，请各位同学知晓。[CQ:at,qq=all] (-525024009) 
[2022-05-23 17:09:24] [INFO]: 收到群 20软件3班通知群(953064865) 内 39-王晨涛-学习委员(936211492) 的消息: 由于系统原因，烦请通知已经完成评教的学生重新进行评教，没有评教的学生正常评教，评教时间5月24日—5月28日。给大家带来的不便敬请谅解！[CQ:at,qq=all]  (-2070067482) 
[2022-05-23 17:09:47] [INFO]: 收到群 20软件3班通知群(953064865) 内 39-王晨涛-学习委员(936211492) 的消息: 由于系统原因，烦请通知已经完成评教的同学重新进行评教，没有评教的同学正常评教，评教时间5月24日—5月28日。给大家带来的不便敬请谅解！[CQ:at,qq=all]  (-207980944) 
[2022-05-23 17:11:43] [INFO]: 收到群 21软件3班通知群(684039593) 内 夏康宁15150083010(373505118) 的消息: [CQ:image,file=5f28470b7c5f1e55804eccc519718336.image,subType=0]明日核酸名单，地点仍然是教5楼[CQ:at,qq=924617592] (-1813949799) 
[2022-05-23 17:13:54] [INFO]: 收到群 21软件3班通知群(684039593) 内 陈继若15670470371(924617592) 的消息: 收到 (56512264) 
[2022-05-23 17:14:52] [INFO]: 收到群 21软件3班通知群(684039593) 内 汪仕林  19516186003(2830524460) 的消息: 由于系统原因，请已经完成评教的学生重新进行评教，没有评教的学生正常评教，评教时间5月24日—5月28日。给大家带来的不便敬请谅解！[CQ:face,id=63][CQ:face,id=63][CQ:at,qq=all]  (1952022430) 
[2022-05-23 17:16:37] [INFO]: 收到群 18软件2班在线群(780548179) 内 李铭扬(2058123321) 的消息: [CQ:at,qq=2633540303] (1970125971) 
[2022-05-23 17:16:54] [INFO]: 收到群 18软件2班在线群(780548179) 内 李铭扬(2058123321) 的消息: [CQ:at,qq=1796742537] (40537093) 
[2022-05-23 17:17:26] [INFO]: 收到群 18软件2班在线群(780548179) 内 李铭扬(2058123321) 的消息: [CQ:at,qq=2464856077] (-1687953985) 
[2022-05-23 17:17:32] [INFO]: 收到群 18软件2班在线群(780548179) 内 李铭扬(2058123321) 的消息: [CQ:at,qq=2459912414] (-328930007) 
[2022-05-23 17:18:42] [INFO]: 收到群 18软件2班在线群(780548179) 内 李铭扬(2058123321) 的消息: [CQ:at,qq=1713474084] [CQ:at,qq=1097958727] [CQ:at,qq=2932129045] [CQ:at,qq=2751412160] [CQ:at,qq=3531278298] [CQ:at,qq=2450220376] [CQ:at,qq=841847895] (1912633482) 
[2022-05-23 17:22:54] [INFO]: 收到群 21软件2班(626284843) 内 王明玮(2990317540) 的消息: 转教务处通知，由于系统原因，烦请已经完成评教的学生重新进行评教，没有评教的学生正常评教，评教时间5月24日—5月28日。给大家带来的不便敬请谅解！@全体成员 (552421012) 
[2022-05-23 17:22:58] [INFO]: 收到群 21数据官方群(673433432) 内 郑雨露(2047859253) 的消息: 转教务处通知，由于系统原因，烦请已经完成评教的学生重新进行评教，没有评教的学生正常评教，评教时间5月24日—5月28日。给大家带来的不便敬请谅解！[CQ:at,qq=all]  (-851421278) 
[2022-05-23 17:23:20] [INFO]: 收到群 18软件2班在线群(780548179) 内 男宿 625 茅煜峰(1713474084) 的消息: [CQ:image,file=e4949ff317d031ad67a749286c458ab0.image,subType=7] (84363292) 
[2022-05-23 17:51:02] [INFO]: 收到群 21软件2班(626284843) 内 陈慧(3166230258) 的消息: [CQ:at,qq=all] 还没进会议的同学抓紧时间进入会议[CQ:face,id=63] (1474983426) 
[2022-05-23 18:14:33] [INFO]: 收到群 20软件2班官方群(953152455) 内 张彦伟195 5163 5017(1458335158) 的消息: 转教务处通知，由于系统原因，烦请通知已经完成评教的学生重新进行评教，没有评教的学生正常评教，评教时间5月24日—5月28日。给大家带来的不便敬请谅解！@全体成员 (1471898005) 
[2022-05-23 18:14:55] [INFO]: 收到群 20软件2班官方群(953152455) 内 张彦伟195 5163 5017(1458335158) 的消息: [CQ:image,file=61442e00292682d30eb9acfc5620533b.image,subType=0] (-908069834) 
[2022-05-23 18:17:50] [INFO]: 群 21软件2班(626284843) 内 班主任-刘老师(1521259697) 上传了文件: 附件2：沉重的代价   不必要的付出——科文学院作弊学生警示录.doc 
[2022-05-23 18:17:50] [INFO]: 群 21软件2班(626284843) 内 班主任-刘老师(1521259697) 上传了文件: 附件1：《中华人民共和国刑法修正案（九）》节选、《江苏师范大学科文学院学生违纪处分办法》节选.doc 
[2022-05-23 18:17:51] [INFO]: 群 21软件2班(626284843) 内 班主任-刘老师(1521259697) 上传了文件: 附件3：防范非法集资宣传教育参考提纲.docx 
[2022-05-23 18:17:51] [INFO]: 群 21软件2班(626284843) 内 班主任-刘老师(1521259697) 上传了文件: 附件4：防范电信网络诈骗宣传手册.pdf 
[2022-05-23 18:20:25] [INFO]: 收到群 20软件2班官方群(953152455) 内 赵惠杰 13023528917(2282161961) 的消息: [CQ:at,qq=all] 还没有在承诺书上签字的同学到206签字，剩七个人 (-1093090144) 
[2022-05-23 18:22:07] [INFO]: 收到群 21软件2班(626284843) 内 班主任-刘老师(1521259697) 的消息: [CQ:image,file=c5045728d2a923ac15f925779d4cac50.image,subType=0] (-1608999358) 
[2022-05-23 18:27:47] [INFO]: 收到群 21数据官方群(673433432) 内 朱雯雅(2624160598) 的消息: 请还未完成青年大学习的同学抓紧时间完成，并将截图私发给我[CQ:at,qq=all]  (1577011763) 
[2022-05-23 18:37:48] [INFO]: 收到群 20软件2班官方群(953152455) 内 关星月 19551638707(2529315991) 的消息: [CQ:image,file=97eb702a14f6addd5f27b5fa308e7d55.image,subType=0] (668046618) 
[2022-05-23 18:37:48] [INFO]: 收到群 20软件2班官方群(953152455) 内 关星月 19551638707(2529315991) 的消息: 今日打卡图 (1356244364) 
[2022-05-23 18:42:33] [INFO]: 收到群 21软件2班(626284843) 内 班主任-刘老师(1521259697) 的消息: [CQ:at,qq=all]  各位同学，明日开展常态化核酸检测，以下是明日核酸名单（2号床位），请抽取到的同学按照时间节点准时前往核酸采样点。
时间：12:00-12:30
地点：教五楼与实验楼连廊（入口：教五楼南侧）  
注意事项：务必携带身份证参加，第一关仍需刷身份证。
[CQ:image,file=5eed5025fb87e6bba4e64c1cf5cc92c7.image,subType=0] (-685789484) 
[2022-05-23 18:43:20] [INFO]: 群 21数据官方群(673433432) 内 班主任-周俊(1027418356) 上传了文件: 附件4：防范电信网络诈骗宣传手册.pdf 
[2022-05-23 18:43:30] [INFO]: 群 21数据官方群(673433432) 内 班主任-周俊(1027418356) 上传了文件: 附件1：《中华人民共和国刑法修正案（九）》节选、《江苏师范大学科文学院学生违纪处分办法》节选.doc 
[2022-05-23 18:43:30] [INFO]: 群 21数据官方群(673433432) 内 班主任-周俊(1027418356) 上传了文件: 附件2：沉重的代价   不必要的付出——科文学院作弊学生警示录.doc 
[2022-05-23 18:44:44] [INFO]: 收到群 20Z计科通知群(540450397) 内 辅导员——王群(953060053) 的消息: 
徐州市2022年教师招聘网上宣讲（徐州市直属学校招聘宣讲、新沂、泉山、云龙、铜山）已发布，网络链接为：http://pckt.xze.cn/club_content?clubid=246， 请根据报考意向，积极收看，做好参加徐州2022年教师招聘的各项准备@全体成员 (1965742935) 
[2022-05-23 18:45:39] [INFO]: 收到群 20Z计科通知群(540450397) 内 辅导员——王群(953060053) 的消息: [CQ:reply,id=36563905][CQ:at,qq=2419785771] [CQ:at,qq=2419785771] 还有几分钟开始，请同学们及时参加 (-333214995) 
[2022-05-23 18:46:31] [INFO]: 收到群 20软件2班官方群(953152455) 内 赵惠杰 13023528917(2282161961) 的消息: [CQ:image,file=95cd19311cca7595203f7996a9b2f5ac.image,subType=0] (-1066813411) 
[2022-05-23 18:46:47] [INFO]: 收到群 20软件2班官方群(953152455) 内 赵惠杰 13023528917(2282161961) 的消息: 差五个人没签字 (-1217492853) 
[2022-05-23 18:47:06] [INFO]: 收到群 18软件2班在线群(780548179) 内 李铭扬(2058123321) 的消息: [CQ:at,qq=2932129045] [CQ:at,qq=3531278298] [CQ:at,qq=2633540303] (-1676797530) 
[2022-05-23 19:00:24] [INFO]: 成员 阿乃(2830670871) 离开了群 潘安湖二手物品转卖群(949682820). 
[2022-05-23 19:17:33] [INFO]: 新成员 想偷个名字(3437038416) 进入了群 潘安湖二手物品转卖群(949682820). 
[2022-05-23 19:53:44] [INFO]: 收到群 20Z计科通知群(540450397) 内 逯琪    18334883791(1716451970) 的消息: 青年大学习还没交的请尽快！[CQ:at,qq=all]  (-1692091781) 
[2022-05-23 20:09:14] [INFO]: 收到群 20软件3班通知群(953064865) 内 39-王晨涛-学习委员(936211492) 的消息: [CQ:image,file=61442e00292682d30eb9acfc5620533b.image,subType=0]   为方便不在校学生进行学籍信息填报，校外网址登陆时间为上午8:30—下午4:30，使用时直接用浏览器打开地址即可，不需要登录VPN。 (1663396833) 
[2022-05-23 20:11:33] [INFO]: 收到群 20软件3班通知群(953064865) 内 39-王晨涛-学习委员(936211492) 的消息: 同学们可于今日起登录全国计算机等级考试报名网站（网址：https://ncre-bm.neea.cn或https://ncre-bm.neea.edu.cn）打印准考证，并注意查看考生须知及考点提示等内容。[CQ:at,qq=all]  (337795959) 
[2022-05-23 20:15:43] [INFO]: 收到群 潘安湖二手物品转卖群(949682820) 内 云山乱(407997896) 的消息: [CQ:image,file=706489b190e892c8d861f7b8e593c7a2.image,subType=0] (972495616) 
[2022-05-23 20:15:47] [INFO]: 收到群 潘安湖二手物品转卖群(949682820) 内 云山乱(407997896) 的消息: 1-2r (1324362646) 
[2022-05-23 20:17:48] [INFO]: 收到群 潘安湖二手物品转卖群(949682820) 内 c 出黑巧+纯奶(1960260608) 的消息: [CQ:image,file=715b46098f40d31575766530ab6cd285.image,subType=0] (-795558347) 
[2022-05-23 20:18:04] [INFO]: 收到群 潘安湖二手物品转卖群(949682820) 内 c 出黑巧+纯奶(1960260608) 的消息: 出阿芙积雪草面膜 C组 (-1483501917) 
[2022-05-23 20:18:33] [INFO]: 收到群 潘安湖二手物品转卖群(949682820) 内 f组团(2835016415) 的消息: 出膜法世家面膜1一片 (1050337049) 
[2022-05-23 20:18:50] [INFO]: 收到群 潘安湖二手物品转卖群(949682820) 内 f组团(2835016415) 的消息: 出膜法世家面膜1r一片 (1235087247) 
[2022-05-23 20:20:38] [INFO]: 收到群 潘安湖二手物品转卖群(949682820) 内 出生鸡蛋纯牛奶(1701489767) 的消息: [CQ:image,file=fbb7981d2a0d5e1793ec2fc479c5bc76.image,subType=0] (-652021218) 
[2022-05-23 20:24:09] [INFO]: 收到群 潘安湖二手物品转卖群(949682820) 内 慢慢✨💫(1203842849) 的消息: [CQ:image,file=7a207e83b7ea5c7fd4fdd0c51a9e5cfc.image,subType=0] (-1373257080) 
[2022-05-23 20:29:07] [INFO]: 收到群 潘安湖二手物品转卖群(949682820) 内 云山乱(407997896) 的消息: [CQ:reply,id=972495616][CQ:at,qq=407997896] 香水小刷子无 (-824030355) 
[2022-05-23 20:31:03] [INFO]: 收到群 潘安湖二手物品转卖群(949682820) 内 柠檬(3196980774) 的消息: [CQ:image,file=4ffa9dc320d20cf0dad23520db0b5e9b.image,subType=0] (-1176142853) 
[2022-05-23 20:31:04] [INFO]: 收到群 潘安湖二手物品转卖群(949682820) 内 柠檬(3196980774) 的消息: 2.5e (552348225) 
[2022-05-23 20:31:05] [INFO]: 收到群 潘安湖二手物品转卖群(949682820) 内 柠檬(3196980774) 的消息: r (1475025623) 
[2022-05-23 20:33:55] [INFO]: 收到群 潘安湖二手物品转卖群(949682820) 内 王者代打陪玩dd联盟娱乐(2440974478) 的消息: 学校里的垃圾桶多少钱一个啊 (-913338508) 
[2022-05-23 20:34:05] [INFO]: 收到群 潘安湖二手物品转卖群(949682820) 内 慢慢✨💫(1203842849) 的消息: 出四六级耳机 (-1098334238) 
[2022-05-23 20:35:05] [INFO]: 收到群 潘安湖二手物品转卖群(949682820) 内 f组团(2835016415) 的消息: [CQ:reply,id=1235087247][CQ:at,qq=2835016415] 无 (662826584) 
[2022-05-23 20:35:19] [INFO]: 收到群 潘安湖二手物品转卖群(949682820) 内 f组团(2835016415) 的消息: [CQ:reply,id=-671516116][CQ:at,qq=2835016415] 出这个 (1351016142) 
[2022-05-23 20:35:19] [WARNING]: 获取消息时出现错误: get value error: leveldb: not found 
[2022-05-23 20:35:25] [INFO]: 收到群 潘安湖二手物品转卖群(949682820) 内 666(2814218469) 的消息: 收全新跳绳 (-1069956257) 
[2022-05-23 20:36:22] [INFO]: 收到群 潘安湖二手物品转卖群(949682820) 内 f组团(2835016415) 的消息: [CQ:image,file=d38ea2f6c9faf416f67a14521b2e4bbe.image,subType=0] (-1220611127) 
[2022-05-23 20:36:29] [INFO]: 收到群 潘安湖二手物品转卖群(949682820) 内 f组团(2835016415) 的消息: 5r (443541153) 
[2022-05-23 20:39:45] [INFO]: 收到群 潘安湖二手物品转卖群(949682820) 内 Nana.💕(2916499572) 的消息: 收劳动教育试卷答案 (1835587127) 
[2022-05-23 20:42:06] [INFO]: 收到群 潘安湖二手物品转卖群(949682820) 内 E(2467243936) 的消息: 每人题目都不一样 (-194934899) 
[2022-05-23 20:42:06] [INFO]: 收到群 潘安湖二手物品转卖群(949682820) 内 一杯火焰.(3104523169) 的消息: F 3r出一份玉米鸡蛋炒饭刚买的 (-2090420453) 
[2022-05-23 20:46:32] [INFO]: 收到群 潘安湖二手物品转卖群(949682820) 内 你是那块小饼干👀(1749532632) 的消息: [CQ:image,file=2a921ba88640c6aaebf981e4b9c41ba8.image,subType=0] (486679224) 
[2022-05-23 20:46:32] [INFO]: 收到群 潘安湖二手物品转卖群(949682820) 内 你是那块小饼干👀(1749532632) 的消息: 出肖秀荣精讲精练 (1778717230) 
[2022-05-23 20:47:57] [INFO]: 新成员 派大星与哆啦A梦跳舞(2605455143) 进入了群 潘安湖二手物品转卖群(949682820). 
[2022-05-23 20:50:22] [INFO]: 收到群 潘安湖二手物品转卖群(949682820) 内 慢慢✨💫(1203842849) 的消息: [CQ:image,file=bb3ebd9d0b826947a4ac98a42369848e.image,subType=0] (-217300076) 
[2022-05-23 20:50:39] [INFO]: 收到群 潘安湖二手物品转卖群(949682820) 内 g组(1023725239) 的消息: 收两节7号电池 (-2079624446) 
[2022-05-23 20:50:57] [INFO]: 收到群 潘安湖二手物品转卖群(949682820) 内 派大星与哆啦A梦跳舞(2605455143) 的消息: 出劳动教育全部题库
百分之99全对
私聊教你考试方法奥
因为那个考试是随机出题的 (347369107) 
[2022-05-23 20:57:09] [INFO]: 收到群 潘安湖二手物品转卖群(949682820) 内 可爱.🌸(2724945124) 的消息: 大学生劳动教育接代考  (1672699397) 
[2022-05-23 21:00:21] [INFO]: 收到群 潘安湖二手物品转卖群(949682820) 内 纯手写代写(2824253281) 的消息: 代k 劳动 jy (57989088) 
[2022-05-23 21:01:19] [INFO]: 收到群 潘安湖二手物品转卖群(949682820) 内 c 出黑巧+纯奶(1960260608) 的消息: [CQ:reply,id=-795558347][CQ:at,qq=1960260608] 已出 (1953752950) 
[2022-05-23 21:01:19] [INFO]: 群 潘安湖二手物品转卖群(949682820) 的 c 出黑巧+积雪草面膜(1960260608) 更新了名片 c 出黑巧+纯奶 -> c 出黑巧+积雪草面膜 
[2022-05-23 21:06:23] [INFO]: 新成员 💛🖤(841750569) 进入了群 潘安湖二手物品转卖群(949682820). 
[2022-05-23 21:06:25] [INFO]: 新成员 💪(2824420779) 进入了群 潘安湖二手物品转卖群(949682820). 
[2022-05-23 21:07:35] [INFO]: 收到群 潘安湖二手物品转卖群(949682820) 内 不减肥不改名字(377757352) 的消息: 出闲置[CQ:image,file=55a0da05e0dd9c66de73fa403aa476f1.image,subType=0][CQ:image,file=44ee3dd748821de4dcc486db079f801c.image,subType=0][CQ:image,file=2e2bea7144135e63c339792587814f25.image,subType=0][CQ:image,file=d7c9cd667b09af77b6ff7009539fa9a9.image,subType=0][CQ:image,file=9c571af84e549eb79483cb4ad1819626.image,subType=0][CQ:image,file=4834948084987070cd8e1927bd60dff3.image,subType=0][CQ:image,file=edfb05c38fa515e2073886005343a98d.image,subType=0] (-310724916) 
[2022-05-23 21:12:52] [INFO]: 收到群 20Z计科通知群(540450397) 内 逯琪    18334883791(1716451970) 的消息: [CQ:image,file=79a17731674b39991836e2f73da787f4.image,subType=0]未交的人请尽快[CQ:at,qq=all] (88092632) 
[2022-05-23 21:23:46] [INFO]: 收到群 20软件2班官方群(953152455) 内 辅导员赵思文(929274745) 的消息: [CQ:json,data={"app":"com.tencent.structmsg"&#44;"config":{"ctime":1653312226&#44;"forward":true&#44;"token":"f11cd6b84fa00a13ae856e9777085320"&#44;"type":"normal"}&#44;"desc":"新闻"&#44;"extra":{"app_type":1&#44;"appid":1103188687&#44;"uin":929274745}&#44;"meta":{"news":{"action":""&#44;"android_pkg_name":""&#44;"app_type":1&#44;"appid":1103188687&#44;"ctime":1653312226&#44;"desc":" "&#44;"jumpUrl":"http://mp.weixin.qq.com/s?__biz=MzA3MDgyMTcyNA==&amp;mid=2652169911&amp;idx=2&amp;sn=db01279173979d0fcfd9f6effa2c9e19&amp;chksm=84d6b484b3a13d92e0184ac2c9b281c5736632883d33dddf05bfa836bca5a92adeecc8737220&amp;mpshare=1&amp;scene=23&amp;srcid=05235VqzbwyvCXWaPKy4NPep&amp;sharer_sharetime=1653312209095&amp;sharer_shareid=649def2d0ddc8f5e77ad22e136262f4a#rd"&#44;"preview":"https://mmbiz.qlogo.cn/mmbiz_jpg/tSBcZSLUuqHbdNCjD5oX74hoMbkRD3DsIxKpibURukx9nYiciaUzqRhUuNlhdRyXnTMZDibhQiczVib6mmxrQyJR2o7w/300?wx_fmt=jpeg&amp;wxfrom=7"&#44;"source_icon":"https://i.gtimg.cn/open/app_icon/03/18/86/87/1103188687_100_m.png"&#44;"source_url":""&#44;"tag":"微信"&#44;"title":"小心！核酸检测新骗局！"&#44;"uin":929274745}}&#44;"prompt":"&#91;分享&#93;小心！核酸检测新骗局！"&#44;"ver":"0.0.0.1"&#44;"view":"news"}] (194052800) 
[2022-05-23 21:31:17] [INFO]: 收到群 21软件2班(626284843) 内 易令(2831415059) 的消息: [CQ:json,data={ "app": "com.tencent.structmsg"&#44; "config": { "ctime": 1653312226&#44; "forward": true&#44; "token": "f11cd6b84fa00a13ae856e9777085320"&#44; "type": "normal" }&#44; "desc": "新闻"&#44; "meta": { "news": { "action": ""&#44; "android_pkg_name": ""&#44; "app_type": 1&#44; "appid": 1103188687&#44; "ctime": 1653312226&#44; "desc": " "&#44; "jumpUrl": "http:\/\/mp.weixin.qq.com\/s?__biz=MzA3MDgyMTcyNA==&amp;mid=2652169911&amp;idx=2&amp;sn=db01279173979d0fcfd9f6effa2c9e19&amp;chksm=84d6b484b3a13d92e0184ac2c9b281c5736632883d33dddf05bfa836bca5a92adeecc8737220&amp;mpshare=1&amp;scene=23&amp;srcid=05235VqzbwyvCXWaPKy4NPep&amp;sharer_sharetime=1653312209095&amp;sharer_shareid=649def2d0ddc8f5e77ad22e136262f4a#rd"&#44; "preview": "https:\/\/mmbiz.qlogo.cn\/mmbiz_jpg\/tSBcZSLUuqHbdNCjD5oX74hoMbkRD3DsIxKpibURukx9nYiciaUzqRhUuNlhdRyXnTMZDibhQiczVib6mmxrQyJR2o7w\/300?wx_fmt=jpeg&amp;wxfrom=7"&#44; "source_icon": "https:\/\/i.gtimg.cn\/open\/app_icon\/03\/18\/86\/87\/1103188687_100_m.png"&#44; "source_url": ""&#44; "tag": "微信"&#44; "title": "小心！核酸检测新骗局！"&#44; "uin": 929274745 } }&#44; "prompt": "&#91;分享&#93;小心！核酸检测新骗局！"&#44; "ver": "0.0.0.1"&#44; "view": "news" }] (1232812919) 
[2022-05-23 21:36:27] [INFO]: 收到群 20软件2班官方群(953152455) 内 辅导员赵思文(929274745) 的消息: [CQ:json,data={"app":"com.tencent.structmsg"&#44;"config":{"ctime":1653312986&#44;"forward":true&#44;"token":"2a1009301b25f8c86aab1f79e5d8b6f6"&#44;"type":"normal"}&#44;"desc":"新闻"&#44;"extra":{"app_type":1&#44;"appid":1103188687&#44;"uin":929274745}&#44;"meta":{"news":{"action":""&#44;"android_pkg_name":""&#44;"app_type":1&#44;"appid":1103188687&#44;"ctime":1653312986&#44;"desc":" "&#44;"jumpUrl":"http://mp.weixin.qq.com/s?__biz=MzA4NDI3NjcyNA==&amp;mid=2649810019&amp;idx=1&amp;sn=a2b52d87cc6d8fbf164ce11c34ffbb2b&amp;chksm=87ede0f8b09a69ee40afcbc92de3fce335e0a07fb5c462ce0d85bf2236964a5d193cf736b174&amp;mpshare=1&amp;scene=23&amp;srcid=0522WnlwJSCC3YaTBdjazt1O&amp;sharer_sharetime=1653312963034&amp;sharer_shareid=649def2d0ddc8f5e77ad22e136262f4a#rd"&#44;"preview":"https://mmbiz.qlogo.cn/mmbiz_jpg/azXQmS1HA7m0ykf8g73vuUiawo8VU8cnRBnsdY4tjOm56VhdFwfduia6sq4DxgCeMks6Oonmc4iakS1afnYuEHNow/300?wx_fmt=jpeg&amp;wxfrom=7"&#44;"source_icon":"https://i.gtimg.cn/open/app_icon/03/18/86/87/1103188687_100_m.png"&#44;"source_url":""&#44;"tag":"微信"&#44;"title":"小心！核酸检测被骗子盯上了！"&#44;"uin":929274745}}&#44;"prompt":"&#91;分享&#93;小心！核酸检测被骗子盯上了！"&#44;"ver":"0.0.0.1"&#44;"view":"news"}] (2090218070) 
[2022-05-23 21:36:32] [INFO]: 新成员 清英(1056145283) 进入了群 潘安湖二手物品转卖群(949682820). 
[2022-05-23 21:41:50] [INFO]: 收到群 20软件1班官方群(927974093) 内 20软件1吴嘉宇(1227424299) 的消息: [CQ:json,data={"app":"com.tencent.structmsg"&#44;"config":{"ctime":1653312936&#44;"forward":true&#44;"token":"97198549a142da2fbdc1ce4d00115c8f"&#44;"type":"normal"}&#44;"desc":"新闻"&#44;"extra":{"app_type":1&#44;"appid":1103188687&#44;"msg_seq":7100924985955751534&#44;"uin":929274745}&#44;"meta":{"news":{"action":""&#44;"android_pkg_name":""&#44;"app_type":1&#44;"appid":1103188687&#44;"ctime":1653312936&#44;"desc":" "&#44;"jumpUrl":"http://mp.weixin.qq.com/s?__biz=MjM5MjAxNDM4MA==&amp;mid=2666526800&amp;idx=1&amp;sn=a9deaa5f5717733b70aeaaf1e717cb8b&amp;chksm=bdb791138ac018050eaceeabda2d2adf37be72130d7eac49795e319e9b4f133cc398d2d3958d&amp;mpshare=1&amp;scene=23&amp;srcid=0522eXO2DrBMUKtlSxdDDWJ5&amp;sharer_sharetime=1653312930818&amp;sharer_shareid=649def2d0ddc8f5e77ad22e136262f4a#rd"&#44;"preview":"https://mmbiz.qlogo.cn/mmbiz_jpg/xrFYciaHL08DGPFwmaM9zovgp8wq2NgVYicv4vbeZ0Z1PHFgEXdA51hORnInxpS9KY7M1R39niamDiaUBaNod5RNibw/300?wx_fmt=jpeg&amp;wxfrom=7"&#44;"source_icon":"https://i.gtimg.cn/open/app_icon/03/18/86/87/1103188687_100_m.png"&#44;"source_url":""&#44;"tag":"微信"&#44;"title":"【夜读】一个人越来越强大的迹象：常自省、会自律、能自..."&#44;"uin":929274745}}&#44;"prompt":"&#91;分享&#93;【夜读】一个人越来越强大的迹象：常自省、会自律、能自..."&#44;"ver":"0.0.0.1"&#44;"view":"news"}] (1743664336) 
[2022-05-23 21:51:05] [INFO]: 收到群 20Z计科通知群(540450397) 内 逯琪    18334883791(1716451970) 的消息: 还有五位同学的青年大学习还未交，请尽快，也请舍长尽快联系自己宿舍未交的同学上交，谢谢[CQ:at,qq=all]  (1917263694) 
[2022-05-23 22:18:36] [INFO]: 收到群 20智能科学与技术(1014806242) 内 数电-张静宇老师(732257229) 的消息: [CQ:image,file=8d93e464c77a3f3a089406a27355a4ba.image,subType=0] (-1236966518) 
[2022-05-23 22:19:51] [INFO]: 收到群 20智能科学与技术(1014806242) 内 数电-张静宇老师(732257229) 的消息: 明天核酸检测名单。时间是12点半到13点间，互相提醒，不要忘记[CQ:at,qq=all]  (-1052617956) 
[2022-05-23 22:20:47] [INFO]: 新成员 所期.(1511358587) 进入了群 潘安湖二手物品转卖群(949682820). 
[2022-05-23 22:20:48] [INFO]: 新成员 树上的草莓(1158357014) 进入了群 潘安湖二手物品转卖群(949682820). 
[2022-05-23 22:24:25] [INFO]: 收到群 20软件3班通知群(953064865) 内 05-单楷书-心理委员(1040569986) 的消息: &#91;&#91;分享&#93;【夜读】一个人越来越强大的迹象：常自省、会自律、能自...&#93;请使用最新版本手机QQ查看[CQ:json,data={"app":"com.tencent.structmsg"&#44;"desc":"新闻"&#44;"view":"news"&#44;"ver":"0.0.0.1"&#44;"prompt":"&#91;分享&#93;【夜读】一个人越来越强大的迹象：常自省、会自律、能自..."&#44;"meta":{"news":{"action":""&#44;"android_pkg_name":""&#44;"app_type":1&#44;"appid":1103188687&#44;"ctime":1653312936&#44;"desc":" "&#44;"jumpUrl":"http:\/\/mp.weixin.qq.com\/s?__biz=MjM5MjAxNDM4MA==&amp;mid=2666526800&amp;idx=1&amp;sn=a9deaa5f5717733b70aeaaf1e717cb8b&amp;chksm=bdb791138ac018050eaceeabda2d2adf37be72130d7eac49795e319e9b4f133cc398d2d3958d&amp;mpshare=1&amp;scene=23&amp;srcid=0522eXO2DrBMUKtlSxdDDWJ5&amp;sharer_sharetime=1653312930818&amp;sharer_shareid=649def2d0ddc8f5e77ad22e136262f4a#rd"&#44;"preview":"https:\/\/mmbiz.qlogo.cn\/mmbiz_jpg\/xrFYciaHL08DGPFwmaM9zovgp8wq2NgVYicv4vbeZ0Z1PHFgEXdA51hORnInxpS9KY7M1R39niamDiaUBaNod5RNibw\/300?wx_fmt=jpeg&amp;wxfrom=7"&#44;"source_icon":"https:\/\/i.gtimg.cn\/open\/app_icon\/03\/18\/86\/87\/1103188687_100_m.png"&#44;"source_url":""&#44;"tag":"微信"&#44;"title":"【夜读】一个人越来越强大的迹象：常自省、会自律、能自..."&#44;"uin":929274745}}&#44;"config":{"ctime":1653312936&#44;"forward":true&#44;"token":"97198549a142da2fbdc1ce4d00115c8f"&#44;"type":"normal"}}] (1961218706) 
[2022-05-23 23:23:12] [INFO]: 成员 小彭爱吃🍑(1289314996) 离开了群 潘安湖二手物品转卖群(949682820). 
