[2022-06-05 09:42:14] [INFO]: 收到群 20软件2班官方群(953152455) 内 赵林林18865753299(2105339715) 的消息: 请预申请2022年生源地信用助学贷款的同学将材料尽快私发我。[CQ:at,qq=all]  (1290202765) 
[2022-06-05 09:42:52] [INFO]: 收到群 20软件1班官方群(927974093) 内 健康打卡小助手(3528275423) 的消息: 健康打卡自动提醒
尚未打卡的同学如下：
@全体成员	[CQ:at,qq=298208895] 	[CQ:at,qq=1206446866] 	[CQ:at,qq=1501913223] 	[CQ:at,qq=2310792611] 	[CQ:at,qq=2028483080] 	[CQ:at,qq=2741476253] 	[CQ:at,qq=1427774041] 	[CQ:at,qq=1013590096] 	[CQ:at,qq=2865252746] 	[CQ:at,qq=3483612605] 	[CQ:at,qq=1574115783] 	
已打卡的同学请忽略此条消息
9:42:46 (-1569654185) 
[2022-06-05 09:43:08] [INFO]: 收到群 20软件2班官方群(953152455) 内 健康打卡小助手(3528275423) 的消息: 健康打卡自动提醒
尚未打卡的同学如下：
[CQ:at,qq=1262296187] 	[CQ:at,qq=2734076433] 	[CQ:at,qq=1499593995] 	[CQ:at,qq=2959674812] 	[CQ:at,qq=2470684840] 	[CQ:at,qq=2909235457] 	[CQ:at,qq=2653090107] 	[CQ:at,qq=960919037] 	[CQ:at,qq=2316501367] 	[CQ:at,qq=732788562] 	[CQ:at,qq=840066450] 	[CQ:at,qq=2428286276] 	[CQ:at,qq=3141158350] 	[CQ:at,qq=769591414] 	[CQ:at,qq=2834024743] 	[CQ:at,qq=2410323243] 	[CQ:at,qq=421712537] 	[CQ:at,qq=3031531805] 	
已打卡的同学请忽略此条消息
9:43:2 (-763200722) 
[2022-06-05 09:44:05] [INFO]: 收到群 20软件2班官方群(953152455) 内 辅导员赵思文(929274745) 的消息: 各位同学，因今日核酸人数较多，为避免拥挤，请大家按照表中时间前往，地点在教五楼与实验楼连廊。[CQ:face,id=63]@全体成员   [CQ:image,file=fbea6aa90a0608cc73b9f238834b2038.image,subType=0] (-1517990984) 
[2022-06-05 09:46:38] [WARNING]: 监听反向WS Universal时出现错误: websocket: close 1006 (abnormal closure): unexpected EOF 
[2022-06-05 09:46:43] [WARNING]: 向反向WS Universal服务器推送 Event 时出现错误: write tcp 10.0.4.15:33776->49.234.28.122:8088: use of closed network connection 
[2022-06-05 09:46:45] [INFO]: 收到群 潘安湖二手物品转卖群(949682820) 内 校园写真dd(1538372138) 的消息: 有无大吴代买 (1363403581) 

[2022-06-05 09:46:46] [INFO]: 已连接到反向WebSocket Universal服务器 ws://49.234.28.122:8088/onebot/v11/ws 
[2022-06-05 09:47:50] [INFO]: 收到群 潘安湖二手物品转卖群(949682820) 内 大四出闲置(1258472673) 的消息: [CQ:reply,id=753291972]鼠标垫已出 (642044843) 
[2022-06-05 09:47:50] [WARNING]: 获取消息时出现错误: get value error: leveldb: not found 
[2022-06-05 09:50:42] [INFO]: 收到群 潘安湖二手物品转卖群(949682820) 内 好的(1102875982) 的消息: 苹果数据线 有人卖吗 (-1225011654) 
[2022-06-05 09:54:32] [INFO]: 收到群 潘安湖二手物品转卖群(949682820) 内 小萝卜(941403394) 的消息: F组团可代拿快递 (-1040384340) 
[2022-06-05 10:00:29] [INFO]: 收到群 科文学院21Z计科(913765781) 内 Q群管家(2854196310) 的消息: [CQ:at,qq=all] 请大家尽快健康打卡喽！
——来自群管理员（2538311073）的编辑 (119934872) 
[2022-06-05 10:00:51] [INFO]: 收到群 18软件2班在线群(780548179) 内 Q群管家(2854196310) 的消息: [CQ:at,qq=all] 周末就是将生活调回自己喜欢的频道，伸伸懒腰，起床记得健康打卡！「江苏师范大学科文学院信息工程18软件2班宣」
——来自群管理员（2732160776）的编辑 (1881465344) 
[2022-06-05 10:05:57] [INFO]: 收到群 潘安湖二手物品转卖群(949682820) 内 凌晨(2861242053) 的消息: 收美甲加固胶 (-1827858997) 
[2022-06-05 10:10:25] [INFO]: 收到群 潘安湖二手物品转卖群(949682820) 内 Air(1559862349) 的消息: 新买的西瓜，出一个稍大点的，20[CQ:image,file=48339e18ab36dce57ba1caecf04f76b2.image] (-469097123) 
[2022-06-05 10:10:26] [INFO]: 收到群 潘安湖二手物品转卖群(949682820) 内 Air(1559862349) 的消息: [CQ:image,file=f064d452573a906bff717054e67b12db.image,subType=0] (2097378535) 
[2022-06-05 10:13:50] [INFO]: 收到群 潘安湖二手物品转卖群(949682820) 内 550元出英特尔i5 7400CPU，70元出漫步者r101v音响(1806277119) 的消息: 宿舍限电是每个人800w还是一个宿舍800w (168051825) 
[2022-06-05 10:16:11] [INFO]: 收到群 潘安湖二手物品转卖群(949682820) 内 fa(2111810815) 的消息: 有没有食堂代买啊老铁们  F组团[CQ:face,id=66]  三份三份 (-1805594158) 
[2022-06-05 10:18:49] [INFO]: 收到群 潘安湖二手物品转卖群(949682820) 内 ilikz(2717973909) 的消息: [CQ:image,file=6313aebb27671980eb35255083cb215c.image,subType=0] (-479731388) 
[2022-06-05 10:19:00] [INFO]: 收到群 潘安湖二手物品转卖群(949682820) 内 ilikz(2717973909) 的消息: 出苹果12手机壳 均价5元 (2054074622) 
[2022-06-05 10:20:41] [INFO]: 收到群 新蜂生活超市(854452883) 内 官方认证谷老板(1024664153) 的消息: 我们班说11:30 (1888033231) 
[2022-06-05 10:20:56] [INFO]: 收到群 新蜂生活超市(854452883) 内 嬴政(80000000) 的消息: 门口有记录吗 (-377468811) 
[2022-06-05 10:21:12] [INFO]: 收到群 新蜂生活超市(854452883) 内 嬴政(80000000) 的消息: 辅导员让俺们八点后回来的找他去写情况说明 (-1635288861) 
[2022-06-05 10:22:30] [INFO]: 收到群 新蜂生活超市(854452883) 内 钟馗(80000000) 的消息: 最好八点前回去，最晚十点 (14937408) 
[2022-06-05 10:22:34] [INFO]: 收到群 潘安湖二手物品转卖群(949682820) 内 G1组团(1471613390) 的消息: [CQ:image,file=c862b69916712b604773af9f46d03cba.image,subType=0] (225017960) 
[2022-06-05 10:22:38] [INFO]: 收到群 潘安湖二手物品转卖群(949682820) 内 九三(1804279685) 的消息: [CQ:image,file=c496e9c172da3a118438ad0fa147c37b.image,subType=0] (-1646879239) 
[2022-06-05 10:22:45] [INFO]: 收到群 潘安湖二手物品转卖群(949682820) 内 九三(1804279685) 的消息: 出台灯 (-355357329) 
[2022-06-05 10:25:28] [INFO]: 收到群 潘安湖二手物品转卖群(949682820) 内 Air(1559862349) 的消息: [CQ:reply,id=2097378535][CQ:at,qq=1559862349] 一出一出 (-1978260342) 
[2022-06-05 10:27:20] [INFO]: 收到群 潘安湖二手物品转卖群(949682820) 内 凌晨(2861242053) 的消息: 收美甲加固胶 (-49212388) 
[2022-06-05 10:30:04] [INFO]: 收到群 20软件1班官方群(927974093) 内 Q群管家(2854196310) 的消息: [CQ:at,qq=all] 打卡打卡打卡！没打卡的小伙伴快打卡！⚠️⚠️⚠️🙋🙋🙋
——来自群管理员（1328387724）的编辑 (-713569599) 
[2022-06-05 10:30:36] [INFO]: 收到群 科文学院21Z计科(913765781) 内 班主任(313323736) 的消息: 各位同学，因今日核酸人数较多，为避免拥挤，请按照表中时间前往，地点在教五楼与实验楼连廊[CQ:at,qq=all] [CQ:image,file=954e31e1e03bef4ed4aac9ea5aa56ffd.image,subType=0] (1440212223) 
[2022-06-05 10:31:50] [INFO]: 收到群 20软件3班通知群(953064865) 内 班主任(313323736) 的消息: 各位同学，因今日核酸人数较多，为避免拥挤，请按照表中时间前往，地点在教五楼与实验楼连楼。[CQ:at,qq=1244367825] [CQ:at,qq=1065223188] [CQ:at,qq=1605764655] [CQ:at,qq=2507061597] [CQ:image,file=2300a5800caad14079bb88630d8fb4cc.image,subType=0] (1609478402) 
[2022-06-05 10:32:04] [INFO]: 发送群 18软件2班在线群(780548179) 的消息: 健康打卡自动提醒
尚 ... (-297764957) 
[2022-06-05 10:32:04] [INFO]: 收到群 20软件3班通知群(953064865) 内 18-李昊-组织委员(1244367825) 的消息: 收到 (220158565) 
[2022-06-05 10:32:14] [INFO]: 发送群 20Z计科通知群(540450397) 的消息: 健康打卡自动提醒
尚 ... (-891316109) 
[2022-06-05 10:32:25] [INFO]: 发送群 20智能科学与技术(1014806242) 的消息: 健康打卡自动提醒
尚 ... (-75250838) 
[2022-06-05 10:32:36] [INFO]: 发送群 20软件3班通知群(953064865) 的消息: 健康打卡自动提醒
尚 ... (2048420595) 
[2022-06-05 10:32:46] [INFO]: 发送群 科文学院21Z计科(913765781) 的消息: 健康打卡自动提醒
尚 ... (584111209) 
[2022-06-05 10:32:57] [INFO]: 发送群 21数据官方群(673433432) 的消息: 健康打卡自动提醒
尚 ... (-673205619) 
[2022-06-05 10:33:08] [INFO]: 发送群 21软件2班(626284843) 的消息: 健康打卡自动提醒
尚 ... (-1108689036) 
[2022-06-05 10:33:19] [INFO]: 发送群 21软件3班通知群(684039593) 的消息: 健康打卡自动提醒
尚 ... (-521614763) 
[2022-06-05 10:36:57] [INFO]: 收到群 潘安湖二手物品转卖群(949682820) 内 嘘🤫(941608495) 的消息: [CQ:image,file=05101f1654b6f86196f9167096830b4a.image,subType=0] (1679312294) 
[2022-06-05 10:37:11] [INFO]: 收到群 潘安湖二手物品转卖群(949682820) 内 嘘🤫(941608495) 的消息: [CQ:reply,id=1679312294][CQ:at,qq=941608495] 有无拼娜丽丝防晒喷雾34一瓶 (320828720) 
[2022-06-05 10:39:18] [INFO]: 收到群 潘安湖二手物品转卖群(949682820) 内 fa(2111810815) 的消息: [CQ:reply,id=-1805594158][CQ:at,qq=2111810815] 1 (-1921261421) 
[2022-06-05 10:39:52] [INFO]: 收到群 潘安湖二手物品转卖群(949682820) 内 E(2380411320) 的消息: 纪梵希心无禁忌香水，60出[CQ:image,file=996670da0e053ce5226e90074f69ecd6.image] (-92483579) 
[2022-06-05 10:42:51] [INFO]: 收到群 20软件1班官方群(927974093) 内 健康打卡小助手(3528275423) 的消息: 健康打卡自动提醒
尚未打卡的同学如下：
[CQ:at,qq=1501913223] 	[CQ:at,qq=1574115783] 	
已打卡的同学请忽略此条消息
10:42:45 (1170790224) 
[2022-06-05 10:43:07] [INFO]: 收到群 20软件2班官方群(953152455) 内 健康打卡小助手(3528275423) 的消息: 健康打卡自动提醒
尚未打卡的同学如下：
[CQ:at,qq=1262296187] 	[CQ:at,qq=2428286276] 	[CQ:at,qq=2653090107] 	[CQ:at,qq=2410323243] 	[CQ:at,qq=3141158350] 	[CQ:at,qq=2734076433] 	[CQ:at,qq=840066450] 	[CQ:at,qq=769591414] 	[CQ:at,qq=2470684840] 	[CQ:at,qq=2834024743] 	[CQ:at,qq=1499593995] 	[CQ:at,qq=960919037] 	[CQ:at,qq=421712537] 	[CQ:at,qq=2909235457] 	
已打卡的同学请忽略此条消息
10:43:1 (1015814658) 
[2022-06-05 10:47:27] [INFO]: 收到群 新蜂生活超市(854452883) 内 刘邦(80000000) 的消息: [CQ:image,file=9b039b480aa121271770c4a788a5707b.image,subType=7] (2011487702) 
[2022-06-05 10:51:07] [INFO]: 收到群 潘安湖二手物品转卖群(949682820) 内 熊啾啾(2631566290) 的消息: 有今天代买茶百道的嘛 (1668645311) 
[2022-06-05 10:51:18] [INFO]: 收到群 潘安湖二手物品转卖群(949682820) 内 熊啾啾(2631566290) 的消息: [CQ:image,file=c9fef67b80d3e8f02cd6345ca0a4b1ce.image,subType=1] (343060777) 
[2022-06-05 10:55:44] [INFO]: 收到群 潘安湖二手物品转卖群(949682820) 内 Caaaaat.(1835757528) 的消息: 有F组团快递代拿吗～ (-2066895688) 
[2022-06-05 11:04:54] [INFO]: 收到群 新蜂生活超市(854452883) 内 刘禅(80000000) 的消息: 请问快递怎么寄的 有时间限制吗 (-286421908) 
[2022-06-05 11:05:41] [INFO]: 收到群 新蜂生活超市(854452883) 内 妲己(80000000) 的消息: 下午两点半到七点好像 (-1712669446) 
[2022-06-05 11:05:45] [INFO]: 收到群 新蜂生活超市(854452883) 内 妲己(80000000) 的消息: 去菜鸟驿站 (156606827) 
[2022-06-05 11:05:59] [INFO]: 收到群 新蜂生活超市(854452883) 内 刘禅(80000000) 的消息: [CQ:image,file=4440917cab18cbfd1f1498daa77d7691.image,subType=7] (2119340541) 
[2022-06-05 11:09:05] [INFO]: 收到群 潘安湖二手物品转卖群(949682820) 内 A组团甩卖(874212339) 的消息: [CQ:image,file=2a6605c154555cdd183e3425b3c41340.image,subType=0] (-204825554) 
[2022-06-05 11:17:00] [INFO]: 收到群 新蜂生活超市(854452883) 内 韩信(80000000) 的消息: 请问现在出校需要48小说核酸证明吗 (513087512) 
[2022-06-05 11:17:23] [INFO]: 收到群 新蜂生活超市(854452883) 内 懒羊羊(1834808612) 的消息: 不用 (1771186318) 
[2022-06-05 11:17:28] [INFO]: 收到群 新蜂生活超市(854452883) 内 懒羊羊(1834808612) 的消息: 回来第二天做 (-258246348) 
[2022-06-05 11:18:04] [INFO]: 收到群 新蜂生活超市(854452883) 内 韩信(80000000) 的消息: 好的谢谢 (-2019800670) 
[2022-06-05 11:18:28] [INFO]: 收到群 潘安湖二手物品转卖群(949682820) 内 十一(2114988219) 的消息: 有没有E组团代拿快递 (227424325) 
[2022-06-05 11:19:53] [INFO]: 收到群 新蜂生活超市(854452883) 内 貂蝉(80000000) 的消息: 浅问一下   除了教二现在还有哪里可以做核酸 (435739649) 
[2022-06-05 11:20:27] [INFO]: 收到群 新蜂生活超市(854452883) 内 溯Reverse.(2946366864) 的消息: 教四五 (1862266007) 
[2022-06-05 11:20:34] [INFO]: 收到群 新蜂生活超市(854452883) 内 溯Reverse.(2946366864) 的消息: 三 (-134824659) 
[2022-06-05 11:20:36] [INFO]: 收到群 新蜂生活超市(854452883) 内 溯Reverse.(2946366864) 的消息: 也可以 (-2131653189) 
[2022-06-05 11:30:06] [INFO]: 收到群 18软件2班在线群(780548179) 内 Q群管家(2854196310) 的消息: [CQ:at,qq=all] 还有人没打卡，快看看是不是你😱😱😱「江苏师范大学科文学院信息工程系18软件2班宣」
——来自群管理员（2732160776）的编辑 (-1723381963) 
[2022-06-05 11:30:15] [INFO]: 收到群 潘安湖二手物品转卖群(949682820) 内 z(2394844305) 的消息: 收蒸汽眼罩 (2055801043) 
[2022-06-05 11:32:03] [INFO]: 发送群 18软件2班在线群(780548179) 的消息: 健康打卡自动提醒
尚 ... (5117583) 
[2022-06-05 11:32:14] [INFO]: 发送群 20Z计科通知群(540450397) 的消息: 健康打卡自动提醒
尚 ... (-1109874459) 
[2022-06-05 11:32:25] [INFO]: 发送群 20智能科学与技术(1014806242) 的消息: 健康打卡自动提醒
尚 ... (-1937443844) 
[2022-06-05 11:32:35] [INFO]: 发送群 20软件3班通知群(953064865) 的消息: 健康打卡自动提醒
尚 ... (-485409975) 
[2022-06-05 11:32:46] [INFO]: 发送群 科文学院21Z计科(913765781) 的消息: 健康打卡自动提醒
尚 ... (-1143372333) 
[2022-06-05 11:32:50] [INFO]: 收到群 20软件1班官方群(927974093) 内 健康打卡小助手(3528275423) 的消息: 健康打卡自动提醒
尚未打卡的同学如下：
[CQ:at,qq=1574115783] 	
已打卡的同学请忽略此条消息
11:32:44 (852486086) 
[2022-06-05 11:32:57] [INFO]: 发送群 21数据官方群(673433432) 的消息: 健康打卡自动提醒
尚 ... (1197518620) 
[2022-06-05 11:33:06] [INFO]: 收到群 20软件2班官方群(953152455) 内 健康打卡小助手(3528275423) 的消息: 健康打卡自动提醒
尚未打卡的同学如下：
[CQ:at,qq=1262296187] 	[CQ:at,qq=2470684840] 	[CQ:at,qq=840066450] 	[CQ:at,qq=2834024743] 	[CQ:at,qq=421712537] 	[CQ:at,qq=2428286276] 	[CQ:at,qq=2410323243] 	
已打卡的同学请忽略此条消息
11:33:0 (1267411604) 
[2022-06-05 11:33:07] [INFO]: 发送群 21软件2班(626284843) 的消息: 健康打卡自动提醒
尚 ... (-890400798) 
[2022-06-05 11:33:18] [INFO]: 发送群 21软件3班通知群(684039593) 的消息: 健康打卡自动提醒
尚 ... (2044828655) 
[2022-06-05 11:34:55] [INFO]: 收到群 潘安湖二手物品转卖群(949682820) 内 z(2394844305) 的消息: 急收眼药水 (-478127767) 
[2022-06-05 11:34:55] [INFO]: 收到群 潘安湖二手物品转卖群(949682820) 内 A组团甩卖(874212339) 的消息: [CQ:image,file=c23bab9a9f31d9f11765a92498cd5c6b.image,subType=0] (-1803064833) 
[2022-06-05 11:38:46] [INFO]: 收到群 潘安湖二手物品转卖群(949682820) 内 麻花儿(2813494616) 的消息: 收寄件劵/吃糖 (182713436) 
[2022-06-05 11:38:56] [INFO]: 收到群 新蜂生活超市(854452883) 内 私貘(2718554774) 的消息: 现在不需要48小时核酸证明就能出校嘛 (273584170) 
[2022-06-05 11:39:02] [INFO]: 收到群 新蜂生活超市(854452883) 内 私貘(2718554774) 的消息: &#91;变形&#93;请使用最新版手机QQ体验新功能 (1732878524) 
[2022-06-05 11:39:07] [INFO]: 收到群 新蜂生活超市(854452883) 内 暴食反流战士(2455859777) 的消息: 直接出去 (1372884703) 
[2022-06-05 11:39:13] [INFO]: 收到群 新蜂生活超市(854452883) 内 暴食反流战士(2455859777) 的消息: 在校门口刷个脸就行 (651411017) 
[2022-06-05 11:39:56] [INFO]: 收到群 新蜂生活超市(854452883) 内 私貘(2718554774) 的消息: 谢谢 (-1076170765) 
[2022-06-05 11:40:12] [INFO]: 收到群 潘安湖二手物品转卖群(949682820) 内 大四出闲置(1258472673) 的消息: [CQ:image,file=9501ff81984f5758450543dd91b685c5.image,subType=0] (2112146634) 
[2022-06-05 11:40:19] [INFO]: 收到群 新蜂生活超市(854452883) 内 暴食反流战士(2455859777) 的消息: [CQ:image,file=9a02fbfa72450bdc33928feec1e8e3e2.image,subType=7] (-924983451) 
[2022-06-05 11:42:13] [INFO]: 收到群 潘安湖二手物品转卖群(949682820) 内 大四出闲置(1258472673) 的消息: [CQ:image,file=dc6408b238c5c1a4c5884e657995e589.image,subType=0] (-454189712) 
[2022-06-05 11:42:29] [INFO]: 收到群 潘安湖二手物品转卖群(949682820) 内 𝒽Fɪʀsᴛ(2534020801) 的消息: 出沙宣洗发水，全新刚拿回来，旗舰店99.9[CQ:image,file=bfbfdb62ebfddf2fbbd15801ff02aa26.image,subType=0] (-1813336602) 
[2022-06-05 11:45:26] [INFO]: 收到群 新蜂生活超市(854452883) 内 孙膑(80000000) 的消息: 有没有兄弟姐妹知道门口电瓶车怎么用怎么算💰啊 (1454983878) 
[2022-06-05 11:47:32] [INFO]: 收到群 潘安湖二手物品转卖群(949682820) 内 大四出闲置(1258472673) 的消息: [CQ:image,file=3280a33654601bb525dbcc525403ab6b.image,subType=0] (55947383) 
[2022-06-05 11:51:16] [INFO]: 收到群 新蜂生活超市(854452883) 内 懒羊羊(1834808612) 的消息: 那玩意儿用不了 (566131280) 
[2022-06-05 11:51:23] [INFO]: 收到群 新蜂生活超市(854452883) 内 懒羊羊(1834808612) 的消息: 小破车 (-1195955222) 
[2022-06-05 11:52:43] [INFO]: 收到群 潘安湖二手物品转卖群(949682820) 内 柠檬(3196980774) 的消息: 奶酪棒15r一包[CQ:image,file=98d12d38ca103eaa7fb315c8af777db3.image,subType=0] (1951564001) 
[2022-06-05 11:53:07] [INFO]: 收到群 新蜂生活超市(854452883) 内 咕咕鹤(1326768287) 的消息: 你试试吧，懒羊羊号不太行 (-810542212) 
[2022-06-05 11:53:26] [INFO]: 收到群 新蜂生活超市(854452883) 内 会飞的鱼(1576607741) 的消息: 骑路对面的小蓝车 (1594820333) 
[2022-06-05 11:54:58] [INFO]: 收到群 新蜂生活超市(854452883) 内 懒羊羊(1834808612) 的消息: [CQ:image,file=46f9a81263387dc809c6117b49e4206a.image,subType=7] (671626875) 
[2022-06-05 11:55:05] [INFO]: 收到群 潘安湖二手物品转卖群(949682820) 内 出闲置f组团(957269098) 的消息: f有无代买 (345311492) 
[2022-06-05 11:55:05] [INFO]: 收到群 潘安湖二手物品转卖群(949682820) 内 出闲置f组团(957269098) 的消息: 饭 (1670527378) 
[2022-06-05 11:58:25] [INFO]: 收到群 潘安湖二手物品转卖群(949682820) 内 大四出闲置(1258472673) 的消息: [CQ:reply,id=55947383][CQ:at,qq=1258472673] 夹子已出 (-90478552) 
[2022-06-05 11:59:43] [INFO]: 收到群 潘安湖二手物品转卖群(949682820) 内 清欢不在.(1281268438) 的消息: 找abcd打印（最好晚上六七点前能打印好） (-1919133506) 
[2022-06-05 12:04:19] [INFO]: 收到群 18软件2班在线群(780548179) 内 吴恒(2732160776) 的消息: [CQ:at,qq=all] 健康打卡啦[CQ:image,file=f01891d11455972b96c0a33a59691e6e.image,subType=0] (2001282585) 
[2022-06-05 12:07:35] [INFO]: 收到群 潘安湖二手物品转卖群(949682820) 内 E2年糕糕(3091206691) 的消息: 出个大垃圾桶🗑️6r (335072541) 
[2022-06-05 12:07:40] [INFO]: 收到群 潘安湖二手物品转卖群(949682820) 内 E2年糕糕(3091206691) 的消息: [CQ:image,file=4f06af30f5a43146b83e894f27a944c4.image,subType=0] (1694498187) 
[2022-06-05 12:14:07] [INFO]: 收到群 潘安湖二手物品转卖群(949682820) 内 e打印(1119177312) 的消息: 有偿租用一小推车 (-34165711) 
[2022-06-05 12:14:46] [INFO]: 收到群 潘安湖二手物品转卖群(949682820) 内 小精玲✧*。٩(ˊωˋ*)و✧*?(3230108644) 的消息: [CQ:image,file=97b69e91141c155977a9e50022769f96.image,subType=0] (-1963877209) 
[2022-06-05 12:16:37] [INFO]: 收到群 潘安湖二手物品转卖群(949682820) 内 小精玲✧*。٩(ˊωˋ*)و✧*?(3230108644) 的消息: [CQ:image,file=fcd0d5b04b38bc31da5095d8ef360a7c.image,subType=0] (441352502) 
[2022-06-05 12:17:19] [INFO]: 收到群 潘安湖二手物品转卖群(949682820) 内 十一(2114988219) 的消息: E组团有无代拿快递 (1833546144) 
[2022-06-05 12:17:23] [INFO]: 收到群 18软件2班在线群(780548179) 内 吴恒(2732160776) 的消息: [CQ:image,file=ae3f1ef0ad6b4945d55f799dae578de6.image,subType=0]指导老师是龚莉的，目前提交论文终稿的同学，已经给大家查重通过，具体自己可以登录毕设系统查看[CQ:face,id=118] (-403293304) 
[2022-06-05 12:18:55] [INFO]: 收到群 潘安湖二手物品转卖群(949682820) 内 山野都有雾灯(1571711202) 的消息: 收苹果数据线 (-1072126776) 
[2022-06-05 12:20:08] [INFO]: 收到群 新蜂生活超市(854452883) 内 花木兰(80000000) 的消息: 大吴的小吃街几点能开 (1221574558) 
[2022-06-05 12:23:52] [INFO]: 收到群 18软件2班在线群(780548179) 内 吴恒(2732160776) 的消息: [CQ:image,file=1b9e9ad2ef2c13c99e131ae929f80235.image,subType=0]指导老师是陈盛霞的，目前提交论文终稿的同学，已经给大家查重通过，具体自己可以登录毕设系统查看[CQ:face,id=118] (-1863251170) 
[2022-06-05 12:26:58] [INFO]: 收到群 新蜂生活超市(854452883) 内 狄仁杰(80000000) 的消息: 有市区代买嘛 (1070108424) 
[2022-06-05 12:27:10] [INFO]: 收到群 新蜂生活超市(854452883) 内 我爱背书(1608791108) 的消息: [CQ:reply,id=1221574558]四五点吧 (-1497243982) 
[2022-06-05 12:29:03] [INFO]: 收到群 新蜂生活超市(854452883) 内 王昭君(80000000) 的消息: 为什么核酸人这么多 (-775492060) 
[2022-06-05 12:29:10] [INFO]: 收到群 新蜂生活超市(854452883) 内 王昭君(80000000) 的消息: [CQ:image,file=b9b687b848014158c82e42ae224e92e2.image,subType=1] (1336048519) 
[2022-06-05 12:29:30] [INFO]: 收到群 新蜂生活超市(854452883) 内 新蜂生活超市(105070597) 的消息: 说明昨天出去玩的人多 (950356753) 
[2022-06-05 12:30:05] [INFO]: 收到好友 ice_water(1427774041) 的消息: 893610602 (-1583972735) 
[2022-06-05 12:30:17] [INFO]: 收到好友 ice_water(1427774041) 的消息: 958711465 (1072884514) 
[2022-06-05 12:30:50] [INFO]: 收到群 新蜂生活超市(854452883) 内 李大圣（大吴代购，路费随意）(2784604520) 的消息: 不多不多 (-1582556501) 
[2022-06-05 12:30:57] [INFO]: 收到群 新蜂生活超市(854452883) 内 李大圣（大吴代购，路费随意）(2784604520) 的消息: 也就一百多个人吧 (-693425603) 
[2022-06-05 12:32:33] [INFO]: 收到群 潘安湖二手物品转卖群(949682820) 内 一杯火焰.(3104523169) 的消息: F组团找快递代拿 要送到宿舍 (-1222667170) 
[2022-06-05 12:34:11] [INFO]: 收到来自 20物流宋吴滨(1756878923) 的好友请求: 我是20物流宋吴滨 
[2022-06-05 12:34:35] [INFO]: 添加了新好友: 「Echo」(1756878923) 
[2022-06-05 12:34:44] [INFO]: 收到来自群 商学院2020物管(893610602) 内用户 20物流宋吴滨(1756878923) 的加群邀请. 
[2022-06-05 12:34:44] [INFO]: 群 潘安湖二手物品转卖群(949682820) 的 a组团出闲置(1258472673) 更新了名片 大四出闲置 -> a组团出闲置 
[2022-06-05 12:34:44] [INFO]: 收到群 潘安湖二手物品转卖群(949682820) 内 大四出闲置(1258472673) 的消息: [CQ:image,file=ef83ed9ea4f1a1e78516ce2fccb25b1c.image,subType=0] (773244388) 
[2022-06-05 12:34:44] [INFO]: 收到来自群 商学院2020物管(893610602) 内用户 20物流宋吴滨(1756878923) 的加群邀请. 
[2022-06-05 12:34:49] [INFO]: Bot进入了群 商学院2020物管(893610602). 
[2022-06-05 12:35:30] [INFO]: 收到群 潘安湖二手物品转卖群(949682820) 内 b1(1779849981) 的消息: 伞未出，有需要dd[CQ:image,file=2dc83e1ecfa984c3cd4449aef976e9ed.image,subType=0] (1494349170) 
[2022-06-05 12:40:07] [INFO]: 收到群 潘安湖二手物品转卖群(949682820) 内 b1(1779849981) 的消息: 已出 (-948608815) 
[2022-06-05 12:42:33] [INFO]: 收到群 20软件1班官方群(927974093) 内 健康打卡小助手(3528275423) 的消息: 健康打卡自动提醒
尚未打卡的同学如下：
[CQ:at,qq=1574115783] 	
已打卡的同学请忽略此条消息
12:42:27 (1376284195) 
[2022-06-05 12:42:49] [INFO]: 收到群 20软件2班官方群(953152455) 内 健康打卡小助手(3528275423) 的消息: 健康打卡自动提醒
尚未打卡的同学如下：
[CQ:at,qq=1262296187] 	[CQ:at,qq=840066450] 	[CQ:at,qq=421712537] 	[CQ:at,qq=2410323243] 	
已打卡的同学请忽略此条消息
12:42:43 (-617335035) 
[2022-06-05 12:47:40] [INFO]: 收到群 新蜂生活超市(854452883) 内 后羿(80000000) 的消息: 啊 (1175730092) 
[2022-06-05 12:48:49] [INFO]: 收到群 潘安湖二手物品转卖群(949682820) 内 AA兼职加我简单易上手(1720422083) 的消息: 出全新蓬松喷雾30r[CQ:image,file=67f1ae40ecb7a867f8be915b1d22bc06.image,subType=0] (-1334685625) 
[2022-06-05 12:52:50] [INFO]: 收到群 潘安湖二手物品转卖群(949682820) 内 大头本姨母(3591236741) 的消息: [CQ:image,file=e9461d26c574ddb6b55a315510589808.image,subType=0] (695927293) 
[2022-06-05 12:58:57] [INFO]: 收到群 潘安湖二手物品转卖群(949682820) 内 Big正(1446982638) 的消息: [CQ:image,file=3827495347718134e184b1c6b404e66c.image,subType=0] (1585197419) 
[2022-06-05 12:59:10] [INFO]: 收到群 潘安湖二手物品转卖群(949682820) 内 Big正(1446982638) 的消息: 40，给送到宿舍楼底 (-826069766) 
[2022-06-05 13:00:36] [INFO]: 收到群 潘安湖二手物品转卖群(949682820) 内 柠檬(3196980774) 的消息: 13r[CQ:image,file=785ddae7ae8ee120f989d905f14693bf.image,subType=0] (-1178330004) 
[2022-06-05 13:02:00] [INFO]: 收到群 新蜂生活超市(854452883) 内 虞姬(80000000) 的消息: 大家冲一百块钱的电费大概有多少度电啊，充完只多了七十多度是正常的吗 (823330618) 
[2022-06-05 13:02:26] [INFO]: 收到群 潘安湖二手物品转卖群(949682820) 内 米饼(2706181673) 的消息: 有无校门口代拿呀 (-654076535) 
[2022-06-05 13:03:05] [INFO]: 收到群 潘安湖二手物品转卖群(949682820) 内 米饼(2706181673) 的消息: F组团滴滴 (-1375427297) 
[2022-06-05 13:06:09] [INFO]: 收到群 新蜂生活超市(854452883) 内 廉颇(80000000) 的消息: 100块钱有100多度吧 (1675816029) 
[2022-06-05 13:07:23] [INFO]: 收到好友 ice_water(1427774041) 的消息: 563557034 (1752262458) 
[2022-06-05 13:08:53] [INFO]: 收到群 新蜂生活超市(854452883) 内 甄姬(80000000) 的消息: 是不是一开始欠了电啊 (350608587) 
[2022-06-05 13:09:17] [INFO]: 收到群 新蜂生活超市(854452883) 内 甄姬(80000000) 的消息: 那个数字也不是立马就变的，可能要等一会 (-1913877135) 
[2022-06-05 13:10:45] [INFO]: 收到群 20Z计科通知群(540450397) 内 辅导员——王群(953060053) 的消息: [CQ:image,file=09a1e7d208710e5f03a3fb4d41f4df7f.image,subType=0] (599539014) 
[2022-06-05 13:11:05] [INFO]: 收到群 20Z计科通知群(540450397) 内 辅导员——王群(953060053) 的消息: [CQ:at,qq=1473373003] [CQ:at,qq=2777075784] [CQ:at,qq=2212089734] 打卡了 (1421544912) 
[2022-06-05 13:11:17] [INFO]: 收到群 20Z计科通知群(540450397) 内 刘奕辰 18864123362(2777075784) 的消息: 已经打了啊 (-843948950) 
[2022-06-05 13:11:19] [INFO]: 收到群 20Z计科通知群(540450397) 内 刘奕辰 18864123362(2777075784) 的消息: /捂脸 (-1162515204) 
[2022-06-05 13:11:23] [INFO]: 收到群 20Z计科通知群(540450397) 内 辅导员——王群(953060053) 的消息: [CQ:face,id=124] (705327469) 
[2022-06-05 13:11:30] [INFO]: 收到群 20Z计科通知群(540450397) 内 王子豪+18752102246(1473373003) 的消息: 已打 (1561149947) 
[2022-06-05 13:12:09] [INFO]: 收到群 潘安湖二手物品转卖群(949682820) 内 小bada(2750815513) 的消息: 出售两包辣条，巨辣无比，本人无福消受，2r/包[CQ:image,file=edfdc3c932a6abeac35e06e751293df6.image,subType=0] (923661477) 
[2022-06-05 13:12:16] [INFO]: 收到群 新蜂生活超市(854452883) 内 豆奶(3021687164) 的消息: [CQ:reply,id=1454983878]十分钟一块钱？好像是还有一块钱押金 (-85213721) 
[2022-06-05 13:12:34] [INFO]: 收到群 新蜂生活超市(854452883) 内 虞姬(80000000) 的消息: 是两天之后才看的，充的时候有69现在137，这也太少了吧 (1687103556) 
[2022-06-05 13:14:34] [INFO]: 收到群 潘安湖二手物品转卖群(949682820) 内 Big正(1446982638) 的消息: 收学士服 (1074447411) 
[2022-06-05 13:15:41] [INFO]: 收到群 潘安湖二手物品转卖群(949682820) 内 a组团出闲置(1258472673) 的消息: [CQ:reply,id=55947383][CQ:at,qq=1258472673] 刀已出 (-563195504) 
[2022-06-05 13:25:42] [INFO]: 收到群 潘安湖二手物品转卖群(949682820) 内 Gɴᴇᴍᴏᴀʜ.(3293156131) 的消息: 收创可贴/胖三斤 (-1452711674) 
[2022-06-05 13:26:28] [INFO]: 收到群 新蜂生活超市(854452883) 内 新蜂生活超市(105070597) 的消息: [CQ:reply,id=-830215219]悦鲜活到了 (327686354) 
[2022-06-05 13:26:28] [WARNING]: 获取消息时出现错误: get value error: leveldb: not found 
[2022-06-05 13:32:08] [INFO]: 收到群 潘安湖二手物品转卖群(949682820) 内 E(2380411320) 的消息: 收唇膏 (811610300) 
[2022-06-05 13:32:40] [INFO]: 收到群 20Z计科通知群(540450397) 内 陈浩 19556131384(2212089734) 的消息: 已打 (1036699678) 
[2022-06-05 13:36:28] [INFO]: 收到群 潘安湖二手物品转卖群(949682820) 内 Gɴᴇᴍᴏᴀʜ.(3293156131) 的消息: 已收 (1197932586) 
[2022-06-05 13:40:22] [INFO]: 收到群 潘安湖二手物品转卖群(949682820) 内 i karry(1097326546) 的消息: 请问一下谁有菜鸟驿站的联系方式嘛/崇拜 (-673702469) 
[2022-06-05 13:40:25] [INFO]: 收到群 20软件1班官方群(927974093) 内 健康打卡小助手(3528275423) 的消息: 今日健康打卡已完成！
13:40:19 (621764277) 
[2022-06-05 13:40:40] [INFO]: 收到群 20软件2班官方群(953152455) 内 健康打卡小助手(3528275423) 的消息: 今日健康打卡已完成！
13:40:35 (-1405941869) 
[2022-06-05 13:40:59] [INFO]: 收到群 潘安湖二手物品转卖群(949682820) 内 b组团(2465397940) 的消息: [CQ:reply,id=-673702469][CQ:at,qq=1097326546] [CQ:at,qq=1097326546] wxid_udr3blbs8uam22 (-1595986643) 
[2022-06-05 13:41:08] [INFO]: 收到群 潘安湖二手物品转卖群(949682820) 内 b组团(2465397940) 的消息: [CQ:image,file=2b2592d316139af3e45023bfb0d14193.image,subType=0] (-231815606) 
[2022-06-05 13:41:21] [INFO]: 收到群 潘安湖二手物品转卖群(949682820) 内 i karry(1097326546) 的消息: 谢谢[CQ:face,id=63] (-2060847396) 
[2022-06-05 13:41:39] [INFO]: 收到群 潘安湖二手物品转卖群(949682820) 内 b组团(2465397940) 的消息: l15862261336 (471902054) 
[2022-06-05 13:41:42] [INFO]: 收到群 潘安湖二手物品转卖群(949682820) 内 b组团(2465397940) 的消息: [CQ:image,file=0e191cc03082b7ae373385db5dbbd602.image,subType=0] (1797756912) 
[2022-06-05 13:41:48] [INFO]: 收到群 潘安湖二手物品转卖群(949682820) 内 b组团(2465397940) 的消息: 这俩都是 (-180157869) 
[2022-06-05 13:42:29] [INFO]: 收到群 潘安湖二手物品转卖群(949682820) 内 i karry(1097326546) 的消息: [CQ:face,id=63] (-2109459771) 
[2022-06-05 13:42:46] [INFO]: 收到群 潘安湖二手物品转卖群(949682820) 内 b组团(2465397940) 的消息: [CQ:image,file=f16aaaa7b0aa785d1133f7b20f436b1e.image,subType=1] (458056575) 
[2022-06-05 13:44:21] [INFO]: 收到群 潘安湖二手物品转卖群(949682820) 内 Gavin(2127512736) 的消息: [CQ:image,file=cd4aaf67c04d7a51bd7fa4e743587a77.image,subType=0] (1816810473) 
[2022-06-05 13:47:01] [INFO]: 收到群 潘安湖二手物品转卖群(949682820) 内 MEEK.(3032750852) 的消息: [CQ:image,file=0bbc3777834d9ae2728713e6b115400e.image,subType=0] (-51032456) 
[2022-06-05 13:47:02] [INFO]: 收到群 潘安湖二手物品转卖群(949682820) 内 MEEK.(3032750852) 的消息: [CQ:image,file=876a519e5380035ffb7c094a2b23abdc.image,subType=0] (-1947042066) 
[2022-06-05 13:51:48] [INFO]: 收到群 潘安湖二手物品转卖群(949682820) 内 🐰(285230806) 的消息: 有代买一点点的吗 (-348784885) 
[2022-06-05 13:53:03] [INFO]: 收到群 潘安湖二手物品转卖群(949682820) 内 MEEK.(3032750852) 的消息: [CQ:image,file=0bb0b5d8dcaf2a6c38c20fe356fff6fd.image,subType=0] (-1674393699) 
[2022-06-05 13:56:59] [INFO]: 收到群 商学院2020物管(893610602) 内 副班 宋吴滨(1756878923) 的消息: &#91;QQ小程序&#93;腾讯文档 (451185881) 
[2022-06-05 13:57:00] [INFO]: 收到群 商学院2020物管(893610602) 内 副班 宋吴滨(1756878923) 的消息: 请各位班长将此表转发至班级群内，供出校同学报备。如若发现出校且没有报备的同学，学院会给予处理！@全体成员  (-2071979654) 
[2022-06-05 13:57:00] [INFO]: 收到群 商学院2020物管(893610602) 内 副班 宋吴滨(1756878923) 的消息: 从今日起进出开始填写上表 (-209245716) 
[2022-06-05 13:57:15] [INFO]: 收到群 商学院2020物管(893610602) 内 副班 宋吴滨(1756878923) 的消息: &#91;&#91;QQ小程序&#93;腾讯文档&#93;请使用最新版本手机QQ查看[CQ:json,data={"app":"com.tencent.miniapp_01"&#44;"view":"view_8C8E89B49BE609866298ADDFF2DBABA4"&#44;"ver":"1.0.0.19"&#44;"prompt":"&#91;QQ小程序&#93;腾讯文档"&#44;"meta":{"detail_1":{"appid":"1108338344"&#44;"appType":0&#44;"title":"腾讯文档"&#44;"desc":"管理学院每日进出校情况统计表"&#44;"icon":"https:\/\/miniapp.gtimg.cn\/public\/appicon\/67aa530e755cff32f162f5c974d478ac_200.jpg"&#44;"preview":"https:\/\/pubminishare-30161.picsz.qpic.cn\/cfab2389-3ff8-43c3-9034-80c0e8b420d9"&#44;"url":"m.q.qq.com\/a\/s\/756e6990e0318d704ee9fe57b43d9bc1"&#44;"scene":0&#44;"host":{"uin":1756878923&#44;"nick":"「Echo」"}&#44;"shareTemplateId":"8C8E89B49BE609866298ADDFF2DBABA4"&#44;"shareTemplateData":{}&#44;"qqdocurl":"https:\/\/docs.qq.com\/form\/page\/DWWpMdUVOcmt6akt1"&#44;"showLittleTail":""&#44;"gamePoints":""&#44;"gamePointsUrl":""}}&#44;"config":{"type":"normal"&#44;"width":0&#44;"height":0&#44;"forward":0&#44;"autoSize":0&#44;"ctime":1654408633&#44;"token":"359b65d4a432ae9c11e1803685fb708b"}}] (1787721814) 
[2022-06-05 13:57:51] [INFO]: 收到群 商学院2020物管(893610602) 内 班长-代永倩(1119177312) 的消息: &#91;QQ小程序&#93;腾讯文档 (495536320) 
[2022-06-05 13:57:51] [INFO]: 收到群 商学院2020物管(893610602) 内 班长-代永倩(1119177312) 的消息: 请各位班长将此表转发至班级群内，供出校同学报备。如若发现出校且没有报备的同学，学院会给予处理！@全体成员  (-1925819055) 
[2022-06-05 13:57:51] [INFO]: 收到群 商学院2020物管(893610602) 内 班长-代永倩(1119177312) 的消息: 从今日起进出开始填写上表 (-97425977) 
[2022-06-05 14:03:54] [INFO]: 收到群 潘安湖二手物品转卖群(949682820) 内 A组团甩卖(874212339) 的消息: [CQ:image,file=c23bab9a9f31d9f11765a92498cd5c6b.image,subType=0] (87791143) 
[2022-06-05 14:03:55] [INFO]: 收到群 潘安湖二手物品转卖群(949682820) 内 A组团甩卖(874212339) 的消息: [CQ:image,file=2a6605c154555cdd183e3425b3c41340.image,subType=0] (1916577457) 
[2022-06-05 14:07:22] [INFO]: 收到群 潘安湖二手物品转卖群(949682820) 内 MEEK.(3032750852) 的消息: [CQ:reply,id=-1947042066][CQ:at,qq=3032750852] 已出 (-329764078) 
[2022-06-05 14:07:24] [INFO]: 收到群 潘安湖二手物品转卖群(949682820) 内 小明(1443819413) 的消息: [CQ:image,file=21388d086f26a159b0ba6a89176c2ba6.image,subType=0] (-1688271996) 
[2022-06-05 14:08:01] [INFO]: 收到群 潘安湖二手物品转卖群(949682820) 内 a组团出闲置(1258472673) 的消息: [CQ:image,file=d78b7f70301893232f62e525f6e5e37a.image,subType=0] (39211582) 
[2022-06-05 14:08:16] [INFO]: 收到群 潘安湖二手物品转卖群(949682820) 内 MEEK.(3032750852) 的消息: [CQ:forward,id=oSfDKA1sjUkd2nh+3YhO7ZYTqg7mC01arZBDs80MOik2JaubgIbLjb6zQK6u6xgC] (1968267944) 
[2022-06-05 14:10:29] [INFO]: 收到群 潘安湖二手物品转卖群(949682820) 内 25(1455646772) 的消息: f有超市代买吗 (-437354695) 
[2022-06-05 14:11:18] [INFO]: 收到群 潘安湖二手物品转卖群(949682820) 内 呲吧嘿(2393130786) 的消息: 遮光帘，两片15r[CQ:image,file=a8f0bda73d398afe5f75a50bb7ce9028.image,subType=0][CQ:image,file=97d005992b5528ce7e5b49cb70a374ef.image,subType=0] (-1830203473) 
[2022-06-05 14:16:43] [INFO]: 收到群 潘安湖二手物品转卖群(949682820) 内 MEEK.(3032750852) 的消息: [CQ:image,file=c123fc3ee8adc7fc563545d10a4dbbe5.image,subType=0] (-1535876660) 
[2022-06-05 14:20:06] [INFO]: 收到群 潘安湖二手物品转卖群(949682820) 内 小明(1443819413) 的消息: [CQ:image,file=41f1fde6510b782c2f989b19add5630a.image,subType=0] (-747417254) 
[2022-06-05 14:23:01] [INFO]: 收到群 潘安湖二手物品转卖群(949682820) 内 小明(1443819413) 的消息: [CQ:image,file=57cf67ca0d48110c93fcee511a509492.image,subType=0] (1249509600) 
[2022-06-05 14:23:14] [INFO]: 收到群 潘安湖二手物品转卖群(949682820) 内 呲吧嘿(2393130786) 的消息: [CQ:reply,id=-1830203473][CQ:at,qq=2393130786] 已出 (1031614582) 
[2022-06-05 14:25:32] [INFO]: 收到群 潘安湖二手物品转卖群(949682820) 内 一个达布刘(1738675921) 的消息: D组团有没有打印 (-1558600235) 
[2022-06-05 14:26:50] [INFO]: 收到群 潘安湖二手物品转卖群(949682820) 内 柠檬(3196980774) 的消息: 奶酪棒十块钱一包，甩卖了 (-736193213) 
[2022-06-05 14:28:26] [INFO]: 收到群 潘安湖二手物品转卖群(949682820) 内 小明(1443819413) 的消息: 圆顶帽 没带过5r

[CQ:image,file=e614da55a3ce8f5c53e5ad3aa294fd91.image,subType=0] (1293403385) 
[2022-06-05 14:28:40] [INFO]: 收到群 潘安湖二手物品转卖群(949682820) 内 小明(1443819413) 的消息: 名创优品卷发2r

[CQ:image,file=f69ab45360f172bb6d858b464840af21.image,subType=0]
[CQ:image,file=48a76f3c96957f90bcb14af53e85cce1.image,subType=0]
[CQ:image,file=933ef9ebec7d84a94185bce7f09acb1c.image,subType=0] (974189679) 
[2022-06-05 14:34:00] [INFO]: 收到群 潘安湖二手物品转卖群(949682820) 内 呲吧嘿(2393130786) 的消息: 便携式折叠小板凳，8r出   [CQ:image,file=21ed77e96fefc4579ede3e9cddefb2c4.image,subType=0][CQ:image,file=9b6f787a23924ece481868b5ddc5fc4b.image,subType=0][CQ:image,file=5e87408cb4efee3aad4dd557a8b94d67.image,subType=0] (-1431311874) 
[2022-06-05 14:34:38] [INFO]: 收到群 19级财管1班(563557034) 内 赵嘉楠 15051200754(2910934212) 的消息: 各位同学：现上传《关于近期学生日常管理工作提示》等相关材料，请大家落实学生外出请假数据统计工作，确保数据清、底数明。
另离校当日返校的学生须填写《科文学院学生每日进出校情况统计表》（在线编辑）；离校离徐、离校当日不返回的学生须填写《科文学院学生进出校园情况统计表》，两类学生需要分开填报。@全体成员 

每天我们会在晚上进行汇总，此名单也将纳为第二天的核酸检测人员范围。

如若发现出校且没有报备的同学，我们将即刻给予处理！ (-788927357) 
[2022-06-05 14:34:48] [INFO]: 收到群 19级财管1班(563557034) 内 赵嘉楠 15051200754(2910934212) 的消息: &#91;QQ小程序&#93;腾讯文档 (-1476469739) 
[2022-06-05 14:34:52] [INFO]: 收到群 潘安湖二手物品转卖群(949682820) 内 MEEK.(3032750852) 的消息: [CQ:forward,id=lchbm5TheImyKsNT7qO3jwfz3eEjvsM4hEFrZ8hqeeRw4gMGqewZD4RKHTcARhqw] (-576136856) 
[2022-06-05 14:35:25] [INFO]: 群 19级财管1班(563557034) 内 赵嘉楠 15051200754(2910934212) 上传了文件: 关于近期学生日常管理工作提示（定稿）.doc 
[2022-06-05 14:35:49] [INFO]: 收到群 19级财管1班(563557034) 内 赵嘉楠 15051200754(2910934212) 的消息: &#91;&#91;QQ小程序&#93;腾讯文档&#93;请使用最新版本手机QQ查看[CQ:json,data={"app":"com.tencent.miniapp_01"&#44;"view":"view_8C8E89B49BE609866298ADDFF2DBABA4"&#44;"ver":"1.0.0.19"&#44;"prompt":"&#91;QQ小程序&#93;腾讯文档"&#44;"meta":{"detail_1":{"appid":"1108338344"&#44;"appType":0&#44;"title":"腾讯文档"&#44;"desc":"管理学院每日进出校情况统计表"&#44;"icon":"https:\/\/miniapp.gtimg.cn\/public\/appicon\/67aa530e755cff32f162f5c974d478ac_200.jpg"&#44;"preview":"https:\/\/pubminishare-30161.picsz.qpic.cn\/25b15947-35d5-4eec-a578-de579bd992d2"&#44;"url":"m.q.qq.com\/a\/s\/eefacfd715778d01eadf0d150d73eca4"&#44;"scene":0&#44;"host":{"uin":2910934212&#44;"nick":"白日梦"}&#44;"shareTemplateId":"8C8E89B49BE609866298ADDFF2DBABA4"&#44;"shareTemplateData":{}&#44;"qqdocurl":"https:\/\/docs.qq.com\/form\/page\/DWWpMdUVOcmt6akt1"&#44;"showLittleTail":""&#44;"gamePoints":""&#44;"gamePointsUrl":""}}&#44;"config":{"type":"normal"&#44;"width":0&#44;"height":0&#44;"forward":0&#44;"autoSize":0&#44;"ctime":1654410946&#44;"token":"d365a55b790ce2131e4c440c001efece"}}] (1318943008) 
[2022-06-05 14:43:04] [INFO]: 收到群 21软件3班通知群(684039593) 内 刘琨19516186691(1649428466) 的消息: https://jinshuju.net/f/g8YeMR     
请大家花一两分钟的时间填写一下大学生使用媒介问卷调查[CQ:face,id=63][CQ:face,id=63] (249998201) 
[2022-06-05 14:43:11] [INFO]: 收到群 21软件3班通知群(684039593) 内 刘琨19516186691(1649428466) 的消息: [CQ:at,qq=all]  (-1638287640) 
[2022-06-05 14:46:41] [INFO]: 收到群 潘安湖二手物品转卖群(949682820) 内 呲吧嘿(2393130786) 的消息: [CQ:reply,id=-1431311874][CQ:at,qq=2393130786] 已出 (-1116778355) 
[2022-06-05 14:48:15] [INFO]: 收到群 潘安湖二手物品转卖群(949682820) 内 MEEK.(3032750852) 的消息: [CQ:reply,id=-576136856][CQ:at,qq=3032750852] 创可贴不卖了 (-899129317) 
[2022-06-05 15:00:18] [INFO]: 收到群 潘安湖二手物品转卖群(949682820) 内 活(920418132) 的消息: 今日苏宁代买 (1398878625) 
[2022-06-05 15:01:11] [INFO]: 收到群 潘安湖二手物品转卖群(949682820) 内 呲吧嘿(2393130786) 的消息: 出全新计算机二级题库和详解书，10r，内有手机版题库和练习软件  [CQ:image,file=1d1785599b90a89f1d75df7a0db8cc35.image,subType=0][CQ:image,file=234c79d26e886ef0448d6f3aa386ec38.image,subType=0] (610664759) 
[2022-06-05 15:02:28] [INFO]: 收到群 潘安湖二手物品转卖群(949682820) 内 MEEK.(3032750852) 的消息: [CQ:image,file=bcab603ca17994f647803f41b611970e.image,subType=0] (-1174236012) 
[2022-06-05 15:06:25] [INFO]: 收到群 潘安湖二手物品转卖群(949682820) 内 呲吧嘿(2393130786) 的消息: [CQ:reply,id=610664759][CQ:at,qq=2393130786] 已出 (-855268350) 
[2022-06-05 15:17:51] [INFO]: 收到群 新蜂生活超市(854452883) 内 孙膑(80000000) 的消息: [CQ:reply,id=1687103556]你这两天不得用吗，空调开低温，一天就是二十度差不多 (-1971238552) 
[2022-06-05 15:18:43] [INFO]: 收到群 潘安湖二手物品转卖群(949682820) 内 肉松小吐司(1719820758) 的消息: 出全新的裙子 刚从驿站拿回来 80原价 50r出 质量很好 [CQ:image,file=d273a11ab0dfaffd0ce82de9a73c721b.image,subType=0] (1410135480) 
[2022-06-05 15:25:24] [INFO]: 收到群 20软件2班官方群(953152455) 内 张彦伟195 5163 5017(1458335158) 的消息: 算法实验5尽快啦 (-856387978) 
[2022-06-05 15:26:02] [INFO]: 收到群 潘安湖二手物品转卖群(949682820) 内 MEEK.(3032750852) 的消息: [CQ:image,file=cc3909cefc9e445a54b0f9ed43019094.image,subType=0] (587973934) 
[2022-06-05 15:26:24] [INFO]: 收到群 潘安湖二手物品转卖群(949682820) 内 半二两(1370245020) 的消息: 出寄快递装礼物的大纸箱，f组团自取 (-1279993665) 
[2022-06-05 15:26:32] [INFO]: 收到群 潘安湖二手物品转卖群(949682820) 内 MEEK.(3032750852) 的消息: [CQ:image,file=8caa741e21e2d06cfbab45d7b5b5693a.image,subType=0] (-994842583) 
[2022-06-05 15:26:51] [INFO]: 收到群 潘安湖二手物品转卖群(949682820) 内 半二两(1370245020) 的消息: [CQ:image,file=6e7a7121c1939e06e85e491cc2177019.image,subType=0] (-1774058674) 
[2022-06-05 15:26:57] [INFO]: 收到群 潘安湖二手物品转卖群(949682820) 内 半二两(1370245020) 的消息: 3元 (-515558440) 
[2022-06-05 15:31:48] [INFO]: 收到群 潘安湖二手物品转卖群(949682820) 内 fa(2111810815) 的消息: 有没有食堂代买啊老铁们  F组团[CQ:face,id=66]  三份三份 (2018271842) 
[2022-06-05 15:32:11] [INFO]: 收到群 潘安湖二手物品转卖群(949682820) 内 efgh代买代拿(1124740374) 的消息: [CQ:image,file=bef0fec1c69f09231ae8dc41169421a8.image,subType=1] (256594676) 
[2022-06-05 15:34:30] [INFO]: 收到群 潘安湖二手物品转卖群(949682820) 内 fa(2111810815) 的消息: [CQ:at,qq=1124740374] 能送到宿舍门口嘛贝贝！ (-1859139753) 
[2022-06-05 15:35:45] [INFO]: 收到群 潘安湖二手物品转卖群(949682820) 内 a组团出闲置(1258472673) 的消息: [CQ:image,file=024f0c21e4579a503438e47e32cde273.image,subType=0] (-433522751) 
[2022-06-05 15:37:10] [INFO]: 收到群 潘安湖二手物品转卖群(949682820) 内 MEEK.(3032750852) 的消息: [CQ:image,file=c89629b7355e65702abbce1a6948d567.image,subType=0] (2132911739) 
[2022-06-05 15:37:11] [INFO]: 收到群 潘安湖二手物品转卖群(949682820) 内 MEEK.(3032750852) 的消息: [CQ:image,file=ce5b8e3a97908f77ab6a365a9ccaed92.image,subType=0] (136746733) 
[2022-06-05 15:38:37] [INFO]: 收到群 潘安湖二手物品转卖群(949682820) 内 MEEK.(3032750852) 的消息: [CQ:reply,id=-994842583][CQ:at,qq=3032750852] 已出 (-1734767748) 
[2022-06-05 15:41:10] [INFO]: 收到群 潘安湖二手物品转卖群(949682820) 内 fa(2111810815) 的消息: 有没有食堂代买啊老铁们  F组团[CQ:face,id=66]  三份三份 (-274809878) 
[2022-06-05 15:44:53] [INFO]: 收到群 潘安湖二手物品转卖群(949682820) 内 A组团甩卖(874212339) 的消息: [CQ:image,file=2fcf9a95d370338b3020ebce6b005a4e.image,subType=0] (-1889979889) 
[2022-06-05 15:46:21] [INFO]: 收到群 潘安湖二手物品转卖群(949682820) 内 A组团甩卖(874212339) 的消息: [CQ:image,file=c23bab9a9f31d9f11765a92498cd5c6b.image,subType=0] (-128056679) 
[2022-06-05 15:52:56] [INFO]: 收到群 潘安湖二手物品转卖群(949682820) 内 九敏(840145859) 的消息: 有没有食堂代买啊F组团  (1633112867) 
[2022-06-05 16:00:21] [INFO]: 收到群 潘安湖二手物品转卖群(949682820) 内 MEEK.(3032750852) 的消息: [CQ:image,file=44ea99b1eac9dd5e3d6a7521cef08463.image,subType=0] (374367157) 
[2022-06-05 16:02:32] [INFO]: 收到群 潘安湖二手物品转卖群(949682820) 内 🧀(1306251288) 的消息: 8元 (-2009795050) 
[2022-06-05 16:02:37] [INFO]: 收到群 潘安湖二手物品转卖群(949682820) 内 🧀(1306251288) 的消息: [CQ:image,file=e38452ce4da21932b4517bd497d4600e.image,subType=0] (-13384064) 
[2022-06-05 16:05:52] [INFO]: 收到群 潘安湖二手物品转卖群(949682820) 内 MEEK.(3032750852) 的消息: [CQ:reply,id=374367157][CQ:at,qq=3032750852] 已出 (1715115834) 
[2022-06-05 16:06:36] [INFO]: 收到群 潘安湖二手物品转卖群(949682820) 内 🧀(1306251288) 的消息: 出半个西瓜，b组团，8r (289253292) 
[2022-06-05 16:07:07] [INFO]: 收到群 潘安湖二手物品转卖群(949682820) 内 A组团甩卖(874212339) 的消息: [CQ:image,file=c228eda7696abfd359e17bce7c9f8f62.image,subType=0] (-2122139075) 
[2022-06-05 16:08:37] [INFO]: 收到群 潘安湖二手物品转卖群(949682820) 内 🧀(1306251288) 的消息: [CQ:image,file=a63a6e63d82606d8a234b9941e839c34.image,subType=0] (-159020373) 
[2022-06-05 16:12:52] [INFO]: 收到群 潘安湖二手物品转卖群(949682820) 内 MEEK.(3032750852) 的消息: [CQ:image,file=b97793e2008e0380ec829150573fd3ef.image,subType=0] (146878144) 
[2022-06-05 16:16:38] [INFO]: 收到群 潘安湖二手物品转卖群(949682820) 内 MEEK.(3032750852) 的消息: [CQ:image,file=4d9322e3d4d5eb1e3b560b44606727a8.image,subType=0] (2143690326) 
[2022-06-05 16:20:46] [INFO]: 收到群 潘安湖二手物品转卖群(949682820) 内 郑郑不困(2738223854) 的消息: abcd代买茶百道 (-422621204) 
[2022-06-05 16:21:08] [INFO]: 收到群 潘安湖二手物品转卖群(949682820) 内 我爱物理我爱物理，我真的很爱物理(1297492943) 的消息: 我们也在你们那边 (-1849131142) 
[2022-06-05 16:21:15] [INFO]: 收到群 潘安湖二手物品转卖群(949682820) 内 郑郑不困(2738223854) 的消息: 哎嘿 (262990553) 
[2022-06-05 16:21:24] [INFO]: 收到群 潘安湖二手物品转卖群(949682820) 内 Sunshine~(1836286554) 的消息: 在哪 (2024528463) 
[2022-06-05 16:22:10] [INFO]: 收到群 潘安湖二手物品转卖群(949682820) 内 郑郑不困(2738223854) 的消息: [CQ:reply,id=-422621204][CQ:at,qq=2738223854] 不代了 (-509441035) 
[2022-06-05 16:22:38] [INFO]: 收到群 潘安湖二手物品转卖群(949682820) 内 帅哥1号(2268551581) 的消息: 姐几个在哪玩呢 (-1767523485) 
[2022-06-05 16:22:46] [INFO]: 收到群 潘安湖二手物品转卖群(949682820) 内 fa(2111810815) 的消息: [CQ:reply,id=-274809878][CQ:at,qq=2111810815] 1 (102409970) 
[2022-06-05 16:24:02] [INFO]: 收到群 潘安湖二手物品转卖群(949682820) 内 MEEK.(3032750852) 的消息: [CQ:image,file=28da3d30a6fb03f40499a569b9f95e34.image,subType=0] (1897764452) 
[2022-06-05 16:26:34] [INFO]: 收到群 潘安湖二手物品转卖群(949682820) 内 北冥有鱼(2320694756) 的消息: [CQ:image,file=d3930440d2342e20c8b2cf3dcc84adf3.image,subType=0] (299507585) 
[2022-06-05 16:27:11] [INFO]: 收到群 潘安湖二手物品转卖群(949682820) 内 北冥有鱼(2320694756) 的消息: 小桌子  💰7出[CQ:image,file=c028866b199e1deae271f0d80520dbe1.image,subType=0][CQ:image,file=114ed64d060e28da0ae3bf5be7715990.image,subType=0] (1725771543) 
[2022-06-05 16:28:23] [INFO]: 收到群 潘安湖二手物品转卖群(949682820) 内 MEEK.(3032750852) 的消息: [CQ:reply,id=146878144][CQ:at,qq=3032750852] 已出 (-2851155) 
[2022-06-05 16:31:42] [INFO]: 收到群 20智能科学与技术(1014806242) 内 数电-张静宇老师(732257229) 的消息: 每一位当天出校门的同学，一定要把以下信息发给我报备，学校会统计的。你们刷脸出去都是有记录的，不要有侥幸心理、 (-331122151) 
[2022-06-05 16:31:45] [INFO]: 收到群 20智能科学与技术(1014806242) 内 数电-张静宇老师(732257229) 的消息: [CQ:image,file=a8b836bece87d75a43483b1671dfa1d8.image,subType=0] (-1690023281) 
[2022-06-05 16:33:54] [INFO]: 收到群 潘安湖二手物品转卖群(949682820) 内 MEEK.(3032750852) 的消息: [CQ:image,file=2d6b53068e976ba79bf1e28c31ee5498.image,subType=0] (-1999417797) 
[2022-06-05 16:34:35] [INFO]: 收到群 20软件2班官方群(953152455) 内 辅导员赵思文(929274745) 的消息: 【腾讯文档】科文学院学生每日进出校情况统计表
https://docs.qq.com/sheet/DU3lvR0ZKeUJKVmR2 (-1141653792) 
[2022-06-05 16:34:40] [INFO]: 收到群 20软件2班官方群(953152455) 内 辅导员赵思文(929274745) 的消息: 请今天外出同学填写在线表，按照上面标好的班级，如果预留行已填满可插入行数继续填写。@全体成员 一定按照要求填写仔细。[CQ:face,id=63] (586870618) 
[2022-06-05 16:35:17] [INFO]: 收到群 20智能科学与技术(1014806242) 内 数电-张静宇老师(732257229) 的消息: [CQ:image,file=e0bdd849edd9f2f501d4d35bd6a91105.image,subType=0] (38607669) 
[2022-06-05 16:37:12] [INFO]: 收到群 潘安湖二手物品转卖群(949682820) 内 HA(2835961630) 的消息: [CQ:image,file=234700abbe31990d98b2aa53d882b0ff.image,subType=0] (381148056) 
[2022-06-05 16:38:27] [INFO]: 收到群 潘安湖二手物品转卖群(949682820) 内 MEEK.(3032750852) 的消息: [CQ:image,file=68cb3a1f90053c253b58e1f9e2fa376c.image,subType=0] (1638984462) 
[2022-06-05 16:38:54] [INFO]: 收到群 20软件1班官方群(927974093) 内 学习委员 吴玉涵(2915786685) 的消息: 算法实验报告今天下午18:00之前宿舍长收齐发我[CQ:at,qq=all]  (-1140453617) 
[2022-06-05 16:47:03] [INFO]: 收到群 潘安湖二手物品转卖群(949682820) 内 🍰(2917450975) 的消息: 学校哪里有可以煮粽子的地方吗 (-122045772) 
[2022-06-05 16:48:52] [INFO]: 收到群 潘安湖二手物品转卖群(949682820) 内 帅哥1号(2268551581) 的消息: 微波炉 (-1883338206) 
[2022-06-05 16:49:01] [INFO]: 收到群 潘安湖二手物品转卖群(949682820) 内 b1(2052864097) 的消息: 菜鸟现在还是两点关门吗 (520198067) 
[2022-06-05 16:49:53] [INFO]: 收到群 潘安湖二手物品转卖群(949682820) 内 🍰(2917450975) 的消息: 微波炉能煮粽子吗 (1745266469) 
[2022-06-05 16:49:58] [INFO]: 收到群 潘安湖二手物品转卖群(949682820) 内 🍰(2917450975) 的消息: 那种 真空包装的 (-1042624769) 
[2022-06-05 16:50:07] [INFO]: 收到群 潘安湖二手物品转卖群(949682820) 内 🍰(2917450975) 的消息: 会爆炸吗 (-1226965399) 
[2022-06-05 16:50:46] [INFO]: 收到群 潘安湖二手物品转卖群(949682820) 内 夜白(2205220913) 的消息: 不 (802467795) 
[2022-06-05 16:50:59] [INFO]: 成员 今天学英语了吗？(2361955310) 离开了群 潘安湖二手物品转卖群(949682820). 
[2022-06-05 16:51:04] [INFO]: 收到群 潘安湖二手物品转卖群(949682820) 内 帅哥1号(2268551581) 的消息: 你得 (1490263877) 
[2022-06-05 16:51:06] [INFO]: 收到群 潘安湖二手物品转卖群(949682820) 内 帅哥1号(2268551581) 的消息: 拿出去 (-961082650) 
[2022-06-05 16:51:13] [INFO]: 收到群 潘安湖二手物品转卖群(949682820) 内 帅哥1号(2268551581) 的消息: 然后放容器 (-1313850768) 
[2022-06-05 16:51:15] [INFO]: 收到群 潘安湖二手物品转卖群(949682820) 内 帅哥1号(2268551581) 的消息: 加水 (683240394) 
[2022-06-05 16:51:26] [INFO]: 收到群 潘安湖二手物品转卖群(949682820) 内 帅哥1号(2268551581) 的消息: 你真空包装，是塑料 (1606310748) 
[2022-06-05 16:51:42] [INFO]: 收到群 潘安湖二手物品转卖群(949682820) 内 帅哥1号(2268551581) 的消息: 加热塑料可不什么好事 (-821999923) 
[2022-06-05 16:52:15] [INFO]: 收到群 潘安湖二手物品转卖群(949682820) 内 🍰(2917450975) 的消息: 那种 陶瓷的碗 (-1207536037) 
[2022-06-05 16:52:16] [INFO]: 收到群 潘安湖二手物品转卖群(949682820) 内 🍰(2917450975) 的消息: 可以吗 (-658374722) 
[2022-06-05 16:52:26] [INFO]: 收到群 潘安湖二手物品转卖群(949682820) 内 🍰(2917450975) 的消息: 我有点小害怕 没整过 (-1345925336) 
[2022-06-05 16:53:03] [INFO]: 收到群 20Z计科通知群(540450397) 内 辅导员——王群(953060053) 的消息: 【金山文档】 20Z计科 附件3：江苏师范大学科文学院学生返校申报审核情况一览表 (1)
https://kdocs.cn/l/cbJOKLvMLqiq各位同学，最新返校政策：凡符合返校条件的毕业生可以自行安排返校时间，学生须填写《2022届毕业生返校情况统计表》报二级学院备案，按照相关要求做好核酸检测工作[CQ:at,qq=all] 返校时间可以自行选择 如有更改的同学请在线表直接更改。并且标黄，到校前一天需要联系我发送三天核酸、健康码、行程码和最新的返校申请表 (1255012488) 
[2022-06-05 16:54:09] [INFO]: 收到群 新蜂生活超市(854452883) 内 横波°(2545991573) 的消息: 空调不是五毛一度吗 (-41518594) 
[2022-06-05 16:54:49] [INFO]: 收到群 潘安湖二手物品转卖群(949682820) 内 三二一(1959687608) 的消息: [CQ:image,file=aa8c91d542fdb187572ab081e1c0c420.image,subType=0] (919576210) 
[2022-06-05 16:55:22] [INFO]: 收到群 潘安湖二手物品转卖群(949682820) 内 帅哥1号(2268551581) 的消息: 陶瓷没事 (1103670788) 
[2022-06-05 16:55:28] [INFO]: 收到群 潘安湖二手物品转卖群(949682820) 内 帅哥1号(2268551581) 的消息: 但是会趟 (-542360665) 
[2022-06-05 16:55:31] [INFO]: 收到群 潘安湖二手物品转卖群(949682820) 内 帅哥1号(2268551581) 的消息: 烫 (-1465185487) 
[2022-06-05 16:59:47] [INFO]: 收到群 潘安湖二手物品转卖群(949682820) 内 出发膜(3531931749) 的消息: 现在食堂哪还有卖粽子的啊 (832723595) 
[2022-06-05 16:59:50] [INFO]: 收到群 潘安湖二手物品转卖群(949682820) 内 出发膜(3531931749) 的消息: 想吃肉粽 (1185245725) 
[2022-06-05 17:00:10] [INFO]: 收到群 潘安湖二手物品转卖群(949682820) 内 (E)(1813766268) 的消息: 一食堂二楼 (-702908532) 
[2022-06-05 17:00:51] [INFO]: 收到群 潘安湖二手物品转卖群(949682820) 内 帅哥1号(2268551581) 的消息: 不知道贝利西木卖完没 (-1591916774) 
[2022-06-05 17:01:05] [INFO]: 收到群 潘安湖二手物品转卖群(949682820) 内 帅哥1号(2268551581) 的消息: 他那有鲜肉的 (-202593155) 
[2022-06-05 17:04:24] [INFO]: 收到群 潘安湖二手物品转卖群(949682820) 内 b1(1779849981) 的消息: 收散粉(量不用太多) (-2064933653) 
[2022-06-05 17:07:28] [INFO]: 收到群 潘安湖二手物品转卖群(949682820) 内 栀夏(2598734761) 的消息: 收计算器 (501402961) 
[2022-06-05 17:10:48] [INFO]: 收到群 潘安湖二手物品转卖群(949682820) 内 🐰(285230806) 的消息: 有代一点点的吗 (1793457607) 
[2022-06-05 17:11:13] [INFO]: 收到群 潘安湖二手物品转卖群(949682820) 内 代买饭代拿快递代写(3366946170) 的消息: 大吴可代买 (-192845724) 
[2022-06-05 17:22:38] [INFO]: 收到群 潘安湖二手物品转卖群(949682820) 内 云山乱(407997896) 的消息: 最后一班班车回学校几点的 (-2088347406) 
[2022-06-05 17:23:38] [INFO]: 收到群 21数据官方群(673433432) 内 班主任-周俊(1027418356) 的消息: [CQ:xml,data=<?xml version="1.0" encoding="utf-8"?>
<msg templateID="12345" action="web" brief="&#91;分享&#93; 科文学院学生每日进出校情况统计表" serviceID="95" sourceName="腾讯文档" url="https://docs.qq.com/sheet/DU3lvR0ZKeUJKVmR2?tab=BB08J2&amp;amp;scode="><item layout="2"><picture cover="https://docs.gtimg.com/docs-design-resources/mobile/png@2x/file_sheet_transparent_150@2x-b9abfe8b37.png"/><title>科文学院学生每日进出校情况统计表</title><summary>腾讯文档-在线表格</summary></item><source action="web" name="腾讯文档" icon="https://docs.qq.com/desktop/favicon.ico" appid="腾讯文档" url="https://docs.qq.com/desktop/m/index.html?_wv=2"/></msg>
,resid=95]https://docs.qq.com/sheet/DU3lvR0ZKeUJKVmR2?tab=BB08J2&amp;scode= (812097418) 
[2022-06-05 17:24:10] [INFO]: 收到群 21数据官方群(673433432) 内 班主任-周俊(1027418356) 的消息: 班级预留20列位置，若人数超过20，下方点插入列￼ (-1826235558) 
[2022-06-05 17:25:41] [INFO]: 收到群 潘安湖二手物品转卖群(949682820) 内 帅哥1号(2268551581) 的消息: 6点和8点半 (445581640) 
[2022-06-05 17:25:48] [INFO]: 收到群 潘安湖二手物品转卖群(949682820) 内 帅哥1号(2268551581) 的消息: 56路是六点 (1837644254) 
[2022-06-05 17:25:54] [INFO]: 收到群 潘安湖二手物品转卖群(949682820) 内 帅哥1号(2268551581) 的消息: 25路和26路是七点半 (-46717873) 
[2022-06-05 17:26:01] [INFO]: 收到群 潘安湖二手物品转卖群(949682820) 内 帅哥1号(2268551581) 的消息: 那两辆车到东站就八点半了 (-1976560423) 
[2022-06-05 17:26:17] [INFO]: 收到群 潘安湖二手物品转卖群(949682820) 内 BBillkin(2889060612) 的消息: 现在驿站还能拿快递吗 (-352871108) 
[2022-06-05 17:26:21] [INFO]: 收到群 潘安湖二手物品转卖群(949682820) 内 帅哥1号(2268551581) 的消息: 2526可以到大吴，然后到大吴的时候就能打车回来了 (-1645171286) 
[2022-06-05 17:28:29] [INFO]: 收到群 潘安湖二手物品转卖群(949682820) 内 MEEK.(3032750852) 的消息: [CQ:reply,id=1638984462][CQ:at,qq=3032750852] 已出 (83491856) 
[2022-06-05 17:29:12] [INFO]: 收到群 潘安湖二手物品转卖群(949682820) 内 柠檬(3196980774) 的消息: [CQ:reply,id=-736193213][CQ:at,qq=3196980774] 已出1，还有俩 (1946078342) 
[2022-06-05 17:31:11] [INFO]: 收到群 潘安湖二手物品转卖群(949682820) 内 Nana.💕(2916499572) 的消息: 找校门口代拿，有偿 (-308651739) 
[2022-06-05 17:37:35] [INFO]: 收到群 潘安湖二手物品转卖群(949682820) 内 1(3259973083) 的消息: 有出洗洁精的嘛 (-1700959821) 
[2022-06-05 17:38:00] [INFO]: 收到群 潘安湖二手物品转卖群(949682820) 内 Nana.💕(2916499572) 的消息: 找f组团附近自行车或小电驴，有偿 (60045321) 
[2022-06-05 17:38:39] [INFO]: 收到群 潘安湖二手物品转卖群(949682820) 内 王者代打 B组团代拿快递(643065771) 的消息: 出瑜伽垫 (1955793055) 
[2022-06-05 17:39:06] [INFO]: 收到群 潘安湖二手物品转卖群(949682820) 内 北冥有鱼(2320694756) 的消息: 剪刀💰2就出[CQ:image,file=8d4c342a8ad030632b4a49039073c3b8.image,subType=0] (-466873074) 
[2022-06-05 17:40:05] [INFO]: 收到群 新蜂生活超市(854452883) 内 露娜(80000000) 的消息: 昨晚有八点之后回来的吗 (1832477807) 
[2022-06-05 17:40:06] [INFO]: 收到群 20Z计科通知群(540450397) 内 辅导员——王群(953060053) 的消息: [CQ:image,file=583423d24c9a1183b704f95296e74bb6.image,subType=0] (-742086350) 
[2022-06-05 17:40:13] [INFO]: 收到群 新蜂生活超市(854452883) 内 露娜(80000000) 的消息: 碍事吗 (440292601) 
[2022-06-05 17:40:56] [INFO]: 收到群 20Z计科通知群(540450397) 内 辅导员——王群(953060053) 的消息: 6月22日前完成离宿手续 (-1530685020) 
[2022-06-05 17:41:25] [INFO]: 收到群 新蜂生活超市(854452883) 内 扁鹊(80000000) 的消息: 不碍事 (2063195420) 
[2022-06-05 17:41:42] [INFO]: 收到群 新蜂生活超市(854452883) 内 扁鹊(80000000) 的消息: 宿舍关门前回来 (234810762) 
[2022-06-05 17:42:54] [INFO]: 收到群 新蜂生活超市(854452883) 内 孙尚香(80000000) 的消息: 第一天 (-1795703760) 
[2022-06-05 17:42:59] [INFO]: 收到群 新蜂生活超市(854452883) 内 孙尚香(80000000) 的消息: 晚上要打卡 (-470774618) 
[2022-06-05 17:43:05] [INFO]: 收到群 新蜂生活超市(854452883) 内 孙尚香(80000000) 的消息: 出门要报备 (2106857733) 
[2022-06-05 17:43:53] [INFO]: 收到群 潘安湖二手物品转卖群(949682820) 内 无敌暴龙战士(1962574847) 的消息: f组团有无打印 (-1825888872) 
[2022-06-05 17:45:27] [INFO]: 收到群 潘安湖二手物品转卖群(949682820) 内 ^O^(1504536771) 的消息: [CQ:image,file=2df19972f1a7b08e97f961b4ee81dcf7.image,subType=0] (-1514796037) 
[2022-06-05 17:51:32] [INFO]: 收到群 潘安湖二手物品转卖群(949682820) 内 🧀(1306251288) 的消息: [CQ:image,file=dc066436213c74298c6c28cf8fc69f8a.image,subType=0] (-760136851) 
[2022-06-05 17:51:33] [INFO]: 收到群 潘安湖二手物品转卖群(949682820) 内 🧀(1306251288) 的消息: 2r (1270377175) 
[2022-06-05 17:52:01] [INFO]: 收到群 潘安湖二手物品转卖群(949682820) 内 啥？代自习选我(1062766048) 的消息: 出收纳箱[CQ:image,file=b0e80a3b53ad977b8309e1033c8b8fe6.image,subType=0] (1019173441) 
[2022-06-05 17:52:13] [INFO]: 收到群 潘安湖二手物品转卖群(949682820) 内 啥？代自习选我(1062766048) 的消息: 出361℃跳绳全新[CQ:image,file=a10f9473db007a714cff1658970244b9.image,subType=0] (-1562652702) 
[2022-06-05 17:52:32] [INFO]: 收到群 潘安湖二手物品转卖群(949682820) 内 啥？代自习选我(1062766048) 的消息: 出洗衣液
买一大桶送一小袋[CQ:image,file=a4a8fd2aeb9ea0802f062708b8102705.image,subType=0] (-706936972) 
[2022-06-05 17:58:24] [INFO]: 收到群 潘安湖二手物品转卖群(949682820) 内 瑟利亚(2687702507) 的消息: 有出口罩的吗 (1289072334) 
[2022-06-05 17:58:58] [INFO]: 收到群 潘安湖二手物品转卖群(949682820) 内 啥？代自习选我(1062766048) 的消息: 有 (1003658840) 
[2022-06-05 17:59:08] [INFO]: 收到群 潘安湖二手物品转卖群(949682820) 内 啥？代自习选我(1062766048) 的消息: 出N95口罩 (-1418886199) 
[2022-06-05 17:59:16] [INFO]: 收到群 潘安湖二手物品转卖群(949682820) 内 啥？代自习选我(1062766048) 的消息: 出宽胶带 (-596987041) 
[2022-06-05 18:02:10] [INFO]: 收到群 潘安湖二手物品转卖群(949682820) 内 云山乱(407997896) 的消息: [CQ:reply,id=-1645171286][CQ:at,qq=2268551581] [CQ:at,qq=2268551581] 谢谢～ (-1129497926) 
[2022-06-05 18:02:54] [INFO]: 收到群 潘安湖二手物品转卖群(949682820) 内 帅哥1号(2268551581) 的消息: [CQ:reply,id=-1129497926][CQ:at,qq=407997896] [CQ:at,qq=407997896] 尽量早点 (-878048724) 
[2022-06-05 18:03:02] [INFO]: 收到群 20软件2班官方群(953152455) 内 徐程 13106357838(2293923761) 的消息: 今日打卡图 (1442701260) 
[2022-06-05 18:03:03] [INFO]: 收到群 20软件2班官方群(953152455) 内 徐程 13106357838(2293923761) 的消息: [CQ:image,file=9029130c95c40ef906abdffb04f7a2c0.image,subType=0] (-879146385) 
[2022-06-05 18:03:06] [INFO]: 收到群 潘安湖二手物品转卖群(949682820) 内 虾饺(1094184054) 的消息: 晚上最迟几点回去 (1386437526) 
[2022-06-05 18:03:09] [INFO]: 收到群 潘安湖二手物品转卖群(949682820) 内 云山乱(407997896) 的消息: 已经错过了hhh (631532288) 
[2022-06-05 18:03:09] [INFO]: 收到群 潘安湖二手物品转卖群(949682820) 内 虾饺(1094184054) 的消息: [CQ:image,file=4a071d930d208548f7264bf08e2eda58.image,subType=7] (-1144979805) 
[2022-06-05 18:03:23] [INFO]: 收到群 潘安湖二手物品转卖群(949682820) 内 帅哥1号(2268551581) 的消息: 8点半吧 (-859320779) 
[2022-06-05 18:03:25] [INFO]: 收到群 潘安湖二手物品转卖群(949682820) 内 帅哥1号(2268551581) 的消息: 尽量早点 (1439604623) 
[2022-06-05 18:03:26] [INFO]: 收到群 潘安湖二手物品转卖群(949682820) 内 帅哥1号(2268551581) 的消息: 要打卡 (583642905) 
[2022-06-05 18:03:54] [INFO]: 收到群 潘安湖二手物品转卖群(949682820) 内 帅哥1号(2268551581) 的消息: [CQ:image,file=305b2f4f4c9562aaceff09206d7ff435.image,subType=0] (-1300843896) 
[2022-06-05 18:04:05] [INFO]: 收到群 潘安湖二手物品转卖群(949682820) 内 出租脱毛仪(1240263712) 的消息: 有无东站回学校6点半   2=2 (-982416866) 
[2022-06-05 18:04:20] [INFO]: 收到群 20软件1班官方群(927974093) 内 学习委员 吴玉涵(2915786685) 的消息: 人机交互大作业命名：
文件夹：班级+学号后两位+姓名
word:学号后两位+姓名
源文件:学号后两位+姓名 (-889110631) 
[2022-06-05 18:04:23] [INFO]: 收到群 潘安湖二手物品转卖群(949682820) 内 虾饺(1094184054) 的消息: 懂了九点半回来 (-1753192071) 
[2022-06-05 18:04:24] [INFO]: 收到群 潘安湖二手物品转卖群(949682820) 内 虾饺(1094184054) 的消息: [CQ:image,file=4a071d930d208548f7264bf08e2eda58.image,subType=7] (-528000529) 
[2022-06-05 18:04:28] [INFO]: 收到群 20软件1班官方群(927974093) 内 学习委员 吴玉涵(2915786685) 的消息: 1.纸质的6.6号晚18:00之前宿舍长收齐 女生交给我 男生交给吴思鹏
2.电子文件6.7晚18:00之前宿舍长收齐发给我@全体成员  (1432726074) 
[2022-06-05 18:06:10] [INFO]: 收到群 潘安湖二手物品转卖群(949682820) 内 我是学渣(2507228315) 的消息: 约拍吗约拍吗姐妹们 (2039351381) 
[2022-06-05 18:06:11] [INFO]: 收到群 潘安湖二手物品转卖群(949682820) 内 我是学渣(2507228315) 的消息: [CQ:image,file=2fc2c7bff8d992e81e2213dd6c33c2f5.image,subType=0] (243873987) 
[2022-06-05 18:06:28] [INFO]: 收到群 潘安湖二手物品转卖群(949682820) 内 我是学渣(2507228315) 的消息: 单人照100嘎嘎拍 (-1863471776) 
[2022-06-05 18:08:42] [INFO]: 收到群 潘安湖二手物品转卖群(949682820) 内 Nana.💕(2916499572) 的消息: 找校门口代拿一个袋子，有偿 (-404054538) 
[2022-06-05 18:10:17] [INFO]: 收到群 潘安湖二手物品转卖群(949682820) 内 NINE(2317209659) 的消息: 有代买绝味的嘛 (2128858188) 
[2022-06-05 18:11:31] [INFO]: 收到群 潘安湖二手物品转卖群(949682820) 内 出租脱毛仪(1240263712) 的消息: [CQ:reply,id=-982416866][CQ:at,qq=1240263712] 已拼到 (166001882) 
[2022-06-05 18:11:39] [INFO]: 收到群 潘安湖二手物品转卖群(949682820) 内 水水(892625809) 的消息: 出床帘 两片遮光帘+两片莎+顶+双轨道支架 14号可取 70r  [CQ:image,file=3a9db804529871c899d110887cc2a215.image,subType=0] (-1722031797) 
[2022-06-05 18:12:08] [INFO]: 收到群 潘安湖二手物品转卖群(949682820) 内 WovH(2267517158) 的消息: 收，顶大麻酱面皮/睁眼/睁眼 (-295906851) 
[2022-06-05 18:20:14] [INFO]: 收到群 潘安湖二手物品转卖群(949682820) 内 出经济学专业书(1438624164) 的消息: 找C组团附近打印 (-1902421960) 
[2022-06-05 18:20:44] [INFO]: 收到群 潘安湖二手物品转卖群(949682820) 内 F1组团(2857637100) 的消息: 出永和豆浆无蔗糖五小包散装 7块[CQ:image,file=26711fec558a7882e146403969acdaeb.image,subType=0] (-107190098) 
[2022-06-05 18:21:28] [INFO]: 收到群 潘安湖二手物品转卖群(949682820) 内 勃垦第红(1719803636) 的消息: 有无出消炎药的/元宝 (1620392212) 
[2022-06-05 18:21:39] [INFO]: 收到群 新蜂生活超市(854452883) 内 白起(80000000) 的消息: 家人们早上六点能打到车吗/仔细分析/仔细分析 (177416595) 
[2022-06-05 18:21:58] [INFO]: 收到群 新蜂生活超市(854452883) 内 荆轲(80000000) 的消息: 超市里面一盒6个鸡蛋多少钱啊 忘记价格了[CQ:at,qq=105070597]  (-1818593239) 
[2022-06-05 18:23:51] [INFO]: 收到群 潘安湖二手物品转卖群(949682820) 内 F1组团(2857637100) 的消息: 出这个跳绳 8块 [CQ:image,file=43cd186f971b1a6c9822ddaa8403cc15.image,subType=0] (395446658) 
[2022-06-05 18:23:56] [INFO]: 收到群 潘安湖二手物品转卖群(949682820) 内 巧克力花生酱(3377899980) 的消息: 市区或万达代买小汪有吗 (-1980326879) 
[2022-06-05 18:24:34] [INFO]: 收到群 20软件1班官方群(927974093) 内 学习委员 吴玉涵(2915786685) 的消息: 文件夹里放word➕源文件 
⚠️注意一下：宿舍长收作业不要发压缩包（四个人也就是四个文件夹发给我就好） (576887468) 
[2022-06-05 18:24:37] [INFO]: 收到群 20软件1班官方群(927974093) 内 学习委员 吴玉涵(2915786685) 的消息: [CQ:at,qq=all]  (-1150563562) 
[2022-06-05 18:27:03] [INFO]: 收到群 20软件1班官方群(927974093) 内 学习委员 吴玉涵(2915786685) 的消息: 交给我之后尽量不要出错 然后反复修改 提高效率 刻盘之后就无法修改了 所以按照要求检查好再发给我[CQ:face,id=63][CQ:face,id=63][CQ:face,id=63][CQ:at,qq=all]  (-865272960) 
[2022-06-05 18:27:20] [INFO]: 收到群 新蜂生活超市(854452883) 内 高渐离(80000000) 的消息: 门卫不管几点回去吧 (-459454273) 
[2022-06-05 18:30:31] [INFO]: 群 潘安湖二手物品转卖群(949682820) 的 c组自取(907851280) 更新了名片  -> c组自取 
[2022-06-05 18:30:31] [INFO]: 收到群 潘安湖二手物品转卖群(949682820) 内 桔涂🐾(907851280) 的消息: 刚刚到的小汪糕点提拉米苏半块（刀切的）8r[CQ:image,file=4e9137cae5fbf6f6048b731bf669257d.image,subType=0][CQ:image,file=dead06d00822a21b1efd3707c2a1ec51.image,subType=0] (-17716041) 
[2022-06-05 18:33:45] [INFO]: 收到群 潘安湖二手物品转卖群(949682820) 内 F1组团(2857637100) 的消息: 出全新洗脸发箍1💰[CQ:image,file=9cd846c8007aac297bc2bd5c2989ad56.image,subType=0] (1744370957) 
[2022-06-05 18:34:29] [INFO]: 收到群 潘安湖二手物品转卖群(949682820) 内 F1组团(2857637100) 的消息: 出美妆蛋全新1💰[CQ:image,file=7d0d9651cfb77484454f31cd72e3062a.image,subType=0] (285199771) 
[2022-06-05 18:35:22] [INFO]: 收到群 潘安湖二手物品转卖群(949682820) 内 软软(534083587) 的消息: 有没有代写笔记的 带价私我 (-2143236086) 
[2022-06-05 18:37:08] [INFO]: 收到群 潘安湖二手物品转卖群(949682820) 内 A可代写社会实践(1013590096) 的消息: 找个彩印 (-146284388) 
[2022-06-05 18:39:07] [INFO]: 收到群 潘安湖二手物品转卖群(949682820) 内 软软(534083587) 的消息: [CQ:reply,id=-2143236086][CQ:at,qq=534083587] 已找到 (151209207) 
[2022-06-05 18:43:31] [INFO]: 收到群 潘安湖二手物品转卖群(949682820) 内 接校园约拍接拍毕业照空间有照片(1203187883) 的消息: 日常刷存在感冒泡 (2114221153) 
[2022-06-05 18:47:32] [INFO]: 成员 鸭绿江(252210788) 离开了群 潘安湖二手物品转卖群(949682820). 
[2022-06-05 18:50:30] [INFO]: 新成员 少管我(377757352) 进入了群 新蜂生活超市(854452883). 
[2022-06-05 18:52:22] [INFO]: 成员 小烤鱼今天又要(252210788) 离开了群 新蜂生活超市(854452883). 
[2022-06-05 18:52:58] [INFO]: 收到群 潘安湖二手物品转卖群(949682820) 内 代拿代买代写代课（期末闭关不接单）(3176627878) 的消息: 20r，全新，随缘出[CQ:image,file=3bc1cbc2de8021231fbfbcfb3a8550cb.image,subType=0] (-418568741) 
[2022-06-05 18:53:01] [INFO]: 收到群 潘安湖二手物品转卖群(949682820) 内 代拿代买代写代课（期末闭关不接单）(3176627878) 的消息: s码 (-1878387379) 
[2022-06-05 18:53:07] [INFO]: 收到群 潘安湖二手物品转卖群(949682820) 内 安稳(804565591) 的消息: [CQ:image,file=4cd656356bc98d52b987d314ba3bd5ff.image,subType=1] (242122990) 
[2022-06-05 18:54:26] [INFO]: 收到群 潘安湖二手物品转卖群(949682820) 内 经验丰富 滴滴挨打(1010494162) 的消息: 有人接打印吗？！急需 (2036969592) 
[2022-06-05 18:58:52] [INFO]: 收到群 潘安湖二手物品转卖群(949682820) 内 b组团(2465397940) 的消息: 有人接打印吗？！不急但需 (-530521662) 
[2022-06-05 19:00:02] [INFO]: 收到群 20软件2班官方群(953152455) 内 张彦伟195 5163 5017(1458335158) 的消息: /作业 (-1130464519) 
[2022-06-05 19:00:09] [INFO]: 收到群 20软件2班官方群(953152455) 内 张彦伟195 5163 5017(1458335158) 的消息: 算法实验5尽快 (1385176021) 
[2022-06-05 19:03:29] [INFO]: 收到群 潘安湖二手物品转卖群(949682820) 内 Gavin(2127512736) 的消息: 蹲一个大吴代购 (-1754803884) 
[2022-06-05 19:03:32] [INFO]: 收到群 潘安湖二手物品转卖群(949682820) 内 Gavin(2127512736) 的消息: 😭 (131648709) 
[2022-06-05 19:04:37] [INFO]: 收到群 新蜂生活超市(854452883) 内 娜可露露(80000000) 的消息: 请问自习室几点关门啊 (1948407086) 
[2022-06-05 19:08:51] [INFO]: 收到群 21软件3班通知群(684039593) 内 陆泊名13779682901(2193822136) 的消息: [CQ:image,file=7e85a53e50ab46af18f637783d845d70.image,subType=0] (-379681154) 
[2022-06-05 19:08:52] [INFO]: 收到群 新蜂生活超市(854452883) 内 花晨月夕(3176627878) 的消息: 10点吧 (52782520) 
[2022-06-05 19:08:57] [INFO]: 收到群 新蜂生活超市(854452883) 内 小鸭子嘴硬(1124740374) 的消息: [CQ:image,file=5060d1e302d8b9fc60186521a597be34.image,subType=1] (-43925037) 
[2022-06-05 19:09:00] [INFO]: 收到群 21软件3班通知群(684039593) 内 陆泊名13779682901(2193822136) 的消息: 今日打卡图[CQ:at,qq=all]  (1082322852) 
[2022-06-05 19:09:19] [INFO]: 收到群 新蜂生活超市(854452883) 内 花晨月夕(3176627878) 的消息: 上学期是10点 (-1972965051) 
[2022-06-05 19:09:43] [INFO]: 收到群 新蜂生活超市(854452883) 内 花晨月夕(3176627878) 的消息: 我记得当时我9点55走的，还没关门 (326082815) 
[2022-06-05 19:10:22] [INFO]: 收到群 新蜂生活超市(854452883) 内 程咬金(80000000) 的消息: 九之前回来可以吗 (1684574313) 
[2022-06-05 19:10:32] [INFO]: 收到群 新蜂生活超市(854452883) 内 程咬金(80000000) 的消息: 九点之前回来可以吗 (-99875382) 
[2022-06-05 19:10:40] [INFO]: 收到群 21软件3班通知群(684039593) 内 缪昊扬18921105866(1318016546) 的消息: &#91;&#91;QQ小程序&#93;腾讯文档&#93;请使用最新版本手机QQ查看[CQ:json,data={"app":"com.tencent.miniapp_01"&#44;"view":"view_8C8E89B49BE609866298ADDFF2DBABA4"&#44;"ver":"1.0.0.19"&#44;"prompt":"&#91;QQ小程序&#93;腾讯文档"&#44;"meta":{"detail_1":{"appid":"1108338344"&#44;"appType":0&#44;"title":"腾讯文档"&#44;"desc":"21软件3进出校情况统计（0605）"&#44;"icon":"https:\/\/miniapp.gtimg.cn\/public\/appicon\/67aa530e755cff32f162f5c974d478ac_200.jpg"&#44;"preview":"https:\/\/docs.gtimg.com\/docs-design-resources\/mobile\/png@2x\/file_sheet_500@2x-bd3b45525b.png"&#44;"url":"m.q.qq.com\/a\/s\/627dd62590bb872381ebb16b2c1586b3"&#44;"scene":0&#44;"host":{"uin":1318016546&#44;"nick":"ω"}&#44;"shareTemplateId":"8C8E89B49BE609866298ADDFF2DBABA4"&#44;"shareTemplateData":{}&#44;"qqdocurl":"https:\/\/docs.qq.com\/sheet\/DTmZodGFlamZ6akFX"&#44;"showLittleTail":""&#44;"gamePoints":""&#44;"gamePointsUrl":""}}&#44;"config":{"type":"normal"&#44;"width":0&#44;"height":0&#44;"forward":0&#44;"autoSize":0&#44;"ctime":1654427434&#44;"token":"2a53c7bcce193bc5ada86de3fbd277f4"}}] (931520306) 
[2022-06-05 19:11:14] [INFO]: 收到群 21软件3班通知群(684039593) 内 缪昊扬18921105866(1318016546) 的消息: 请今天出校门的同学填写一下表格[CQ:face,id=63][CQ:face,id=63][CQ:face,id=63][CQ:at,qq=all]  (-1366520184) 
[2022-06-05 19:11:29] [INFO]: 收到群 新蜂生活超市(854452883) 内 花晨月夕(3176627878) 的消息: 可以啊 (-1928645284) 
[2022-06-05 19:11:42] [INFO]: 收到群 新蜂生活超市(854452883) 内 花晨月夕(3176627878) 的消息: 自习室不就是空教室吗 (335701222) 
[2022-06-05 19:11:53] [INFO]: 收到群 新蜂生活超市(854452883) 内 花晨月夕(3176627878) 的消息: 图书馆是8点20关门 (1661293680) 
[2022-06-05 19:12:06] [INFO]: 收到群 新蜂生活超市(854452883) 内 程咬金(80000000) 的消息: 但是辅导员发的信息是8点之前要回来 (-205895199) 
[2022-06-05 19:12:08] [INFO]: 收到群 新蜂生活超市(854452883) 内 程咬金(80000000) 的消息: [CQ:face,id=5][CQ:face,id=5] (-2067957385) 
[2022-06-05 19:12:16] [INFO]: 收到群 新蜂生活超市(854452883) 内 花晨月夕(3176627878) 的消息: 啊嘞 (-461705070) 
[2022-06-05 19:12:26] [INFO]: 收到群 新蜂生活超市(854452883) 内 花晨月夕(3176627878) 的消息: 我都是9点回去的 (-1820475388) 
[2022-06-05 19:12:34] [INFO]: 收到群 新蜂生活超市(854452883) 内 花晨月夕(3176627878) 的消息: 9点多宿舍打卡 (175411646) 
[2022-06-05 19:12:37] [INFO]: 收到群 新蜂生活超市(854452883) 内 花晨月夕(3176627878) 的消息: [CQ:image,file=1fdba96bb5cabf911819357f2b19e3be.image,subType=1] (2104729896) 
[2022-06-05 19:13:44] [INFO]: 收到群 潘安湖二手物品转卖群(949682820) 内 1212(1610640682) 的消息: e组团有美甲照的灯吗？有偿借 (1893727315) 
[2022-06-05 19:14:15] [INFO]: 收到群 21软件3班通知群(684039593) 内 缪昊扬18921105866(1318016546) 的消息: 大家注意 (-645153250) 
[2022-06-05 19:14:25] [INFO]: 收到群 21软件3班通知群(684039593) 内 缪昊扬18921105866(1318016546) 的消息: 回校时间最迟不可超过八点半噢 (1206856637) 
[2022-06-05 19:15:08] [INFO]: 收到群 21软件3班通知群(684039593) 内 缪昊扬18921105866(1318016546) 的消息: 回校时间最迟不可超过八点噢 (820517675) 
[2022-06-05 19:16:03] [INFO]: 收到群 21软件3班通知群(684039593) 内 缪昊扬18921105866(1318016546) 的消息: [CQ:image,file=a74d187a5cac215b38505eabaa0f5199.image,subType=0] (-1444853103) 
[2022-06-05 19:16:24] [INFO]: 收到群 新蜂生活超市(854452883) 内 新蜂生活超市(105070597) 的消息: [CQ:reply,id=-1818593239]6 (-485018485) 
[2022-06-05 19:19:46] [INFO]: 收到群 21数据官方群(673433432) 内 班主任-周俊(1027418356) 的消息: 同学们 注意时间 该回学校了[CQ:at,qq=all]  (-467473460) 
[2022-06-05 19:25:11] [INFO]: 收到群 潘安湖二手物品转卖群(949682820) 内 百变小莹ฅ(529091794) 的消息: 出兰蔻小样 粉底 小黑瓶精华和眼霜 2024年过期 一个4r[CQ:image,file=04788a40f043027ea15a9b847c48c6d1.image,subType=0][CQ:image,file=7bd8633216281ec899962fd4bd79ddb7.image,subType=0][CQ:image,file=e9f0787e9c3af04b590c95a2b1ea08f0.image,subType=0] (270038454) 
[2022-06-05 19:27:14] [INFO]: 收到群 潘安湖二手物品转卖群(949682820) 内 AA美甲(1678788400) 的消息: 收计算器 (1730102560) 
[2022-06-05 19:27:48] [INFO]: 收到群 潘安湖二手物品转卖群(949682820) 内 王者代打 B组团代拿快递(643065771) 的消息: 出瑜伽垫 八成新 (-32107366) 
[2022-06-05 19:28:32] [INFO]: 收到群 新蜂生活超市(854452883) 内 娜可露露(80000000) 的消息: 好的谢了 (-1810889699) 
[2022-06-05 19:28:43] [INFO]: 收到群 20软件1班官方群(927974093) 内 团支书卜雨欣(1328387724) 的消息: @全体成员 22李佳艳 邀请您参加腾讯会议
会议主题：劳动素养公开课
会议时间：2022/06/05 19:30-20:00 (GMT+08:00) 中国标准时间 - 北京

点击链接入会，或添加至会议列表：
https://meeting.tencent.com/dm/9Ba1GgbCVgBJ

#腾讯会议：598-681-440

复制该信息，打开手机腾讯会议即可参与 (1557390865) 
[2022-06-05 19:28:50] [INFO]: 收到群 20软件1班官方群(927974093) 内 团支书卜雨欣(1328387724) 的消息: [CQ:at,qq=all] 请入会 (735368839) 
[2022-06-05 19:32:05] [INFO]: 收到群 20软件1班官方群(927974093) 内 团支书卜雨欣(1328387724) 的消息: [CQ:at,qq=all] 抓紧/汪汪 (-711953684) 
[2022-06-05 19:32:11] [INFO]: 收到群 20软件1班官方群(927974093) 内 团支书卜雨欣(1328387724) 的消息: 最后三分钟 (-1567145350) 
[2022-06-05 19:40:22] [INFO]: 收到群 潘安湖二手物品转卖群(949682820) 内 B组团(951659601) 的消息: 泸溪河奥利奥松松小贝，八块钱出[CQ:image,file=068a526675c6f766ea4e2418a2e5d059.image,subType=0] (-1995365364) 
[2022-06-05 19:43:42] [INFO]: 收到群 潘安湖二手物品转卖群(949682820) 内 螺蛳粉真的很香(1421470064) 的消息: 出旁氏洗面奶，全新，25r/瓶[CQ:image,file=c7d50828e30ee9c9f9c21f83aacf895f.image][CQ:image,file=ac9285c1cfd7385aae2a40d62bf82c5f.image] (393589167) 
[2022-06-05 19:44:04] [INFO]: 收到群 潘安湖二手物品转卖群(949682820) 内 A组团甩卖(874212339) 的消息: [CQ:image,file=c228eda7696abfd359e17bce7c9f8f62.image,subType=0] (1618116921) 
[2022-06-05 19:44:05] [INFO]: 收到群 潘安湖二手物品转卖群(949682820) 内 A组团甩卖(874212339) 的消息: [CQ:image,file=2fcf9a95d370338b3020ebce6b005a4e.image,subType=0] (-109326205) 
[2022-06-05 19:44:05] [INFO]: 收到群 潘安湖二手物品转卖群(949682820) 内 A组团甩卖(874212339) 的消息: [CQ:image,file=c23bab9a9f31d9f11765a92498cd5c6b.image,subType=0] (-1904418795) 
[2022-06-05 19:45:10] [INFO]: 收到群 新蜂生活超市(854452883) 内 荆轲(80000000) 的消息: [CQ:reply,id=-485018485][CQ:at,qq=105070597] [CQ:at,qq=105070597] 谢谢 (219764135) 
[2022-06-05 19:45:25] [INFO]: 收到群 潘安湖二手物品转卖群(949682820) 内 B组团(951659601) 的消息: [CQ:reply,id=-1995365364][CQ:at,qq=951659601] 无 (516160900) 
[2022-06-05 19:47:14] [INFO]: 收到群 潘安湖二手物品转卖群(949682820) 内 c组团(1379458536) 的消息: 出仅试穿80[CQ:image,file=bae0b59d1b483316e37b7392190e3310.image,subType=0] (1774505234) 
[2022-06-05 19:47:52] [INFO]: 收到群 潘安湖二手物品转卖群(949682820) 内 F1组团(2857637100) 的消息: 出美妆蛋全新1💰[CQ:image,file=7d0d9651cfb77484454f31cd72e3062a.image,subType=0] (-1013157722) 
[2022-06-05 19:47:53] [INFO]: 收到群 潘安湖二手物品转卖群(949682820) 内 F1组团(2857637100) 的消息: 出全新洗脸发箍1💰[CQ:image,file=9cd846c8007aac297bc2bd5c2989ad56.image,subType=0] (-1264893904) 
[2022-06-05 19:50:19] [INFO]: 收到群 21软件2班(626284843) 内 陈慧(3166230258) 的消息: 【腾讯文档】科文学院学生每日进出校情况统计表
https://docs.qq.com/sheet/DU3lvR0ZKeUJKVmR2 (1515360883) 
[2022-06-05 19:50:32] [INFO]: 收到群 21软件2班(626284843) 内 陈慧(3166230258) 的消息: [CQ:at,qq=all] 按照学院要求，外出学生需纳入次日核酸检测，每日如有外出同学请于21:00前填写在线文档。[CQ:face,id=63] (760586981) 
[2022-06-05 19:51:26] [INFO]: 收到群 潘安湖二手物品转卖群(949682820) 内 筱二不爱挂科(3084001365) 的消息: [CQ:image,file=55dc6a0e39881ed2bf5347acf4bf25b4.image,subType=0] (764547466) 
[2022-06-05 19:53:11] [INFO]: 收到群 潘安湖二手物品转卖群(949682820) 内 A可代写社会实践(1013590096) 的消息: 很好全要了 (1519722780) 
[2022-06-05 19:56:41] [INFO]: 新成员 早安派大星(3259809723) 进入了群 潘安湖二手物品转卖群(949682820). 
[2022-06-05 20:06:20] [INFO]: 收到群 潘安湖二手物品转卖群(949682820) 内 初衷(523076939) 的消息: 有没有出白芸豆的 (-990792513) 
[2022-06-05 20:08:34] [INFO]: 收到群 20软件2班官方群(953152455) 内 张彦伟195 5163 5017(1458335158) 的消息: 人机交互文件夹命名十位学号和姓名，里面的word和rp无所谓[CQ:at,qq=all] (-1037105596) 
[2022-06-05 20:12:44] [INFO]: 收到群 潘安湖二手物品转卖群(949682820) 内 Aurora.(3419109320) 的消息: 出藕粉15r[CQ:image,file=7fec08a3de54717f9c3d0cf3267e4974.image,subType=0] (-1275689943) 
[2022-06-05 20:16:37] [INFO]: 收到群 潘安湖二手物品转卖群(949682820) 内 %%%(2104497511) 的消息: c组团有无出辣条 (721409427) 
[2022-06-05 20:16:58] [INFO]: 收到群 潘安湖二手物品转卖群(949682820) 内 筱二不爱挂科(3084001365) 的消息: [CQ:reply,id=764547466][CQ:at,qq=3084001365] 没了，有人all in了，没了没了不用私了 (1576592645) 
[2022-06-05 20:18:29] [INFO]: 收到群 潘安湖二手物品转卖群(949682820) 内 c(2714887859) 的消息: 出烤面筋大吴刚买的吃不下了[CQ:image,file=e270617338255ea0c2897fc59ceac3b9.image,subType=0] (-850921324) 
[2022-06-05 20:19:04] [INFO]: 收到群 潘安湖二手物品转卖群(949682820) 内 whisper(2316929373) 的消息: [CQ:image,file=1e227a6d6fc6990d19ffc52e3bc8cbfb.image,subType=0] (-1170159614) 
[2022-06-05 20:20:27] [INFO]: 收到群 潘安湖二手物品转卖群(949682820) 内 a组团出闲置(1258472673) 的消息: [CQ:image,file=d78b7f70301893232f62e525f6e5e37a.image,subType=0] (-628669977) 
[2022-06-05 20:20:28] [INFO]: 收到群 潘安湖二手物品转卖群(949682820) 内 a组团出闲置(1258472673) 的消息: [CQ:image,file=ef83ed9ea4f1a1e78516ce2fccb25b1c.image,subType=0] (-1384091279) 
[2022-06-05 20:20:28] [INFO]: 收到群 潘安湖二手物品转卖群(949682820) 内 a组团出闲置(1258472673) 的消息: [CQ:image,file=432a86e8a7320978ecd892db1d231e05.image,subType=0] (881402059) 
[2022-06-05 20:20:29] [INFO]: 收到群 潘安湖二手物品转卖群(949682820) 内 a组团出闲置(1258472673) 的消息: [CQ:image,file=caa91c0d88fc9c80a37839d0172a2a01.image,subType=0] (1133383773) 
[2022-06-05 20:20:29] [INFO]: 收到群 潘安湖二手物品转卖群(949682820) 内 a组团出闲置(1258472673) 的消息: [CQ:image,file=91a4c37d0637663e367273ad49680a97.image,subType=0] (-571832834) 
[2022-06-05 20:20:30] [INFO]: 收到群 潘安湖二手物品转卖群(949682820) 内 a组团出闲置(1258472673) 的消息: [CQ:image,file=2200c67325f99459fd1302660c78a4e4.image,subType=0] (-1427262104) 
[2022-06-05 20:34:26] [INFO]: 收到群 21软件3班通知群(684039593) 内 夏康宁15150083010(373505118) 的消息: 现在还有谁没到学校 (-555320825) 
[2022-06-05 20:48:55] [INFO]: 收到群 潘安湖二手物品转卖群(949682820) 内 百变小莹ฅ(529091794) 的消息: 胸针蝴蝶结 2r [CQ:image,file=768c4e8fb49f863b8366b73832dccc73.image] (870638802) 
[2022-06-05 20:48:55] [INFO]: 收到群 潘安湖二手物品转卖群(949682820) 内 百变小莹ฅ(529091794) 的消息: 手链一个3r两个5r[CQ:image,file=147cf85e2acb2fd24aa78a473d22f8e2.image] (1155781700) 
[2022-06-05 20:52:55] [INFO]: 收到群 潘安湖二手物品转卖群(949682820) 内 百变小莹ฅ(529091794) 的消息: 3r[CQ:image,file=b911cbcfa4ee70954b94f573e041ff32.image,subType=0] (-732116523) 
[2022-06-05 20:56:19] [INFO]: 收到群 潘安湖二手物品转卖群(949682820) 内 百变小莹ฅ(529091794) 的消息: 5r两个[CQ:image,file=5ef72a12d77d94e429f63098dee2ec15.image,subType=0] (-1554253501) 
[2022-06-05 20:56:26] [INFO]: 收到群 潘安湖二手物品转卖群(949682820) 内 百变小莹ฅ(529091794) 的消息: 巧克力色，光线问题有点显黄 (-240512476) 
[2022-06-05 20:59:53] [INFO]: 收到群 潘安湖二手物品转卖群(949682820) 内 百变小莹ฅ(529091794) 的消息: 野格倒酒器 5r[CQ:image,file=b34c60abf874de2082e17b77c2bd1199.image] (-2035473742) 
[2022-06-05 21:02:08] [INFO]: 收到群 21软件3班通知群(684039593) 内 陈继若15670470371(924617592) 的消息: 还没有赶到学校的，一定要抓紧时间注意安全啊/拍桌[CQ:at,qq=3254685996] [CQ:at,qq=2940408263] [CQ:at,qq=935478621] [CQ:at,qq=1696203877] [CQ:at,qq=3092263541]  (1314482070) 
[2022-06-05 21:02:37] [INFO]: 收到群 21软件3班通知群(684039593) 内 石佳琪_18852176707(2940408263) 的消息: 收到 加急自驾中 (962483968) 
[2022-06-05 21:03:03] [INFO]: 收到群 潘安湖二手物品转卖群(949682820) 内 a组团出闲置(1258472673) 的消息: [CQ:reply,id=-1427262104][CQ:at,qq=1258472673] 网线 暖杯垫 衣服挂架已出 (530871048) 
[2022-06-05 21:15:16] [INFO]: 收到群 潘安湖二手物品转卖群(949682820) 内 软软(534083587) 的消息: g组团有没有打印 能把ppt转成word打印的 (1755530142) 
[2022-06-05 21:16:11] [INFO]: 收到群 潘安湖二手物品转卖群(949682820) 内 帅哥1号(2268551581) 的消息: 你直接网上找个软件 (-154675651) 
[2022-06-05 21:16:14] [INFO]: 收到群 潘安湖二手物品转卖群(949682820) 内 帅哥1号(2268551581) 的消息: 有免费的 (-2118064469) 
[2022-06-05 21:16:17] [INFO]: 收到群 潘安湖二手物品转卖群(949682820) 内 帅哥1号(2268551581) 的消息: 能转 (415872785) 
[2022-06-05 21:16:39] [INFO]: 收到群 潘安湖二手物品转卖群(949682820) 内 软软(534083587) 的消息: 我意思找能打印的帮我转了打出来 (1875806087) 
[2022-06-05 21:26:56] [INFO]: 收到群 潘安湖二手物品转卖群(949682820) 内 Big正(1446982638) 的消息: 40，给送到楼底 (-9332202) 
[2022-06-05 21:26:56] [INFO]: 收到群 潘安湖二手物品转卖群(949682820) 内 Big正(1446982638) 的消息: 要毕业了，带不走了 (-2005489024) 
[2022-06-05 21:26:57] [INFO]: 收到群 潘安湖二手物品转卖群(949682820) 内 Big正(1446982638) 的消息: [CQ:image,file=3827495347718134e184b1c6b404e66c.image,subType=0] (-391044251) 
[2022-06-05 21:27:57] [INFO]: 收到群 19级财管1班(563557034) 内 张琦英，15366791579(1095419058) 的消息: [CQ:image,file=301198977f28938fba335e20720d60aa.image,subType=0] (-678156134) 
[2022-06-05 21:28:10] [INFO]: 收到群 19级财管1班(563557034) 内 张琦英，15366791579(1095419058) 的消息: 跟同学们说明一下，随堂案例里面，这个B材料是属于输入错误，同学们还是按照A材料进行解答 (-1600972788) 
[2022-06-05 21:28:11] [INFO]: 收到群 潘安湖二手物品转卖群(949682820) 内 初衷(523076939) 的消息: 免费送，c自提[CQ:image,file=ad0d67c0e841b75c200a0697e120c542.image,subType=0] (-1615457293) 
[2022-06-05 21:36:10] [INFO]: 收到群 19级财管1班(563557034) 内 张琦英，15366791579(1095419058) 的消息: 以上审计学 (808191389) 
[2022-06-05 21:37:20] [INFO]: 收到群 商学院2020物管(893610602) 内 班长-代永倩(1119177312) 的消息: 明天各班级地点:
教五楼与实验楼连廊
（入口:教五楼南侧）
时间：12：00～12：30[CQ:at,qq=all]  (74826156) 
[2022-06-05 21:37:38] [INFO]: 收到群 商学院2020物管(893610602) 内 班长-代永倩(1119177312) 的消息: [CQ:image,file=763a8ab310a4d7f031fbec6c5786d153.image,subType=0] (1936912698) 
[2022-06-05 21:42:53] [INFO]: 收到群 潘安湖二手物品转卖群(949682820) 内 宅舞废柴代表(1739655005) 的消息: 欧莱雅葡萄籽膜力水65ml/35r+膜力霜25ml/30r[CQ:image,file=694bfe8e612778073923c0a4a16f90fd.image] (113197641) 
[2022-06-05 21:49:48] [INFO]: 收到群 潘安湖二手物品转卖群(949682820) 内 ·(1002130514) 的消息: abcd有打印的吗 (1907913439) 
[2022-06-05 21:51:42] [INFO]: 收到群 潘安湖二手物品转卖群(949682820) 内 Britney..(1903234798) 的消息: 收修正带 (-270735492) 
[2022-06-05 21:55:21] [INFO]: 收到群 21数据官方群(673433432) 内 班主任-周俊(1027418356) 的消息: [CQ:at,qq=1750912354] [CQ:at,qq=50830046]  照片 (2100017782) 
[2022-06-05 22:05:34] [INFO]: 收到群 商学院2020物管(893610602) 内 谢月玲(1911791378) 的消息: 收到 (-360996736) 
[2022-06-05 22:09:23] [INFO]: 收到群 潘安湖二手物品转卖群(949682820) 内 我是学渣(2507228315) 的消息: 出泡面1块钱一包 (-1730422806) 
[2022-06-05 22:10:21] [INFO]: 收到群 18软件2班在线群(780548179) 内 吴恒(2732160776) 的消息: [CQ:image,file=0d6a29c247ca1020c256a3bbdf1cfc9d.image,subType=0][CQ:at,qq=all] 大家看一下这是目前我收到的电子发票，若缺少统计，请私聊我，若还有没发的，可以近两天发给我，各位注意时间节点[CQ:face,id=63] (-264862981) 
[2022-06-05 22:10:50] [INFO]: 收到群 18软件2班在线群(780548179) 内 邵一韬(2730281557) 的消息: [CQ:at,qq=2732160776] 我还没发呢 (-2026786195) 
[2022-06-05 22:12:15] [INFO]: 收到群 18软件2班在线群(780548179) 内 吴恒(2732160776) 的消息: 嗯呢 你记得发就行了 (507044823) 
[2022-06-05 22:12:35] [INFO]: 收到群 18软件2班在线群(780548179) 内 吴恒(2732160776) 的消息: 这次统计上 就不用上高速找人家了！ (1765790529) 
[2022-06-05 22:16:35] [INFO]: 收到群 潘安湖二手物品转卖群(949682820) 内 a组团出闲置(1258472673) 的消息: [CQ:reply,id=-1384091279][CQ:at,qq=1258472673] 已出 (30574160) 
[2022-06-05 22:16:50] [INFO]: 收到群 18软件2班在线群(780548179) 内 邵一韬(2730281557) 的消息: 没事  这次没喝酒 (-145013022) 
[2022-06-05 22:17:30] [INFO]: 收到群 18软件2班在线群(780548179) 内 邵一韬(2730281557) 的消息: 没什么事儿就去看梦华录吧 (-2141424012) 
[2022-06-05 22:17:53] [INFO]: 收到群 潘安湖二手物品转卖群(949682820) 内 我是学渣(2507228315) 的消息: 泡面已出完 (1993717446) 
[2022-06-05 22:18:03] [INFO]: 收到群 20软件2班官方群(953152455) 内 张彦伟195 5163 5017(1458335158) 的消息: /作业 (-1255655726) 
[2022-06-05 22:24:23] [INFO]: 收到群 潘安湖二手物品转卖群(949682820) 内 🍃(3012472960) 的消息: 收书[CQ:image,file=0f002271f0e66c95828d9170372ec3fe.image,subType=0] (-429216937) 
[2022-06-05 22:29:14] [INFO]: 收到群 20智能科学与技术(1014806242) 内 数电-张静宇老师(732257229) 的消息: 今天出校门的，明天记得去查核酸 (1967795107) 
[2022-06-05 22:29:46] [INFO]: 收到群 潘安湖二手物品转卖群(949682820) 内 接代写代拿快递带饭(1294131543) 的消息: [CQ:image,file=aa66d7892bcaee1434199b4d385a1ba0.image,subType=0] (-1855087679) 
[2022-06-05 22:29:47] [INFO]: 收到群 潘安湖二手物品转卖群(949682820) 内 接代写代拿快递带饭(1294131543) 的消息: 出全新百褶裙m码45可刀 (-1477397086) 
[2022-06-05 22:35:28] [INFO]: 收到群 潘安湖二手物品转卖群(949682820) 内 无事夏迎春(1603706718) 的消息: G2组团有没有人明天上午有偿出租外国文学史下册啊[CQ:image,file=a7eec67d4d608e59820ffcfbdfa92a4f.image,subType=0] (-789084876) 
[2022-06-05 22:39:54] [INFO]: 收到群 潘安湖二手物品转卖群(949682820) 内 f(1227379498) 的消息: 收全新牙膏牙刷 带图代价来 (1241437326) 
[2022-06-05 22:47:28] [INFO]: 收到群 潘安湖二手物品转卖群(949682820) 内 活(920418132) 的消息: A收卷纸和饮料 (1056564248) 
[2022-06-05 22:48:51] [INFO]: 群 21数据官方群(673433432) 内 班主任-周俊(1027418356) 上传了文件: 6月6日核酸名单.xlsx 
[2022-06-05 22:49:54] [INFO]: 收到群 21数据官方群(673433432) 内 班主任-周俊(1027418356) 的消息: 明日核酸名单，地点在教五楼南侧，如有今日实际外出但未统计上的同学，也一并参加明日核酸。[CQ:at,qq=all]  (-1807212733) 
[2022-06-05 22:50:35] [INFO]: 收到群 21数据官方群(673433432) 内 班主任-周俊(1027418356) 的消息: 疫情防控无小事 出校的同学请一定自觉去做！ (-481349675) 
[2022-06-05 22:53:02] [INFO]: 收到群 潘安湖二手物品转卖群(949682820) 内 a组团出闲置(1258472673) 的消息: [CQ:image,file=ee209cf09a94e8e4217dff85bba05727.image,subType=0] (-1600294469) 
[2022-06-05 22:55:11] [INFO]: 收到群 潘安湖二手物品转卖群(949682820) 内 B1(1721488387) 的消息: [CQ:image,file=e1d3dccce6cda21ceb15d8d51c4c4f1e.image,subType=0] (-677756627) 
[2022-06-05 22:58:46] [INFO]: 收到群 潘安湖二手物品转卖群(949682820) 内 软软(534083587) 的消息: [CQ:image,file=1d80a681e22a49f0575b60f7c8a93f43.image,subType=0] (1318260887) 
[2022-06-05 22:58:47] [INFO]: 收到群 20软件2班官方群(953152455) 内 张彦伟195 5163 5017(1458335158) 的消息: /作业 (-1864438493) 
[2022-06-05 22:58:53] [INFO]: 收到群 潘安湖二手物品转卖群(949682820) 内 软软(534083587) 的消息: 有没有人有这本书啊 (966008833) 
[2022-06-05 23:00:09] [INFO]: 收到群 潘安湖二手物品转卖群(949682820) 内 B1(1721488387) 的消息: [CQ:image,file=eefd61a69d5f9300bbfa94cfbda555dd.image,subType=0] (-1456783984) 
[2022-06-05 23:00:15] [INFO]: 收到群 潘安湖二手物品转卖群(949682820) 内 B1(1721488387) 的消息: [CQ:image,file=eefd61a69d5f9300bbfa94cfbda555dd.image,subType=0] (-567538426) 
[2022-06-05 23:00:17] [INFO]: 收到群 20软件2班官方群(953152455) 内 赵惠杰 13023528917(2282161961) 的消息: 这是明日核酸名单，按照要求今日外出校园学生参加明日核酸，因应检人数已达要求人数，故不再按床位号抽检。明日核酸监测点仍是教五楼南侧。如还有今日实际外出但未被统计上的同学，也一并参加明日核酸。[CQ:image,file=6a04b68e6011470685c51ad9f5fd5afb.image,subType=0] (2127596559) 
[2022-06-05 23:04:05] [INFO]: 收到群 潘安湖二手物品转卖群(949682820) 内 夨坕(1540495648) 的消息: [CQ:image,file=0c7c91f72324c52d460a26dce69de8f3.image,subType=0] (-1091861277) 
[2022-06-05 23:04:18] [INFO]: 收到群 潘安湖二手物品转卖群(949682820) 内 夨坕(1540495648) 的消息: 收荧光便利贴 (-907234187) 
[2022-06-05 23:05:27] [INFO]: 收到群 潘安湖二手物品转卖群(949682820) 内 abcd接打印(3105975401) 的消息: 出打印机 (1357243855) 
[2022-06-05 23:06:55] [INFO]: 收到群 19级财管1班(563557034) 内 赵嘉楠 15051200754(2910934212) 的消息: 各位同学晚上好！[CQ:image,file=1864a6cf60315f61a69088db3089f06b.image,subType=0]
抱歉打扰了，明天管理学院进行常态化核酸检测抽检为20%，今日外出同学纳入明日核酸检测范围


时间：
地点:教五楼与实验楼连廊（入口:教五楼南侧）

（核酸检测截止时间为13.00，同学们一定按照安排的时间前往，不得私自提前或者滞后）
请同学们按照排定准时到达。佩戴口罩，带好身份证[CQ:face,id=63]。@全体成员 

级新增返校人员，请假及外出人员也需要做核酸检测 (1194013963) 
[2022-06-05 23:29:07] [INFO]: 收到群 潘安湖二手物品转卖群(949682820) 内 a组团出闲置(1258472673) 的消息: [CQ:image,file=7b5d9b203f526e11ddb7207b0db19cb4.image,subType=0] (669177177) 
[2022-06-05 23:43:22] [INFO]: 新成员 健康打卡小助手(3528275423) 进入了群 实干青年 - 老年人活动中心(369746384). 
[2022-06-05 23:50:18] [INFO]: 检查更新完成. 当前已运行最新版本. 
[2022-06-05 23:50:23] [INFO]: 开始诊断网络情况 
[2022-06-05 23:50:26] [INFO]: 网络诊断完成. 未发现问题 
[2022-06-05 23:50:41] [INFO]: 收到来自群 19数据通知群(795080336) 内用户 19数据释治怒的脑子里全是马大妈(1377875184) 的加群邀请. 
[2022-06-05 23:50:43] [INFO]: Bot进入了群 19数据通知群(795080336). 
[2022-06-05 23:53:14] [INFO]: Bot退出了群 19数据通知群(795080336). 
[2022-06-05 23:53:15] [INFO]: Bot被 王建文(1377875184) T出了群 19数据通知群(795080336). 
[2022-06-05 23:53:33] [INFO]: 收到来自群 19数据通知群(795080336) 内用户 19数据释治怒的脑子里全是马大妈(1377875184) 的加群邀请. 
[2022-06-05 23:53:35] [INFO]: Bot进入了群 19数据通知群(795080336). 
[2022-06-05 23:54:10] [INFO]: Bot被 王建文(1377875184) T出了群 19数据通知群(795080336). 
[2022-06-05 23:54:12] [INFO]: 收到来自群 19数据通知群(795080336) 内用户 19数据释治怒的脑子里全是马大妈(1377875184) 的加群邀请. 
[2022-06-05 23:54:15] [INFO]: Bot进入了群 19数据通知群(795080336). 
[2022-06-05 23:54:49] [INFO]: Bot被 王建文(1377875184) T出了群 19数据通知群(795080336). 
[2022-06-05 23:54:55] [INFO]: 收到来自群 19数据通知群(795080336) 内用户 19数据释治怒的脑子里全是马大妈(1377875184) 的加群邀请. 
[2022-06-05 23:54:58] [INFO]: Bot进入了群 19数据通知群(795080336). 
[2022-06-05 23:55:01] [INFO]: 发送群 19数据通知群(795080336) 的消息: 大家好，我是健康打卡 ... (1497978331) 
[2022-06-05 23:55:20] [INFO]: Bot被 王建文(1377875184) T出了群 19数据通知群(795080336). 
[2022-06-05 23:57:22] [INFO]: 收到群 潘安湖二手物品转卖群(949682820) 内 Nana.💕(2916499572) 的消息: 收自热火锅 (-1182383878) 