[2022-05-27 00:01:47] [INFO]: 收到群 潘安湖二手物品转卖群(949682820) 内 春心(945023260) 的消息: 已经收了哦 (1109416073) 
[2022-05-27 00:01:50] [INFO]: 收到群 潘安湖二手物品转卖群(949682820) 内 春心(945023260) 的消息: [CQ:image,file=7b1bb610b9ff08ba116a83b804b4a535.image,subType=1] (-599470806) 
[2022-05-27 00:02:08] [INFO]: 收到群 潘安湖二手物品转卖群(949682820) 内 帅哥1号(2268551581) 的消息: [CQ:image,file=2872005ff782c94b559a2b59302a4673.image,subType=1] (-1421607492) 
[2022-05-27 00:06:17] [INFO]: 收到群 新蜂生活超市(854452883) 内 机械公敌(80000000) 的消息: 超市有卖防晒霜的吗？多少钱啊 (1255662039) 
[2022-05-27 00:07:40] [INFO]: 收到群 新蜂生活超市(854452883) 内 新蜂生活超市(105070597) 的消息: [CQ:image,file=a3ca035f6148b3e34bd5c309595fcf87.image,subType=0] (1037095233) 
[2022-05-27 00:07:59] [INFO]: 收到群 新蜂生活超市(854452883) 内 新蜂生活超市(105070597) 的消息: 供货商要给送这个，我觉得是不是太贵了 (-1385182000) 
[2022-05-27 00:08:45] [INFO]: 收到群 新蜂生活超市(854452883) 内 魔蛇之拥(80000000) 的消息: 这个不是很好用 (-630653882) 
[2022-05-27 00:09:01] [INFO]: 收到群 新蜂生活超市(854452883) 内 新蜂生活超市(105070597) 的消息: 你用过？ (-1162906205) 
[2022-05-27 00:09:11] [INFO]: 收到群 新蜂生活超市(854452883) 内 魔蛇之拥(80000000) 的消息: 嗯 (-844610251) 
[2022-05-27 00:09:24] [INFO]: 收到群 新蜂生活超市(854452883) 内 新蜂生活超市(105070597) 的消息: 好的太贵，都不如在网上买 (1419842703) 
[2022-05-27 00:09:54] [INFO]: 收到群 新蜂生活超市(854452883) 内 魔蛇之拥(80000000) 的消息: 味道太太太香了 (598090777) 
[2022-05-27 00:10:02] [INFO]: 收到群 20Z计科通知群(540450397) 内 Q群管家(2854196310) 的消息: [CQ:at,qq=all] 熬夜追剧打游戏，趁机打个健康打卡୧⍤⃝
——来自群管理员（1772203969）的编辑 (-535688759) 
[2022-05-27 00:10:16] [INFO]: 收到群 新蜂生活超市(854452883) 内 新蜂生活超市(105070597) 的消息: 可能有人喜欢[CQ:face,id=20] (-1111313990) 
[2022-05-27 00:10:50] [INFO]: 收到群 新蜂生活超市(854452883) 内 魔蛇之拥(80000000) 的消息: 还油 (-893026004) 
[2022-05-27 00:11:10] [INFO]: 收到群 新蜂生活超市(854452883) 内 新蜂生活超市(105070597) 的消息: [CQ:image,file=9a7fe08b5d3e2c3fe2c5752597f4f4dd.image,subType=7] (1405931670) 
[2022-05-27 00:11:22] [INFO]: 收到群 新蜂生活超市(854452883) 内 披甲龙龟(80000000) 的消息: 那防晒怎么样？ (617340928) 
[2022-05-27 00:13:38] [INFO]: 收到群 新蜂生活超市(854452883) 内 机械公敌(80000000) 的消息: [CQ:image,file=fae95975c2df828110afe427a0f2be5d.image,subType=7] (-1267401327) 
[2022-05-27 00:13:54] [INFO]: 收到群 新蜂生活超市(854452883) 内 新蜂生活超市(105070597) 的消息: 对，主要是防晒效果如何 (-1015821049) 
[2022-05-27 00:15:23] [INFO]: 收到群 潘安湖二手物品转卖群(949682820) 内 收啤酒(2139515681) 的消息: 收斑马笔芯 (843754502) 
[2022-05-27 00:16:35] [INFO]: 收到群 新蜂生活超市(854452883) 内 赏金猎人(80000000) 的消息: 它的其他缺点让我无法忍受，没测试过防晒效果 (-168893596) 
[2022-05-27 00:18:01] [INFO]: 收到群 潘安湖二手物品转卖群(949682820) 内 肉松小吐司(1719820758) 的消息: 收白色口罩 (1162714256) 
