[2022-05-26 00:10:00] [INFO]: 收到群 20Z计科通知群(540450397) 内 Q群管家(2854196310) 的消息: [CQ:at,qq=all] 熬夜追剧打游戏，趁机打个健康打卡୧⍤⃝
——来自群管理员（1772203969）的编辑 (1432080297) 
[2022-05-26 00:25:26] [INFO]: 收到群 新蜂生活超市(854452883) 内 懒羊羊(1834808612) 的消息: 老板 我能不能拿红豆味的换原味的/吃糖 (273820844) 
[2022-05-26 00:25:56] [INFO]: 收到群 新蜂生活超市(854452883) 内 新蜂生活超市(105070597) 的消息: [CQ:image,file=cb80e6329653f24f8fa22aa7ecd7d1de.image,subType=1] (-1909016305) 
[2022-05-26 00:26:25] [INFO]: 收到群 新蜂生活超市(854452883) 内 千里眼(80000000) 的消息: 我偷个图 (-114194023) 
[2022-05-26 00:27:39] [INFO]: 收到群 新蜂生活超市(854452883) 内 懒羊羊(1834808612) 的消息: [CQ:image,file=46f9a81263387dc809c6117b49e4206a.image,subType=7] (1614338083) 
[2022-05-26 00:42:16] [INFO]: 收到群 新蜂生活超市(854452883) 内 нёιιö(940717071) 的消息: [CQ:image,file=ee153729561d155db93a8e75f7bbd80e.image,subType=1] (390064309) 
[2022-05-26 00:42:47] [INFO]: 收到群 新蜂生活超市(854452883) 内 нёιιö(940717071) 的消息: [CQ:image,file=7e099be23d1be965050a10c168a88d43.image,subType=1] (-2021591772) 
[2022-05-26 00:44:30] [INFO]: 收到群 新蜂生活超市(854452883) 内 财神(80000000) 的消息: 老板，我来送财了 (-259537486) 
[2022-05-26 00:44:35] [INFO]: 收到群 新蜂生活超市(854452883) 内 财神(80000000) 的消息: [CQ:image,file=7772ef00f5e0fd29f6a7a2aeb175822c.image,subType=1] (-1569313067) 
[2022-05-26 00:45:18] [INFO]: 收到群 新蜂生活超市(854452883) 内 财神(80000000) 的消息: [CQ:image,file=38cae10d293c3e4e33866b42286eb2d1.image,subType=0] (-714006973) 
[2022-05-26 00:45:40] [INFO]: 收到群 新蜂生活超市(854452883) 内 нёιιö(940717071) 的消息: [CQ:image,file=fda4a90684d2ee214c3c54a2cadd5520.image,subType=7] (1282953209) 
[2022-05-26 00:45:50] [INFO]: 收到群 新蜂生活超市(854452883) 内 нёιιö(940717071) 的消息: 给我出来 (998211439) 
[2022-05-26 00:45:53] [INFO]: 收到群 新蜂生活超市(854452883) 内 нёιιö(940717071) 的消息: 大黄 (-1524897076) 
[2022-05-26 00:46:06] [INFO]: 收到群 新蜂生活超市(854452883) 内 小鸭子嘴硬(1124740374) 的消息: 干嘛 (-769861030) 
[2022-05-26 00:46:10] [INFO]: 收到群 新蜂生活超市(854452883) 内 小鸭子嘴硬(1124740374) 的消息: [CQ:image,file=31cd071d0399e079794475e3afc719d0.image,subType=1] (1259703264) 
[2022-05-26 00:46:13] [INFO]: 收到群 新蜂生活超市(854452883) 内 нёιιö(940717071) 的消息: 拍我干啥 (1007860598) 
[2022-05-26 00:46:14] [INFO]: 收到群 新蜂生活超市(854452883) 内 小鸭子嘴硬(1124740374) 的消息: [CQ:image,file=eb9f3aea99a0a5244a23c23222b7c9ec.image,subType=1] (-1397905689) 
[2022-05-26 00:46:24] [INFO]: 收到群 新蜂生活超市(854452883) 内 нёιιö(940717071) 的消息: [CQ:image,file=0630431198f5adf647a8dbd91e7613f1.image,subType=3] (-609577359) 
[2022-05-26 00:46:43] [INFO]: 收到群 新蜂生活超市(854452883) 内 新蜂生活超市(105070597) 的消息: [CQ:image,file=701a436e251d82af5bade504353fbd38.image,subType=1] (-1150476396) 
[2022-05-26 00:46:57] [INFO]: 收到群 新蜂生活超市(854452883) 内 小鸭子嘴硬(1124740374) 的消息: [CQ:image,file=f79184f21f96cd7f67ffc202fbb5ae66.image,subType=1] (-865456382) 
[2022-05-26 01:36:45] [INFO]: 新成员 深渊(1249464232) 进入了群 潘安湖二手物品转卖群(949682820). 
[2022-05-26 02:18:26] [INFO]: 成员 赵雪(1274547484) 离开了群 新蜂生活超市(854452883). 
[2022-05-26 02:45:15] [INFO]: 群 20Z计科通知群(540450397) 内 学委 杜明晨 13013936980(2847970990) 上传了文件: 8张表放一个word里，查重报告pdf不放.docx 
[2022-05-26 02:45:51] [INFO]: 收到群 20Z计科通知群(540450397) 内 学委 杜明晨 13013936980(2847970990) 的消息: 最后提交给组长的压缩包里只要这些[CQ:image,file=ce18257fe6e7d85360e123b798b78640.image,subType=0] (-1152012667) 
[2022-05-26 06:00:22] [INFO]: 收到群 21软件3班通知群(684039593) 内 Q群管家(2854196310) 的消息: [CQ:at,qq=all] 早起的你们打卡没？
——来自群管理员（1648866869）的编辑 (-636523920) 
[2022-05-26 06:14:53] [INFO]: 收到群 潘安湖二手物品转卖群(949682820) 内 hhhhhh(2401838416) 的消息: 收抽纸或卷纸 (1245076038) 
[2022-05-26 07:48:10] [INFO]: 收到群 21软件3班通知群(684039593) 内 汪仕林  19516186003(2830524460) 的消息: [CQ:at,qq=all] 请宿舍长在今天13：40前将宿舍全员完成评教工作的截图私发给我[CQ:face,id=63][CQ:face,id=63] (1147928531) 
[2022-05-26 07:58:05] [INFO]: 收到群 新蜂生活超市(854452883) 内 银角大王(80000000) 的消息: 银角大王在此 (1432583864) 
[2022-05-26 07:58:33] [INFO]: 收到群 潘安湖二手物品转卖群(949682820) 内 兜兜里藏着糖(2912906799) 的消息: 出项链 (1026648784) 
[2022-05-26 07:58:34] [INFO]: 收到群 潘安湖二手物品转卖群(949682820) 内 兜兜里藏着糖(2912906799) 的消息: [CQ:image,file=081b0c879f1761019d87ac2df12a213f.image,subType=0] (1576461109) 
[2022-05-26 07:58:34] [INFO]: 收到群 潘安湖二手物品转卖群(949682820) 内 兜兜里藏着糖(2912906799) 的消息: [CQ:image,file=330fb94552c5f3b8d8e3e39b3649aadc.image,subType=0] (720491427) 
[2022-05-26 08:00:11] [INFO]: 收到群 新蜂生活超市(854452883) 内 新蜂生活超市(105070597) 的消息: [CQ:image,file=5edc02f76ca753ef13e753560e473d16.image,subType=0] (576998958) 
[2022-05-26 08:00:12] [INFO]: 收到群 新蜂生活超市(854452883) 内 新蜂生活超市(105070597) 的消息: [CQ:image,file=315e1d377dd2c7d4145f69312b4e28a0.image,subType=0] (-1140794483) 
[2022-05-26 08:00:47] [INFO]: 收到群 新蜂生活超市(854452883) 内 新蜂生活超市(105070597) 的消息: 跟大家说下关于六神驱蚊花露水的价格，第一个是京东直营店，第二个是大润发价格 (-888673509) 
[2022-05-26 08:00:49] [INFO]: 收到群 20软件1班官方群(927974093) 内 Q群管家(2854196310) 的消息: [CQ:at,qq=all] 穿过挪威的森林，让我走进你的梦里，夕阳落在我的铠甲，王子不一定骑白马，黑马王子四海为家，现在是早上九点整，我不是马思唯，是催打卡的没人陪，打卡！打卡！打卡！！！
——来自群管理员（2741476253）的编辑 (-354331423) 
[2022-05-26 08:01:17] [INFO]: 收到群 21软件2班(626284843) 内 Q群管家(2854196310) 的消息: [CQ:at,qq=all] 新的一天，新的美好，记得❕❗️健康打卡❗️❕[CQ:image,file=6ddeb3e1383d4b40494abdab142c1f04.image,subType=0]
——来自群管理员（3166230258）的编辑 (77310916) 
[2022-05-26 08:03:37] [INFO]: 成员 咳咳(1724797955) 离开了群 新蜂生活超市(854452883). 
[2022-05-26 08:10:58] [INFO]: 收到群 新蜂生活超市(854452883) 内 太阳星君(80000000) 的消息: 还得是拼多多/捂脸 (1376696993) 
[2022-05-26 08:11:53] [INFO]: 收到群 新蜂生活超市(854452883) 内 银角大王(80000000) 的消息: 淘宝官店28.9 (621382199) 
[2022-05-26 08:13:13] [INFO]: 收到群 新蜂生活超市(854452883) 内 多目怪(80000000) 的消息: 难道不是20块钱2瓶吗，淘宝 (-1246324826) 
[2022-05-26 08:14:01] [INFO]: 收到群 新蜂生活超市(854452883) 内 ⁢⁣ (1213153464) 的消息: 淘宝那个价格只能说 (-1028544720) 
[2022-05-26 08:14:09] [INFO]: 收到群 新蜂生活超市(854452883) 内 ⁢⁣ (1213153464) 的消息: 懂得都懂咯 (-198407853) 
[2022-05-26 08:16:10] [INFO]: 收到群 新蜂生活超市(854452883) 内 横波°(2545991573) 的消息: 老板老板 (-2094286395) 
[2022-05-26 08:16:20] [INFO]: 收到群 新蜂生活超市(854452883) 内 横波°(2545991573) 的消息: 可不可以进达利园菠萝包 (438495359) 
[2022-05-26 08:16:31] [INFO]: 收到群 新蜂生活超市(854452883) 内 新蜂生活超市(105070597) 的消息: [CQ:reply,id=438495359][CQ:at,qq=2545991573] [CQ:at,qq=2545991573] 👌 (1831196905) 
[2022-05-26 08:16:41] [INFO]: 收到群 新蜂生活超市(854452883) 内 横波°(2545991573) 的消息: [CQ:image,file=49967340f12ffd9a5799b4ec0a0da5b9.image,subType=0] (-213824182) 
[2022-05-26 08:19:34] [INFO]: 收到群 潘安湖二手物品转卖群(949682820) 内 Starshine✨(1229524507) 的消息: 出[CQ:image,file=edd335c9bc2b49a9560d088a2144bc1c.image,subType=0][CQ:image,file=4eae52da617a75e5430a28d980402562.image,subType=0][CQ:image,file=7d875633ff2de4a799427176dd863a32.image,subType=0] (-1275559399) 
[2022-05-26 08:20:01] [INFO]: 收到群 21数据官方群(673433432) 内 Q群管家(2854196310) 的消息: [CQ:at,qq=all] 课前进行健康打卡，谢谢大家配合。
——来自群管理员（1186037531）的编辑 (516182706) 
[2022-05-26 08:20:04] [INFO]: 收到群 潘安湖二手物品转卖群(949682820) 内 需要冬眠(1356300350) 的消息: 出瑜伽垫  (-989875569) 
[2022-05-26 08:20:29] [INFO]: 收到群 潘安湖二手物品转卖群(949682820) 内 温柔卡比兽ゞ(735232820) 的消息: 出兰蔻持妆粉底液p001还剩四分之三 (1520117548) 
[2022-05-26 08:21:45] [INFO]: 收到群 潘安湖二手物品转卖群(949682820) 内 北岛奈耐(2714616749) 的消息: 收a4纸 (765204410) 
[2022-05-26 08:21:49] [INFO]: 收到群 潘安湖二手物品转卖群(949682820) 内 北岛奈耐(2714616749) 的消息: 不用太多 (-1265285632) 
[2022-05-26 08:23:08] [INFO]: 收到群 新蜂生活超市(854452883) 内 城北徐公💛(3022795235) 的消息: 老板，桃李菠萝包也好吃 (-2075755044) 
[2022-05-26 08:24:48] [INFO]: 收到群 潘安湖二手物品转卖群(949682820) 内 😊(1507680346) 的消息: 好的 a4纸 (-1013811562) 
[2022-05-26 08:29:14] [INFO]: 收到群 潘安湖二手物品转卖群(949682820) 内 肉肉琪(1909173552) 的消息: 出fitme 微粉白皙，仅试用，80元，可🔪 (1395485447) 
[2022-05-26 08:29:15] [INFO]: 收到群 潘安湖二手物品转卖群(949682820) 内 肉肉琪(1909173552) 的消息: [CQ:image,file=2947033786437092483201b01a0fec74.image,subType=0] (606755729) 
[2022-05-26 08:29:34] [INFO]: 收到群 潘安湖二手物品转卖群(949682820) 内 北岛奈耐(2714616749) 的消息: [CQ:reply,id=-1013811562][CQ:at,qq=1507680346] [CQ:at,qq=1507680346] 你有吗 (-630259718) 
[2022-05-26 08:31:09] [INFO]: 收到群 潘安湖二手物品转卖群(949682820) 内 😊(1507680346) 的消息: [CQ:image,file=830a30a1cb11c3c6a1be37c319c1763d.image,subType=1] (-1385574548) 
[2022-05-26 08:32:03] [INFO]: 发送群 18软件2班在线群(780548179) 的消息: 健康打卡自动提醒
尚 ... (892717137) 
[2022-05-26 08:32:14] [INFO]: 发送群 20Z计科通知群(540450397) 的消息: 健康打卡自动提醒
尚 ... (623983398) 
[2022-05-26 08:32:25] [INFO]: 发送群 20智能科学与技术(1014806242) 的消息: 健康打卡自动提醒
尚 ... (-1616028936) 
[2022-05-26 08:32:36] [INFO]: 发送群 20软件3班通知群(953064865) 的消息: 健康打卡自动提醒
尚 ... (2123699777) 
[2022-05-26 08:32:47] [INFO]: 发送群 科文学院21Z计科(913765781) 的消息: 健康打卡自动提醒
尚 ... (-1453655010) 
[2022-05-26 08:32:57] [INFO]: 发送群 21数据官方群(673433432) 的消息: 健康打卡自动提醒
尚 ... (-1904521437) 
[2022-05-26 08:33:08] [INFO]: 发送群 21软件2班(626284843) 的消息: 健康打卡自动提醒
尚 ... (-1694548377) 
[2022-05-26 08:33:19] [INFO]: 发送群 21软件3班通知群(684039593) 的消息: 健康打卡自动提醒
尚 ... (862768965) 
[2022-05-26 08:33:54] [INFO]: 收到群 新蜂生活超市(854452883) 内 观音菩萨(80000000) 的消息: 🙏 (491727974) 
[2022-05-26 08:41:26] [INFO]: 收到群 21软件3班通知群(684039593) 内 夏康宁15150083010(373505118) 的消息: [CQ:image,file=980ea464a9b665fa3b9447ae55c0d6ab.image,subType=0] (-1436180737) 
[2022-05-26 08:41:26] [INFO]: 收到群 21软件3班通知群(684039593) 内 夏康宁15150083010(373505118) 的消息: 核酸地点为教五楼与实验楼连廊，教五楼南侧。 (-580735383) 
[2022-05-26 08:41:50] [INFO]: 收到群 20软件1班官方群(927974093) 内 夏康宁15150083010(373505118) 的消息: [CQ:image,file=d38fb49b210d9670dafaf4fb5ce15d42.image,subType=0] (-1645845385) 
[2022-05-26 08:41:51] [INFO]: 收到群 20软件1班官方群(927974093) 内 夏康宁15150083010(373505118) 的消息: 核酸地点为教五楼与实验楼连廊，教五楼南侧。 (82785741) 
[2022-05-26 08:42:05] [INFO]: 收到群 20软件1班官方群(927974093) 内 夏康宁15150083010(373505118) 的消息: [CQ:at,qq=3101644752]  (1944585563) 
[2022-05-26 08:42:51] [INFO]: 收到群 20软件1班官方群(927974093) 内 健康打卡小助手(3528275423) 的消息: 健康打卡自动提醒
尚未打卡的同学如下：
[CQ:at,qq=1574115783] 	[CQ:at,qq=1501913223] 	[CQ:at,qq=2028483080] 	[CQ:at,qq=1076242633] 	[CQ:at,qq=1013590096] 	[CQ:at,qq=2898157983] 	[CQ:at,qq=1206446866] 	[CQ:at,qq=2310792611] 	[CQ:at,qq=1316536082] 	[CQ:at,qq=1404471776] 	[CQ:at,qq=2250696946] 	[CQ:at,qq=3483612605] 	[CQ:at,qq=1805999626] 	[CQ:at,qq=1427774041] 	[CQ:at,qq=2741476253] 	[CQ:at,qq=1079230546] 	[CQ:at,qq=298208895] 	
已打卡的同学请忽略此条消息
8:42:45 (-309554952) 
[2022-05-26 08:43:07] [INFO]: 收到群 20软件2班官方群(953152455) 内 健康打卡小助手(3528275423) 的消息: 健康打卡自动提醒
尚未打卡的同学如下：
[CQ:at,qq=1262296187] 	[CQ:at,qq=1482193676] 	[CQ:at,qq=2593658505] 	[CQ:at,qq=673576534] 	[CQ:at,qq=2781468167] 	[CQ:at,qq=960919037] 	[CQ:at,qq=2470684840] 	[CQ:at,qq=763039204] 	[CQ:at,qq=769591414] 	[CQ:at,qq=421712537] 	[CQ:at,qq=2969787424] 	[CQ:at,qq=2293923761] 	[CQ:at,qq=3031531805] 	[CQ:at,qq=2959674812] 	[CQ:at,qq=2643109172] 	[CQ:at,qq=183268352] 	[CQ:at,qq=2428286276] 	[CQ:at,qq=2529315991] 	[CQ:at,qq=2653090107] 	[CQ:at,qq=2316501367] 	[CQ:at,qq=571807394] 	[CQ:at,qq=2410323243] 	[CQ:at,qq=2909235457] 	[CQ:at,qq=3141158350] 	[CQ:at,qq=840066450] 	[CQ:at,qq=1776565000] 	
已打卡的同学请忽略此条消息
8:43:1 (467388295) 
[2022-05-26 08:43:24] [INFO]: 收到群 21软件3班通知群(684039593) 内 夏康宁15150083010(373505118) 的消息: [CQ:at,qq=1649428466]  (1306375160) 
[2022-05-26 08:43:37] [INFO]: 收到群 21软件3班通知群(684039593) 内 刘琨19516186691(1649428466) 的消息: 收到 (987399022) 
[2022-05-26 08:47:01] [INFO]: 收到群 21软件3班通知群(684039593) 内 夏康宁15150083010(373505118) 的消息: [CQ:at,qq=2363531831]  (1511852683) 
[2022-05-26 08:47:14] [INFO]: 收到群 21软件3班通知群(684039593) 内 王广权18020445067(2363531831) 的消息: 收到 (756693533) 
[2022-05-26 08:50:43] [INFO]: 收到群 潘安湖二手物品转卖群(949682820) 内 十一合七(1870606484) 的消息: 收美瞳护理液 (878747350) 
[2022-05-26 09:02:33] [INFO]: 收到群 18软件2班在线群(780548179) 内 Q群管家(2854196310) 的消息: [CQ:at,qq=all] 昨夜有繁星满天，今早有打卡提醒！各位同学：健康打卡啦！「江苏师范大学科文学院信息工程系18软件2班宣」
——来自群管理员（2732160776）的编辑 (1110636743) 
[2022-05-26 09:03:22] [INFO]: 收到群 21数据官方群(673433432) 内 班主任-周俊(1027418356) 的消息: [CQ:image,file=ebbaffd1a7ee7885d22394b4d68186b0.image,subType=0]   今天核酸名单，明天要请假出去办理身份证的2位同学也要去做！ (-109281355) 
[2022-05-26 09:03:32] [INFO]: 收到群 21数据官方群(673433432) 内 班主任-周俊(1027418356) 的消息: 核酸地点为教五楼与实验楼连廊，教五楼南侧。 (-1416784686) 
[2022-05-26 09:06:33] [INFO]: 收到群 潘安湖二手物品转卖群(949682820) 内 一杯火焰.(3104523169) 的消息: 圆通和韵达现在能收到吗 (1130868288) 
[2022-05-26 09:07:32] [INFO]: 收到群 潘安湖二手物品转卖群(949682820) 内 Antony(1581239391) 的消息: 可以 (-586990621) 
[2022-05-26 09:23:10] [INFO]: 收到群 潘安湖二手物品转卖群(949682820) 内 Winnie the Pooh(2819152117) 的消息: 用量如图 60r[CQ:image,file=b969379e5896c7ec132f1006b4764ef1.image,subType=0] (-1442575499) 
[2022-05-26 09:28:29] [INFO]: 收到群 潘安湖二手物品转卖群(949682820) 内 ☀(501741082) 的消息: 洗发水30r 沐浴露20r 都是全新的[CQ:image,file=438040874f299d05d6707a329ab06358.image,subType=0][CQ:image,file=188e69724a20c4b9cbc9f0033a242075.image,subType=0] (856513231) 
[2022-05-26 09:29:06] [INFO]: 收到群 潘安湖二手物品转卖群(949682820) 内 grieving(2505144318) 的消息: KFC代买 (1141533273) 
[2022-05-26 09:32:04] [INFO]: 发送群 18软件2班在线群(780548179) 的消息: 健康打卡自动提醒
尚 ... (586510626) 
[2022-05-26 09:32:15] [INFO]: 发送群 20Z计科通知群(540450397) 的消息: 健康打卡自动提醒
尚 ... (1379273648) 
[2022-05-26 09:32:25] [INFO]: 发送群 20智能科学与技术(1014806242) 的消息: 健康打卡自动提醒
尚 ... (111414082) 
[2022-05-26 09:32:36] [INFO]: 发送群 20软件3班通知群(953064865) 的消息: 健康打卡自动提醒
尚 ... (-409188357) 
[2022-05-26 09:32:47] [INFO]: 发送群 科文学院21Z计科(913765781) 的消息: 健康打卡自动提醒
尚 ... (926837181) 
[2022-05-26 09:32:58] [INFO]: 发送群 21数据官方群(673433432) 的消息: 健康打卡自动提醒
尚 ... (-594893756) 
[2022-05-26 09:33:09] [INFO]: 发送群 21软件2班(626284843) 的消息: 健康打卡自动提醒
尚 ... (-302510351) 
[2022-05-26 09:33:20] [INFO]: 发送群 21软件3班通知群(684039593) 的消息: 健康打卡自动提醒
尚 ... (-1273795673) 
[2022-05-26 09:33:21] [INFO]: 收到群 20软件1班官方群(927974093) 内 20 软件1 顾洁(3101644752) 的消息: [CQ:image,file=f243f16c29663b3977740b868473eedd.image,subType=7] (-1702125458) 
[2022-05-26 09:35:46] [INFO]: 收到群 潘安湖二手物品转卖群(949682820) 内 皮蛋solo粥(2018568883) 的消息: 8r[CQ:image,file=e3099285987348f5bd05e120c34ec3ce.image][CQ:image,file=b1fe04a4ba70c87fb61a9a9e6e866406.image][CQ:image,file=c31db42fb3ea752d1ad30abb057de3bc.image] (-726304824) 
[2022-05-26 09:36:12] [INFO]: 收到群 潘安湖二手物品转卖群(949682820) 内 肉肉(3270682323) 的消息: [CQ:reply,id=-1385574548][CQ:at,qq=1507680346] [CQ:at,qq=1507680346] 与时俱进了就 (-1548597410) 
[2022-05-26 09:38:23] [INFO]: 收到群 潘安湖二手物品转卖群(949682820) 内 活(920418132) 的消息: A组🈶卸甲片的吗 (-1015689541) 
[2022-05-26 09:40:14] [INFO]: 收到群 潘安湖二手物品转卖群(949682820) 内 微神(1543555904) 的消息:   A组团有能打印的吗 (-1267532243) 
[2022-05-26 09:42:52] [INFO]: 收到群 20软件1班官方群(927974093) 内 健康打卡小助手(3528275423) 的消息: 健康打卡自动提醒
尚未打卡的同学如下：
[CQ:at,qq=1501913223] 	[CQ:at,qq=2310792611] 	[CQ:at,qq=1574115783] 	[CQ:at,qq=1079230546] 	[CQ:at,qq=1206446866] 	[CQ:at,qq=2028483080] 	[CQ:at,qq=1805999626] 	
已打卡的同学请忽略此条消息
9:42:46 (58913236) 
[2022-05-26 09:43:08] [INFO]: 收到群 20软件2班官方群(953152455) 内 健康打卡小助手(3528275423) 的消息: 健康打卡自动提醒
尚未打卡的同学如下：
[CQ:at,qq=2909235457] 	[CQ:at,qq=673576534] 	[CQ:at,qq=960919037] 	[CQ:at,qq=763039204] 	[CQ:at,qq=421712537] 	[CQ:at,qq=2969787424] 	[CQ:at,qq=2959674812] 	[CQ:at,qq=2316501367] 	[CQ:at,qq=2428286276] 	[CQ:at,qq=2653090107] 	[CQ:at,qq=769591414] 	[CQ:at,qq=2470684840] 	[CQ:at,qq=2529315991] 	[CQ:at,qq=840066450] 	[CQ:at,qq=183268352] 	
已打卡的同学请忽略此条消息
9:43:2 (-1308119459) 
[2022-05-26 09:47:11] [INFO]: 收到群 潘安湖二手物品转卖群(949682820) 内 无爱者自由(3435533851) 的消息: 出床帘，私聊看图 (763080599) 
[2022-05-26 09:49:56] [INFO]: 收到群 潘安湖二手物品转卖群(949682820) 内 Air(1559862349) 的消息: 收知乎会员 (1518116609) 
[2022-05-26 09:53:27] [INFO]: 收到群 潘安湖二手物品转卖群(949682820) 内 需要冬眠(1356300350) 的消息: 8r[CQ:image,file=1cd11c2403e88465d1dd920037e8a7c8.image,subType=0] (-1005057374) 
[2022-05-26 10:00:35] [INFO]: 收到群 科文学院21Z计科(913765781) 内 Q群管家(2854196310) 的消息: [CQ:at,qq=all] 请大家尽快健康打卡喽！
——来自群管理员（2538311073）的编辑 (1077500203) 
[2022-05-26 10:00:44] [INFO]: 收到群 潘安湖二手物品转卖群(949682820) 内 需要冬眠(1356300350) 的消息: 出藻球 5r[CQ:image,file=7f4c621d8f3c23092bdb70eaa00057be.image,subType=0] (-1289799116) 
[2022-05-26 10:02:05] [INFO]: 收到群 潘安湖二手物品转卖群(949682820) 内 接代抄 代拿快递 abcd(2413544749) 的消息: [CQ:image,file=7b57ee60fcac4705c2a127e96b1fecf1.image,subType=0] (706112398) 
[2022-05-26 10:03:45] [INFO]: 收到群 潘安湖二手物品转卖群(949682820) 内 臻尘(1710987855) 的消息: 出瑜伽垫6r[CQ:image,file=59bcd8e0caf0ce0a11beb1f6da1c1341.image,subType=0] (1561418520) 
[2022-05-26 10:04:27] [INFO]: 收到群 潘安湖二手物品转卖群(949682820) 内 代拿代买代写代课（期末闭关不接单）(3176627878) 的消息: 找个人拼单，差一，骆王宇6.1直播 (-844216695) 
[2022-05-26 10:04:28] [INFO]: 收到群 潘安湖二手物品转卖群(949682820) 内 代拿代买代写代课（期末闭关不接单）(3176627878) 的消息: [CQ:image,file=0c73904c330a4e58669facbaa07136f2.image,subType=0] (-1163299297) 
[2022-05-26 10:09:17] [INFO]: 收到群 新蜂生活超市(854452883) 内 新蜂生活超市(105070597) 的消息: [CQ:reply,id=-2075755044][CQ:at,qq=3022795235] [CQ:at,qq=3022795235] 这边桃李没有菠萝包 (1783110896) 
[2022-05-26 10:09:55] [INFO]: 收到群 新蜂生活超市(854452883) 内 城北徐公💛(3022795235) 的消息: [CQ:face,id=5][CQ:face,id=5] (-84475551) 
[2022-05-26 10:13:19] [INFO]: 收到群 潘安湖二手物品转卖群(949682820) 内 就叫他李狗蛋(2523287520) 的消息: 我们现在可以收韵达了吗 (-1512429288) 
[2022-05-26 10:17:24] [INFO]: 收到群 潘安湖二手物品转卖群(949682820) 内 臻尘(1710987855) 的消息: [CQ:reply,id=1561418520][CQ:at,qq=1710987855] 已出 (-757261938) 
[2022-05-26 10:19:56] [INFO]: 收到群 潘安湖二手物品转卖群(949682820) 内 兜兜里藏着糖(2912906799) 的消息: 出本子 (1272203316) 
[2022-05-26 10:19:58] [INFO]: 收到群 潘安湖二手物品转卖群(949682820) 内 兜兜里藏着糖(2912906799) 的消息: [CQ:image,file=d79245b707019c609ff37c6bfe6c6b3e.image,subType=0] (1020491938) 
[2022-05-26 10:19:59] [INFO]: 收到群 潘安湖二手物品转卖群(949682820) 内 兜兜里藏着糖(2912906799) 的消息: [CQ:image,file=2e216fa5d480bab38a5c923771d9e735.image,subType=0] (-1565004543) 
[2022-05-26 10:20:01] [INFO]: 收到群 潘安湖二手物品转卖群(949682820) 内 兜兜里藏着糖(2912906799) 的消息: [CQ:image,file=b719202c2619b2318f3842733adcf3d6.image,subType=0] (-709829225) 
[2022-05-26 10:20:02] [INFO]: 收到群 潘安湖二手物品转卖群(949682820) 内 兜兜里藏着糖(2912906799) 的消息: [CQ:image,file=d9fcbf6cb511a8a729cee9157905df8c.image,subType=0] (1287228461) 
[2022-05-26 10:21:17] [INFO]: 收到群 潘安湖二手物品转卖群(949682820) 内 一只球球(435698356) 的消息: 拼屈臣氏牙线棒 六块多一盒50支 [CQ:image,file=03f3d22c2c27d95d4174ff3b67cd823c.image,subType=0] (1002355899) 
[2022-05-26 10:22:04] [INFO]: 收到群 潘安湖二手物品转卖群(949682820) 内 凉城小白(617207568) 的消息: 出蓝牙耳机，10元 (-1425956566) 
[2022-05-26 10:22:15] [INFO]: 收到群 潘安湖二手物品转卖群(949682820) 内 凉城小白(617207568) 的消息: [CQ:image,file=da8bfe69c5128831f90b2c8cab2485cb.image,subType=0] (-603549252) 
[2022-05-26 10:23:27] [INFO]: 收到群 新蜂生活超市(854452883) 内 小po(2297728680) 的消息: 宏宝莱 (-1913638409) 
[2022-05-26 10:23:29] [INFO]: 收到群 新蜂生活超市(854452883) 内 小po(2297728680) 的消息: 好甜 (-315115502) 
[2022-05-26 10:23:57] [INFO]: 收到群 潘安湖二手物品转卖群(949682820) 内 肉肉(3270682323) 的消息: f有打印吗 (-1128196007) 
[2022-05-26 10:24:02] [INFO]: 收到群 潘安湖二手物品转卖群(949682820) 内 肉肉(3270682323) 的消息: [CQ:face,id=41] (-876205873) 
[2022-05-26 10:24:49] [INFO]: 群 20软件3班通知群(953064865) 内 39-王晨涛-学习委员(936211492) 上传了文件: 关于做好第65次全国计算机等级考试准备工作的通知.doc 
[2022-05-26 10:24:51] [INFO]: 收到群 20智能科学与技术(1014806242) 内 54  郑宁宁(2872124414) 的消息: 各学委：现将“关于做好第65次全国计算机等级考试准备工作的通知”上传群文件，请务必通知学生认真查看，并按要求做好本周六的考试准备工作。@全体成员 (1906523092) 
[2022-05-26 10:24:51] [INFO]: 群 20智能科学与技术(1014806242) 内 54  郑宁宁(2872124414) 上传了文件: 关于做好第65次全国计算机等级考试准备工作的通知.doc 
[2022-05-26 10:25:19] [INFO]: 收到群 新蜂生活超市(854452883) 内 怕恰怕恰(2313974353) 的消息: 有了吗 (-1708095356) 
[2022-05-26 10:25:25] [INFO]: 收到群 新蜂生活超市(854452883) 内 怕恰怕恰(2313974353) 的消息: /睁眼/睁眼 (54122814) 
[2022-05-26 10:25:28] [INFO]: 收到群 新蜂生活超市(854452883) 内 小po(2297728680) 的消息: 没，俺不知道 (1950280104) 
[2022-05-26 10:25:37] [INFO]: 收到群 20软件3班通知群(953064865) 内 39-王晨涛-学习委员(936211492) 的消息: “关于做好第65次全国计算机等级考试准备工作的通知”，请参加考试的同学务必认真查看，按要求做好本周六的考试准备[CQ:at,qq=all] (251650766) 
[2022-05-26 10:25:40] [INFO]: 收到群 新蜂生活超市(854452883) 内 小po(2297728680) 的消息: 俺楼下看到了就买了一个白桃的 (-363168757) 
[2022-05-26 10:25:57] [INFO]: 群 20软件1班官方群(927974093) 内 学习委员 吴玉涵(2915786685) 上传了文件: 关于做好第65次全国计算机等级考试准备工作的通知.doc 
[2022-05-26 10:25:58] [INFO]: 收到群 新蜂生活超市(854452883) 内 新蜂生活超市(105070597) 的消息: 宏宝莱切末 (-1654829923) 
[2022-05-26 10:26:04] [INFO]: 收到群 20软件1班官方群(927974093) 内 学习委员 吴玉涵(2915786685) 的消息: 现将“关于做好第65次全国计算机等级考试准备工作的通知”上传群文件，请务必通知学生认真查看，并按要求做好本周六的考试准备工作。@全体成员 (-465904429) 
[2022-05-26 10:26:06] [INFO]: 收到群 新蜂生活超市(854452883) 内 新蜂生活超市(105070597) 的消息: 宏宝莱什么？ (72621351) 
[2022-05-26 10:26:13] [INFO]: 收到群 20Z计科通知群(540450397) 内 学委 杜明晨 13013936980(2847970990) 的消息: 表格线不会弄的直接用这个
 (-885040630) 
[2022-05-26 10:26:14] [INFO]: 群 20Z计科通知群(540450397) 内 学委 杜明晨 13013936980(2847970990) 上传了文件: 封面对齐方法.docx 
[2022-05-26 10:26:17] [INFO]: 收到群 新蜂生活超市(854452883) 内 小po(2297728680) 的消息: 那个白桃冰 (1934831025) 
[2022-05-26 10:26:25] [INFO]: 收到群 新蜂生活超市(854452883) 内 小po(2297728680) 的消息: 好甜呜呜 (-471060448) 
[2022-05-26 10:26:51] [INFO]: 收到群 新蜂生活超市(854452883) 内 怕恰怕恰(2313974353) 的消息: 多肉葡萄，好吃 (-1796538186) 
[2022-05-26 10:26:58] [INFO]: 收到群 新蜂生活超市(854452883) 内 怕恰怕恰(2313974353) 的消息: [CQ:image,file=87467169bab6c0b780b00eb4d23fdeca.image,subType=1] (-971314223) 
[2022-05-26 10:27:12] [INFO]: 收到群 新蜂生活超市(854452883) 内 小po(2297728680) 的消息: 终究是错付了 (-1323443385) 
[2022-05-26 10:27:16] [INFO]: 收到群 新蜂生活超市(854452883) 内 小po(2297728680) 的消息: 下次试试葡萄那个 (672434941) 
[2022-05-26 10:27:41] [INFO]: 收到群 潘安湖二手物品转卖群(949682820) 内 臻尘(1710987855) 的消息: 出海飞丝洗发水补充装5r [CQ:image,file=1c088d4542edfae1c94fd3df12e1dc83.image,subType=0] (1389328757) 
[2022-05-26 10:27:49] [INFO]: 收到群 21数据官方群(673433432) 内 郑雨露(2047859253) 的消息: 各位同学：现将“关于做好第65次全国计算机等级考试准备工作的通知”上传群文件，请学生认真查看，并按要求做好本周六的考试准备工作。[CQ:at,qq=all]  (1166276094) 
[2022-05-26 10:27:55] [INFO]: 群 21数据官方群(673433432) 内 郑雨露(2047859253) 上传了文件: 关于做好第65次全国计算机等级考试准备工作的通知.doc 
[2022-05-26 10:29:29] [INFO]: 收到群 潘安湖二手物品转卖群(949682820) 内 大量出古风饰品(605030847) 的消息: 毕业出一大批古风发饰的成品和半成品，批量白菜价出，详情私聊 (633883107) 
[2022-05-26 10:29:55] [INFO]: 收到群 潘安湖二手物品转卖群(949682820) 内 大量出古风饰品(605030847) 的消息: 还有一些Lolita发饰 (-1146299328) 
[2022-05-26 10:30:06] [INFO]: 收到群 20软件1班官方群(927974093) 内 Q群管家(2854196310) 的消息: [CQ:at,qq=all] 打卡打卡打卡！没打卡的小伙伴快打卡！⚠️⚠️⚠️🙋🙋🙋
——来自群管理员（1328387724）的编辑 (-1824658363) 
[2022-05-26 10:30:22] [INFO]: 收到群 潘安湖二手物品转卖群(949682820) 内 需要冬眠(1356300350) 的消息: 王一博海报8张   2r[CQ:image,file=020dcfec9311c8ade5deede9d1291b90.image,subType=0] (-861147946) 
[2022-05-26 10:32:03] [INFO]: 发送群 18软件2班在线群(780548179) 的消息: 健康打卡自动提醒
尚 ... (1441939892) 
[2022-05-26 10:32:14] [INFO]: 发送群 20Z计科通知群(540450397) 的消息: 健康打卡自动提醒
尚 ... (747075341) 
[2022-05-26 10:32:24] [INFO]: 发送群 20智能科学与技术(1014806242) 的消息: 健康打卡已完成！
1 ... (-1776609581) 
[2022-05-26 10:32:35] [INFO]: 发送群 20软件3班通知群(953064865) 的消息: 健康打卡自动提醒
尚 ... (2046349912) 
[2022-05-26 10:32:46] [INFO]: 发送群 科文学院21Z计科(913765781) 的消息: 健康打卡自动提醒
尚 ... (-651163503) 
[2022-05-26 10:32:56] [INFO]: 发送群 21数据官方群(673433432) 的消息: 健康打卡已完成！
1 ... (-1394585397) 
[2022-05-26 10:33:07] [INFO]: 发送群 21软件2班(626284843) 的消息: 健康打卡自动提醒
尚 ... (1961975627) 
[2022-05-26 10:33:18] [INFO]: 发送群 21软件3班通知群(684039593) 的消息: 健康打卡已完成！
1 ... (-1022076111) 
[2022-05-26 10:34:17] [INFO]: 成员 监考老师甲(1041120169) 离开了群 科文学院21Z计科(913765781). 
[2022-05-26 10:34:33] [INFO]: 成员 A C＋＋ 郭老师(1041120169) 离开了群 20Z计科通知群(540450397). 
[2022-05-26 10:40:31] [INFO]: 收到群 20软件2班官方群(953152455) 内 张彦伟195 5163 5017(1458335158) 的消息: 现将“关于做好第65次全国计算机等级考试准备工作的通知”上传群文件，请学生认真查看，并按要求做好本周六的考试准备工作。@全体成员 (-989815093) 
[2022-05-26 10:40:39] [INFO]: 群 20软件2班官方群(953152455) 内 张彦伟195 5163 5017(1458335158) 上传了文件: 关于做好第65次全国计算机等级考试准备工作的通知.doc 
[2022-05-26 10:42:53] [INFO]: 收到群 20软件1班官方群(927974093) 内 健康打卡小助手(3528275423) 的消息: 健康打卡自动提醒
尚未打卡的同学如下：
[CQ:at,qq=1079230546] 	[CQ:at,qq=1501913223] 	[CQ:at,qq=1206446866] 	
已打卡的同学请忽略此条消息
10:42:47 (-201693792) 
[2022-05-26 10:43:09] [INFO]: 收到群 20软件2班官方群(953152455) 内 健康打卡小助手(3528275423) 的消息: 健康打卡自动提醒
尚未打卡的同学如下：
[CQ:at,qq=2959674812] 	[CQ:at,qq=769591414] 	[CQ:at,qq=2470684840] 	[CQ:at,qq=183268352] 	[CQ:at,qq=840066450] 	[CQ:at,qq=960919037] 	[CQ:at,qq=421712537] 	
已打卡的同学请忽略此条消息
10:43:3 (722403303) 
[2022-05-26 10:52:41] [INFO]: 收到群 潘安湖二手物品转卖群(949682820) 内 出眼霜/零食(2690485664) 的消息: [CQ:image,file=679b29642daa87cefa3cd081a8bf55e8.image,subType=0] (1436728684) 
[2022-05-26 10:53:00] [INFO]: 收到群 潘安湖二手物品转卖群(949682820) 内 出眼霜/零食(2690485664) 的消息: 五个小的 75ml 450r (581275130) 
[2022-05-26 10:53:26] [INFO]: 收到群 潘安湖二手物品转卖群(949682820) 内 出眼霜/零食(2690485664) 的消息: 混合轻盈乳霜 (-1306881941) 
[2022-05-26 10:54:52] [INFO]: 收到群 科文学院21Z计科(913765781) 内 63 学委 赵猛(2912580980) 的消息: 各学委：现将“关于做好第65次全国计算机等级考试准备工作的通知”上传群文件，请务必通知学生认真查看，并按要求做好本周六的考试准备工作。@全体成员 (-1372112889) 
[2022-05-26 10:54:52] [INFO]: 群 科文学院21Z计科(913765781) 内 63 学委 赵猛(2912580980) 上传了文件: 关于做好第65次全国计算机等级考试准备工作的通知.doc 
[2022-05-26 10:58:08] [INFO]: 收到群 潘安湖二手物品转卖群(949682820) 内 寿司 饭团糍饭(1158357014) 的消息: 收充电宝 (-987913987) 
[2022-05-26 10:58:52] [INFO]: 收到群 新蜂生活超市(854452883) 内 安(2096695426) 的消息: 葡萄那个 (1595128427) 
[2022-05-26 10:58:54] [INFO]: 收到群 新蜂生活超市(854452883) 内 安(2096695426) 的消息: 太甜了 (-1049153592) 
[2022-05-26 11:03:52] [INFO]: 收到群 21软件3班通知群(684039593) 内 李袁15052620445(2768783278) 的消息: 各位同学：
    现将“关于做好第65次全国计算机等级考试准备工作的通知”上传群文件，请参加考试的学生认真查看，并按要求做好本周六的考试准备工作。㊗️同学们取得好成绩[CQ:face,id=63][CQ:face,id=63][CQ:at,qq=all]  (1567674002) 
[2022-05-26 11:04:02] [INFO]: 群 21软件3班通知群(684039593) 内 李袁15052620445(2768783278) 上传了文件: 关于做好第65次全国计算机等级考试准备工作的通知.doc 
[2022-05-26 11:30:04] [INFO]: 收到群 18软件2班在线群(780548179) 内 Q群管家(2854196310) 的消息: [CQ:at,qq=all] 还有人没打卡，快看看是不是你😱😱😱「江苏师范大学科文学院信息工程系18软件2班宣」
——来自群管理员（2732160776）的编辑 (-855961586) 
[2022-05-26 11:32:02] [INFO]: 发送群 18软件2班在线群(780548179) 的消息: 健康打卡自动提醒
尚 ... (-1141104488) 
[2022-05-26 11:32:13] [INFO]: 发送群 20Z计科通知群(540450397) 的消息: 健康打卡自动提醒
尚 ... (1535133595) 
[2022-05-26 11:32:24] [INFO]: 发送群 20软件3班通知群(953064865) 的消息: 健康打卡已完成！
1 ... (-521042974) 
[2022-05-26 11:32:34] [INFO]: 发送群 科文学院21Z计科(913765781) 的消息: 健康打卡自动提醒
尚 ... (1234113792) 
[2022-05-26 11:32:36] [INFO]: 收到群 20软件1班官方群(927974093) 内 健康打卡小助手(3528275423) 的消息: 健康打卡自动提醒
尚未打卡的同学如下：
[CQ:at,qq=1501913223] 	
已打卡的同学请忽略此条消息
11:32:30 (-2063772362) 
[2022-05-26 11:32:45] [INFO]: 发送群 21软件2班(626284843) 的消息: 健康打卡已完成！
1 ... (66482141) 
[2022-05-26 11:32:52] [INFO]: 收到群 20软件2班官方群(953152455) 内 健康打卡小助手(3528275423) 的消息: 健康打卡自动提醒
尚未打卡的同学如下：
[CQ:at,qq=421712537] 	[CQ:at,qq=183268352] 	[CQ:at,qq=960919037] 	
已打卡的同学请忽略此条消息
11:32:46 (-1251317180) 
[2022-05-26 11:34:08] [INFO]: 收到群 潘安湖二手物品转卖群(949682820) 内 ☀(501741082) 的消息: 洗发水30r 沐浴露20r 吹风机小功率15r[CQ:image,file=438040874f299d05d6707a329ab06358.image,subType=0][CQ:image,file=188e69724a20c4b9cbc9f0033a242075.image,subType=0][CQ:image,file=5c98ccd0993bb37d24cf9e8c191d31b1.image,subType=0] (-1746121830) 
[2022-05-26 11:36:31] [INFO]: 收到群 潘安湖二手物品转卖群(949682820) 内 B组团(951659601) 的消息: 出物联网专业书 (-521438452) 
[2022-05-26 11:36:31] [INFO]: 收到群 潘安湖二手物品转卖群(949682820) 内 B组团(951659601) 的消息: [CQ:image,file=a006b8cd71b0806be955b030749dae6d.image,subType=0] (2044865206) 
[2022-05-26 11:36:32] [INFO]: 收到群 潘安湖二手物品转卖群(949682820) 内 B组团(951659601) 的消息: 出口罩，三块钱十片[CQ:image,file=ea116145590db52554c6a4ef3ec7e2d8.image][CQ:image,file=17de3254dbbc37bb615fc100aacd33ad.image][CQ:image,file=f60583f44c17d7686013886d549207fa.image] (249895456) 
[2022-05-26 11:39:16] [INFO]: 收到群 潘安湖二手物品转卖群(949682820) 内 Coke(2538472833) 的消息: 5r[CQ:image,file=dabc98f3d8ab833f24a386c2f28d26fa.image,subType=0] (-1870557309) 
[2022-05-26 11:42:16] [INFO]: 收到群 潘安湖二手物品转卖群(949682820) 内 ......(1506082823) 的消息: 有没有出租工学学士服的 (-410599659) 
[2022-05-26 11:44:45] [INFO]: 收到群 潘安湖二手物品转卖群(949682820) 内 ......(1506082823) 的消息: 收全新红糖 收全新理肤泉b5 收体重秤 收平底锅 (2123361967) 
[2022-05-26 11:45:03] [INFO]: 收到群 潘安湖二手物品转卖群(949682820) 内 E组团(2328960064) 的消息: 收得物优惠券 (159964729) 
[2022-05-26 11:46:32] [INFO]: 收到群 21数据官方群(673433432) 内 郑雨露(2047859253) 的消息: &#91;&#91;分享&#93;Agony邀请你一起编辑《21数据班回执信息记录表》&#93;请使用最新版本手机QQ查看[CQ:json,data={"app":"com.tencent.structmsg"&#44;"desc":"新闻"&#44;"view":"news"&#44;"ver":"0.0.0.1"&#44;"prompt":"&#91;分享&#93;Agony邀请你一起编辑《21数据班回执信息记录表》"&#44;"meta":{"news":{"action":""&#44;"android_pkg_name":""&#44;"app_type":1&#44;"appid":101458937&#44;"ctime":1645671171&#44;"desc":"在线表格"&#44;"jumpUrl":"https:\/\/docs.qq.com\/sheet\/DRmNwQlFPVHVvcEFB"&#44;"preview":"https:\/\/docs.idqqimg.com\/tim\/docs\/docs-design-resources\/mobile\/png@2x\/file_sheet_150@2x-379be1fb08.png"&#44;"source_icon":""&#44;"source_url":""&#44;"tag":"腾讯文档"&#44;"title":"Agony邀请你一起编辑《21数据班回执信息记录表》"&#44;"uin":2047859253}}&#44;"config":{"autosize":true&#44;"ctime":1645671171&#44;"forward":true&#44;"token":"34e08d0e2e852e083841aaa140bbf01e"&#44;"type":"normal"}}] (-605593507) 
[2022-05-26 11:46:51] [INFO]: 收到群 21数据官方群(673433432) 内 郑雨露(2047859253) 的消息: 收到请在在线文档里回复[CQ:at,qq=all]  (1122906599) 
[2022-05-26 11:57:03] [INFO]: 收到群 潘安湖二手物品转卖群(949682820) 内 媛宝要努力学习(3011126902) 的消息: 出泸溪河盘挞 (-1724398680) 
[2022-05-26 11:59:03] [INFO]: 收到群 潘安湖二手物品转卖群(949682820) 内 桃井里奈.(3375048757) 的消息: 蹲一个现在接打印能送到C组团的 (-298781890) 
[2022-05-26 12:03:31] [INFO]: 收到群 潘安湖二手物品转卖群(949682820) 内 小白(2175537387) 的消息: [CQ:image,file=3d93fd787a5e7689b374b15c92356c79.image,subType=0] (-1896383781) 
[2022-05-26 12:04:57] [INFO]: 收到群 21数据官方群(673433432) 内 魏乐翔(50830046) 的消息: [CQ:json,data={"app":"com.tencent.structmsg"&#44;"config":{"ctime":1653537897&#44;"forward":true&#44;"token":"ca077be1c0a0636ef6c75a93108e3e39"&#44;"type":"normal"}&#44;"desc":"新闻"&#44;"extra":{"app_type":1&#44;"appid":101458937&#44;"uin":50830046}&#44;"meta":{"news":{"action":""&#44;"android_pkg_name":""&#44;"app_type":1&#44;"appid":101458937&#44;"ctime":1653537897&#44;"desc":"腾讯文档-在线表格"&#44;"jumpUrl":"https://docs.qq.com/sheet/DUlRwSkJhVlpWd25Z"&#44;"preview":"https://docs.idqqimg.com/tim/docs/docs-design-resources/mobile/png@2x/file_sheet_150@2x-379be1fb08.png"&#44;"source_icon":"https://p.qpic.cn/qqconnect/0/app_101458937_1596103559/100?max-age=2592000&amp;t=0"&#44;"source_url":""&#44;"tag":"腾讯文档"&#44;"title":"21数据班每日核酸统计表"&#44;"uin":50830046}}&#44;"prompt":"&#91;分享&#93;21数据班每日核酸统计表"&#44;"ver":"0.0.0.1"&#44;"view":"news"}] (904462705) 
[2022-05-26 12:05:12] [INFO]: 收到群 潘安湖二手物品转卖群(949682820) 内 媛宝要努力学习(3011126902) 的消息: [CQ:reply,id=-1724398680][CQ:at,qq=3011126902] 出了 (-101692851) 
[2022-05-26 12:17:14] [INFO]: 收到群 潘安湖二手物品转卖群(949682820) 内 接代抄 代拿快递 abcd(2413544749) 的消息: 有无出月季花茶喝代代花茶的 (1626938359) 
[2022-05-26 12:19:53] [INFO]: 收到群 潘安湖二手物品转卖群(949682820) 内 微神(1543555904) 的消息: [CQ:image,file=f86dd2ff2e94727e9175366c33393bf1.image,subType=0] (402533217) 
[2022-05-26 12:19:53] [INFO]: 收到群 潘安湖二手物品转卖群(949682820) 内 微神(1543555904) 的消息: [CQ:image,file=4817a9ef1f3aaeb80b9705ca9f5aeb78.image,subType=0] (-1986347326) 
[2022-05-26 12:19:53] [INFO]: 收到群 潘安湖二手物品转卖群(949682820) 内 微神(1543555904) 的消息:  豆本豆豆奶 12瓶10块全部一起出  A组团自取 不讲价 (-23228844) 
[2022-05-26 12:20:02] [INFO]: 收到群 潘安湖二手物品转卖群(949682820) 内 微神(1543555904) 的消息:  豆本豆 豆奶 12瓶10块全部一起出  A组团自取 不讲价 (1737809902) 
[2022-05-26 12:25:03] [INFO]: 收到群 潘安湖二手物品转卖群(949682820) 内 emo怪(1326768287) 的消息: 想拼这个珂润/喵喵我想要水或者水和面霜/喵喵 [CQ:image,file=f4775b9cd7a0c0f75856179157dd7347.image,subType=0] (278130552) 
[2022-05-26 12:25:51] [INFO]: 收到群 潘安湖二手物品转卖群(949682820) 内 兜兜里藏着糖(2912906799) 的消息: [CQ:image,file=5297ae61a9408a4b14a454e4bd13b0ef.image,subType=0] (-2144537879) 
[2022-05-26 12:26:08] [INFO]: 收到群 潘安湖二手物品转卖群(949682820) 内 兜兜里藏着糖(2912906799) 的消息: 出衣架 (-148127105) 
[2022-05-26 12:29:02] [INFO]: 收到群 潘安湖二手物品转卖群(949682820) 内 帅哥1号(2268551581) 的消息: 收白色口罩 (-1044976612) 
[2022-05-26 12:29:27] [INFO]: 收到群 潘安湖二手物品转卖群(949682820) 内 郑郑不困(2738223854) 的消息: [CQ:reply,id=-1044976612][CQ:at,qq=2268551581] [CQ:at,qq=2268551581] 出n95口罩 (-1229857654) 
[2022-05-26 12:29:32] [INFO]: 收到群 潘安湖二手物品转卖群(949682820) 内 郑郑不困(2738223854) 的消息: [CQ:image,file=a94f33065920a2d5d14424c2e21e0b9f.image,subType=1] (800623920) 
[2022-05-26 12:29:42] [INFO]: 收到群 潘安湖二手物品转卖群(949682820) 内 帅哥1号(2268551581) 的消息: 不要n95 (1488960934) 
[2022-05-26 12:29:55] [INFO]: 收到群 潘安湖二手物品转卖群(949682820) 内 帅哥1号(2268551581) 的消息: n95我挺多.. (-958715899) 
[2022-05-26 12:30:07] [INFO]: 收到群 潘安湖二手物品转卖群(949682820) 内 帅哥1号(2268551581) 的消息: 太难受了 (-1310975853) 
[2022-05-26 12:30:10] [INFO]: 收到群 潘安湖二手物品转卖群(949682820) 内 帅哥1号(2268551581) 的消息: 那玩意 (685066537) 
[2022-05-26 12:30:24] [INFO]: 成员 kkkk(786251808) 离开了群 潘安湖二手物品转卖群(949682820). 
[2022-05-26 12:30:29] [INFO]: 收到群 潘安湖二手物品转卖群(949682820) 内 郑郑不困(2738223854) 的消息: 你康康我发的图是那种吗 (1607629247) 
[2022-05-26 12:30:49] [INFO]: 收到群 潘安湖二手物品转卖群(949682820) 内 帅哥1号(2268551581) 的消息: n95都一个样 (-814914514) 
[2022-05-26 12:30:53] [INFO]: 收到群 潘安湖二手物品转卖群(949682820) 内 帅哥1号(2268551581) 的消息: 憋的要死 (-1200991048) 
[2022-05-26 12:31:07] [INFO]: 收到群 潘安湖二手物品转卖群(949682820) 内 Ｇ1(2453765143) 的消息: [CQ:image,file=d42a3f8f1de1affad9aac1ca3c59bb06.image,subType=0] (-659694243) 
[2022-05-26 12:31:21] [INFO]: 收到群 潘安湖二手物品转卖群(949682820) 内 Ｇ1(2453765143) 的消息: 出口罩😷 (-1347752501) 
[2022-05-26 12:32:03] [INFO]: 发送群 18软件2班在线群(780548179) 的消息: 健康打卡自动提醒
尚 ... (630764859) 
[2022-05-26 12:32:14] [INFO]: 发送群 20Z计科通知群(540450397) 的消息: 健康打卡已完成！
1 ... (994561662) 
[2022-05-26 12:32:25] [INFO]: 发送群 科文学院21Z计科(913765781) 的消息: 健康打卡自动提醒
尚 ... (692624613) 
[2022-05-26 12:42:36] [INFO]: 收到群 20软件1班官方群(927974093) 内 健康打卡小助手(3528275423) 的消息: 今日健康打卡已完成！
12:42:30 (502531212) 
[2022-05-26 12:42:52] [INFO]: 收到群 20软件2班官方群(953152455) 内 健康打卡小助手(3528275423) 的消息: 今日健康打卡已完成！
12:42:46 (-1033020718) 
[2022-05-26 12:43:48] [INFO]: 收到群 潘安湖二手物品转卖群(949682820) 内 出冰可乐(3281710188) 的消息: 出野格 (916700273) 
[2022-05-26 12:47:12] [INFO]: 收到群 潘安湖二手物品转卖群(949682820) 内 Lee.(1526210233) 的消息: 收台灯 (1101303015) 
[2022-05-26 12:47:28] [INFO]: 群 20智能科学与技术(1014806242) 内 数电-张静宇老师(732257229) 上传了文件: 附件4：防范电信网络诈骗宣传手册.pdf 
[2022-05-26 12:47:51] [INFO]: 收到群 20Z计科通知群(540450397) 内 辅导员——王群(953060053) 的消息: [CQ:image,file=f78dd4b1bc9c04cb7e8dc5b2732980cf.image,subType=0]除以上同学外是否无同学申请返校了 回来后6.22、23号参加完毕业典礼办理完所有离校手续在离校哈 请知悉[CQ:at,qq=all] (1279327976) 
[2022-05-26 12:48:25] [INFO]: 收到群 20Z计科通知群(540450397) 内 周曾贤 19852067895(2419785771) 的消息: 不可以，当天往返吗 (-716591278) 
[2022-05-26 12:48:39] [INFO]: 收到群 20Z计科通知群(540450397) 内 周曾贤 19852067895(2419785771) 的消息: 宿舍连床铺都没有/笑哭 (-1571905596) 
[2022-05-26 12:49:11] [INFO]: 收到群 20Z计科通知群(540450397) 内 辅导员——王群(953060053) 的消息: [CQ:at,qq=2419785771] 可以考虑委托同学帮忙寄送行李 (1009388135) 
[2022-05-26 12:49:39] [INFO]: 收到群 20Z计科通知群(540450397) 内 张津诚 18905159100(758986751) 的消息: 就是要不就不返校，返校一定要到23号才能走对吗 (1261255409) 
[2022-05-26 12:49:47] [INFO]: 收到群 潘安湖二手物品转卖群(949682820) 内 帅哥1号(2268551581) 的消息: 白给，没写字的[CQ:image,file=b42abaa0112e89086edc84ea8e6037aa.image,subType=0] (-541058748) 
[2022-05-26 12:49:58] [INFO]: 收到群 潘安湖二手物品转卖群(949682820) 内 帅哥1号(2268551581) 的消息: d自自提 (-1463342638) 
[2022-05-26 12:51:49] [INFO]: 收到群 20Z计科通知群(540450397) 内 辅导员——王群(953060053) 的消息: 回来要做核酸 22\23有毕业典礼 来都来了 处理完事情  见见同学、班主任呗   大家考虑哈 (-769365173) 
[2022-05-26 12:53:38] [INFO]: 收到群 20Z计科通知群(540450397) 内 周曾贤 19852067895(2419785771) 的消息: 主要是宿舍床铺都没有，没洗没晒，要过去还得带铺盖的，带过去过不了几天就又要带回来 (-1524409379) 
[2022-05-26 12:53:50] [INFO]: 收到群 20Z计科通知群(540450397) 内 辅导员——王群(953060053) 的消息: 下午4:30前我导出名单上报  有变动的话大家两个在线文档更新 (899434060) 
[2022-05-26 12:54:48] [INFO]: 收到群 20Z计科通知群(540450397) 内 辅导员——王群(953060053) 的消息: [CQ:at,qq=2419785771] 行李都不在的话 可以不过来  委托同学协助办理其他事情一样的 (1117484762) 
[2022-05-26 12:54:59] [INFO]: 收到群 20智能科学与技术(1014806242) 内 数电-张静宇老师(732257229) 的消息: [CQ:json,data={"app":"com.tencent.structmsg"&#44;"config":{"ctime":1653540898&#44;"forward":true&#44;"token":"32cbcb52241d321c05fb2e30f9e2cb1e"&#44;"type":"normal"}&#44;"desc":"新闻"&#44;"extra":{"app_type":1&#44;"appid":101458937&#44;"uin":732257229}&#44;"meta":{"news":{"action":""&#44;"android_pkg_name":""&#44;"app_type":1&#44;"appid":101458937&#44;"ctime":1653540898&#44;"desc":"腾讯文档-在线表格"&#44;"jumpUrl":"https://docs.qq.com/sheet/DTnpoamRtS0hyVFVX"&#44;"preview":"https://docs.idqqimg.com/tim/docs/docs-design-resources/mobile/png@2x/file_sheet_150@2x-379be1fb08.png"&#44;"source_icon":"https://p.qpic.cn/qqconnect/0/app_101458937_1596103559/100?max-age=2592000&amp;t=0"&#44;"source_url":""&#44;"tag":"腾讯文档"&#44;"title":"附件1：学生参与非法集资和被诈骗情况摸底统计表"&#44;"uin":732257229}}&#44;"prompt":"&#91;分享&#93;附件1：学生参与非法集资和被诈骗情况摸底统计表"&#44;"ver":"0.0.0.1"&#44;"view":"news"}] (-1276261086) 
[2022-05-26 12:55:39] [INFO]: 收到群 20智能科学与技术(1014806242) 内 数电-张静宇老师(732257229) 的消息: 学校统计大家有没有参与法集资，或被诈骗的情况。如果有，请填在线表格 (719625368) 
[2022-05-26 12:55:50] [INFO]: 收到群 20Z计科通知群(540450397) 内 张津诚 18905159100(758986751) 的消息: 就是想知道学校这个待到23号参加毕业典礼是建议性的还是强制性的，如果是强制性的话要我们要想一想返不返校，毕竟返校再住几天还是不太方便的。 (275422653) 
[2022-05-26 12:56:10] [INFO]: 收到群 潘安湖二手物品转卖群(949682820) 内 接代抄 代拿快递 abcd(2413544749) 的消息: [CQ:image,file=7b57ee60fcac4705c2a127e96b1fecf1.image,subType=0] (835614824) 
[2022-05-26 12:56:20] [INFO]: 收到群 20智能科学与技术(1014806242) 内 数电-张静宇老师(732257229) 的消息: 另外，应学校要求，晚上七点开个简短的在线班会#腾讯会议：788-748-5275[CQ:at,qq=all] (1575201806) 
[2022-05-26 12:56:29] [INFO]: 收到群 20Z计科通知群(540450397) 内 张津诚 18905159100(758986751) 的消息: 如果是建议性的话，就18号先返校，尽量自己把手续办了东西拿走，也少麻烦同学 (1735241003) 
[2022-05-26 12:56:32] [INFO]: 收到群 20智能科学与技术(1014806242) 内 数电-张静宇老师(732257229) 的消息: 今天应该做核酸的别忘了 (-1014548051) 
[2022-05-26 12:56:34] [INFO]: 收到群 20Z计科通知群(540450397) 内 辅导员——王群(953060053) 的消息: [CQ:at,qq=758986751] 你可以给我打电话 (-26936175) 
[2022-05-26 12:59:24] [INFO]: 收到群 潘安湖二手物品转卖群(949682820) 内 江东小小胖(1529584054) 的消息: 收洗衣液 (1187596542) 
[2022-05-26 12:59:32] [INFO]: 收到群 潘安湖二手物品转卖群(949682820) 内 江东小小胖(1529584054) 的消息: 有的私 (-696887953) 
[2022-05-26 13:09:56] [INFO]: 收到群 20软件3班通知群(953064865) 内 17-李承家-生活委员(2399479920) 的消息: 各位同学下午好:
学院资助中心举办“诚信立身 砥砺前行——2022年科文学院诚信教育专题讲座”将在本周五线上进行，（5月27日下午7点，腾讯会议：692 199 353），届时科文学院16级财务管理系毕业生、徐州农村商业银行股份有限公司新集支行客户经理、贾汪区汴塘镇许阳村挂职金融村官 吴岩将担任主讲人，请各班级组织3位建档生或助学贷款学生参会，有1个pu分。请有意向的同学把信息报给我@全体成员  (-1745439884) 
[2022-05-26 13:11:16] [INFO]: 收到群 潘安湖二手物品转卖群(949682820) 内 帅哥1号(2268551581) 的消息: [CQ:reply,id=-541058748][CQ:at,qq=2268551581] 已出 (-1586403847) 
[2022-05-26 13:17:57] [INFO]: 收到群 潘安湖二手物品转卖群(949682820) 内 北岛奈耐(2714616749) 的消息: 有接打印的吗 (-209678690) 
[2022-05-26 13:28:33] [INFO]: 收到群 潘安湖二手物品转卖群(949682820) 内 E组团(2328960064) 的消息: 6💰[CQ:image,file=0e3b709153a2a7dafa9119c6ff20aa5f.image,subType=0] (-2071478776) 
[2022-05-26 13:32:04] [INFO]: 发送群 18软件2班在线群(780548179) 的消息: 健康打卡自动提醒
尚 ... (1386186157) 
[2022-05-26 13:32:15] [INFO]: 发送群 科文学院21Z计科(913765781) 的消息: 健康打卡已完成！
1 ... (1582279795) 
[2022-05-26 13:34:56] [INFO]: 收到群 潘安湖二手物品转卖群(949682820) 内 g组(1023725239) 的消息: 15r出广宁芝熔岩巧克力 (495906738) 
[2022-05-26 13:40:45] [INFO]: 收到群 20Z计科通知群(540450397) 内 辅导员——王群(953060053) 的消息: [CQ:image,file=1bfd83a1b9bd1164dbebc4b7ea7de858.image,subType=0] (-1989948409) 
[2022-05-26 13:42:07] [INFO]: 收到群 20Z计科通知群(540450397) 内 辅导员——王群(953060053) 的消息: 请张霞同学尽快发起团关系网上转接 转接过程中的同学可以主动联系下转入支部完成接收手续  如有特殊情况 明天团支书会另行统计[CQ:face,id=118] (386357668) 
[2022-05-26 13:43:57] [INFO]: 收到群 20Z计科通知群(540450397) 内 张霞+18252178647(2420218396) 的消息: 收到 (1610639666) 
[2022-05-26 13:51:32] [INFO]: 收到群 潘安湖二手物品转卖群(949682820) 内 接代抄 代拿快递 abcd(2413544749) 的消息: 出两份混合凉皮 8r一份 可送至组团楼下 (1787420452) 
[2022-05-26 13:52:03] [INFO]: 发送群 18软件2班在线群(780548179) 的消息: 健康打卡自动提醒
尚 ... (-879307753) 
[2022-05-26 13:54:57] [INFO]: 收到群 潘安湖二手物品转卖群(949682820) 内 B组团(951659601) 的消息: 出衣架，两个三块钱 (-185775481) 
[2022-05-26 13:54:57] [INFO]: 收到群 潘安湖二手物品转卖群(949682820) 内 B组团(951659601) 的消息: [CQ:image,file=37eb263d2895cd878f9e0de039501c67.image,subType=0] (-2081785327) 
[2022-05-26 13:57:44] [INFO]: 收到群 20Z计科通知群(540450397) 内 辅导员——王群(953060053) 的消息: 刚打电话又明确了一下 返校后离校时间可以自己决定 但是在校期间一定严格按照疫情防控要求 做核酸  请大家明确哈   如离校请一定办理完所有离宿手续后提前联系我办理出门手续 来校家长及车辆不能进校[CQ:face,id=118] (-116836216) 
[2022-05-26 13:58:41] [INFO]: 收到群 21软件2班(626284843) 内 王明玮(2990317540) 的消息: [CQ:at,qq=all] 毛概作业周五之前记得发给我 (-1823903156) 
[2022-05-26 14:00:04] [INFO]: 收到群 潘安湖二手物品转卖群(949682820) 内 烤鸭烧烤(2230772995) 的消息: 出🍺 (451095467) 
[2022-05-26 14:07:50] [INFO]: 收到群 20Z计科通知群(540450397) 内 辅导员——王群(953060053) 的消息: 【无锡汇才/帆软联合春招-技术支持工程师线上宣讲会】
宣讲信息：2022/5/26，下午三点，腾讯会议链接：https://meeting.tencent.com/dm/PFmp8MnU8cor
带你短时间快速了解岗位和团队情况，宣讲结束更有现场红包雨等大家哦！[CQ:face,id=0][CQ:face,id=0]
网申投递地址：https://t6ixa9nyl6.jiandaoyun.com/f/611b970314ab8f0007bf4ad2
招聘岗位
技术支持工程师
薪资情况：基本薪资税前6000+KPI0-1500+年终奖（足额缴纳五险一金）
工作地点：无锡锡山八佰伴写字楼

岗位职责：
1、负责解答客户有关技术方面的咨询。
2、负责与客户沟通，通过网络为主的方式，协调和处理客户在产品使用过程中的各类问题。
3、负责客户回访及相关产品及服务满意度提升的研究及推进工作。
4、搜集并整理已售产品的运行信息，实行建档追踪管理，为公司管理提供数据依据和产品改进建议。
任职要求：
1、本科及以上学历，理工科相关专业；
2、良好的沟通表达能力、服务意识和强烈的责任心，踏实上进；
3、具体良好的学习能力，接触过数据库知识、对计算机或软件有一定技术基础的优先。
4，逻辑思维强，能独立自主的达成目标任务。@全体成员 (-1911683042) 
[2022-05-26 14:12:06] [INFO]: 收到群 20软件2班官方群(953152455) 内 徐程 13106357838(2293923761) 的消息: 各位同学：
学院资助中心举办“诚信立身 砥砺前行——2022年科文学院诚信教育专题讲座”将在本周五线上进行，（5月27日下午7点，腾讯会议：692 199 353），届时科文学院16级财务管理系毕业生、徐州农村商业银行股份有限公司新集支行客户经理、贾汪区汴塘镇许阳村挂职金融村官 吴岩将担任主讲人，请各班级组织3位建档生或助学贷款学生参会，有1个pu分。有想要申请的联系我。 (1533283176) 
[2022-05-26 14:14:04] [INFO]: 收到群 潘安湖二手物品转卖群(949682820) 内 啥？代自习选我(1062766048) 的消息: 出大二大三大四日语专业课本和书籍

高级日语 高级阅读 文学史笔译 日本企业概论等专业课和选修课书～ (1843665725) 
[2022-05-26 14:16:38] [INFO]: 收到群 潘安湖二手物品转卖群(949682820) 内 接代抄 代拿快递 abcd(2413544749) 的消息: 出两份混合凉皮 8r一份 可送至组团楼下 (-44366164) 
[2022-05-26 14:17:54] [INFO]: 群 21软件2班(626284843) 内 29权文亭(2247394331) 上传了文件: 21级人工智能与软件学院积分未满40分.xlsx 
[2022-05-26 14:18:40] [INFO]: 收到群 21软件2班(626284843) 内 29权文亭(2247394331) 的消息: 请学分未达标的同学注意‼️[CQ:at,qq=all]  (-1228953155) 
[2022-05-26 14:22:07] [INFO]: 收到群 18软件2班在线群(780548179) 内 盛老师(511754133) 的消息: 【无锡汇才/帆软联合春招-技术支持工程师线上宣讲会】
宣讲信息：2022/5/26，下午三点，腾讯会议链接：https://meeting.tencent.com/dm/PFmp8MnU8cor
带你短时间快速了解岗位和团队情况，宣讲结束更有现场红包雨等大家哦！[CQ:face,id=0][CQ:face,id=0]
网申投递地址：https://t6ixa9nyl6.jiandaoyun.com/f/611b970314ab8f0007bf4ad2
招聘岗位
技术支持工程师
薪资情况：基本薪资税前6000+KPI0-1500+年终奖（足额缴纳五险一金）
工作地点：无锡锡山八佰伴写字楼

岗位职责：
1、负责解答客户有关技术方面的咨询。
2、负责与客户沟通，通过网络为主的方式，协调和处理客户在产品使用过程中的各类问题。
3、负责客户回访及相关产品及服务满意度提升的研究及推进工作。
4、搜集并整理已售产品的运行信息，实行建档追踪管理，为公司管理提供数据依据和产品改进建议。
任职要求：
1、本科及以上学历，理工科相关专业；
2、良好的沟通表达能力、服务意识和强烈的责任心，踏实上进；
3、具体良好的学习能力，接触过数据库知识、对计算机或软件有一定技术基础的优先。
4，逻辑思维强，能独立自主的达成目标任务。@全体成员 (-1131289471) 
[2022-05-26 14:22:27] [INFO]: 收到群 18软件2班在线群(780548179) 内 盛老师(511754133) 的消息: 请未就业的同学及时关注[CQ:face,id=63] (741275920) 
[2022-05-26 14:26:06] [INFO]: 收到群 21软件3班通知群(684039593) 内 陈继若15670470371(924617592) 的消息: 各位同学，这是我们班本学年PU未满40学分的同学名单，请这几位同学尽快完成规定分值，以防后续成为PU重点关照对象/菜汪[CQ:at,qq=all]  (-1283543106) 
[2022-05-26 14:26:15] [INFO]: 收到群 21软件3班通知群(684039593) 内 陈继若15670470371(924617592) 的消息: [CQ:image,file=84ca2daa95d02958a83ecd0618a928d4.image,subType=0] (-998662360) 
[2022-05-26 14:28:04] [INFO]: 收到群 潘安湖二手物品转卖群(949682820) 内 ZZ(2129543694) 的消息: [CQ:image,file=2d7afc39363b40614a407c8de326d50d.image,subType=0] (-1973668294) 
[2022-05-26 14:28:04] [INFO]: 收到群 潘安湖二手物品转卖群(949682820) 内 陌年(1205578199) 的消息: 出[CQ:image,file=30f703895996d24050f0c7dfe4c95926.image,subType=0][CQ:image,file=7405cca1601b320add81320d931eae40.image,subType=0][CQ:image,file=f970668e0b11c3c207a63986bd88de12.image,subType=0][CQ:image,file=7f25fceff1d72526904d56ed33165100.image,subType=0][CQ:image,file=b0f4e0c57be80a45b31edd0db5ee7f52.image,subType=0][CQ:image,file=28b4ba53e1634dbceddaab1908a496df.image,subType=0][CQ:image,file=a2e3d6611f3c5dcf0109815e00a586a1.image,subType=0][CQ:image,file=b067b1a6e6ceb77a1bdcf64689127117.image,subType=0][CQ:image,file=4e1925118d7536e08bf1e29f0230da89.image,subType=0] (-358891553) 
[2022-05-26 14:28:06] [INFO]: 收到群 潘安湖二手物品转卖群(949682820) 内 ZZ(2129543694) 的消息: 出垃圾桶 (-1650684087) 
[2022-05-26 14:39:34] [INFO]: 收到群 新蜂生活超市(854452883) 内 凌空子(80000000) 的消息: uu们，我们学校寄快递的时间是几点到几点呀 (-1234165922) 
[2022-05-26 14:39:59] [INFO]: 收到群 新蜂生活超市(854452883) 内 一根忧郁的钢笔(1403614096) 的消息: 应该是和拿快递的时间一样的吧 (796479204) 
[2022-05-26 14:40:26] [INFO]: 收到群 新蜂生活超市(854452883) 内 一根忧郁的钢笔(1403614096) 的消息: 两点以后还是三点以后 (1484684914) 
[2022-05-26 14:40:41] [INFO]: 收到群 新蜂生活超市(854452883) 内 Cheryl(1482820006) 的消息: [CQ:image,file=8dab3868d432cd2e10d3ee9b7c77624f.image,subType=0] (-926850077) 
[2022-05-26 14:45:05] [INFO]: 收到群 潘安湖二手物品转卖群(949682820) 内 陌年(1205578199) 的消息: [CQ:image,file=a8931b9179bdb918208d460defce14f0.image,subType=0] (76930803) 
[2022-05-26 14:45:14] [INFO]: 群 21软件3班通知群(684039593) 内 夏康宁15150083010(373505118) 上传了文件: 附件4：防范电信网络诈骗宣传手册.pdf 
[2022-05-26 14:45:48] [INFO]: 收到群 新蜂生活超市(854452883) 内 凌空子(80000000) 的消息: [CQ:image,file=dfd32e892e225ab733e043436e4dbd00.image,subType=7] (-1077521547) 
[2022-05-26 14:52:03] [INFO]: 发送群 18软件2班在线群(780548179) 的消息: 健康打卡自动提醒
尚 ... (1529465222) 
[2022-05-26 15:01:33] [INFO]: 收到群 潘安湖二手物品转卖群(949682820) 内 陌年(1205578199) 的消息: [CQ:image,file=e0ad743dd99f90bf634c8e1122bef407.image,subType=0] (1939009125) 
[2022-05-26 15:01:39] [INFO]: 收到群 新蜂生活超市(854452883) 内 增长天王(80000000) 的消息: 老板，超市有娃哈哈纯净水吗 (-553526640) 
[2022-05-26 15:02:47] [INFO]: 收到群 潘安湖二手物品转卖群(949682820) 内 接代抄 代拿快递 abcd(2413544749) 的消息: [CQ:image,file=62ccbef9bac0b3b631f18b086d7c32d7.image,subType=0] (-302613562) 
[2022-05-26 15:05:43] [INFO]: 收到群 新蜂生活超市(854452883) 内 增长天王(80000000) 的消息: [CQ:at,qq=105070597]  (-1475941882) 
[2022-05-26 15:06:24] [INFO]: 收到群 新蜂生活超市(854452883) 内 新蜂生活超市(105070597) 的消息: [CQ:reply,id=-553526640]现在没有进货，要自己搬上楼，太累了 (823114684) 
[2022-05-26 15:07:25] [INFO]: 收到群 新蜂生活超市(854452883) 内 增长天王(80000000) 的消息: 过几天能有吗😂 (1174965034) 
[2022-05-26 15:07:40] [INFO]: 收到群 新蜂生活超市(854452883) 内 新蜂生活超市(105070597) 的消息: [CQ:image,file=a32aafd28d5f5c4d53a9e97914638968.image,subType=7] (-664002935) 
[2022-05-26 15:07:48] [INFO]: 收到群 新蜂生活超市(854452883) 内 新蜂生活超市(105070597) 的消息: 估计没有，这个卖的不好 (-1351930337) 
[2022-05-26 15:08:09] [INFO]: 收到群 新蜂生活超市(854452883) 内 增长天王(80000000) 的消息: [CQ:face,id=5]想买回来敷脸 (912424869) 
[2022-05-26 15:08:27] [INFO]: 收到群 新蜂生活超市(854452883) 内 新蜂生活超市(105070597) 的消息: [CQ:image,file=550045d8fe34e16580766eca29e0b5d9.image,subType=7] (1097158451) 
[2022-05-26 15:08:29] [INFO]: 收到群 20软件1班官方群(927974093) 内 学习委员 吴玉涵(2915786685) 的消息: 【友情提醒】：截至目前，各教师学评教参评率约为40%，学评教截止日期为5月28日0点，本次不参与学评教的学生无法进行下学期公共选修课选课@全体成员  (1794323482) 
[2022-05-26 15:08:48] [INFO]: 收到群 新蜂生活超市(854452883) 内 新蜂生活超市(105070597) 的消息: 农夫，怡宝……不行？ (-774221150) 
[2022-05-26 15:09:42] [INFO]: 收到群 新蜂生活超市(854452883) 内 增长天王(80000000) 的消息: 不太行[CQ:face,id=5]娃哈哈纯净水比一般纯净水都干净 (-1495440844) 
[2022-05-26 15:10:03] [INFO]: 收到群 新蜂生活超市(854452883) 内 新蜂生活超市(105070597) 的消息: [CQ:image,file=984b6ca817bbc4f431babb977cda2815.image,subType=7] (1486472799) 
[2022-05-26 15:10:08] [INFO]: 收到群 新蜂生活超市(854452883) 内 新蜂生活超市(105070597) 的消息: 不太懂 (798947017) 
[2022-05-26 15:10:11] [INFO]: 收到群 新蜂生活超市(854452883) 内 林苑(3342880093) 的消息: [CQ:image,file=4f8bad40e4647aae3e6f49b70e0e5609.image,subType=1] (-1231575181) 
[2022-05-26 15:10:16] [INFO]: 收到群 20软件2班官方群(953152455) 内 张彦伟195 5163 5017(1458335158) 的消息: 【友情提醒】：截至目前，各教师学评教参评率约为40%，学评教截止日期为5月28日0点，本次不参与学评教的学生无法进行下学期公共选修课选课，请未进行学评教的学生进行评教。@全体成员  (744700926) 
[2022-05-26 15:10:18] [INFO]: 收到群 新蜂生活超市(854452883) 内 增长天王(80000000) 的消息: 😂 (-1047488539) 
[2022-05-26 15:11:48] [INFO]: 收到群 21软件3班通知群(684039593) 内 夏康宁15150083010(373505118) 的消息: [CQ:image,file=abb2dc5110770b2e3912e4d6d354320c.image,subType=0] (599896623) 
[2022-05-26 15:12:30] [INFO]: 收到群 21软件3班通知群(684039593) 内 夏康宁15150083010(373505118) 的消息: 都看看是怎么费尽心思掏空你们钱包的 (1898993992) 
[2022-05-26 15:12:48] [INFO]: 群 20软件1班官方群(927974093) 内 夏康宁15150083010(373505118) 上传了文件: 附件4：防范电信网络诈骗宣传手册.pdf 
[2022-05-26 15:12:48] [INFO]: 收到群 20软件1班官方群(927974093) 内 夏康宁15150083010(373505118) 的消息: 都看看是怎么费尽心思掏空你们钱包的 (-2087677649) 
[2022-05-26 15:12:56] [INFO]: 收到群 20软件1班官方群(927974093) 内 夏康宁15150083010(373505118) 的消息: [CQ:image,file=abb2dc5110770b2e3912e4d6d354320c.image,subType=0] (446283925) 
[2022-05-26 15:13:28] [INFO]: 收到群 新蜂生活超市(854452883) 内 青龙(80000000) 的消息: 超市有碱体达人的那个饼干吗 (1609826886) 
[2022-05-26 15:15:37] [INFO]: 收到群 20软件1班官方群(927974093) 内 夏康宁15150083010(373505118) 的消息: 可能会说，钱包空空，根本没钱，但没钱并不是问题，提供身份证就可以了，用你的身份信息到处贷款，让你背黑锅，也不是不可以/汪汪 (1839132675) 
[2022-05-26 15:15:56] [INFO]: 收到群 21软件3班通知群(684039593) 内 夏康宁15150083010(373505118) 的消息: 可能会说，钱包空空，根本没钱，但没钱并不是问题，提供身份证就可以了，用你的身份信息到处贷款，让你背黑锅，也不是不可以/汪汪 (104294878) 
[2022-05-26 15:26:03] [INFO]: 收到群 潘安湖二手物品转卖群(949682820) 内 f(1377213644) 的消息: 找人拼[CQ:image,file=f71115d83df6ed8aa38e81d65562777c.image,subType=0] (-1695462576) 
[2022-05-26 15:30:54] [INFO]: 收到群 潘安湖二手物品转卖群(949682820) 内 陌年(1205578199) 的消息: [CQ:image,file=4fe0bab8b4c8d06fa910f088d639ed8b.image,subType=0] (66591466) 
[2022-05-26 15:34:14] [INFO]: 收到群 潘安湖二手物品转卖群(949682820) 内 已经抱紧了(1500387706) 的消息: [CQ:image,file=aebde0796ef508f250d0f72431e2a02a.image,subType=0] (1962879612) 
[2022-05-26 15:34:16] [INFO]: 收到群 潘安湖二手物品转卖群(949682820) 内 已经抱紧了(1500387706) 的消息: [CQ:image,file=4094868567438cf7571396e9a14932d7.image,subType=0] (-465553427) 
[2022-05-26 15:34:16] [INFO]: 收到群 潘安湖二手物品转卖群(949682820) 内 已经抱紧了(1500387706) 的消息: [CQ:image,file=59b72ec1ce4685da35fcf1b959c214ab.image,subType=0] (-1824061573) 
[2022-05-26 15:35:17] [INFO]: 收到群 20软件3班通知群(953064865) 内 51-张杨铭-学习委员(1580150609) 的消息:     5月27日（明天）为《大学生劳动教育》课程线上考试最后一天，请提醒未完成考试的同学尽快完成线上考试。本课程为必修学分课程，纳入正常考试，按学籍管理规定，课程考试不及格需补考，补考不及格需重修。如缺考需重修（没有补考机会）
    另外，还未完成视频学习的同学也请注意截止时间@全体成员 (122269413) 
[2022-05-26 15:36:02] [INFO]: 收到群 20软件1班官方群(927974093) 内 学习委员 吴玉涵(2915786685) 的消息: 20-21级学委：
    5月27日（明天）为《大学生劳动教育》课程线上考试最后一天，请提醒未完成考试的同学尽快完成线上考试。本课程为必修学分课程，纳入正常考试，按学籍管理规定，课程考试不及格需补考，补考不及格需重修。如缺考需重修（没有补考机会）
    另外，还未完成视频学习的也再提醒注意截止时间@全体成员 (-48108142) 
[2022-05-26 15:36:16] [INFO]: 收到群 20软件3班通知群(953064865) 内 39-王晨涛-学习委员(936211492) 的消息: 学评教截止日期为5月28日0点，本次不参与学评教的学生无法进行下学期公共选修课选课，请未进行学评教的同学进行评教[CQ:at,qq=all] (1884200563) 
[2022-05-26 15:37:39] [INFO]: 收到群 潘安湖二手物品转卖群(949682820) 内 serendipity(1466618633) 的消息: 收卷纸 e组团的 (1828954896) 
[2022-05-26 15:37:42] [INFO]: 收到群 潘安湖二手物品转卖群(949682820) 内 serendipity(1466618633) 的消息: 现在就要 (436507526) 
[2022-05-26 15:38:01] [INFO]: 收到群 20智能科学与技术(1014806242) 内 54  郑宁宁(2872124414) 的消息: 【友情提醒】：截至目前，各教师学评教参评率约为40%，学评教截止日期为5月28日0点，本次不参与学评教的学生无法进行下学期公共选修课选课，请各学委督促未进行学评教的学生进行评教。@全体成员  (-1266677445) 
[2022-05-26 15:38:10] [INFO]: 收到群 20智能科学与技术(1014806242) 内 54  郑宁宁(2872124414) 的消息: 20-21级学委：
    5月27日（明天）为《大学生劳动教育》课程线上考试最后一天，请提醒未完成考试的同学尽快完成线上考试。本课程为必修学分课程，纳入正常考试，按学籍管理规定，课程考试不及格需补考，补考不及格需重修。如缺考需重修（没有补考机会）
    另外，还未完成视频学习的也再提醒注意截止时间@全体成员 (763975809) 
[2022-05-26 15:38:26] [INFO]: 收到群 20智能科学与技术(1014806242) 内 54  郑宁宁(2872124414) 的消息: 5月27日（明天）为《大学生劳动教育》课程线上考试最后一天，请提醒未完成考试的同学尽快完成线上考试。本课程为必修学分课程，纳入正常考试，按学籍管理规定，课程考试不及格需补考，补考不及格需重修。如缺考需重修（没有补考机会）
    另外，还未完成视频学习的也再提醒注意截止时间@全体成员 (1519282199) 
[2022-05-26 15:38:40] [INFO]: 收到群 20软件1班官方群(927974093) 内 学习委员 吴玉涵(2915786685) 的消息: [CQ:image,file=11342491b7bc7b57256229996515c7d6.image,subType=0]    软件工程考试改教室了 改成210 如果坐不下的同学就去201[CQ:at,qq=all] (-1977164540) 
[2022-05-26 15:43:09] [INFO]: 收到群 20智能科学与技术(1014806242) 内 12   李欣悦(372084875) 的消息: 各位19、20、21级生活委员：
    学院资助中心举办“诚信立身 砥砺前行——2022年科文学院诚信教育专题讲座”将在本周五线上进行，（5月27日下午7点，腾讯会议：692 199 353），届时科文学院16级财务管理系毕业生、徐州农村商业银行股份有限公司新集支行客户经理、贾汪区汴塘镇许阳村挂职金融村官 吴岩将担任主讲人，请各班级组织3位建档生或助学贷款学生参会，有1个pu分。请生活委员于今天16:40前填写《2022诚信教育参会名单》。【金山文档】 2022诚信教育参会名单（及问题征集）
https://kdocs.cn/l/caIGNHnfpZ9I@全体成员 (-902728314) 
[2022-05-26 15:44:12] [INFO]: 收到群 20智能科学与技术(1014806242) 内 12   李欣悦(372084875) 的消息: 学院资助中心举办“诚信立身 砥砺前行——2022年科文学院诚信教育专题讲座”将在本周五线上进行，（5月27日下午7点，腾讯会议：692 199 353），届时科文学院16级财务管理系毕业生、徐州农村商业银行股份有限公司新集支行客户经理、贾汪区汴塘镇许阳村挂职金融村官 吴岩将担任主讲人，请各班级组织3位建档生或助学贷款学生参会，有1个pu分。[CQ:at,qq=all] 
 (-1120516848) 
[2022-05-26 15:45:10] [INFO]: 收到群 潘安湖二手物品转卖群(949682820) 内 f(1227379498) 的消息: 收抽纸 (-2096250308) 
[2022-05-26 15:45:26] [INFO]: 收到群 20软件1班官方群(927974093) 内 学习委员 吴玉涵(2915786685) 的消息: [CQ:image,file=44caac6419febc9d5f5bdd7fbf1420bf.image,subType=0]   软件工程考试更改教室 改为201 别跑错了 (-656984477) 
[2022-05-26 15:45:29] [INFO]: 收到群 20软件1班官方群(927974093) 内 学习委员 吴玉涵(2915786685) 的消息: [CQ:at,qq=all]  (-1345321227) 
[2022-05-26 15:47:29] [INFO]: 收到群 20软件3班通知群(953064865) 内 51-张杨铭-学习委员(1580150609) 的消息: [CQ:image,file=e1237078bdf1d419bdf2d4c7cf612278.image,subType=0]软件工程考试教室有改动，请大家注意一下（可能出现几台电脑有损坏情况，换台电脑哈）@全体成员 (277419926) 
[2022-05-26 15:48:02] [INFO]: 收到群 潘安湖二手物品转卖群(949682820) 内 枫叶(1455646772) 的消息: f收零食带图带价来 (-200609110) 
[2022-05-26 15:48:02] [INFO]: 群 潘安湖二手物品转卖群(949682820) 的 25(1455646772) 更新了名片  -> 25 
[2022-05-26 15:50:42] [INFO]: 收到群 新蜂生活超市(854452883) 内 新蜂生活超市(105070597) 的消息: [CQ:reply,id=1609826886]啥样的？ (687026896) 
[2022-05-26 15:53:06] [INFO]: 收到群 潘安湖二手物品转卖群(949682820) 内 25(1730456904) 的消息: 有无出金色的笔 (1785620233) 
[2022-05-26 15:58:51] [INFO]: 收到群 21数据官方群(673433432) 内 郑雨露(2047859253) 的消息: 【友情提醒】：截至目前，各教师学评教参评率约为40%，学评教截止日期为5月28日0点，本次不参与学评教的学生无法进行下学期公共选修课选课，请未进行学评教的学生进行评教。[CQ:at,qq=all]  (-1521083168) 
[2022-05-26 15:59:31] [INFO]: 收到群 20智能科学与技术(1014806242) 内 53 赵麒博(1039590424) 的消息: 线上会议哦，就可以有，1pu分 (-571355915) 
[2022-05-26 15:59:38] [INFO]: 收到群 21数据官方群(673433432) 内 郑雨露(2047859253) 的消息: [CQ:at,qq=all] ：
    5月27日（明天）为《大学生劳动教育》课程线上考试最后一天，请未完成考试的同学尽快完成线上考试。本课程为必修学分课程，纳入正常考试，按学籍管理规定，课程考试不及格需补考，补考不及格需重修。如缺考需重修（没有补考机会）
    另外，还未完成视频学习的也注意截止时间 (-766432138) 
[2022-05-26 16:00:13] [INFO]: 收到群 新蜂生活超市(854452883) 内 新蜂生活超市(105070597) 的消息: [CQ:image,file=c289a4fe850a88ae9e8a5d91d49609d9.image,subType=0] (-1308990614) 
[2022-05-26 16:00:25] [INFO]: 收到群 新蜂生活超市(854452883) 内 新蜂生活超市(105070597) 的消息: 有认识的嘛？来超市领取 (-956476420) 
[2022-05-26 16:04:21] [INFO]: 收到群 潘安湖二手物品转卖群(949682820) 内 ๑•̌.•̑๑(2689141127) 的消息: 收寄件券 (493442975) 
[2022-05-26 16:08:35] [INFO]: 收到群 20Z计科通知群(540450397) 内 辅导员——王群(953060053) 的消息: [CQ:image,file=87977bbed4acaea432e48f86242cfb6a.image,subType=0]返校的以上同学 是否不更改了 (514921871) 
[2022-05-26 16:16:43] [INFO]: 收到群 20Z计科通知群(540450397) 内 辅导员——王群(953060053) 的消息: 请以上同学检查一下是否填写【金山文档】 附件3：江苏师范大学科文学院学生返校申报审核情况一览表
https://kdocs.cn/l/cmUrcjdcSGvM，今晚下载附件填写附件2 信息请和在线文档信息保持一致，返校时出示附件1、附件5  返校前需出示连续三天的核酸检测证明，方能入校，附件2请今晚填好发给潜艺筝 [CQ:at,qq=all] (1773544729) 
[2022-05-26 16:18:09] [INFO]: 收到群 20Z计科通知群(540450397) 内 潜艺筝 17712117344(1772203969) 的消息: 文件名以宿舍号+自己姓名 命名 (158444796) 
[2022-05-26 16:18:10] [INFO]: 群 20Z计科通知群(540450397) 内 潜艺筝 17712117344(1772203969) 上传了文件: 附件2：江苏师范大学科文学院学生返校申报表.docx 
[2022-05-26 16:19:08] [INFO]: 收到群 20Z计科通知群(540450397) 内 潜艺筝 17712117344(1772203969) 的消息: 附件1 5在群文件的“毕业生返校申报材料附件”（原名：附件）文件夹内 (-411054640) 
[2022-05-26 16:19:25] [INFO]: 收到群 20Z计科通知群(540450397) 内 潜艺筝 17712117344(1772203969) 的消息: 附件1、5在群文件的“毕业生返校申报材料附件”（原名：附件）文件夹内，请自行下载。 (-1871119034) 
[2022-05-26 16:20:29] [INFO]: 收到群 新蜂生活超市(854452883) 内 白衣秀士(80000000) 的消息: [CQ:at,qq=105070597] 有没有海河？ (1447186029) 
[2022-05-26 16:20:55] [INFO]: 收到群 新蜂生活超市(854452883) 内 张不屈(3059422105) 的消息: ➕1 (558202619) 
[2022-05-26 16:32:07] [INFO]: 收到群 潘安湖二手物品转卖群(949682820) 内 兜兜里藏着糖(2912906799) 的消息: 出 (-2074081755) 
[2022-05-26 16:32:08] [INFO]: 收到群 潘安湖二手物品转卖群(949682820) 内 兜兜里藏着糖(2912906799) 的消息: [CQ:image,file=cfc4287a736ae458027819b4ea9b6fe6.image,subType=0] (-211339597) 
[2022-05-26 16:32:10] [INFO]: 收到群 潘安湖二手物品转卖群(949682820) 内 兜兜里藏着糖(2912906799) 的消息: [CQ:image,file=915d6128df1c4a974f86f61862ecc20d.image,subType=0] (1675111202) 
[2022-05-26 16:32:13] [INFO]: 收到群 潘安湖二手物品转卖群(949682820) 内 兜兜里藏着糖(2912906799) 的消息: [CQ:image,file=5de70d6b19106406533cc0c265954c7c.image,subType=0] (350165940) 
[2022-05-26 16:34:02] [INFO]: 收到群 潘安湖二手物品转卖群(949682820) 内 兜兜里藏着糖(2912906799) 的消息: [CQ:image,file=ab7e1c48e866fc64289bdc2d4bfb5497.image,subType=0] (1947767377) 
[2022-05-26 16:42:07] [INFO]: 收到群 科文学院21Z计科(913765781) 内 63 学委 赵猛(2912580980) 的消息: [CQ:image,file=cb41f8bb29854e041909c94f65d60c8e.image,subType=0] (-951648823) 
[2022-05-26 16:42:11] [INFO]: 收到群 新蜂生活超市(854452883) 内 新蜂生活超市(105070597) 的消息: [CQ:reply,id=1447186029]有两个味 (1099101982) 
[2022-05-26 16:42:30] [INFO]: 收到群 科文学院21Z计科(913765781) 内 63 学委 赵猛(2912580980) 的消息: 请大家注意考试时间[CQ:at,qq=all]  (-1337864865) 
[2022-05-26 16:43:51] [INFO]: 收到群 新蜂生活超市(854452883) 内 没钱嗦粉了沃(3155383136) 的消息: 海河有椰子味的吗老板 (914737032) 
[2022-05-26 16:47:09] [INFO]: 收到群 潘安湖二手物品转卖群(949682820) 内 十一(2114988219) 的消息: 收隐形眼镜护理液 (52404935) 
[2022-05-26 16:47:13] [INFO]: 收到群 潘安湖二手物品转卖群(949682820) 内 十一(2114988219) 的消息: 收洗脸巾 (-1709771907) 
[2022-05-26 16:52:03] [INFO]: 发送群 18软件2班在线群(780548179) 的消息: 健康打卡已完成！
1 ... (165159649) 
[2022-05-26 16:54:00] [INFO]: 收到群 潘安湖二手物品转卖群(949682820) 内 柠檬(3196980774) 的消息: 出臭豆腐家的烤冷面加烤肠加辣椒，6r (-317602837) 
[2022-05-26 16:54:08] [INFO]: 收到群 潘安湖二手物品转卖群(949682820) 内 ๑•̌.•̑๑(2689141127) 的消息: 出理肤泉B5霜 全新60 (1937069640) 
[2022-05-26 16:54:09] [INFO]: 收到群 潘安湖二手物品转卖群(949682820) 内 柠檬(3196980774) 的消息: 刚买的 (74606302) 
[2022-05-26 16:56:30] [INFO]: 收到群 潘安湖二手物品转卖群(949682820) 内 ๑•̌.•̑๑(2689141127) 的消息: 出完美日记气垫➕全新替换装💰30 (-1652869276) 
[2022-05-26 16:59:37] [INFO]: 收到群 潘安湖二手物品转卖群(949682820) 内 接代抄 代拿快递 abcd(2413544749) 的消息: [CQ:image,file=5ceb5a27ca4382667304f3b6633aeab9.image,subType=0] (-360970254) 
[2022-05-26 16:59:59] [INFO]: 收到群 潘安湖二手物品转卖群(949682820) 内 兜兜里藏着糖(2912906799) 的消息: 佛系出教资 (2059606627) 
[2022-05-26 17:01:26] [INFO]: 收到群 潘安湖二手物品转卖群(949682820) 内 F(931013251) 的消息: 出垃圾桶，送伞🌂[CQ:image,file=5b932035bedcdaaae52102d6f0bdee27.image,subType=0] (230959861) 
[2022-05-26 17:02:32] [INFO]: 收到群 21软件2班(626284843) 内 王明玮(2990317540) 的消息: 现将“关于做好第65次全国计算机等级考试准备工作的通知”上传群文件，请学生认真查看，并按要求做好本周六的考试准备工作。@全体成员 (-1044866773) 
[2022-05-26 17:02:40] [INFO]: 群 21软件2班(626284843) 内 王明玮(2990317540) 上传了文件: 关于做好第65次全国计算机等级考试准备工作的通知.doc 
[2022-05-26 17:03:17] [INFO]: 收到群 潘安湖二手物品转卖群(949682820) 内 .(236345336) 的消息: 收卸妆水 (-1541913809) 
[2022-05-26 17:03:27] [INFO]: 收到群 21软件2班(626284843) 内 王明玮(2990317540) 的消息: 截至目前，各教师学评教参评率约为40%，学评教截止日期为5月28日0点，本次不参与学评教的学生无法进行下学期公共选修课选课@全体成员  (800520199) 
[2022-05-26 17:04:19] [INFO]: 收到群 潘安湖二手物品转卖群(949682820) 内 啥？代自习选我(1062766048) 的消息: 出大二大三大四日语专业课本和书籍

高级日语 高级阅读 文学史笔译 日本企业概论等专业课和选修课书～ (-752913479) 
[2022-05-26 17:05:34] [INFO]: 收到群 潘安湖二手物品转卖群(949682820) 内 F(931013251) 的消息: 出初级会计书，5r一本[CQ:image,file=18f4d2c73deac80d6844499e02157f2c.image,subType=0] (1242964483) 
[2022-05-26 17:06:04] [INFO]: 收到群 21软件2班(626284843) 内 王明玮(2990317540) 的消息: 5月27日（明天）为《大学生劳动教育》课程线上考试最后一天，请提醒未完成考试的同学尽快完成线上考试。本课程为必修学分课程，纳入正常考试，按学籍管理规定，课程考试不及格需补考，补考不及格需重修。如缺考需重修（没有补考机会）
    另外，还未完成视频学习的也再提醒注意截止时间@全体成员 (-1311609436) 
[2022-05-26 17:06:27] [INFO]: 收到群 潘安湖二手物品转卖群(949682820) 内 F(931013251) 的消息: 出初级会计书，5r一本[CQ:image,file=18f4d2c73deac80d6844499e02157f2c.image] (1024529045) 
[2022-05-26 17:06:53] [INFO]: 收到群 潘安湖二手物品转卖群(949682820) 内 F(931013251) 的消息: [CQ:image,file=1d533e6edc844c826735683f70877e22.image,subType=0] (-1552578762) 
[2022-05-26 17:06:55] [INFO]: 收到群 潘安湖二手物品转卖群(949682820) 内 劳动教育代考 纯人工(2824420779) 的消息: 劳动教育 代k (-730679392) 
[2022-05-26 17:07:42] [INFO]: 收到群 潘安湖二手物品转卖群(949682820) 内 卷卷🐻(1367937817) 的消息: 乒乓球室晚上开吗 (1299965466) 
[2022-05-26 17:07:50] [INFO]: 收到群 潘安湖二手物品转卖群(949682820) 内 卷卷🐻(1367937817) 的消息: 请问一下/崇拜 (981259916) 
[2022-05-26 17:07:50] [INFO]: 收到群 潘安湖二手物品转卖群(949682820) 内 出租麻将(1975749013) 的消息: 未拆封荔枝酒12r出[CQ:image,file=cdadd69ad588da0f78a1d4c2fdcd5a7c.image,subType=0] (-1430009059) 
[2022-05-26 17:09:48] [INFO]: 收到群 潘安湖二手物品转卖群(949682820) 内 g组(1023725239) 的消息: 8r出一个草莓甜甜圈 (-574293109) 
[2022-05-26 17:09:49] [INFO]: 收到群 潘安湖二手物品转卖群(949682820) 内 g组(1023725239) 的消息: [CQ:image,file=7988cddc57e48495972bad4c103f34f1.image,subType=0] (-1123847570) 
[2022-05-26 17:14:54] [INFO]: 收到群 新蜂生活超市(854452883) 内 新蜂生活超市(105070597) 的消息: [CQ:reply,id=914737032][CQ:at,qq=3155383136] [CQ:at,qq=3155383136] 好像刚卖完了 (-1349741006) 
[2022-05-26 17:14:59] [INFO]: 收到群 新蜂生活超市(854452883) 内 Summer(1448897159) 的消息: 大家好，我是Summer。来自江苏的射手座女一枚~ (-661936476) 
[2022-05-26 17:14:59] [INFO]: 新成员 Summer(1448897159) 进入了群 新蜂生活超市(854452883). 
[2022-05-26 17:14:59] [INFO]: 新成员 Summer(1448897159) 进入了群 新蜂生活超市(854452883). 
[2022-05-26 17:15:36] [INFO]: 收到群 潘安湖二手物品转卖群(949682820) 内 a(3353912683) 的消息: [CQ:image,file=bdb4638587191d41ec0579ccc70faa0d.image,subType=0] (-905690376) 
[2022-05-26 17:16:18] [INFO]: 收到群 潘安湖二手物品转卖群(949682820) 内 陆净(1925800532) 的消息: 有人有菜鸟驿站老板联系方式吗 (1393365826) 
[2022-05-26 17:19:22] [INFO]: 群 20软件1班官方群(927974093) 内 团支书卜雨欣(1328387724) 上传了文件: IMG_20220526_171845.jpg 
[2022-05-26 17:19:45] [INFO]: 收到群 20软件1班官方群(927974093) 内 团支书卜雨欣(1328387724) 的消息:  /点赞/点赞 (1105094617) 
[2022-05-26 17:20:05] [INFO]: 收到群 20软件1班官方群(927974093) 内 副团支书 董轩绮(1278335478) 的消息: [CQ:image,file=7ee55c658fcb7d5664c6cd1ca3e4d4e1.image,subType=7] (-541396358) 
[2022-05-26 17:20:12] [INFO]: 收到群 潘安湖二手物品转卖群(949682820) 内 陌年(1205578199) 的消息: [CQ:image,file=4adc8e6973716e1708faa29584898448.image,subType=0] (604644308) 
[2022-05-26 17:21:11] [INFO]: 收到群 潘安湖二手物品转卖群(949682820) 内 g组(1023725239) 的消息: [CQ:image,file=4bc8a73fe2a3e3f73feee136610d2d7e.image,subType=0] (-1167149449) 
[2022-05-26 17:27:44] [INFO]: 收到群 潘安湖二手物品转卖群(949682820) 内 代拿代买代写代课（期末闭关不接单）(3176627878) 的消息: 拼，还差一个[CQ:image,file=351a4c92a67a4ba7e69d25dbba206725.image,subType=0] (-848722207) 
[2022-05-26 17:30:41] [INFO]: 收到群 潘安湖二手物品转卖群(949682820) 内 期许🇨🇳(2894175328) 的消息: F 收卷纸 (1415632731) 
[2022-05-26 17:32:15] [INFO]: 收到群 潘安湖二手物品转卖群(949682820) 内 F(931013251) 的消息: 营销专业书，给钱就出[CQ:image,file=26c5b07a099a2f884ef2dacd66a37191.image,subType=0] (594012109) 
[2022-05-26 17:32:15] [INFO]: 收到群 潘安湖二手物品转卖群(949682820) 内 F(931013251) 的消息: 营销专业书，给钱就出[CQ:image,file=26c5b07a099a2f884ef2dacd66a37191.image] (-1277625764) 
[2022-05-26 17:32:19] [INFO]: 收到群 20软件2班官方群(953152455) 内 张彦伟195 5163 5017(1458335158) 的消息: 5月27日（明天）为《大学生劳动教育》课程线上考试最后一天，请未完成考试的同学尽快完成线上考试。本课程为必修学分课程，纳入正常考试，按学籍管理规定，课程考试不及格需补考，补考不及格需重修。如缺考需重修（没有补考机会）
另外，还未完成视频学习的也再提醒注意截止时间@全体成员 (-1126422929) 
[2022-05-26 17:32:46] [INFO]: 收到群 潘安湖二手物品转卖群(949682820) 内 F(931013251) 的消息: 营销专业书，给钱就出[CQ:image,file=26c5b07a099a2f884ef2dacd66a37191.image,subType=0] (-991966518) 
[2022-05-26 17:44:35] [INFO]: 收到群 新蜂生活超市(854452883) 内 土地神(80000000) 的消息: [CQ:at,qq=105070597] 老板鸡胸肉到了吗 (1190081287) 
[2022-05-26 17:45:33] [INFO]: 成员 Jukko.(859421225) 离开了群 潘安湖二手物品转卖群(949682820). 
[2022-05-26 17:46:35] [INFO]: 收到群 新蜂生活超市(854452883) 内 新蜂生活超市(105070597) 的消息: [CQ:reply,id=1190081287]到了 (837288849) 
[2022-05-26 17:50:17] [INFO]: 收到群 潘安湖二手物品转卖群(949682820) 内 Estrus(2940408263) 的消息: 低价出[CQ:image,file=226fc103dd78815b9d25d0a8ca61ff9f.image][CQ:image,file=d187601bb0b5e5a977155289f0a15833.image][CQ:image,file=a3c49fe29abfa9969434be3a870a40ac.image][CQ:image,file=bb6aa738f00d6304862e02effe1b70c8.image][CQ:image,file=7197f606a71d63b91962e356bf403fe4.image] (-1775361619) 
[2022-05-26 17:52:43] [INFO]: 收到群 20Z计科通知群(540450397) 内 辅导员——王群(953060053) 的消息: 欧科互动网络科技（北京）有限公司春招补录发车！冲！还有机会！

【宣讲会时间】2022年5月26日（周四）18:00
【宣讲会链接】https://yqy.h5.xeknow.com/s/1spUHS
【简历投递链接】https://wj.qq.com/s2/10272108/e6c0/
【招聘入群链接，需手机端打开】http://url.qunjifen.com/J4XNk
感兴趣的同学可以加群了解详情！！！
【企业名称】欧科互动网络科技（北京）有限公司
【公司简介】欧科是全球领先的区块链企业！亦是中国本土成立时间最早的区块链企业之一！2013年成立以来，一直致力于区块链技术的研发与商用，现已发展成全球化的大型区块链技术与服务提供商。总部设在中国北京，在美国、欧洲、日本等10余个国家和地区设有分公司或办公室，业务覆盖全球180余个国家和地区，服务世界各地的用户超过5000万！
【招聘岗位】JAVA开发工程师
【需求专业】计算机及电子信息相关专业，有互联网大厂实习经验，有区块链项目经验的学生优先
【薪资待遇】月薪2w-2.5w，带薪休假，下午茶，季度生日会，补充医疗，员工健身房，图书馆，年度体检，节日活动和礼品，团建活动
【工作地点】北京海淀上地 (236742885) 
[2022-05-26 17:52:57] [INFO]: 收到群 20Z计科通知群(540450397) 内 辅导员——王群(953060053) 的消息: 深圳市宝创森那美汽车销售服务有限公司春招补录发车！冲！还有机会！

【宣讲会时间】2022年5月26日（周四）19:00
【宣讲会链接】https://yqy.h5.xeknow.com/s/4qEX9L
【简历投递链接】https://wj.qq.com/s2/10257475/8223/
【招聘入群链接，需手机端打开】http://url.qunjifen.com/JtY4W

感兴趣的同学可以加群了解详情！！！

【企业名称】深圳市宝创森那美汽车销售服务有限公司
【公司简介】森那美（Sime Darby）集团成立于1910年，集团总部位于马来西亚首都吉隆坡。森那美集团在欧洲、美洲、亚洲、非洲等二十多个国家设立多间分公司，业务遍布全球，全球雇佣超过十万名员工。核心业务包括种植、汽车、物业、工业设备、能源和公用事业等。
深圳森那美为高端汽车经销商（如宝马、奔驰、捷豹、路虎、保时捷、劳斯莱斯等），历经26年的积累和发展，现已成为一家集BMW、MINI、VOLVO、BMW MOTORRAD以及KTM摩托车等多品牌发展的企业，目前深圳森那美已有近2000号员工，在汽车组装、经销、租赁行业排名前三！

【招聘岗位及需求专业】
1、销售管培生，专业不限；
2、财务管培生，经管类相关专业；

【薪资待遇】
1、本科生，综合薪资9K+；研究生,综合薪资10K+；
2、除基础的工资保障外，您还享有六险一金！带薪年假！生日福利！年度健康体检！节日福利！大型团建活动等！全方位的福利保障。

【工作地点】广东省深圳市南山区 (2031835251) 
[2022-05-26 17:58:23] [INFO]: 收到群 潘安湖二手物品转卖群(949682820) 内 wlhckoZ(535148319) 的消息: 卖guo  (-517402309) 
[2022-05-26 17:58:39] [INFO]: 收到群 潘安湖二手物品转卖群(949682820) 内 wlhckoZ(535148319) 的消息: 卖蒸🥚气 (2015379585) 
[2022-05-26 17:59:23] [INFO]: 收到群 潘安湖二手物品转卖群(949682820) 内 wlhckoZ(535148319) 的消息: 卖炖🐷guo  (254242839) 
[2022-05-26 17:59:36] [INFO]: 收到群 潘安湖二手物品转卖群(949682820) 内 已经抱紧了(1500387706) 的消息: [CQ:image,file=59b72ec1ce4685da35fcf1b959c214ab.image,subType=0] (-1857821260) 
[2022-05-26 17:59:36] [INFO]: 收到群 潘安湖二手物品转卖群(949682820) 内 已经抱紧了(1500387706) 的消息: [CQ:image,file=116ae8f121b46eb57d6051a4b80d95ad.image,subType=0] (-431696606) 
[2022-05-26 17:59:37] [INFO]: 收到群 潘安湖二手物品转卖群(949682820) 内 已经抱紧了(1500387706) 的消息: [CQ:image,file=aebde0796ef508f250d0f72431e2a02a.image,subType=0] (2135786648) 
[2022-05-26 17:59:57] [INFO]: 收到群 新蜂生活超市(854452883) 内 没钱嗦粉了沃(3155383136) 的消息: /幽灵 (-1461628373) 
[2022-05-26 18:01:18] [INFO]: 收到群 潘安湖二手物品转卖群(949682820) 内 顾杰(1769328397) 的消息: 汉服，50出[CQ:image,file=d3b63d52dbfb6abe616a6e5c57d79640.image] (139113486) 
[2022-05-26 18:02:03] [INFO]: 收到群 新蜂生活超市(854452883) 内 淮辛(3167374271) 的消息: 有人想参加互联网＋大赛吗？无论项目获不获奖，我可以保证最少可以获得一个技能证书（救护员证）可以加综测和pu。主要找人工智能与软件学院，或者设计相关专业的。 (-538549571) 
[2022-05-26 18:02:07] [INFO]: 收到群 新蜂生活超市(854452883) 内 淮辛(3167374271) 的消息: 明年的大赛 (1331265324) 
[2022-05-26 18:02:20] [INFO]: 收到群 新蜂生活超市(854452883) 内 淮辛(3167374271) 的消息: 现在准备落地的项目/笑哭 (945704890) 
[2022-05-26 18:10:04] [INFO]: 收到群 18软件2班在线群(780548179) 内 盛老师(511754133) 的消息: 中国建筑第五工程局有限公司安徽分公司春招补录发车！冲！还有机会！

【宣讲会时间】2022年5月26日（周四）19:00
【宣讲会链接】https://yqy.h5.xeknow.com/s/3Knq8u
【简历投递链接】https://wj.qq.com/s2/10276963/8d26
【招聘入群链接，需手机端打开】http://url.qunjifen.com/JTYeg感兴趣的同学可以加群了解详情！！！

【公司名称】中国建筑第五工程局有限公司安徽分公司
【公司简介】公司是中建五局世界500强第18位、全球投资建设集团第1名、国务院国资委直接管理的中央大型企业----中国建筑集团公司的重要骨干成员在安徽省唯一的一家总承包施工企业，成立于1997年，精耕细作江淮市场24年，年经营规模超300亿元。获得中国建筑工程质量鲁班奖、国家优质工程奖等100余项质量安全科技各类奖项，赢得市场广泛认可和高度评价。 
【招聘岗位】工程技术类、职能管理类 
【需求专业】 
工程技术类：土木工程（建筑工程）、工程力学、工程管理、工程造价、建筑学、电气工程及其自动化、建筑环境与能源应用工程、安全工程、环境艺术设计、给排水科学与工程、建筑电气与智能化、机械设计制造及其自动化、测绘工程、无机非金属材料工程等 
职能管理类：会计学、财务管理、审计学、汉语言文学、新闻学、人力资源管理、行政管理等 
【薪资待遇】 转正期满一年收入10万左右，年增长幅度5%-8%，随职务提升薪酬增长幅度更为可观。 
固定部分：基本工资、津补贴（远征补贴、物价补贴、租房补贴、电脑补贴、交通补贴、话费补贴、项目施工津贴、兼职补贴、艰苦补贴、年功津贴、专业技术津贴、特殊津贴等）、五险两金
其他福利：免费食宿、定期体检、拓展训练、企业年金、继续教育、岗位培训、节日慰问；带薪年休假、探亲假、婚丧假、产假、病假等各种假期。 
【工作地点】
皖中分公司：合肥、芜湖、淮南、马鞍山
皖北分公司：阜阳、亳州、蚌埠、淮北、宿州、六安、徐州、武汉
皖南分公司：安庆、杭州、宣城、宁波
南京城市公司：滁州、南京及周边区县 (2128548471) 
[2022-05-26 18:10:20] [INFO]: 收到群 18软件2班在线群(780548179) 内 盛老师(511754133) 的消息: 此宣讲会含金量很高 各位不要错过！[CQ:at,qq=all]  (-405388339) 
[2022-05-26 18:14:33] [INFO]: 收到群 新蜂生活超市(854452883) 内 13(2067064759) 的消息: [CQ:reply,id=945704890][CQ:at,qq=3167374271] [CQ:at,qq=3167374271] 想了解一下 (-1853741472) 
[2022-05-26 18:15:59] [INFO]: 收到群 潘安湖二手物品转卖群(949682820) 内 出租脱毛仪(1240263712) 的消息: 有拼欧莱雅防晒的吗 (-1728730721) 
[2022-05-26 18:16:02] [INFO]: 收到群 潘安湖二手物品转卖群(949682820) 内 出租脱毛仪(1240263712) 的消息: [CQ:image,file=ecfe020b5e04bf8a3c37dc5a10102f7d.image,subType=0] (-269313783) 
[2022-05-26 18:16:48] [INFO]: 收到群 新蜂生活超市(854452883) 内 淮辛(3167374271) 的消息: 加你了 (-427485450) 
[2022-05-26 18:26:28] [INFO]: 收到群 潘安湖二手物品转卖群(949682820) 内 Starshine✨(1229524507) 的消息: 出[CQ:image,file=edd335c9bc2b49a9560d088a2144bc1c.image,subType=0][CQ:image,file=4eae52da617a75e5430a28d980402562.image,subType=0][CQ:image,file=7d875633ff2de4a799427176dd863a32.image,subType=0] (-1892347668) 
[2022-05-26 18:32:00] [INFO]: 收到群 潘安湖二手物品转卖群(949682820) 内 wlhckoZ(535148319) 的消息: 10块  自提[CQ:image,file=217ea83e2ce655081d92ca3c32538522.image,subType=0] (-130932614) 
[2022-05-26 18:34:21] [INFO]: 收到群 潘安湖二手物品转卖群(949682820) 内 救赎(1696203877) 的消息: 4[CQ:image,file=0920e4802bce7ffb6177d71a004ce47c.image,subType=0] (1631285696) 
[2022-05-26 18:35:04] [INFO]: 收到群 潘安湖二手物品转卖群(949682820) 内 1(3259973083) 的消息: 出全新18r[CQ:image,file=6129857aa236fd519c1bacc2b66c20c8.image] (373047638) 
[2022-05-26 18:35:08] [INFO]: 收到群 潘安湖二手物品转卖群(949682820) 内 救赎(1696203877) 的消息: 抓夹3.5r/1个，打包6r[CQ:image,file=0920e4802bce7ffb6177d71a004ce47c.image,subType=0] (-2007444235) 
[2022-05-26 18:36:21] [INFO]: 收到群 潘安湖二手物品转卖群(949682820) 内 wlhckoZ(535148319) 的消息: 五块钱，拆开没用过，要走了卖掉[CQ:image,file=38eb3bd810e6b4e8bbf320ded07c94f6.image,subType=0] (-10492829) 
[2022-05-26 18:36:32] [INFO]: 收到群 潘安湖二手物品转卖群(949682820) 内 救赎(1696203877) 的消息: 1r/1个[CQ:image,file=574de5518ecd21f71f84a6b9429caced.image,subType=0] (1716958681) 
[2022-05-26 18:36:40] [INFO]: 收到群 潘安湖二手物品转卖群(949682820) 内 救赎(1696203877) 的消息: 5r[CQ:image,file=d21e88311b0df2607f8534ff100e1b10.image,subType=0] (290555215) 
[2022-05-26 18:41:16] [INFO]: 收到群 潘安湖二手物品转卖群(949682820) 内 wlhckoZ(535148319) 的消息: 苹果11和华为mate30手机壳，带图私价格/摸锦鲤[CQ:image,file=353e31db3085faaa666035581cf32681.image,subType=0][CQ:image,file=ff4a46e0e9f7e0c39cce52ac8c4fdad4.image,subType=0] (-2115069730) 
[2022-05-26 18:41:39] [INFO]: 收到群 潘安湖二手物品转卖群(949682820) 内 做吃等毕业(1529212762) 的消息: 出软件工程相关书籍 (-152459192) 
[2022-05-26 18:42:13] [INFO]: 收到群 潘安湖二手物品转卖群(949682820) 内 ☀(501741082) 的消息: 收纳盒10r 沐浴露20r 乒乓球拍➕球10r[CQ:image,file=01e30597b2d1d3d75a838f5a57ab00a3.image,subType=0][CQ:image,file=188e69724a20c4b9cbc9f0033a242075.image,subType=0][CQ:image,file=a6864cf324b09d297b426c04bc74714c.image,subType=0] (-1066105301) 
[2022-05-26 18:43:47] [INFO]: 收到群 潘安湖二手物品转卖群(949682820) 内 接代抄 代拿快递 abcd(2413544749) 的消息: [CQ:image,file=7b57ee60fcac4705c2a127e96b1fecf1.image,subType=0] (-1217153347) 
[2022-05-26 18:46:23] [INFO]: 收到群 潘安湖二手物品转卖群(949682820) 内 wlhckoZ(535148319) 的消息: 2元，自提[CQ:image,file=ea44e82792a2736ac3efe2926af15a5f.image,subType=0] (779806471) 
[2022-05-26 18:48:43] [INFO]: 收到群 潘安湖二手物品转卖群(949682820) 内 鱼不要恋天空(2537308867) 的消息: [CQ:image,file=081b86f096d2f3fa2102a9a06aaaf66a.image,subType=0] (1501419409) 
[2022-05-26 18:49:15] [INFO]: 收到群 20智能科学与技术(1014806242) 内 数电-张静宇老师(732257229) 的消息: 晚上七点开个简短的在线班会#腾讯会议：788-748-5275[CQ:at,qq=all] (-1426654109) 
[2022-05-26 18:49:25] [INFO]: 收到群 20智能科学与技术(1014806242) 内 数电-张静宇老师(732257229) 的消息: 快点进会议室了 (872394201) 
[2022-05-26 18:50:15] [INFO]: 收到群 潘安湖二手物品转卖群(949682820) 内 ˙Ⱉ˙ฅ呐吖(1471613390) 的消息: 收修正带 (-954645966) 
[2022-05-26 18:51:34] [INFO]: 收到群 潘安湖二手物品转卖群(949682820) 内 王者代打 B组团代拿快递(643065771) 的消息: 屈臣氏维E身体乳全新10r 修正带3r一个[CQ:image,file=0c1bc361bc28caf006eb79cb4d639c51.image,subType=0][CQ:image,file=05a3cb81588f03490138bad31e024dc0.image,subType=0] (-1340181852) 
[2022-05-26 18:52:04] [INFO]: 收到群 潘安湖二手物品转卖群(949682820) 内 wlhckoZ(535148319) 的消息: 出A4纸[CQ:image,file=c13ab21ee9ccb274af2ad98ed0c4065f.image,subType=0] (689382174) 
[2022-05-26 18:55:42] [INFO]: 收到群 潘安湖二手物品转卖群(949682820) 内 王者代打 B组团代拿快递(643065771) 的消息: 尔木萄内衣清洗剂 9条3r[CQ:image,file=cba842f2f2156eb22a84e1208625afb7.image,subType=0] (1578111880) 
[2022-05-26 18:59:35] [INFO]: 收到群 潘安湖二手物品转卖群(949682820) 内 Lee.(1526210233) 的消息: 收台灯 (-827388391) 
[2022-05-26 19:01:35] [INFO]: 收到群 潘安湖二手物品转卖群(949682820) 内 c组团  自取(3310931602) 的消息: 收一个投影仪 (-1180156273) 
[2022-05-26 19:02:04] [INFO]: 收到群 潘安湖二手物品转卖群(949682820) 内 B组团(951659601) 的消息: 出口罩，上面两种三块钱一包十片，独立包装黑色口罩三块钱十二片[CQ:image,file=ea116145590db52554c6a4ef3ec7e2d8.image][CQ:image,file=17de3254dbbc37bb615fc100aacd33ad.image][CQ:image,file=f60583f44c17d7686013886d549207fa.image] (-646989974) 
[2022-05-26 19:03:57] [INFO]: 收到群 新蜂生活超市(854452883) 内 栀夏(2598734761) 的消息: 老板，有抹茶吐司吗？[CQ:at,qq=105070597] (2139899724) 
[2022-05-26 19:06:17] [INFO]: 收到群 潘安湖二手物品转卖群(949682820) 内 王者代打 B组团代拿快递(643065771) 的消息: [CQ:image,file=9d61b541925b403c96394a1ca6a13767.image,subType=0] (-1368881156) 
[2022-05-26 19:06:19] [INFO]: 收到群 潘安湖二手物品转卖群(949682820) 内 王者代打 B组团代拿快递(643065771) 的消息: 出盲盒 (929158726) 
[2022-05-26 19:06:56] [INFO]: 收到群 潘安湖二手物品转卖群(949682820) 内 求冰墩墩发夹(1608791108) 的消息: 试穿过 5r出  黑色的[CQ:image,file=442f0dc8515e851bb2a255dc51c53819.image,subType=0] (1080485584) 
[2022-05-26 19:08:03] [INFO]: 收到群 新蜂生活超市(854452883) 内 新蜂生活超市(105070597) 的消息: [CQ:reply,id=2139899724][CQ:at,qq=2598734761] 好像刚卖完[CQ:at,qq=2598734761]  (143357914) 
[2022-05-26 19:08:46] [INFO]: 收到群 新蜂生活超市(854452883) 内 栀夏(2598734761) 的消息: 那有桃李吗 (-1762663815) 
[2022-05-26 19:09:28] [INFO]: 收到群 新蜂生活超市(854452883) 内 新蜂生活超市(105070597) 的消息: 有 (-504835345) 
[2022-05-26 19:10:13] [INFO]: 收到群 潘安湖二手物品转卖群(949682820) 内 E2年糕糕(3091206691) 的消息: [CQ:image,file=aa37ae373da9636e216bdac23271ecea.image,subType=0] (-570264717) 
[2022-05-26 19:10:18] [INFO]: 收到群 潘安湖二手物品转卖群(949682820) 内 接代抄 代拿快递 abcd(2413544749) 的消息: 收草稿纸 一沓一沓的那种 (-1459272731) 
[2022-05-26 19:10:22] [INFO]: 收到群 新蜂生活超市(854452883) 内 栀夏(2598734761) 的消息: 好滴 (2028045141) 
[2022-05-26 19:11:25] [INFO]: 收到群 潘安湖二手物品转卖群(949682820) 内 Ferry&(2660466186) 的消息: [CQ:image,file=42eb230d2ee5276da1d24853a49a917a.image,subType=0] (806097503) 
[2022-05-26 19:11:26] [INFO]: 收到群 潘安湖二手物品转卖群(949682820) 内 Ferry&(2660466186) 的消息: [CQ:image,file=1d8ff8fcd085f5ce335f2138eb9068b0.image,subType=0] (1191912137) 
[2022-05-26 19:11:27] [INFO]: 收到群 潘安湖二手物品转卖群(949682820) 内 Ferry&(2660466186) 的消息: 出 (-676053160) 
[2022-05-26 19:12:20] [INFO]: 收到群 新蜂生活超市(854452883) 内 万圣龙王(80000000) 的消息: 老板纸箱子怎么卖/菜汪 (266777539) 
[2022-05-26 19:12:35] [INFO]: 收到群 新蜂生活超市(854452883) 内 新蜂生活超市(105070597) 的消息: 1块钱一斤 (-1621512622) 
[2022-05-26 19:12:55] [INFO]: 收到群 新蜂生活超市(854452883) 内 新蜂生活超市(105070597) 的消息: 或者搬楼下饮料，一箱换一个[CQ:face,id=20] (-396452156) 
[2022-05-26 19:13:24] [INFO]: 收到群 新蜂生活超市(854452883) 内 官方认证谷老板(1024664153) 的消息: 怎么谷老板就要搬十箱才可以 (-2003232991) 
[2022-05-26 19:13:26] [INFO]: 收到群 新蜂生活超市(854452883) 内 官方认证谷老板(1024664153) 的消息: [CQ:face,id=106] (-6412361) 
[2022-05-26 19:13:38] [INFO]: 收到群 新蜂生活超市(854452883) 内 万圣龙王(80000000) 的消息: 哈哈哈哈 (1721202189) 
[2022-05-26 19:13:39] [INFO]: 收到群 新蜂生活超市(854452883) 内 新蜂生活超市(105070597) 的消息: 谷老板不用 (294667931) 
[2022-05-26 19:13:51] [INFO]: 收到群 新蜂生活超市(854452883) 内 万圣龙王(80000000) 的消息: 我龙王不服 (-1879780552) 
[2022-05-26 19:16:32] [INFO]: 收到群 新蜂生活超市(854452883) 内 新蜂生活超市(105070597) 的消息: [CQ:reply,id=-2003232991][CQ:at,qq=1024664153] [CQ:at,qq=1024664153] 谷老板是老板肯定不能跟平常人比。 (-118234194) 
[2022-05-26 19:27:23] [INFO]: 收到群 潘安湖二手物品转卖群(949682820) 内 陆净(1925800532) 的消息: 咱们学校可以寄京东吗 (-1598877746) 
[2022-05-26 19:29:26] [INFO]: 收到群 潘安湖二手物品转卖群(949682820) 内 c(1835645946) 的消息: 打印dd (-230497111) 
[2022-05-26 19:34:08] [INFO]: 收到群 潘安湖二手物品转卖群(949682820) 内 兜兜里藏着糖(2912906799) 的消息: 出 (-2059021249) 
[2022-05-26 19:34:08] [INFO]: 收到群 潘安湖二手物品转卖群(949682820) 内 兜兜里藏着糖(2912906799) 的消息: [CQ:image,file=cfc4287a736ae458027819b4ea9b6fe6.image,subType=0] (474776965) 
[2022-05-26 19:34:10] [INFO]: 收到群 潘安湖二手物品转卖群(949682820) 内 兜兜里藏着糖(2912906799) 的消息: [CQ:image,file=915d6128df1c4a974f86f61862ecc20d.image,subType=0] (1800123667) 
[2022-05-26 19:34:11] [INFO]: 收到群 潘安湖二手物品转卖群(949682820) 内 兜兜里藏着糖(2912906799) 的消息: [CQ:image,file=5de70d6b19106406533cc0c265954c7c.image,subType=0] (-181460816) 
[2022-05-26 19:38:05] [INFO]: 收到群 潘安湖二手物品转卖群(949682820) 内 烤鸭外卖滴滴，下午五点准时配送(2332606663) 的消息: [CQ:image,file=1899f892b6e23f8eac264afcade1b36e.image,subType=0] (-2111303642) 
[2022-05-26 19:39:50] [INFO]: 收到群 20软件2班官方群(953152455) 内 关星月 19551638707(2529315991) 的消息: 今日打卡图@全体成员 [CQ:image,file=76846cb81bbf2c437eac0527eb598bb3.image,subType=0] (-874834183) 
[2022-05-26 19:58:51] [INFO]: 收到群 潘安湖二手物品转卖群(949682820) 内 🧀(1306251288) 的消息: b有没有出陈醋的 (455164316) 
[2022-05-26 20:01:29] [INFO]: 收到群 潘安湖二手物品转卖群(949682820) 内 可代抄(2245189141) 的消息: 出🥚 (1814458634) 
[2022-05-26 20:02:26] [INFO]: 收到群 潘安湖二手物品转卖群(949682820) 内 韶光抚月(2724468279) 的消息: 有没有会捏颈椎的小伙伴
颈椎疼死了 (-57054053) 
[2022-05-26 20:04:32] [INFO]: 收到群 潘安湖二手物品转卖群(949682820) 内 郑郑不困(2738223854) 的消息: [CQ:image,file=d46739db43bc8226d2e5d1848c096160.image,subType=1] (-1952556019) 
[2022-05-26 20:06:07] [INFO]: 收到群 潘安湖二手物品转卖群(949682820) 内 校园写真dd(1538372138) 的消息: 收生日用品  装饰也行 (-346434072) 
[2022-05-26 20:08:19] [INFO]: 收到群 潘安湖二手物品转卖群(949682820) 内 清韵(2039916055) 的消息: 有没有人要倩碧黄油，订金拍多了一份/捂脸[CQ:image,file=16c8ce9f0ff9b10a6deb2c5703d9bfff.image,subType=0] (-1671502466) 
[2022-05-26 20:15:36] [INFO]: 收到群 潘安湖二手物品转卖群(949682820) 内 顾杰(1769328397) 的消息: [CQ:image,file=60de44bae691d71fa320ffb1c4517b2a.image,subType=0] (89633988) 
[2022-05-26 20:16:58] [INFO]: 收到群 潘安湖二手物品转卖群(949682820) 内 顾杰(1769328397) 的消息: [CQ:image,file=44d3eee854fd434b89ff9b00f21efd39.image,subType=0] (1917879378) 
[2022-05-26 20:21:49] [INFO]: 收到群 20软件2班官方群(953152455) 内 张彦伟195 5163 5017(1458335158) 的消息: 下周四之前交齐软件工程实验报告和上次答辩汇报，都转成pdf[CQ:at,qq=all]  (-1424187620) 
[2022-05-26 20:22:23] [INFO]: 收到群 20软件2班官方群(953152455) 内 张彦伟195 5163 5017(1458335158) 的消息: 十位学号姓名命名文件夹，两个pdf放一个文件夹 (-602165366) 
[2022-05-26 20:25:50] [INFO]: 收到群 潘安湖二手物品转卖群(949682820) 内 BBillkin(2889060612) 的消息: 家人们 学校现在能收快递不 
那些快递能收啊？ (-332131855) 
[2022-05-26 20:26:02] [INFO]: 收到群 潘安湖二手物品转卖群(949682820) 内 一粒暗淡星.(3169862712) 的消息: 能发就能收 (-1691147929) 
[2022-05-26 20:28:04] [INFO]: 收到群 潘安湖二手物品转卖群(949682820) 内 BBillkin(2889060612) 的消息: 好的 谢谢哈 
因为半学期没在学校了，不知道现在有没有受疫情影响不能收 /捂脸 (37384413) 
[2022-05-26 20:28:15] [INFO]: 收到群 潘安湖二手物品转卖群(949682820) 内 一粒暗淡星.(3169862712) 的消息: [CQ:image,file=b3f34b834e997bb4cc6a7e8bb17e4b41.image,subType=7] (1966948427) 
[2022-05-26 20:28:50] [INFO]: 收到群 潘安湖二手物品转卖群(949682820) 内 顾杰(1769328397) 的消息: [CQ:image,file=df466d221f912cd3c7ef8855077e5cf0.image,subType=0] (-444441126) 
[2022-05-26 20:31:29] [INFO]: 收到群 潘安湖二手物品转卖群(949682820) 内 B组团(951659601) 的消息: 出物联网专业大三书 (-1836749492) 
[2022-05-26 20:31:50] [INFO]: 收到群 潘安湖二手物品转卖群(949682820) 内 晊恦(1918990143) 的消息: 出物联网专业大二书[CQ:image,file=c2dd6b21527e64ee65a47cb20413ef08.image,subType=0] (1824639271) 
[2022-05-26 20:35:59] [INFO]: 收到群 潘安湖二手物品转卖群(949682820) 内 serendipity(1466618633) 的消息: 出娃娃 (466024881) 
[2022-05-26 20:36:12] [INFO]: 收到群 潘安湖二手物品转卖群(949682820) 内 serendipity(1466618633) 的消息: [CQ:image,file=85d8a613457b9f8e977650f220a0bc4d.image,subType=0] (-2100320245) 
[2022-05-26 20:36:14] [INFO]: 收到群 潘安湖二手物品转卖群(949682820) 内 serendipity(1466618633) 的消息: 价格私聊 (-171403107) 
[2022-05-26 20:37:06] [INFO]: 收到群 潘安湖二手物品转卖群(949682820) 内 b组团(2465397940) 的消息: 5块b自取[CQ:image,file=03fd75fe80d7307b8f530e3da9d838fa.image][CQ:image,file=7d45eb1793d2634bc43db390d4e35027.image][CQ:image,file=15a2ac8208524ce3bf576c3ec5494f9c.image] (1806437694) 
[2022-05-26 20:38:58] [INFO]: 收到群 潘安湖二手物品转卖群(949682820) 内 接代抄 代拿快递 abcd(2413544749) 的消息: 收草稿纸 一沓一沓的那种 (480984488) 
[2022-05-26 20:39:21] [INFO]: 收到群 潘安湖二手物品转卖群(949682820) 内 「Enigma」(1119788104) 的消息: 有没有小姐姐想拼薇诺娜的防晒 (-2052953070) 
[2022-05-26 20:40:19] [INFO]: 收到群 潘安湖二手物品转卖群(949682820) 内 「Enigma」(1119788104) 的消息: [CQ:image,file=efdaf146d983188a780a503b62ef6fbf.image,subType=0] (-224043900) 
[2022-05-26 20:44:13] [INFO]: 收到群 潘安湖二手物品转卖群(949682820) 内 王者代打 B组团代拿快递(643065771) 的消息: 出盲盒 修眉刀 倩碧黄油 尔木萄内衣清洗剂 护手霜[CQ:image,file=75cb777811358ad6745feeae4af4288c.image,subType=0] (1645887765) 
[2022-05-26 20:52:48] [INFO]: 收到群 潘安湖二手物品转卖群(949682820) 内 B组团(951659601) 的消息: 两条一共七元出 (354251139) 
[2022-05-26 20:52:48] [INFO]: 收到群 潘安湖二手物品转卖群(949682820) 内 B组团(951659601) 的消息: [CQ:image,file=aab2be7f8ca61e8b2d7436cec89fc880.image,subType=0] (1977284710) 
[2022-05-26 20:52:49] [INFO]: 收到群 潘安湖二手物品转卖群(949682820) 内 B组团(951659601) 的消息: [CQ:image,file=d61a88b138f78a7e23b21d9b6a7360a3.image,subType=0] (48089328) 
[2022-05-26 20:54:22] [INFO]: 收到群 潘安湖二手物品转卖群(949682820) 内 出财管专业书(1936970348) 的消息: [CQ:image,file=4b05efb60fa962f83e996b2efd942afa.image,subType=0] (-1680565942) 
[2022-05-26 20:54:25] [INFO]: 收到群 潘安湖二手物品转卖群(949682820) 内 出财管专业书(1936970348) 的消息: 有没有uu拼单 (-321672740) 
[2022-05-26 20:55:23] [INFO]: 收到群 潘安湖二手物品转卖群(949682820) 内 萝卜(3355831528) 的消息: [CQ:image,file=aecbc8a1b020e622e522ec51fc8b0fe3.image,subType=0] (1924611199) 
[2022-05-26 20:55:34] [INFO]: 收到群 潘安湖二手物品转卖群(949682820) 内 萝卜(3355831528) 的消息: /小纠结有没有拼的 (95423721) 
[2022-05-26 20:57:17] [INFO]: 收到群 21数据官方群(673433432) 内 班主任-周俊(1027418356) 的消息: [CQ:reply,id=-1521083168][CQ:at,qq=2047859253] [CQ:at,qq=2047859253] http://10.110.222.1/index.php?v=show&amp;cid=1&amp;id=3375 (-1298750061) 
[2022-05-26 20:58:53] [INFO]: 收到群 潘安湖二手物品转卖群(949682820) 内 B组团(951659601) 的消息: [CQ:image,file=8250537a990928e572a31e5cbe8e743a.image,subType=0] (-1665573549) 
[2022-05-26 21:00:14] [INFO]: 收到群 21数据官方群(673433432) 内 班主任-周俊(1027418356) 的消息: 评教网址：http://10.110.240.221/jsxsd。[CQ:at,qq=all] (-980314875) 
[2022-05-26 21:00:44] [INFO]: 收到群 科文学院21Z计科(913765781) 内 63 学委 赵猛(2912580980) 的消息: 【友情提醒】：截至目前，各教师学评教参评率约为40%，学评教截止日期为5月28日0点，本次不参与学评教的学生无法进行下学期公共选修课选课，请各学委督促未进行学评教的学生进行评教。@全体成员  (774199548) 
[2022-05-26 21:00:45] [INFO]: 收到群 科文学院21Z计科(913765781) 内 63 学委 赵猛(2912580980) 的消息: 评教网址：http://10.110.240.221/jsxsd。@全体成员 (1495427178) 
[2022-05-26 21:01:19] [INFO]: 收到群 20智能科学与技术(1014806242) 内 54  郑宁宁(2872124414) 的消息: 评教网址：http://10.110.240.221/jsxsd。@全体成员 (1157143887) 
[2022-05-26 21:03:01] [INFO]: 收到群 潘安湖二手物品转卖群(949682820) 内 今晚不熬夜_(3132516478) 的消息: 出棉签，一块一包 (-339841595) 
[2022-05-26 21:03:39] [INFO]: 收到群 21数据官方群(673433432) 内 郑雨露(2047859253) 的消息: 系统开放时间为8:30-16:30，请大家注意时间，最晚27号下午4点半之前完成评教 (1553515711) 
[2022-05-26 21:04:28] [INFO]: 收到群 潘安湖二手物品转卖群(949682820) 内 123(1952525828) 的消息: 出几个肉粽，6r两个，吃不完了，可以加水放微波炉加热 (2063691860) 
[2022-05-26 21:07:39] [INFO]: 收到群 潘安湖二手物品转卖群(949682820) 内 陌年(1205578199) 的消息: [CQ:image,file=c163f1ac86fb2b76eae92711389535ea.image,subType=0] (201736386) 
[2022-05-26 21:08:32] [INFO]: 收到群 潘安湖二手物品转卖群(949682820) 内 帅哥1号(2268551581) 的消息: [CQ:reply,id=2063691860][CQ:at,qq=1952525828] [CQ:at,qq=1952525828] 我收俩 (-1503724170) 
[2022-05-26 21:12:48] [INFO]: 收到群 21数据官方群(673433432) 内 班主任-周俊(1027418356) 的消息: [CQ:image,file=b76c8ab8c65471ff0f375f130fb81b87.image,subType=0] 明天的核酸名单，地点是：教五楼南侧 (731903017) 
[2022-05-26 21:13:59] [INFO]: 收到群 潘安湖二手物品转卖群(949682820) 内 陌年(1205578199) 的消息: [CQ:image,file=7df50c8cd2832d3fb591eeca2e750d93.image,subType=0] (-782643744) 
[2022-05-26 21:16:11] [INFO]: 收到群 潘安湖二手物品转卖群(949682820) 内 F组团宿舍美睫(1252842009) 的消息: 有没有人拼倩碧302的 [CQ:image,file=008423d0affcd7c01e9daa9bc0aa8202.image,subType=0] (1213242458) 
[2022-05-26 21:34:08] [INFO]: 收到群 潘安湖二手物品转卖群(949682820) 内 出英专书(3233789623) 的消息: 各学期英语专业书籍便宜出[CQ:image,file=4d480abab1bad268099b806e57377158.image,subType=0] (1062710476) 
[2022-05-26 21:34:21] [INFO]: 收到群 潘安湖二手物品转卖群(949682820) 内 出经济学专业书(1438624164) 的消息: [CQ:image,file=a6bed129d2f1ff83d8158f78c1b5377f.image,subType=0] (-1590478481) 
[2022-05-26 21:34:40] [INFO]: 收到群 潘安湖二手物品转卖群(949682820) 内 出英专书(3233789623) 的消息: 中公教资书 10r两本[CQ:image,file=6a1029d5b64716208d6cb6a1c5b0daca.image,subType=0] (-701232647) 
[2022-05-26 21:42:12] [INFO]: 收到群 潘安湖二手物品转卖群(949682820) 内 潘妍吃不到鸡锁骨(279766959) 的消息: 有人拼吗[CQ:image,file=e590a1e28bba8f75a6c984afa0a25bb0.image,subType=0][CQ:image,file=9ca864da4a51f90687c7a40b638006a0.image,subType=0] (1329420355) 
[2022-05-26 21:43:09] [INFO]: 收到群 潘安湖二手物品转卖群(949682820) 内 我饿了(1758003138) 的消息: [CQ:image,file=34429e43fb41e9921cdda34968d7208d.image,subType=0] (943352021) 
[2022-05-26 21:43:18] [INFO]: 收到群 潘安湖二手物品转卖群(949682820) 内 我饿了(1758003138) 的消息: 有人拼嘛 n12 (-1467648700) 
[2022-05-26 21:44:11] [INFO]: 收到群 潘安湖二手物品转卖群(949682820) 内 E(2380411320) 的消息: 低价出书[CQ:image,file=372138b2bf11163f205ee662af8a79ad.image][CQ:image,file=f9fd82d8c8461cdb22ef477af17ca5b8.image] (-545110574) 
[2022-05-26 21:44:28] [INFO]: 收到群 潘安湖二手物品转卖群(949682820) 内 E(2380411320) 的消息: 低价出书[CQ:image,file=372138b2bf11163f205ee662af8a79ad.image][CQ:image,file=f9fd82d8c8461cdb22ef477af17ca5b8.image] (-1085944777) 
[2022-05-26 21:46:38] [INFO]: 收到群 潘安湖二手物品转卖群(949682820) 内 E(2380411320) 的消息: 出床下帘一片4元 (-935134047) 
[2022-05-26 21:47:07] [INFO]: 收到群 潘安湖二手物品转卖群(949682820) 内 无爱者自由(3435533851) 的消息: 出窗帘带支架40 (1363914011) 
[2022-05-26 21:47:21] [INFO]: 收到群 潘安湖二手物品转卖群(949682820) 内 无爱者自由(3435533851) 的消息: 出床帘带支架40 (642555277) 
[2022-05-26 21:48:17] [INFO]: 收到群 潘安湖二手物品转卖群(949682820) 内 梦里花落知多少(917134951) 的消息: 出书[CQ:image,file=2145f0ec6cfef363cb22e1159bcb36a3.image,subType=0] (-1205336018) 
[2022-05-26 21:49:20] [INFO]: 收到群 潘安湖二手物品转卖群(949682820) 内 f(1377213644) 的消息: 有人拼吗[CQ:image,file=3106662d501f8b5c01818dedce1bb118.image,subType=0] (-818988872) 
[2022-05-26 21:52:55] [INFO]: 收到群 20软件2班官方群(953152455) 内 赵惠杰 13023528917(2282161961) 的消息: 各位同学，明日核酸检测名单如图，根据教务提供的名单，参加计算机考试需要48小时内核算检测阴性报告，全部纳入明日核酸检测人员名单，18级如学生放弃考试请自行忽略。参加计算机考试但不在名单上的同学请及时与我联系，一并参加核酸检测，检测地点为教五楼南侧，[CQ:face,id=63]@全体成员[CQ:image,file=2062b3f6bd1a200e0a8a075a94993431.image,subType=0] (1158872624) 
[2022-05-26 21:54:13] [INFO]: 收到群 潘安湖二手物品转卖群(949682820) 内 f(1227379498) 的消息: 收抽纸 (1445357826) 
[2022-05-26 21:56:23] [INFO]: 收到群 潘安湖二手物品转卖群(949682820) 内 B组团(951659601) 的消息: 出大三物联网专业书 (555833748) 
[2022-05-26 21:57:30] [INFO]: 收到群 20智能科学与技术(1014806242) 内 数电-张静宇老师(732257229) 的消息: [CQ:image,file=2fe71faaadaff5690c31f8c53a40a98a.image,subType=0] (-627308308) 
[2022-05-26 21:57:35] [INFO]: 收到群 20智能科学与技术(1014806242) 内 数电-张静宇老师(732257229) 的消息: 明天核酸检测名单 (-1382336390) 
[2022-05-26 21:58:38] [INFO]: 收到群 科文学院21Z计科(913765781) 内 班主任(313323736) 的消息: 各位同学
    明日核酸检测，名单如下，根据教务提供的名单，参加计算机考试需要48小时内核算检测阴性报告，全部纳入明日核酸检测人员名单。明天的核酸地点是：教五楼南侧。
    注意：参加考试但不在名单上的学生请及时与我联系，一并参加明天核酸检测[CQ:at,qq=all] 
[CQ:image,file=97b0e28a29c84692167cfe466367ec7d.image,subType=0] (-1070908976) 
[2022-05-26 21:59:41] [INFO]: 收到群 20软件3班通知群(953064865) 内 班主任(313323736) 的消息: 各位同学
    明日核酸检测，名单如下，根据教务提供的名单，参加计算机考试需要48小时内核算检测阴性报告，全部纳入明日核酸检测人员名单。明天的核酸地点是：教五楼南侧。
    注意：参加考试但不在名单上的学生请及时与我联系，一并参加明天核酸检测[CQ:at,qq=all] 
[CQ:image,file=3fc2e5aece5b83e9092c3617d5a39b40.image,subType=0] (1737369344) 
[2022-05-26 22:08:40] [INFO]: 收到群 潘安湖二手物品转卖群(949682820) 内 十一合七(1870606484) 的消息: 收护理液 (-1315027963) 
[2022-05-26 22:13:09] [INFO]: 收到群 潘安湖二手物品转卖群(949682820) 内 初衷(523076939) 的消息: 25[CQ:image,file=21f4e905c7f6b3154d0afefa59d69ac2.image,subType=0] (-963021677) 
[2022-05-26 22:20:37] [INFO]: 收到群 潘安湖二手物品转卖群(949682820) 内 B组团代拿快递(3309557082) 的消息: 出胃药，上火药，感冒药，拉肚子药。[CQ:image,file=41e1eff4b9a4d40043886458826e7068.image,subType=0] (-1805082636) 
[2022-05-26 22:20:47] [INFO]: 收到群 潘安湖二手物品转卖群(949682820) 内 B组团代拿快递(3309557082) 的消息: 出胃药，上火药，感冒药，拉肚子药。 7元 (-479219870) 
[2022-05-26 22:21:55] [INFO]: 收到群 潘安湖二手物品转卖群(949682820) 内 代买／代拿／跑腿dd(941403394) 的消息: F组团明天可代拿快递 (2053570264) 
[2022-05-26 22:22:31] [INFO]: 收到群 潘安湖二手物品转卖群(949682820) 内 初衷(523076939) 的消息: 收冰袖 (224513614) 
[2022-05-26 22:24:02] [INFO]: 收到群 潘安湖二手物品转卖群(949682820) 内 接代写&刷课(992112573) 的消息: 有人拼美瞳盲盒吗 (-1828365331) 
[2022-05-26 22:24:15] [INFO]: 收到群 潘安湖二手物品转卖群(949682820) 内 接代写&刷课(992112573) 的消息: 非常便宜 (-469603461) 
[2022-05-26 22:28:05] [INFO]: 收到群 潘安湖二手物品转卖群(949682820) 内 出笔+妙洁保鲜膜(3029917557) 的消息: 收垃圾袋 (2097887937) 
[2022-05-26 22:33:11] [INFO]: 收到群 21数据官方群(673433432) 内 班主任-周俊(1027418356) 的消息: [CQ:reply,id=731903017][CQ:at,qq=1027418356] 如有其他报名计算机二级但不在明日名单内的请报给我 (-1241816694) 
[2022-05-26 22:37:24] [INFO]: 收到群 新蜂生活超市(854452883) 内 李大圣（大吴代购，路费随意）(2784604520) 的消息: 来个人打飞车[CQ:image,file=aa9c006ca918af764eb9fdfc66940d29.image,subType=0] (1643819540) 
[2022-05-26 22:37:49] [INFO]: 收到群 新蜂生活超市(854452883) 内 李大圣（大吴代购，路费随意）(2784604520) 的消息: 该上分了 (385712770) 
[2022-05-26 22:42:46] [INFO]: 收到群 潘安湖二手物品转卖群(949682820) 内 陌年(1205578199) 的消息: [CQ:image,file=081b9389a704817d62ba0a316ac3b188.image,subType=0] (168561239) 
[2022-05-26 22:42:47] [INFO]: 收到群 潘安湖二手物品转卖群(949682820) 内 陌年(1205578199) 的消息: [CQ:image,file=758f5335cb045c955db0260691a1c18b.image,subType=0] (-1699539002) 
[2022-05-26 22:42:48] [INFO]: 收到群 潘安湖二手物品转卖群(949682820) 内 陌年(1205578199) 的消息: [CQ:image,file=b4461eedbd35f93b7d18c9e07f4dfd4b.image,subType=0] (-306960560) 
[2022-05-26 22:42:49] [INFO]: 收到群 潘安湖二手物品转卖群(949682820) 内 陌年(1205578199) 的消息: [CQ:image,file=e7b283d9010442829d457b35b16d8f58.image,subType=0] (-1921798475) 
[2022-05-26 22:42:51] [INFO]: 收到群 潘安湖二手物品转卖群(949682820) 内 陌年(1205578199) 的消息: [CQ:image,file=6b80c522a60254cb52077fa0dca82ac2.image,subType=0] (-93020637) 
[2022-05-26 22:42:52] [INFO]: 收到群 潘安湖二手物品转卖群(949682820) 内 陌年(1205578199) 的消息: [CQ:image,file=9d3916cd46c7b68744b8c1519d11dfd9.image,subType=0] (1669189529) 
[2022-05-26 22:42:53] [INFO]: 收到群 潘安湖二手物品转卖群(949682820) 内 陌年(1205578199) 的消息: [CQ:image,file=9ad6799f3fe84e739d2c3d1694c68b53.image,subType=0] (343605007) 
[2022-05-26 22:47:40] [INFO]: 收到群 潘安湖二手物品转卖群(949682820) 内 昨日浪漫.(1010253879) 的消息: 出劳动教育题库 (-1977718100) 
[2022-05-26 22:49:02] [INFO]: 收到群 潘安湖二手物品转卖群(949682820) 内 陌年(1205578199) 的消息: [CQ:image,file=5155126b67f6cc6e96d7de99a1926613.image,subType=0] (-48670150) 
[2022-05-26 22:52:07] [INFO]: 收到群 潘安湖二手物品转卖群(949682820) 内 陌年(1205578199) 的消息: [CQ:image,file=1ac97074ddfc4ed05f49fc28a0f4980d.image,subType=0] (1678773120) 
[2022-05-26 23:02:51] [INFO]: 群 潘安湖二手物品转卖群(949682820) 的 人在F组(1769328397) 更新了名片  -> 人在F组 
[2022-05-26 23:02:51] [INFO]: 收到群 潘安湖二手物品转卖群(949682820) 内 顾杰(1769328397) 的消息: [CQ:image,file=7d6dd50da9ec98bfb3348fa5f87445c4.image,subType=0] (320289558) 
[2022-05-26 23:03:26] [INFO]: 收到群 潘安湖二手物品转卖群(949682820) 内 人在F组(1769328397) 的消息: [CQ:image,file=4b33e3acea9c801f98ea8037167cb85f.image,subType=0] (-2086132089) 
[2022-05-26 23:04:53] [INFO]: 收到群 新蜂生活超市(854452883) 内 нёιιö(940717071) 的消息: 这就是富婆吗？ (-2042454253) 
[2022-05-26 23:05:09] [INFO]: 收到群 新蜂生活超市(854452883) 内 财神(80000000) 的消息: 是富婆/暗中观察 (-247091323) 
[2022-05-26 23:05:41] [INFO]: 收到群 新蜂生活超市(854452883) 内 青毛狮王(80000000) 的消息: 还是富二代 (-1548466974) 
[2022-05-26 23:06:17] [INFO]: 收到群 20软件1班官方群(927974093) 内 夏康宁15150083010(373505118) 的消息: [CQ:image,file=79cacef3b51fa0d31cc58cde17df0141.image,subType=1] (-1463958804) 
[2022-05-26 23:06:29] [INFO]: 收到群 20软件1班官方群(927974093) 内 夏康宁15150083010(373505118) 的消息: [CQ:image,file=4300d768000597e4d95499be3e79a931.image,subType=0] (833917782) 
[2022-05-26 23:06:37] [INFO]: 收到群 20软件1班官方群(927974093) 内 夏康宁15150083010(373505118) 的消息: 明日核酸检测，名单如上，根据教务提供的名单，参加计算机考试需要48小时内核算检测阴性报告，全部纳入明日核酸检测人员名单，18级如学生放弃考试请自行忽略。参加考试但不在名单上的学生请及时与我联系。 (1186177984) 
[2022-05-26 23:07:13] [INFO]: 收到群 20软件1班官方群(927974093) 内 夏康宁15150083010(373505118) 的消息: [CQ:at,qq=2796904898]  (-703807919) 
[2022-05-26 23:07:19] [INFO]: 收到群 20软件1班官方群(927974093) 内 夏康宁15150083010(373505118) 的消息: 教五楼南侧 (-1593078073) 
[2022-05-26 23:07:28] [INFO]: 收到群 20软件1班官方群(927974093) 内 班长吴思鹏(2796904898) 的消息: 收到 (-1043593438) 
[2022-05-26 23:09:03] [INFO]: 收到群 21软件3班通知群(684039593) 内 夏康宁15150083010(373505118) 的消息: [CQ:image,file=20266d3ee2d94d69590c60f30928d41c.image,subType=0] (-1623312284) 
[2022-05-26 23:09:22] [INFO]: 收到群 21软件3班通知群(684039593) 内 夏康宁15150083010(373505118) 的消息: 明日核酸检测，名单如上，根据教务提供的名单，参加计算机考试需要48小时内核算检测阴性报告，全部纳入明日核酸检测人员名单。参加考试但不在名单上的学生请及时与我联系。 (-398915342) 
[2022-05-26 23:09:59] [INFO]: 收到群 21软件3班通知群(684039593) 内 夏康宁15150083010(373505118) 的消息: [CQ:at,qq=804743218]  (1985846609) 
[2022-05-26 23:10:04] [INFO]: 收到群 21软件3班通知群(684039593) 内 夏康宁15150083010(373505118) 的消息: 教五楼南侧 (22719943) 
[2022-05-26 23:10:07] [INFO]: 收到群 21软件3班通知群(684039593) 内 陈雪莹 13270716186(804743218) 的消息: 收到 (-1739326339) 
[2022-05-26 23:10:51] [INFO]: 收到群 新蜂生活超市(854452883) 内 黑灵尊神(80000000) 的消息: [CQ:image,file=7940fb9c0cb51972157bb72b51f8531b.image,subType=0] (-726436748) 
[2022-05-26 23:10:57] [INFO]: 收到群 新蜂生活超市(854452883) 内 黑灵尊神(80000000) 的消息: 有没有姐妹拼呀 (1304045006) 
[2022-05-26 23:11:01] [INFO]: 收到群 新蜂生活超市(854452883) 内 黑灵尊神(80000000) 的消息: [CQ:image,file=cb8d05b14e92e6ca5460e2f17bd1dc2e.image,subType=1] (985470296) 
[2022-05-26 23:12:03] [INFO]: 收到群 新蜂生活超市(854452883) 内 土地神(80000000) 的消息: 有没有姐妹拼身体乳阿 (-1529249541) 
[2022-05-26 23:12:19] [INFO]: 收到群 新蜂生活超市(854452883) 内 财神(80000000) 的消息: [CQ:image,file=2872005ff782c94b559a2b59302a4673.image,subType=1] (-740380563) 
[2022-05-26 23:20:42] [INFO]: 收到群 潘安湖二手物品转卖群(949682820) 内 一杯火焰.(3104523169) 的消息: 收手帕纸 (-189852143) 
[2022-05-26 23:21:04] [INFO]: 收到群 潘安湖二手物品转卖群(949682820) 内 烤鸭外卖滴滴，下午五点准时配送(2332606663) 的消息: 烤鸭外卖dd (-1036896142) 
[2022-05-26 23:21:17] [INFO]: 收到群 潘安湖二手物品转卖群(949682820) 内 烤鸭外卖滴滴，下午五点准时配送(2332606663) 的消息: [CQ:image,file=b0786e391486a9d6fe562c1b0c1061a9.image,subType=0] (-1254815516) 
[2022-05-26 23:21:18] [INFO]: 收到群 潘安湖二手物品转卖群(949682820) 内 烤鸭外卖滴滴，下午五点准时配送(2332606663) 的消息: [CQ:image,file=c53bc3504c57b496802eff7494f30b03.image,subType=0] (742152542) 
[2022-05-26 23:21:18] [INFO]: 收到群 潘安湖二手物品转卖群(949682820) 内 烤鸭外卖滴滴，下午五点准时配送(2332606663) 的消息: [CQ:image,file=3fc51f0d53c22ef2b1b84a72a4e0b9c0.image,subType=0] (1530620360) 
[2022-05-26 23:30:19] [INFO]: 收到群 潘安湖二手物品转卖群(949682820) 内 做吃等毕业(1529212762) 的消息: 出大三软件工程书籍 (-983565205) 
[2022-05-26 23:30:19] [INFO]: 群 潘安湖二手物品转卖群(949682820) 的 出软件工程相关书籍(1529212762) 更新了名片 做吃等毕业 -> 出软件工程相关书籍 
[2022-05-26 23:31:39] [INFO]: 收到群 21软件3班通知群(684039593) 内 宋杰鹏(417196977) 的消息: 全国计算机等级考试不用eclipse,用的软件 到这下载 (-279655189) 
[2022-05-26 23:31:49] [INFO]: 收到群 21软件3班通知群(684039593) 内 宋杰鹏(417196977) 的消息: https://ncre.neea.edu.cn/html1/report/1507/865-1.htm (2146161018) 
[2022-05-26 23:32:02] [INFO]: 收到群 21软件3班通知群(684039593) 内 宋杰鹏(417196977) 的消息: [CQ:image,file=63149afa73f5849d863bb462cb44e69b.image,subType=0] (149742060) 
[2022-05-26 23:33:14] [INFO]: 收到群 潘安湖二手物品转卖群(949682820) 内 宁子(1971581391) 的消息: 有需要“打包邮寄”物品(学姐)或者“代卖二手物品”(一定时间仍卖不出去将自行处理) (-1302803203) 
[2022-05-26 23:33:18] [INFO]: 收到群 21数据官方群(673433432) 内 宋杰鹏(417196977) 的消息: 全国计算机等级考试不用eclipse,用的软件 到这下载 (-1023651556) 
[2022-05-26 23:33:27] [INFO]: 收到群 潘安湖二手物品转卖群(949682820) 内 宁子(1971581391) 的消息: [CQ:image,file=a7b2648a99bee5e46650966295eac73c.image,subType=0] (726768967) 
[2022-05-26 23:33:32] [INFO]: 收到群 21数据官方群(673433432) 内 宋杰鹏(417196977) 的消息: https://ncre.neea.edu.cn/html1/report/1507/865-1.htm (1542783142) 
[2022-05-26 23:33:45] [INFO]: 收到群 21数据官方群(673433432) 内 宋杰鹏(417196977) 的消息: [CQ:image,file=68b91ad90d8e4dde7b018675873a9b73.image,subType=0] (754069552) 
[2022-05-26 23:34:02] [INFO]: 收到群 潘安湖二手物品转卖群(949682820) 内 c组团(958290162) 的消息: 有人有学校顺丰快递微信吗 (1549184465) 
[2022-05-26 23:34:22] [INFO]: 收到群 21数据官方群(673433432) 内 班主任-周俊(1027418356) 的消息: 宋老师 辛苦[CQ:face,id=63][CQ:face,id=63][CQ:face,id=118][CQ:face,id=118][CQ:face,id=118] (-1135792735) 
[2022-05-26 23:34:41] [INFO]: 收到群 21数据官方群(673433432) 内 宋杰鹏(417196977) 的消息: 周老师客气啦 (-884335305) 
[2022-05-26 23:35:02] [INFO]: 收到群 21数据官方群(673433432) 内 班主任-周俊(1027418356) 的消息: [CQ:face,id=118][CQ:face,id=118][CQ:face,id=118] (-36228268) 
[2022-05-26 23:37:12] [INFO]: 收到群 潘安湖二手物品转卖群(949682820) 内 春心(945023260) 的消息: 有人出蚊帐吗，我就想睡个安稳觉/泪奔 (-857100224) 
[2022-05-26 23:43:26] [INFO]: 收到群 潘安湖二手物品转卖群(949682820) 内 Y.X.(1518890482) 的消息: [CQ:reply,id=-857100224][CQ:at,qq=945023260] 花露水你值得拥有[CQ:at,qq=945023260]  (-1141997354) 
[2022-05-26 23:56:18] [INFO]: 收到群 潘安湖二手物品转卖群(949682820) 内 春心(945023260) 的消息: 花露水味道太大了，晚上睡觉不好喷啊/喷血 (-618067661) 
[2022-05-26 23:59:25] [INFO]: 收到群 潘安湖二手物品转卖群(949682820) 内 帅哥1号(2268551581) 的消息: 我有个蓝色蚊帐你要吗 (-1406256731) 
[2022-05-26 23:59:30] [INFO]: 收到群 潘安湖二手物品转卖群(949682820) 内 帅哥1号(2268551581) 的消息: 挺丑的/捂脸 (891775007) 
