[2022-05-29 00:10:01] [INFO]: 收到群 20Z计科通知群(540450397) 内 Q群管家(2854196310) 的消息: [CQ:at,qq=all] 熬夜追剧打游戏，趁机打个健康打卡୧⍤⃝
——来自群管理员（1772203969）的编辑 (1788286412) 
[2022-05-29 00:15:01] [INFO]: 收到群 潘安湖二手物品转卖群(949682820) 内 打印(2254370262) 的消息: 出酒精、免洗洗手液（6元一瓶），C组团自取 (-1840401210) 
[2022-05-29 00:43:54] [INFO]: 收到群 潘安湖二手物品转卖群(949682820) 内 困飞了(2460646183) 的消息: 出全新未拆封3ce透明管烟熏梅子色，50r可小刀[CQ:image,file=f18f87dd4ca50592f28feb87a07a9fd8.image,subType=0] (189064572) 
[2022-05-29 03:09:19] [INFO]: 收到群 潘安湖二手物品转卖群(949682820) 内 ice-water(1427774041) 的消息: 欧冠 (2084820458) 
[2022-05-29 03:48:35] [INFO]: 收到群 潘安湖二手物品转卖群(949682820) 内 Wyy.(2471409722) 的消息: 收红霉素软膏 (-500744119) 
[2022-05-29 06:00:03] [INFO]: 收到群 21软件3班通知群(684039593) 内 Q群管家(2854196310) 的消息: [CQ:at,qq=all] 早起的你们打卡没？
——来自群管理员（1648866869）的编辑 (1232535321) 
[2022-05-29 08:00:59] [INFO]: 收到群 20软件1班官方群(927974093) 内 Q群管家(2854196310) 的消息: [CQ:at,qq=all] 穿过挪威的森林，让我走进你的梦里，夕阳落在我的铠甲，王子不一定骑白马，黑马王子四海为家，现在是早上九点整，我不是马思唯，是催打卡的没人陪，打卡！打卡！打卡！！！
——来自群管理员（2741476253）的编辑 (-1667632600) 
[2022-05-29 08:01:20] [INFO]: 收到群 21软件2班(626284843) 内 Q群管家(2854196310) 的消息: [CQ:at,qq=all] 新的一天，新的美好，记得❕❗️健康打卡❗️❕[CQ:image,file=6ddeb3e1383d4b40494abdab142c1f04.image,subType=0]
——来自群管理员（3166230258）的编辑 (-297892343) 
[2022-05-29 08:11:29] [INFO]: 收到群 潘安湖二手物品转卖群(949682820) 内 25(1730456904) 的消息: 手帕纸 2r3包[CQ:image,file=fc9f4c0e2dbe7ab05425bc7bb29f5bb8.image] (-1793036065) 
[2022-05-29 08:20:00] [INFO]: 收到群 21数据官方群(673433432) 内 Q群管家(2854196310) 的消息: [CQ:at,qq=all] 课前进行健康打卡，谢谢大家配合。
——来自群管理员（1186037531）的编辑 (-688234345) 
[2022-05-29 08:26:23] [INFO]: 新成员 -ZZ(2015196049) 进入了群 潘安湖二手物品转卖群(949682820). 
[2022-05-29 08:29:00] [INFO]: 收到群 新蜂生活超市(854452883) 内 泾河龙王(80000000) 的消息: [CQ:at,qq=105070597] 老板红油面皮多少钱一袋啊 (301051281) 
[2022-05-29 08:30:46] [INFO]: 收到群 潘安湖二手物品转卖群(949682820) 内 出租麻将耶(2089325471) 的消息: a组团有无快递代拿 (204022117) 
[2022-05-29 08:32:30] [INFO]: 发送群 18软件2班在线群(780548179) 的消息: 健康打卡自动提醒
尚 ... (2096859389) 
[2022-05-29 08:32:40] [INFO]: 发送群 20Z计科通知群(540450397) 的消息: 健康打卡自动提醒
尚 ... (-185368465) 
[2022-05-29 08:32:51] [INFO]: 发送群 20智能科学与技术(1014806242) 的消息: 健康打卡自动提醒
尚 ... (1210578866) 
[2022-05-29 08:32:55] [INFO]: 收到群 20智能科学与技术(1014806242) 内 数电-张静宇老师(732257229) 的消息: [CQ:image,file=766ecf5a0fe69426ca7501111725d84f.image,subType=0] (1059112740) 
[2022-05-29 08:33:02] [INFO]: 发送群 20软件3班通知群(953064865) 的消息: 健康打卡自动提醒
尚 ... (595402531) 
[2022-05-29 08:33:13] [INFO]: 发送群 科文学院21Z计科(913765781) 的消息: 健康打卡自动提醒
尚 ... (-1117991531) 
[2022-05-29 08:33:24] [INFO]: 发送群 21数据官方群(673433432) 的消息: 健康打卡自动提醒
尚 ... (-1577234431) 
[2022-05-29 08:33:35] [INFO]: 发送群 21软件2班(626284843) 的消息: 健康打卡自动提醒
尚 ... (-1724270945) 
[2022-05-29 08:33:39] [INFO]: 收到群 20智能科学与技术(1014806242) 内 数电-张静宇老师(732257229) 的消息: 今天核酸检测名单，管理的老师发晚了，大家互相提醒，[CQ:at,qq=all]  (-1348478283) 
[2022-05-29 08:33:46] [INFO]: 发送群 21软件3班通知群(684039593) 的消息: 健康打卡自动提醒
尚 ... (-796938589) 
[2022-05-29 08:34:47] [INFO]: 收到群 21软件2班(626284843) 内 班主任-刘老师(1521259697) 的消息: 各位同学，早上好！☀今日开展常态化核酸检测，名单如下（4号床位），请抽取到的同学按照时间节点准时前往核酸采样点。
时间：12:30-13:00
地点：教五楼与实验楼连廊（入口：教五楼南侧）[CQ:image,file=e0497f4b7638a64aad7b8b81be3fa31c.image,subType=0] (-100778118) 
[2022-05-29 08:39:38] [INFO]: 收到群 潘安湖二手物品转卖群(949682820) 内 接代写代拿快递带饭(1294131543) 的消息: 出江中猴菇米稀 (2066616819) 
[2022-05-29 08:41:19] [INFO]: 收到群 21数据官方群(673433432) 内 班主任-周俊(1027418356) 的消息: [CQ:image,file=77a09fcab71d4f78ecb5baa099905941.image,subType=0]  今日核酸名单，检测地点为教五楼南侧 (955515323) 
[2022-05-29 08:43:00] [INFO]: 收到群 20软件1班官方群(927974093) 内 健康打卡小助手(3528275423) 的消息: 健康打卡自动提醒
尚未打卡的同学如下：
@全体成员	[CQ:at,qq=1574115783] 	[CQ:at,qq=2028483080] 	[CQ:at,qq=2898157983] 	[CQ:at,qq=2428819634] 	[CQ:at,qq=2641157259] 	[CQ:at,qq=1227424299] 	[CQ:at,qq=3265160892] 	[CQ:at,qq=2310792611] 	[CQ:at,qq=1316536082] 	[CQ:at,qq=1427774041] 	[CQ:at,qq=1206446866] 	[CQ:at,qq=2781117278] 	[CQ:at,qq=1285958663] 	[CQ:at,qq=2578518327] 	[CQ:at,qq=2865252746] 	[CQ:at,qq=3483612605] 	[CQ:at,qq=298208895] 	[CQ:at,qq=2814703528] 	
已打卡的同学请忽略此条消息
8:42:54 (50161547) 
[2022-05-29 08:43:17] [INFO]: 收到群 20软件2班官方群(953152455) 内 健康打卡小助手(3528275423) 的消息: 健康打卡自动提醒
尚未打卡的同学如下：
[CQ:at,qq=1262296187] 	[CQ:at,qq=2428286276] 	[CQ:at,qq=2571940933] 	[CQ:at,qq=2234421866] 	[CQ:at,qq=840066450] 	[CQ:at,qq=1499593995] 	[CQ:at,qq=2293923761] 	[CQ:at,qq=2410323243] 	[CQ:at,qq=1520379867] 	[CQ:at,qq=2501116423] 	[CQ:at,qq=2753757325] 	[CQ:at,qq=183268352] 	[CQ:at,qq=2653090107] 	[CQ:at,qq=1458335158] 	[CQ:at,qq=2145039799] 	[CQ:at,qq=673576534] 	[CQ:at,qq=2585443920] 	[CQ:at,qq=571807394] 	[CQ:at,qq=1482193676] 	[CQ:at,qq=2316501367] 	[CQ:at,qq=732788562] 	[CQ:at,qq=421712537] 	[CQ:at,qq=741349469] 	[CQ:at,qq=960919037] 	[CQ:at,qq=2781468167] 	[CQ:at,qq=2235357497] 	[CQ:at,qq=2959674812] 	[CQ:at,qq=758766041] 	[CQ:at,qq=2909235457] 	[CQ:at,qq=2470684840] 	[CQ:at,qq=3031531805] 	[CQ:at,qq=853579314] 	
已打卡的同学请忽略此条消息
8:43:10 (1331837667) 
[2022-05-29 08:43:50] [INFO]: 收到群 20软件3班通知群(953064865) 内 班主任(313323736) 的消息: [CQ:image,file=e6cbd597ad3ecf8e11613bdf158dc04c.image,subType=0]
今日核酸名单，检测地点为教五楼南侧，请知晓。[CQ:at,qq=all] (1417293749) 
[2022-05-29 08:44:15] [INFO]: 收到群 潘安湖二手物品转卖群(949682820) 内 E(2380411320) 的消息: 出4小支，5元出[CQ:image,file=d48eb7048efd0d510f8d1ec0deaf8a73.image,subType=0][CQ:image,file=f9d86e7a05d85ff3f4660a19f3a43752.image,subType=0] (-342815646) 
[2022-05-29 08:44:27] [INFO]: 收到群 科文学院21Z计科(913765781) 内 班主任(313323736) 的消息: [CQ:image,file=df55c502d693ccebda3dc512fcb115ae.image,subType=0]
今日核酸名单，检测地点为教五楼南侧，请知晓。[CQ:at,qq=all] (-899941117) 
[2022-05-29 08:50:28] [INFO]: 收到群 潘安湖二手物品转卖群(949682820) 内 ︶青禾*(2710605724) 的消息: 八成新，裙子都比较重工，质量很好，全部便宜出，[CQ:image,file=f0cc8cd33378e6737e3b66c2fac7f64b.image][CQ:image,file=7cac1acc7874b73066237b03b3043342.image][CQ:image,file=8da63c1c7f912f16a7568deb837e391b.image][CQ:image,file=7f567d895c78edd02591a1333a221758.image][CQ:image,file=5863b32d5e3b91f1b81ff244100d5ccd.image][CQ:image,file=33623c5e48ac0571cb89fb3cd645fe8b.image][CQ:image,file=9eff33a428af2d954fd18a904f05b19d.image][CQ:image,file=b1a41884eb183bd372ce6dbd763a7a8d.image][CQ:image,file=304c8d88440e9c03aa9ccd1f4f7459aa.image][CQ:image,file=ec9bf911092a86148a50fce9ab621271.image][CQ:image,file=89c54d91aebcc2c1332a7c52bad2e352.image][CQ:image,file=edd7cba2b0539ea30758bb52a0174bfd.image][CQ:image,file=23cfd400356f3b935af101828dfe35de.image][CQ:image,file=932a622e43eb66553e81414f74354116.image][CQ:image,file=b66cad20733de6dc2b8b1cd989c5451b.image][CQ:image,file=9788a217536f05dc1ce6bcfa3d1d89a1.image][CQ:image,file=c5a3b2a103cdb54698e0ab8bb49c2d72.image][CQ:image,file=84602c337eb0a4b09beb6264d5aee04d.image][CQ:image,file=8b978c7cfbba2f1c8e20ea11c9503ba7.image] (-1667875596) 
[2022-05-29 08:52:09] [INFO]: 收到群 潘安湖二手物品转卖群(949682820) 内 出大三数据专业书(2912906799) 的消息: [CQ:image,file=438cdc9c6198e329b758dbd36fe250a0.image,subType=0] (1657968799) 
[2022-05-29 08:53:43] [INFO]: 收到群 潘安湖二手物品转卖群(949682820) 内 玛卡巴卡（期末修仙）(1013590096) 的消息: [CQ:image,file=e985f543c22e9c5ea0955e419d9b5899.image,subType=0] (366323721) 
[2022-05-29 08:53:53] [INFO]: 收到群 潘安湖二手物品转卖群(949682820) 内 玛卡巴卡（期末修仙）(1013590096) 的消息: 出耳机全新未拆 (-1931675213) 
[2022-05-29 08:53:55] [INFO]: 收到群 潘安湖二手物品转卖群(949682820) 内 玛卡巴卡（期末修仙）(1013590096) 的消息: 260 (-69482203) 
[2022-05-29 08:54:30] [INFO]: 收到群 潘安湖二手物品转卖群(949682820) 内 玛卡巴卡（期末修仙）(1013590096) 的消息: 可以串项链挂脖子上 也可以卡在裤腰带上 (1707039878) 
[2022-05-29 08:54:30] [INFO]: 新成员 Re.(3428222846) 进入了群 潘安湖二手物品转卖群(949682820). 
[2022-05-29 08:58:14] [INFO]: 收到群 潘安湖二手物品转卖群(949682820) 内 玛卡巴卡（期末修仙）(1013590096) 的消息: 送一个无线充 (314076176) 
[2022-05-29 09:03:18] [INFO]: 收到群 20软件1班官方群(927974093) 内 夏康宁15150083010(373505118) 的消息: [CQ:image,file=1d00f7304b04f95977d0860422615ac4.image,subType=0] (1979340573) 
[2022-05-29 09:03:22] [INFO]: 收到群 20软件1班官方群(927974093) 内 夏康宁15150083010(373505118) 的消息: 今日核酸名单，检测地点为教五楼南侧，请各位老师知晓。 (-319617369) 
[2022-05-29 09:03:38] [INFO]: 收到群 20软件1班官方群(927974093) 内 夏康宁15150083010(373505118) 的消息: 今日核酸名单，检测地点为教五楼南侧。 (-1678494159) 
[2022-05-29 09:03:57] [INFO]: 收到群 20软件1班官方群(927974093) 内 夏康宁15150083010(373505118) 的消息: [CQ:at,qq=190653241]  (189475744) 
[2022-05-29 09:04:11] [INFO]: 收到群 21软件3班通知群(684039593) 内 夏康宁15150083010(373505118) 的消息: [CQ:image,file=077bc85b5ee7f7ff4a5d48b9f18929d6.image,subType=0] (-1485267403) 
[2022-05-29 09:04:15] [INFO]: 收到群 21软件3班通知群(684039593) 内 夏康宁15150083010(373505118) 的消息: 今日核酸名单，检测地点为教五楼南侧。 (958139286) 
[2022-05-29 09:04:26] [INFO]: 收到群 21软件3班通知群(684039593) 内 夏康宁15150083010(373505118) 的消息: [CQ:at,qq=1346596993]  (1310407424) 
[2022-05-29 09:04:59] [INFO]: 收到群 新蜂生活超市(854452883) 内 小po(2297728680) 的消息: 哦莫，学校行政楼在哪儿啊 (1727438087) 
[2022-05-29 09:05:30] [INFO]: 群 20Z计科通知群(540450397) 内 辅导员——王群(953060053) 上传了文件: 附件2.江苏师范大学科文学院毕业生档案代存协议书.doc 
[2022-05-29 09:05:45] [INFO]: 收到群 新蜂生活超市(854452883) 内 吃饭睡觉长高高(3529269370) 的消息: [CQ:image,file=030af6fcf0bd2093dca771f8534ac47e.image,subType=0] (-878213009) 
[2022-05-29 09:05:48] [INFO]: 收到群 新蜂生活超市(854452883) 内 啵唧啵唧.(1294131543) 的消息: 靠近大门口的那栋 (-1130317575) 
[2022-05-29 09:06:47] [INFO]: 收到群 新蜂生活超市(854452883) 内 小po(2297728680) 的消息: 好滴！ (631892291) 
[2022-05-29 09:07:07] [INFO]: 收到群 新蜂生活超市(854452883) 内 小po(2297728680) 的消息: 我在学校三年了，我现在还搞不懂哪儿是哪儿 (1387190741) 
[2022-05-29 09:09:43] [INFO]: 收到群 20Z计科通知群(540450397) 内 辅导员——王群(953060053) 的消息: [CQ:image,file=d44c68069a27a1d0c0057852f0a02374.image,subType=0]乡村振兴计划暂时留档的学生请上午填写附件2  [CQ:image,file=d9c93fdc3e42154947399c4fc5d9b398.image,subType=0][CQ:image,file=0eb5e52f56c01daa4bed780816d980c9.image,subType=0][CQ:image,file=e3e11402814f87b680738131be60cde3.image,subType=0]甲方三处信息  电子签，不要更更改原表格式上午11:00前原文件命名前加上自己的姓名 发送给我 收到请回复[CQ:at,qq=664933412] [CQ:at,qq=1329192685] [CQ:at,qq=1017563517] [CQ:at,qq=1905155053] [CQ:at,qq=2576866816] [CQ:at,qq=473591485] [CQ:at,qq=819184328] [CQ:at,qq=1473373003] [CQ:at,qq=728514179] [CQ:at,qq=1518846613] (452845891) 
[2022-05-29 09:12:10] [INFO]: 收到群 20软件1班官方群(927974093) 内 软件1   朱可欣(190653241) 的消息: 收到 (2085362486) 
[2022-05-29 09:17:39] [INFO]: 收到群 潘安湖二手物品转卖群(949682820) 内 Wyy.(2471409722) 的消息: 收红霉素软膏  碘伏 (-1951318614) 
[2022-05-29 09:19:08] [INFO]: 收到群 21软件3班通知群(684039593) 内 马艺允 18095899277(1346596993) 的消息: 收到 (-686658886) 
[2022-05-29 09:22:18] [INFO]: 收到群 潘安湖二手物品转卖群(949682820) 内 浅笑安然(2623087781) 的消息: 有人出那种贴的膏药嘛/头秃 (-55177924) 
[2022-05-29 09:22:36] [INFO]: 收到群 潘安湖二手物品转卖群(949682820) 内 代拿代买代写代课（期末闭关不接单）(3176627878) 的消息: 贴的？ (1812533421) 
[2022-05-29 09:22:53] [INFO]: 收到群 潘安湖二手物品转卖群(949682820) 内 代拿代买代写代课（期末闭关不接单）(3176627878) 的消息: 我有云南白药喷雾 (453910587) 
[2022-05-29 09:27:15] [INFO]: 收到群 潘安湖二手物品转卖群(949682820) 内 可代写代收快递代收行李(3139459369) 的消息: 18英语1的辅导员是谁啊 (2076813790) 
[2022-05-29 09:27:18] [INFO]: 收到群 潘安湖二手物品转卖群(949682820) 内 可代写代收快递代收行李(3139459369) 的消息: /颤抖/颤抖 (214866248) 
[2022-05-29 09:27:20] [INFO]: 收到群 20Z计科通知群(540450397) 内 孟露露 13382191863(2576866816) 的消息: 收到 (1845154261) 
[2022-05-29 09:27:58] [INFO]: 收到群 潘安湖二手物品转卖群(949682820) 内 浅笑安然(2623087781) 的消息: [CQ:reply,id=453910587][CQ:at,qq=3176627878] [CQ:at,qq=3176627878] 也行，也行 (-1782069006) 
[2022-05-29 09:32:03] [INFO]: 发送群 18软件2班在线群(780548179) 的消息: 健康打卡自动提醒
尚 ... (201111659) 
[2022-05-29 09:32:14] [INFO]: 发送群 20Z计科通知群(540450397) 的消息: 健康打卡自动提醒
尚 ... (-45757372) 
[2022-05-29 09:32:24] [INFO]: 发送群 20智能科学与技术(1014806242) 的消息: 健康打卡自动提醒
尚 ... (-661067229) 
[2022-05-29 09:32:35] [INFO]: 发送群 20软件3班通知群(953064865) 的消息: 健康打卡自动提醒
尚 ... (-848069105) 
[2022-05-29 09:32:46] [INFO]: 发送群 科文学院21Z计科(913765781) 的消息: 健康打卡自动提醒
尚 ... (1524949138) 
[2022-05-29 09:32:57] [INFO]: 发送群 21数据官方群(673433432) 的消息: 健康打卡自动提醒
尚 ... (1341337901) 
[2022-05-29 09:33:08] [INFO]: 发送群 21软件2班(626284843) 的消息: 健康打卡自动提醒
尚 ... (-1896280084) 
[2022-05-29 09:33:19] [INFO]: 发送群 21软件3班通知群(684039593) 的消息: 健康打卡自动提醒
尚 ... (-1609213396) 
[2022-05-29 09:33:46] [INFO]: 收到群 新蜂生活超市(854452883) 内 新蜂生活超市(105070597) 的消息: [CQ:reply,id=301051281]4 (-859157386) 
[2022-05-29 09:34:39] [INFO]: 收到群 20Z计科通知群(540450397) 内 425宿舍刘浩(1017563517) 的消息: 收到 (-1975321390) 
[2022-05-29 09:41:10] [INFO]: 收到群 20Z计科通知群(540450397) 内 卢涛15651795271(1905155053) 的消息: 收到 (597595400) 
[2022-05-29 09:42:53] [INFO]: 收到群 20软件1班官方群(927974093) 内 健康打卡小助手(3528275423) 的消息: 健康打卡自动提醒
尚未打卡的同学如下：
[CQ:at,qq=298208895] 	[CQ:at,qq=2898157983] 	[CQ:at,qq=1427774041] 	[CQ:at,qq=2781117278] 	[CQ:at,qq=2578518327] 	[CQ:at,qq=1574115783] 	[CQ:at,qq=2814703528] 	[CQ:at,qq=1206446866] 	[CQ:at,qq=3483612605] 	
已打卡的同学请忽略此条消息
9:42:47 (784199761) 
[2022-05-29 09:43:09] [INFO]: 收到群 20软件2班官方群(953152455) 内 健康打卡小助手(3528275423) 的消息: 健康打卡自动提醒
尚未打卡的同学如下：
[CQ:at,qq=1262296187] 	[CQ:at,qq=421712537] 	[CQ:at,qq=2428286276] 	[CQ:at,qq=2316501367] 	[CQ:at,qq=2959674812] 	[CQ:at,qq=2145039799] 	[CQ:at,qq=2571940933] 	[CQ:at,qq=3031531805] 	[CQ:at,qq=1482193676] 	[CQ:at,qq=741349469] 	[CQ:at,qq=183268352] 	[CQ:at,qq=2909235457] 	[CQ:at,qq=840066450] 	[CQ:at,qq=960919037] 	[CQ:at,qq=2234421866] 	
已打卡的同学请忽略此条消息
9:43:3 (-788091072) 
[2022-05-29 09:48:47] [INFO]: 收到群 新蜂生活超市(854452883) 内 金咤(80000000) 的消息: 超市有502卖嘛 (-1144161056) 
[2022-05-29 09:49:00] [INFO]: 收到群 新蜂生活超市(854452883) 内 新蜂生活超市(105070597) 的消息: [CQ:reply,id=-1144161056]有 (583282010) 
[2022-05-29 09:49:11] [INFO]: 收到群 新蜂生活超市(854452883) 内 金咤(80000000) 的消息: [CQ:image,file=95dbb481290bba22e17c1bd23156e95b.image,subType=7] (1438850508) 
[2022-05-29 09:49:34] [INFO]: 收到群 潘安湖二手物品转卖群(949682820) 内 出闲置f组团(957269098) 的消息: 收大瓶香水 (-490669980) 
[2022-05-29 09:55:53] [INFO]: 收到群 20Z计科通知群(540450397) 内 刘东琪 13182382727(1329192685) 的消息: 收到 (1419355550) 
[2022-05-29 10:00:20] [INFO]: 收到群 18软件2班在线群(780548179) 内 Q群管家(2854196310) 的消息: [CQ:at,qq=all] 周末就是将生活调回自己喜欢的频道，伸伸懒腰，起床记得健康打卡！「江苏师范大学科文学院信息工程18软件2班宣」
——来自群管理员（2732160776）的编辑 (-1690065414) 
[2022-05-29 10:00:30] [INFO]: 收到群 科文学院21Z计科(913765781) 内 Q群管家(2854196310) 的消息: [CQ:at,qq=all] 请大家尽快健康打卡喽！
——来自群管理员（2538311073）的编辑 (769904644) 
[2022-05-29 10:07:24] [INFO]: 收到群 新蜂生活超市(854452883) 内 木咤(80000000) 的消息: [CQ:image,file=9244462e215ab81b89b557e40e173d34.image,subType=1] (-981729187) 
[2022-05-29 10:08:27] [INFO]: 收到群 20Z计科通知群(540450397) 内 王子豪+18752102246(1473373003) 的消息: 收到 (-846138332) 
[2022-05-29 10:09:23] [INFO]: 收到群 潘安湖二手物品转卖群(949682820) 内 活(920418132) 的消息: 4r一袋，一袋可以喝4-5天[CQ:image,file=5a8ead7be4dc646ba59bf539d66c2d94.image][CQ:image,file=49cd49598de7c1a616907d55426904fb.image] (2091150791) 
[2022-05-29 10:11:30] [INFO]: 收到群 潘安湖二手物品转卖群(949682820) 内 斑马线麋鹿了(1512941440) 的消息: 出两片床帘9r (195255633) 
[2022-05-29 10:11:37] [INFO]: 群 潘安湖二手物品转卖群(949682820) 的 焦糖玛奇朵(3435533851) 更新了名片  -> 焦糖玛奇朵 
[2022-05-29 10:11:37] [INFO]: 收到群 潘安湖二手物品转卖群(949682820) 内 无爱者自由(3435533851) 的消息: [CQ:image,file=6d4d6982e4d8f92da646283119341217.image,subType=0] (-1834349333) 
[2022-05-29 10:12:02] [INFO]: 收到群 潘安湖二手物品转卖群(949682820) 内 柏成💐(3136795849) 的消息: 水凝防窥膜2个全新未拆封工具全10r
除螨喷雾全新未拆封8r
N95  20个独立包装新10r
同碗福咸蛋黄拌面2r[CQ:image,file=09d7e960436c8286f5b8ab1c62779d35.image] (-441631619) 
[2022-05-29 10:12:29] [INFO]: 收到群 潘安湖二手物品转卖群(949682820) 内 代买／代拿／跑腿dd(941403394) 的消息: 一食堂二楼的麻辣烫凭身份证生日当天真的免费吃吗 (1964122604) 
[2022-05-29 10:12:58] [INFO]: 收到群 潘安湖二手物品转卖群(949682820) 内 巧克力(262757554) 的消息: 真的 (34935162) 
[2022-05-29 10:13:27] [INFO]: 收到群 潘安湖二手物品转卖群(949682820) 内 代买／代拿／跑腿dd(941403394) 的消息: 现在还可以吗，上限多少呀[CQ:face,id=3] (-38192818) 
[2022-05-29 10:14:02] [INFO]: 收到群 新蜂生活超市(854452883) 内 何日君再来(948554007) 的消息: 买一送一的酸奶还有吗 (-1300549429) 
[2022-05-29 10:14:15] [INFO]: 收到群 20软件2班官方群(953152455) 内 辅导员赵思文(929274745) 的消息: [CQ:image,file=8756c958f92e929b038225f1cd87dc9d.image,subType=0]今日核酸名单，地点在教五楼南侧。带上身份证以及注册过的二维码，请同学们在规定时间过去，不要卡点，医务人员也很辛苦。[CQ:face,id=63]@全体成员 (-1509842986) 
[2022-05-29 10:14:18] [INFO]: 收到群 潘安湖二手物品转卖群(949682820) 内 巧克力(262757554) 的消息: 没有上限 (-1967257128) 
[2022-05-29 10:14:27] [INFO]: 收到群 潘安湖二手物品转卖群(949682820) 内 巧克力(262757554) 的消息: 我记得是 (330782818) 
[2022-05-29 10:14:33] [INFO]: 收到群 潘安湖二手物品转卖群(949682820) 内 巧克力(262757554) 的消息: 因为是从我开始的 (1689282804) 
[2022-05-29 10:14:34] [INFO]: 收到群 潘安湖二手物品转卖群(949682820) 内 巧克力(262757554) 的消息: /捂脸/捂脸/捂脸 (-86704809) 
[2022-05-29 10:16:45] [INFO]: 收到群 潘安湖二手物品转卖群(949682820) 内 代买／代拿／跑腿dd(941403394) 的消息: 哈哈哈哈哈 (-1915499071) 
[2022-05-29 10:16:48] [INFO]: 收到群 潘安湖二手物品转卖群(949682820) 内 代买／代拿／跑腿dd(941403394) 的消息: [CQ:image,file=8929885a630c2ca177e91be6db79a79d.image,subType=7] (349871227) 
[2022-05-29 10:20:45] [INFO]: 收到群 潘安湖二手物品转卖群(949682820) 内 小小(1934935443) 的消息: 有上限，15 (1675472109) 
[2022-05-29 10:20:49] [INFO]: 收到群 潘安湖二手物品转卖群(949682820) 内 小小(1934935443) 的消息: [CQ:at,qq=941403394]  (-211635844) 
[2022-05-29 10:23:14] [INFO]: 收到群 潘安湖二手物品转卖群(949682820) 内 代买／代拿／跑腿dd(941403394) 的消息: OKOK (-2073722390) 
[2022-05-29 10:25:33] [INFO]: 收到群 潘安湖二手物品转卖群(949682820) 内 emo怪(1326768287) 的消息: 代出～出全新未拆封3ce透明管烟熏梅子色，50r可小刀[CQ:image,file=f948252e82d98ba77a3c73bb2caea6ab.image,subType=0] (-459143153) 
[2022-05-29 10:27:53] [INFO]: 收到群 新蜂生活超市(854452883) 内 虎先锋(80000000) 的消息: 有人知道行政楼在哪嘛 (-759383762) 
[2022-05-29 10:30:07] [INFO]: 收到群 20软件1班官方群(927974093) 内 Q群管家(2854196310) 的消息: [CQ:at,qq=all] 打卡打卡打卡！没打卡的小伙伴快打卡！⚠️⚠️⚠️🙋🙋🙋
——来自群管理员（1328387724）的编辑 (1505411271) 
[2022-05-29 10:30:16] [INFO]: 收到群 新蜂生活超市(854452883) 内 普贤菩萨(80000000) 的消息: 在靠近大门口正对的那栋楼 (-1514436168) 
[2022-05-29 10:30:38] [INFO]: 收到群 新蜂生活超市(854452883) 内 普贤菩萨(80000000) 的消息: 就是你面对图书馆应该在手 (1018353666) 
[2022-05-29 10:30:42] [INFO]: 收到群 新蜂生活超市(854452883) 内 普贤菩萨(80000000) 的消息: 左手 (1270212756) 
[2022-05-29 10:32:04] [INFO]: 发送群 18软件2班在线群(780548179) 的消息: 健康打卡自动提醒
尚 ... (-331049620) 
[2022-05-29 10:32:15] [INFO]: 发送群 20Z计科通知群(540450397) 的消息: 健康打卡自动提醒
尚 ... (-1164458830) 
[2022-05-29 10:32:21] [INFO]: 收到群 新蜂生活超市(854452883) 内 虎先锋(80000000) 的消息: [CQ:image,file=47c3f2c2cadf0d543fca84b328410210.image,subType=7] (-707691209) 
[2022-05-29 10:32:26] [INFO]: 发送群 20智能科学与技术(1014806242) 的消息: 健康打卡自动提醒
尚 ... (-1201708090) 
[2022-05-29 10:32:37] [INFO]: 发送群 20软件3班通知群(953064865) 的消息: 健康打卡自动提醒
尚 ... (-1166782823) 
[2022-05-29 10:32:48] [INFO]: 发送群 科文学院21Z计科(913765781) 的消息: 健康打卡自动提醒
尚 ... (1294227937) 
[2022-05-29 10:32:59] [INFO]: 发送群 21数据官方群(673433432) 的消息: 健康打卡自动提醒
尚 ... (-778591090) 
[2022-05-29 10:33:09] [INFO]: 发送群 21软件2班(626284843) 的消息: 健康打卡已完成！
1 ... (401628758) 
[2022-05-29 10:33:20] [INFO]: 发送群 21软件3班通知群(684039593) 的消息: 健康打卡自动提醒
尚 ... (816465853) 
[2022-05-29 10:34:17] [INFO]: 收到群 潘安湖二手物品转卖群(949682820) 内 接代写代拿快递带饭(1294131543) 的消息: 出江中猴菇米稀，养胃的哦 (-1817888615) 
[2022-05-29 10:35:25] [INFO]: 收到群 潘安湖二手物品转卖群(949682820) 内 代拿快递代找对象(2283297086) 的消息: 出冰袖[CQ:image,file=58d39a97502a15c04bf5fd4500b9c156.image,subType=0] (179071267) 
[2022-05-29 10:36:03] [INFO]: 收到群 潘安湖二手物品转卖群(949682820) 内 就叫他李狗蛋(2523287520) 的消息: 有谁知道我们学校能不能收韵达呀 (2108381621) 
[2022-05-29 10:36:58] [INFO]: 收到群 潘安湖二手物品转卖群(949682820) 内 🍓(2441186869) 的消息: 可以 (-472921066) 
[2022-05-29 10:37:25] [INFO]: 收到群 潘安湖二手物品转卖群(949682820) 内 就叫他李狗蛋(2523287520) 的消息: 谢谢 (-1798767488) 
[2022-05-29 10:38:09] [INFO]: 收到群 新蜂生活超市(854452883) 内 小po(2297728680) 的消息: 咋说呢 (-1563013727) 
[2022-05-29 10:38:17] [INFO]: 收到群 新蜂生活超市(854452883) 内 小po(2297728680) 的消息: 喜茶的多肉葡萄 (1004477467) 
[2022-05-29 10:38:23] [INFO]: 收到群 新蜂生活超市(854452883) 内 小po(2297728680) 的消息: 和我想的不太一样 (1289235597) 
[2022-05-29 10:38:47] [INFO]: 收到群 18软件2班在线群(780548179) 内 吴恒(2732160776) 的消息: [CQ:at,qq=all] 毕业生信息暂未核对回复的同学，尽快回复[CQ:face,id=118][CQ:face,id=118][CQ:face,id=118] (-1095401973) 
[2022-05-29 10:42:54] [INFO]: 收到群 20软件1班官方群(927974093) 内 健康打卡小助手(3528275423) 的消息: 今日健康打卡已完成！
10:42:48 (-1061973635) 
[2022-05-29 10:43:10] [INFO]: 收到群 20软件2班官方群(953152455) 内 健康打卡小助手(3528275423) 的消息: 健康打卡自动提醒
尚未打卡的同学如下：
[CQ:at,qq=2316501367] 	[CQ:at,qq=741349469] 	[CQ:at,qq=2234421866] 	[CQ:at,qq=840066450] 	[CQ:at,qq=2428286276] 	[CQ:at,qq=421712537] 	[CQ:at,qq=183268352] 	[CQ:at,qq=2571940933] 	
已打卡的同学请忽略此条消息
10:43:4 (1057541740) 
[2022-05-29 10:43:17] [INFO]: 收到群 18软件2班在线群(780548179) 内 吴恒(2732160776) 的消息: [CQ:json,data={"app":"com.tencent.miniapp_01"&#44;"appID":"1109517764"&#44;"bthirdappforward":true&#44;"bthirdappforwardforbackendswitch":true&#44;"config":{"autoSize":0&#44;"ctime":1653720727&#44;"forward":1&#44;"height":0&#44;"token":"b9b501b643f33048b4dbefe1a80fe639"&#44;"type":"normal"&#44;"width":0}&#44;"desc":""&#44;"extra":{"app_type":1&#44;"appid":1109517764&#44;"uin":511754133}&#44;"meta":{"detail_1":{"appType":0&#44;"appid":"1109561335"&#44;"desc":"毕业班派遣信息核对(1).xlsx"&#44;"gamePoints":""&#44;"gamePointsUrl":""&#44;"host":{"nick":"S.N"&#44;"uin":511754133}&#44;"icon":"https://p.qpic.cn/qqconnect/0/app_1109517764_1603445404/100?max-age=2592000&amp;t=0"&#44;"preview":"https://pic.ugcimg.cn/805167bdf699b28636a161c115359209/jpg1"&#44;"qqdocurl":"https://kdocs.cn/el/ecot1GGJlgt0?f=301"&#44;"scene":1036&#44;"shareTemplateData":{}&#44;"shareTemplateId":"8C8E89B49BE609866298ADDFF2DBABA4"&#44;"showLittleTail":""&#44;"title":"来自WPS Office"&#44;"url":"m.q.qq.com/a/s/6a7fcf23f6d6771d1ea750f987280ca9"}}&#44;"prompt":"&#91;QQ小程序&#93;来自WPS Office"&#44;"ver":"0.0.0.1"&#44;"view":"view_8C8E89B49BE609866298ADDFF2DBABA4"}] (-911061347) 
[2022-05-29 10:43:45] [INFO]: 收到群 18软件2班在线群(780548179) 内 吴恒(2732160776) 的消息: 若无误，请在本群回复XX生源地信息已核对，无误（或已更正）。 (1354440487) 
[2022-05-29 10:43:55] [INFO]: 收到群 新蜂生活超市(854452883) 内 李大圣（大吴代购，路费随意）(2784604520) 的消息: [CQ:reply,id=-1300549429][CQ:at,qq=948554007] [CQ:at,qq=948554007] 没了 (-597216996) 
[2022-05-29 10:44:02] [INFO]: 收到群 18软件2班在线群(780548179) 内 吴恒(2732160776) 的消息: 昨天回复过的就不用再回复了 (666644401) 
[2022-05-29 10:44:50] [INFO]: 收到群 新蜂生活超市(854452883) 内 咕咕鹤(1326768287) 的消息: 喜茶的芝芝桃桃冰棒让我觉得我是个怨种 (-1419771510) 
[2022-05-29 10:45:10] [INFO]: 收到群 新蜂生活超市(854452883) 内 新蜂生活超市(105070597) 的消息: 说出你的事故 (-107877651) 
[2022-05-29 10:46:04] [INFO]: 收到群 潘安湖二手物品转卖群(949682820) 内 A代刷网课 出脚本 期末线上题库 猴博士全套(851949205) 的消息: 出学校眼镜店买的库博宝舒润日抛隐形眼镜 10r一副，左右眼。
度数是450 和 525 左右 (230796602) 
[2022-05-29 10:46:18] [INFO]: 收到群 新蜂生活超市(854452883) 内 白骨精(80000000) 的消息: 大叔你咋这么会接话呢😂 (-1902716293) 
[2022-05-29 10:46:30] [INFO]: 收到群 潘安湖二手物品转卖群(949682820) 内 A代刷网课 出脚本 期末线上题库 猴博士全套(851949205) 的消息: [CQ:image,file=b7321fcca240846587d7b9e558f065bd.image,subType=0] (2059836844) 
[2022-05-29 10:47:17] [INFO]: 收到群 新蜂生活超市(854452883) 内 咕咕鹤(1326768287) 的消息: 昨我还看大叔打王者荣耀呢 (396331969) 
[2022-05-29 10:47:26] [INFO]: 收到群 新蜂生活超市(854452883) 内 咕咕鹤(1326768287) 的消息: 年轻态健康叔 (1620622167) 
[2022-05-29 10:49:25] [INFO]: 收到群 新蜂生活超市(854452883) 内 油炸胖大海(1275278617) 的消息: 叔90后能不年轻吗 (-17027340) 
[2022-05-29 10:49:26] [INFO]: 收到群 新蜂生活超市(854452883) 内 小po(2297728680) 的消息: [CQ:image,file=81f8ff9fcd6e379dcdfc5ae6ed1f19bd.image,subType=1] (-1980031390) 
[2022-05-29 10:49:33] [INFO]: 收到群 新蜂生活超市(854452883) 内 油炸胖大海(1275278617) 的消息: [CQ:image,file=0b02a45539dd420ccbc80524df5a0943.image,subType=1] (284315608) 
[2022-05-29 10:49:33] [INFO]: 收到群 新蜂生活超市(854452883) 内 小po(2297728680) 的消息: 就是觉得 (1744142158) 
[2022-05-29 10:49:40] [INFO]: 收到群 新蜂生活超市(854452883) 内 小po(2297728680) 的消息: 又是一个奶味的冰棍 (-146119969) 
[2022-05-29 10:49:46] [INFO]: 收到群 新蜂生活超市(854452883) 内 小po(2297728680) 的消息: 我想吃纯水果味的 (-2142416311) 
[2022-05-29 10:49:50] [INFO]: 收到群 新蜂生活超市(854452883) 内 小po(2297728680) 的消息: [CQ:image,file=dce0f930cfbfa4f25363e1b03f0978af.image,subType=1] (-527770708) 
[2022-05-29 10:50:06] [INFO]: 收到群 新蜂生活超市(854452883) 内 小po(2297728680) 的消息: 它是水果奶的味道 (-1752306886) 
[2022-05-29 10:50:28] [INFO]: 收到群 潘安湖二手物品转卖群(949682820) 内 奈桃.(2095115779) 的消息: 有无出租拍立得的 (-361136067) 
[2022-05-29 10:52:39] [INFO]: 收到群 新蜂生活超市(854452883) 内 新蜂生活超市(105070597) 的消息: 大胖海，我的黄瓜呢？[CQ:at,qq=1275278617]  (243579520) 
[2022-05-29 10:53:17] [INFO]: 收到群 新蜂生活超市(854452883) 内 油炸胖大海(1275278617) 的消息: 不知道 还没到大概 (2038663702) 
[2022-05-29 10:54:18] [INFO]: 收到群 潘安湖二手物品转卖群(949682820) 内 困飞了(2460646183) 的消息: 出卡诗紫色护发精油50ml正装 80r可小刀 [CQ:image,file=e79db6ca59e4931062f5c9f087ca3ea4.image,subType=0] (-1652641621) 
[2022-05-29 10:56:34] [INFO]: 收到群 潘安湖二手物品转卖群(949682820) 内 困飞了(2460646183) 的消息: 全新未拆封的噢，官网210[CQ:face,id=106] (-812688436) 
[2022-05-29 10:57:30] [INFO]: 收到群 新蜂生活超市(854452883) 内 郭耀(43652762) 的消息: [CQ:image,file=aceb2dbcc8cbbf83bba4fb712773645c.image,subType=0] (-404283467) 
[2022-05-29 10:59:52] [INFO]: 收到群 18软件2班在线群(780548179) 内 邵一韬(2730281557) 的消息: 邵一韬生源地信息已核对  无误 (-1176978926) 
[2022-05-29 11:00:59] [INFO]: 收到群 潘安湖二手物品转卖群(949682820) 内 ！(3254685996) 的消息: 收[CQ:image,file=9cce079c843a24dc2033d867046563c9.image,subType=0] (-1199019174) 
[2022-05-29 11:04:41] [INFO]: 收到群 潘安湖二手物品转卖群(949682820) 内 E(726778353) 的消息: [CQ:image,file=4647d714c0d96af8167f2b55086654b9.image,subType=0] (562117344) 
[2022-05-29 11:04:59] [INFO]: 收到群 潘安湖二手物品转卖群(949682820) 内 E(726778353) 的消息: 群里有优惠券发放，大家想进的可以进 (1451625078) 
[2022-05-29 11:06:15] [INFO]: 收到群 潘安湖二手物品转卖群(949682820) 内 宋你一朵小黄花(2766039835) 的消息: 出森马托特包，全新没用过，60r💰可小刀[CQ:image,file=15e2ddce700a134bc1561a83e1af46bb.image,subType=0][CQ:image,file=64f4a89734def0d5d72419cf6eae65af.image,subType=0] (-924672043) 
[2022-05-29 11:07:53] [INFO]: 收到群 新蜂生活超市(854452883) 内 小po(2297728680) 的消息: 学校那个西瓜 (-1864356061) 
[2022-05-29 11:08:01] [INFO]: 收到群 新蜂生活超市(854452883) 内 小po(2297728680) 的消息: 我今天本来想订后来发现没了 (166297241) 
[2022-05-29 11:08:06] [INFO]: 收到群 新蜂生活超市(854452883) 内 小po(2297728680) 的消息: [CQ:image,file=3e70eda77c8a566591f5d40a13088701.image,subType=1] (2129546767) 
[2022-05-29 11:08:29] [INFO]: 收到群 20Z计科通知群(540450397) 内 辅导员——王群(953060053) 的消息: [CQ:at,qq=1905155053] [CQ:at,qq=473591485] [CQ:at,qq=819184328] [CQ:at,qq=1518846613] 还没收到附件2 请回复 (619925777) 
[2022-05-29 11:08:30] [INFO]: 收到群 潘安湖二手物品转卖群(949682820) 内 吨吨吨C组团(1228423624) 的消息: 刚刚下课买的冰西瓜 9r出 c组团自提[CQ:image,file=0f159b00567052ba1cb8fdb65514cd97.image,subType=0][CQ:image,file=35fdc3b4babe53b2adab2b174c60b35c.image,subType=0] (-1075466429) 
[2022-05-29 11:09:14] [INFO]: 收到群 新蜂生活超市(854452883) 内 鯊魚辣椒(121278079) 的消息: 助农那个买了怎么取货啊 (-296660066) 
[2022-05-29 11:09:30] [INFO]: 收到群 新蜂生活超市(854452883) 内 小po(2297728680) 的消息: 班级会通知 (-1722391800) 
[2022-05-29 11:09:39] [INFO]: 收到群 新蜂生活超市(854452883) 内 小po(2297728680) 的消息: 然后去通知的地方拿 (-1345630869) 
[2022-05-29 11:09:42] [INFO]: 收到群 新蜂生活超市(854452883) 内 小po(2297728680) 的消息: [CQ:image,file=d041ccfedb7fbabe07a95d648c322463.image,subType=1] (-657687043) 
[2022-05-29 11:09:43] [INFO]: 收到群 新蜂生活超市(854452883) 内 鯊魚辣椒(121278079) 的消息: 我们班都没通知过这玩意 (1103440967) 
[2022-05-29 11:09:46] [INFO]: 收到群 新蜂生活超市(854452883) 内 鯊魚辣椒(121278079) 的消息: [CQ:image,file=e70805ef95e58e88c5306e11c7c65b83.image,subType=1] (918691025) 
[2022-05-29 11:10:03] [INFO]: 收到群 新蜂生活超市(854452883) 内 小po(2297728680) 的消息: 擦 (-1465480846) 
[2022-05-29 11:13:28] [INFO]: 收到群 新蜂生活超市(854452883) 内 温情.(2268551581) 的消息: 等 (-543049244) 
[2022-05-29 11:13:54] [INFO]: 收到群 新蜂生活超市(854452883) 内 小po(2297728680) 的消息: 嗯嗯 (1185474654) 
[2022-05-29 11:16:06] [INFO]: 收到群 潘安湖二手物品转卖群(949682820) 内 吨吨吨C组团(1228423624) 的消息: 可小刀 (653065977) 
[2022-05-29 11:16:22] [INFO]: 收到群 潘安湖二手物品转卖群(949682820) 内 一(2274832899) 的消息: 求一个冰粉群 (1374408303) 
[2022-05-29 11:16:46] [INFO]: 收到群 潘安湖二手物品转卖群(949682820) 内 CRsqxr(948941262) 的消息: 有无美甲店下午可以做的 (-1051405314) 
[2022-05-29 11:16:55] [INFO]: 收到群 潘安湖二手物品转卖群(949682820) 内 CRsqxr(948941262) 的消息: c组的不要新手 (-1236016280) 
[2022-05-29 11:18:28] [INFO]: 收到群 潘安湖二手物品转卖群(949682820) 内 CRsqxr(948941262) 的消息: ab也行 (-694916467) 
[2022-05-29 11:18:31] [INFO]: 收到群 20Z计科通知群(540450397) 内 卢涛15651795271(1905155053) 的消息: 已发 (1408524679) 
[2022-05-29 11:21:17] [INFO]: 收到群 18软件2班在线群(780548179) 内 吴恒(2732160776) 的消息: [CQ:at,qq=1362186019] [CQ:at,qq=1843531478] [CQ:at,qq=1971153018]  暂未核对信息 回复，请尽快，12点之前[CQ:face,id=63][CQ:face,id=63][CQ:face,id=63] (-824210812) 
[2022-05-29 11:23:06] [INFO]: 收到群 18软件2班在线群(780548179) 内 盛老师(511754133) 的消息: 大家在查看或编辑时注意不要误碰到别人的信息。 (1473698622) 
[2022-05-29 11:26:13] [INFO]: 收到群 新蜂生活超市(854452883) 内 黄袍怪(80000000) 的消息: 超市有悦鲜活牛奶吗 (833607880) 
[2022-05-29 11:27:14] [INFO]: 收到群 潘安湖二手物品转卖群(949682820) 内 AA美甲(1678788400) 的消息: 美甲可约[CQ:image,file=1608049dbb5dd4fdf7d02ea42b8674c0.image,subType=0] (-1584178661) 
[2022-05-29 11:28:39] [INFO]: 收到群 潘安湖二手物品转卖群(949682820) 内 焦糖玛奇朵(3435533851) 的消息: 收拖把 (949619617) 
[2022-05-29 11:28:42] [INFO]: 收到群 新蜂生活超市(854452883) 内 新蜂生活超市(105070597) 的消息: [CQ:image,file=133e08042e008ad6d6645b00b41c1331.image,subType=0] (-1592736423) 
[2022-05-29 11:30:02] [INFO]: 收到群 18软件2班在线群(780548179) 内 Q群管家(2854196310) 的消息: [CQ:at,qq=all] 还有人没打卡，快看看是不是你😱😱😱「江苏师范大学科文学院信息工程系18软件2班宣」
——来自群管理员（2732160776）的编辑 (550628264) 
[2022-05-29 11:31:47] [INFO]: 收到群 新蜂生活超市(854452883) 内 官方认证谷老板(1024664153) 的消息:  送我 (-703072817) 
[2022-05-29 11:31:54] [INFO]: 收到群 新蜂生活超市(854452883) 内 官方认证谷老板(1024664153) 的消息: 这个好 (-1227850710) 
[2022-05-29 11:31:59] [INFO]: 收到群 新蜂生活超市(854452883) 内 官方认证谷老板(1024664153) 的消息: [CQ:face,id=2][CQ:face,id=2] (-1042854724) 
[2022-05-29 11:32:03] [INFO]: 发送群 18软件2班在线群(780548179) 的消息: 健康打卡自动提醒
尚 ... (-1334905287) 
[2022-05-29 11:32:14] [INFO]: 发送群 20Z计科通知群(540450397) 的消息: 健康打卡自动提醒
尚 ... (-889376707) 
[2022-05-29 11:32:24] [INFO]: 发送群 20智能科学与技术(1014806242) 的消息: 健康打卡已完成！
1 ... (-816295088) 
[2022-05-29 11:32:35] [INFO]: 发送群 20软件3班通知群(953064865) 的消息: 健康打卡自动提醒
尚 ... (605084474) 
[2022-05-29 11:32:36] [INFO]: 收到群 20软件2班官方群(953152455) 内 健康打卡小助手(3528275423) 的消息: 健康打卡自动提醒
尚未打卡的同学如下：
[CQ:at,qq=421712537] 	[CQ:at,qq=2316501367] 	[CQ:at,qq=2428286276] 	
已打卡的同学请忽略此条消息
11:32:30 (1209007866) 
[2022-05-29 11:32:46] [INFO]: 发送群 科文学院21Z计科(913765781) 的消息: 健康打卡自动提醒
尚 ... (975399287) 
[2022-05-29 11:32:57] [INFO]: 发送群 21数据官方群(673433432) 的消息: 健康打卡自动提醒
尚 ... (-1500474344) 
[2022-05-29 11:33:07] [INFO]: 发送群 21软件3班通知群(684039593) 的消息: 健康打卡已完成！
1 ... (1202550571) 
[2022-05-29 11:33:44] [INFO]: 收到群 新蜂生活超市(854452883) 内 灵感大王(80000000) 的消息: 有没有王一博冰红茶的呀 (1490951430) 
[2022-05-29 11:34:12] [INFO]: 收到群 潘安湖二手物品转卖群(949682820) 内 一杯火焰.(3104523169) 的消息: 租三天芒果TV会员 (1335704375) 
[2022-05-29 11:41:13] [INFO]: 收到群 新蜂生活超市(854452883) 内 懒羊羊(1834808612) 的消息: 喔！ (802762128) 
[2022-05-29 11:41:16] [INFO]: 收到群 新蜂生活超市(854452883) 内 懒羊羊(1834808612) 的消息: 送我！ (-1312966605) 
[2022-05-29 11:50:57] [INFO]: 收到群 潘安湖二手物品转卖群(949682820) 内 六の一(2904589151) 的消息: 五元出发箍，全新没戴过[CQ:image,file=ea3990560a4434d9af56ebfd4f65486e.image,subType=0] (-772165996) 
[2022-05-29 11:56:32] [INFO]: 收到群 新蜂生活超市(854452883) 内 破军星君(80000000) 的消息: 桃李巧克力片还有没老板[CQ:at,qq=105070597]  (-960853851) 
[2022-05-29 11:58:33] [INFO]: 收到群 21软件3班通知群(684039593) 内 李玉17751051712(1751314147) 的消息: 今天下午毛概课后有一个班会在教3-124请大家别迟到了哈[CQ:face,id=63][CQ:face,id=63][CQ:face,id=63] (358390860) 
[2022-05-29 11:59:48] [INFO]: 收到群 21软件3班通知群(684039593) 内 李袁15052620445(2768783278) 的消息: [CQ:at,qq=all]  (1650175194) 
[2022-05-29 12:02:40] [INFO]: 收到群 潘安湖二手物品转卖群(949682820) 内 A-D打印(2066755926) 的消息: [CQ:image,file=7a5096b61ad2791258e72976aedc3fdc.image,subType=0] (-1493262846) 
[2022-05-29 12:06:33] [INFO]: 收到群 潘安湖二手物品转卖群(949682820) 内 Katayose keda(408738575) 的消息: 干发喷雾全新，15可刀 (1073205176) 
[2022-05-29 12:06:36] [INFO]: 收到群 潘安湖二手物品转卖群(949682820) 内 Katayose keda(408738575) 的消息: [CQ:image,file=6f8510088404082e4480eddbba24ffbf.image,subType=0] (1223753518) 
[2022-05-29 12:15:18] [INFO]: 收到群 潘安湖二手物品转卖群(949682820) 内 爆爆(1727460919) 的消息: 八包3r c组团自取[CQ:image,file=50b24da0fc385ee5f628f4aec1173b73.image] (-665853249) 
[2022-05-29 12:17:55] [INFO]: 收到群 潘安湖二手物品转卖群(949682820) 内 爆爆(1727460919) 的消息: 全新未拆封 14条 10r[CQ:image,file=8a223563740792fce720233fd2b3903b.image] (-1354182103) 
[2022-05-29 12:23:00] [INFO]: 收到群 潘安湖二手物品转卖群(949682820) 内 出大三数据专业书(2912906799) 的消息: 出床上桌子 (-1714029494) 
[2022-05-29 12:23:00] [INFO]: 收到群 潘安湖二手物品转卖群(949682820) 内 出大三数据专业书(2912906799) 的消息: 加高款 (-288174884) 
[2022-05-29 12:23:02] [INFO]: 收到群 潘安湖二手物品转卖群(949682820) 内 出大三数据专业书(2912906799) 的消息: [CQ:image,file=2ba56f6d6fdbe830fe358dee3ac2a1c1.image,subType=0] (2010881382) 
[2022-05-29 12:23:29] [INFO]: 收到群 21数据官方群(673433432) 内 魏乐翔(50830046) 的消息: [CQ:json,data={"app":"com.tencent.structmsg"&#44;"config":{"ctime":1653798209&#44;"forward":true&#44;"token":"722f074992f420dc3799f68f3aa31077"&#44;"type":"normal"}&#44;"desc":"新闻"&#44;"extra":{"app_type":1&#44;"appid":101458937&#44;"uin":50830046}&#44;"meta":{"news":{"action":""&#44;"android_pkg_name":""&#44;"app_type":1&#44;"appid":101458937&#44;"ctime":1653798209&#44;"desc":"腾讯文档-在线表格"&#44;"jumpUrl":"https://docs.qq.com/sheet/DUlRwSkJhVlpWd25Z"&#44;"preview":"https://docs.idqqimg.com/tim/docs/docs-design-resources/mobile/png@2x/file_sheet_150@2x-379be1fb08.png"&#44;"source_icon":"https://p.qpic.cn/qqconnect/0/app_101458937_1596103559/100?max-age=2592000&amp;t=0"&#44;"source_url":""&#44;"tag":"腾讯文档"&#44;"title":"21数据班每日核酸统计表"&#44;"uin":50830046}}&#44;"prompt":"&#91;分享&#93;21数据班每日核酸统计表"&#44;"ver":"0.0.0.1"&#44;"view":"news"}] (1067042210) 
[2022-05-29 12:27:49] [INFO]: 收到群 潘安湖二手物品转卖群(949682820) 内 b组团(2465397940) 的消息: 出三个全新发箍一个2r三个5r[CQ:image,file=ea59b42bfcd72bfe25c1223a92a5e9dd.image,subType=0] (14462448) 
[2022-05-29 12:32:03] [INFO]: 发送群 18软件2班在线群(780548179) 的消息: 健康打卡自动提醒
尚 ... (-949369169) 
[2022-05-29 12:32:14] [INFO]: 发送群 20Z计科通知群(540450397) 的消息: 健康打卡已完成！
1 ... (-1107689301) 
[2022-05-29 12:32:22] [INFO]: 收到群 潘安湖二手物品转卖群(949682820) 内 E(2380411320) 的消息: 香水，65出[CQ:image,file=e855cb7b56fcf553301a197945a05a7c.image,subType=0] (-1632094125) 
[2022-05-29 12:32:25] [INFO]: 发送群 20软件3班通知群(953064865) 的消息: 健康打卡自动提醒
尚 ... (1394076588) 
[2022-05-29 12:32:36] [INFO]: 发送群 科文学院21Z计科(913765781) 的消息: 健康打卡自动提醒
尚 ... (-1557514035) 
[2022-05-29 12:32:46] [INFO]: 发送群 21数据官方群(673433432) 的消息: 健康打卡已完成！
1 ... (1218377012) 
[2022-05-29 12:33:11] [INFO]: 收到群 潘安湖二手物品转卖群(949682820) 内 Te Fuir(1023453691) 的消息: 杯子，全新，三十出[CQ:image,file=b004982c755c092fe025d52be3d1bbd0.image,subType=0] (-373356347) 
[2022-05-29 12:33:37] [INFO]: 收到群 潘安湖二手物品转卖群(949682820) 内 E组团自提(3027517578) 的消息: [CQ:image,file=27437558325b5944c0fbb3ebc823dc8d.image,subType=0] (1890998655) 
[2022-05-29 12:34:44] [INFO]: 收到群 新蜂生活超市(854452883) 内 有猫饼(1595650770) 的消息: [CQ:at,qq=105070597] 有没有驱蚊的 (1605622047) 
[2022-05-29 12:38:07] [INFO]: 收到群 新蜂生活超市(854452883) 内 新蜂生活超市(105070597) 的消息: [CQ:reply,id=-960853851]已经送到门口了 (682944905) 
[2022-05-29 12:38:25] [INFO]: 收到群 新蜂生活超市(854452883) 内 新蜂生活超市(105070597) 的消息: [CQ:reply,id=1605622047][CQ:at,qq=1595650770] [CQ:at,qq=1595650770] 有蚊香，花露水 (-1207176168) 
[2022-05-29 12:42:31] [INFO]: 收到群 20软件1班官方群(927974093) 内 团支书卜雨欣(1328387724) 的消息: 各位同学：学院暂定6月8日举办东软睿道杯比赛，需要一位有基础、能压住场的主持人，如果有同学觉得能胜任想尝试一下的请明早8点前联系一下我。[CQ:at,qq=all]  (-1212898837) 
[2022-05-29 12:42:34] [INFO]: 收到群 20软件2班官方群(953152455) 内 健康打卡小助手(3528275423) 的消息: 今日健康打卡已完成！
12:42:29 (-659496085) 
[2022-05-29 12:43:13] [INFO]: 收到群 21软件2班(626284843) 内 29权文亭(2247394331) 的消息: 各位同学：学院暂定6月8日举办东软睿道杯比赛，需要一位有基础、能压住场的主持人，如果有同学觉得能胜任想尝试一下的请于今天联系一下我。@全体成员 (1626828480) 
[2022-05-29 12:43:13] [INFO]: 收到群 20软件1班官方群(927974093) 内 20软件1张浩健(1427774041) 的消息: ？ (701510728) 
[2022-05-29 12:56:17] [INFO]: 收到群 21软件3班通知群(684039593) 内 陈继若15670470371(924617592) 的消息: 各位同学：学院暂定6月8日举办东软睿道杯比赛，需要一位有基础、能压住场的主持人，同学觉得能胜任想尝试一下的下午5点前联系一下我哈[CQ:face,id=63]。@全体成员 (-78447264) 
[2022-05-29 13:04:57] [INFO]: 收到群 潘安湖二手物品转卖群(949682820) 内 与起灵.(1440630264) 的消息: 出鲨鱼菲特鸡胸肉 3r一袋共五袋 [CQ:image,file=50e3901909415597c588564833b52d83.image,subType=0] (129067497) 
[2022-05-29 13:11:12] [INFO]: 收到群 潘安湖二手物品转卖群(949682820) 内 b1(2052864097) 的消息: 有OPPO Reno6Pro的水凝膜吗 (-1760660360) 
[2022-05-29 13:11:15] [INFO]: 收到群 潘安湖二手物品转卖群(949682820) 内 b1(2052864097) 的消息: [CQ:face,id=64] (-536263442) 
[2022-05-29 13:26:23] [INFO]: 收到群 20Z计科通知群(540450397) 内 学委 杜明晨 13013936980(2847970990) 的消息: 学籍卡信息录入还有2天截止，没填的同学抓紧http://222.187.129.200:51234/jsxsd/ (759504186) 
[2022-05-29 13:27:08] [INFO]: 群 20Z计科通知群(540450397) 内 学委 杜明晨 13013936980(2847970990) 上传了文件: 学生端学籍基本信息修改 (1).docx 
[2022-05-29 13:27:21] [INFO]: 收到群 20Z计科通知群(540450397) 内 学委 杜明晨 13013936980(2847970990) 的消息: [CQ:image,file=e89e639ded2d13249776fb472e0a7348.image,subType=0] (981836873) 
[2022-05-29 13:27:44] [INFO]: 收到群 20Z计科通知群(540450397) 内 学委 杜明晨 13013936980(2847970990) 的消息: 名单上完成的同学，告诉我一下 (1300403423) 
[2022-05-29 13:27:48] [INFO]: 收到群 20Z计科通知群(540450397) 内 学委 杜明晨 13013936980(2847970990) 的消息: [CQ:at,qq=all] (-729037467) 
[2022-05-29 13:28:51] [INFO]: 收到群 20Z计科通知群(540450397) 内 潜艺筝 17712117344(1772203969) 的消息: 提醒：六月一二号返校的同学，连续三天的核酸要开始做了[CQ:face,id=118][CQ:at,qq=2804249886] [CQ:at,qq=2026152659]  (-1551043085) 
[2022-05-29 13:29:06] [INFO]: 收到群 20Z计科通知群(540450397) 内 许锐-17315108056(2804249886) 的消息: 收到 (1038639184) 
[2022-05-29 13:30:56] [INFO]: 收到群 潘安湖二手物品转卖群(949682820) 内 至可心甜到晚(1533741087) 的消息: 出四六级耳机 [CQ:image,file=b44f417858979c9ad874b9d19b63d03a.image,subType=0] (-2133930741) 
[2022-05-29 13:31:47] [INFO]: 收到群 20软件1班官方群(927974093) 内 团支书卜雨欣(1328387724) 的消息: [CQ:image,file=705f0dbe9da796b50bf092e1f8fa93fb.image,subType=0] (1591149790) 
[2022-05-29 13:31:55] [INFO]: 收到群 20软件1班官方群(927974093) 内 团支书卜雨欣(1328387724) 的消息: 想尝试一下的同学请在明早9点前进入群聊 (-941730460) 
[2022-05-29 13:32:03] [INFO]: 发送群 18软件2班在线群(780548179) 的消息: 健康打卡自动提醒
尚 ... (-1481748662) 
[2022-05-29 13:32:14] [INFO]: 发送群 20软件3班通知群(953064865) 的消息: 健康打卡自动提醒
尚 ... (-903955946) 
[2022-05-29 13:32:24] [INFO]: 发送群 科文学院21Z计科(913765781) 的消息: 健康打卡自动提醒
尚 ... (-735246245) 
[2022-05-29 13:32:52] [INFO]: 收到群 21软件3班通知群(684039593) 内 陈继若15670470371(924617592) 的消息: [CQ:reply,id=-78447264][CQ:at,qq=924617592] 想尝试一下的同学，可在明早9点前进群聊了解哈/吃糖 (-1940533770) 
[2022-05-29 13:32:58] [INFO]: 收到群 21软件3班通知群(684039593) 内 陈继若15670470371(924617592) 的消息: [CQ:image,file=705f0dbe9da796b50bf092e1f8fa93fb.image,subType=0] (305223765) 
[2022-05-29 13:35:04] [INFO]: 收到群 20智能科学与技术(1014806242) 内 32陶志冰(2104665378) 的消息: 各位同学：学院暂定6月8日举办东软睿道杯比赛，需要一位有基础、能压住场的主持人，请觉得自己能胜任，想尝试一下的同学今晚之前进群@全体成员 (1448149738) 
[2022-05-29 13:35:11] [INFO]: 收到群 20智能科学与技术(1014806242) 内 32陶志冰(2104665378) 的消息: [CQ:image,file=705f0dbe9da796b50bf092e1f8fa93fb.image,subType=0] (559297148) 
[2022-05-29 13:35:29] [INFO]: 收到群 20智能科学与技术(1014806242) 内 39 吴祥龙(1246925698) 的消息: [CQ:at,qq=2418070901] 去啊/点赞 (-1087199265) 
[2022-05-29 13:35:42] [INFO]: 收到群 20Z计科通知群(540450397) 内 李成  17602563380(2026152659) 的消息: 我是七号返校啊[CQ:at,qq=1772203969]  (1257197766) 
[2022-05-29 13:35:43] [INFO]: 收到群 20智能科学与技术(1014806242) 内 55周璇(2418070901) 的消息: [CQ:image,file=6c7dffc28d5c4e5c93b6cfefd70a8c05.image,subType=7] (-936011959) 
[2022-05-29 13:36:10] [INFO]: 收到群 潘安湖二手物品转卖群(949682820) 内 出生鸡蛋纯牛奶(1701489767) 的消息: 全新没开封[CQ:image,file=83f697ac35960cb9d6c3f4ddc06690ea.image,subType=0] (-137757283) 
[2022-05-29 13:36:14] [INFO]: 收到群 20智能科学与技术(1014806242) 内 55周璇(2418070901) 的消息: 忙着预习呢 (1362937587) 
[2022-05-29 13:36:33] [INFO]: 收到群 20Z计科通知群(540450397) 内 潜艺筝 17712117344(1772203969) 的消息: [CQ:face,id=124][CQ:face,id=124] (-739901060) 
[2022-05-29 13:40:24] [INFO]: 收到群 潘安湖二手物品转卖群(949682820) 内 B组团(951659601) 的消息: 灰绿色口罩三块钱一包十片，黑色口罩三块钱十二片[CQ:image,file=17de3254dbbc37bb615fc100aacd33ad.image][CQ:image,file=f60583f44c17d7686013886d549207fa.image] (1858120743) 
[2022-05-29 13:40:24] [INFO]: 收到群 潘安湖二手物品转卖群(949682820) 内 B组团(951659601) 的消息: 出物联网专业大三书，五块钱一本[CQ:image,file=52d076098308353e0aa6a5af29c7b25c.image] (432512177) 
[2022-05-29 13:40:25] [INFO]: 收到群 潘安湖二手物品转卖群(949682820) 内 B组团(951659601) 的消息: [CQ:image,file=8250537a990928e572a31e5cbe8e743a.image,subType=0] (-2019358446) 
[2022-05-29 13:41:34] [INFO]: 收到群 潘安湖二手物品转卖群(949682820) 内 代抄代写周五下午可代课(3021687164) 的消息: 出苍蝇拍1r一个 (-257672828) 
[2022-05-29 13:48:25] [INFO]: 收到群 20智能科学与技术(1014806242) 内 数电-张静宇老师(732257229) 的消息: 核酸，别忘了做啊 (641463909) 
[2022-05-29 13:49:37] [INFO]: 收到群 潘安湖二手物品转卖群(949682820) 内 一只特立独行的猪(3037914768) 的消息: 收洗脸巾
收维达抽纸 (1772972094) 
[2022-05-29 13:51:29] [INFO]: 收到群 潘安湖二手物品转卖群(949682820) 内 困飞了(2460646183) 的消息: 出全新未拆封自然之名酵母水小样15ml6r[CQ:image,file=85ade343a677af63ac63f7111f6a337f.image,subType=0] (514480296) 
[2022-05-29 13:52:03] [INFO]: 发送群 18软件2班在线群(780548179) 的消息: 健康打卡自动提醒
尚 ... (-794198052) 
[2022-05-29 13:52:06] [INFO]: 收到群 潘安湖二手物品转卖群(949682820) 内 ๑•̌.•̑๑(2689141127) 的消息: 收小喷瓶 (-1911208647) 
[2022-05-29 13:52:14] [INFO]: 发送群 20软件3班通知群(953064865) 的消息: 健康打卡自动提醒
尚 ... (-1122399616) 
[2022-05-29 13:52:25] [INFO]: 发送群 科文学院21Z计科(913765781) 的消息: 健康打卡自动提醒
尚 ... (1246338552) 
[2022-05-29 13:55:58] [INFO]: 收到群 潘安湖二手物品转卖群(949682820) 内 烤鸭烧烤(2230772995) 的消息: 今天茶百道肯德基代购 (-116230737) 
[2022-05-29 13:58:39] [INFO]: 收到群 21软件2班(626284843) 内 29权文亭(2247394331) 的消息: [CQ:image,file=705f0dbe9da796b50bf092e1f8fa93fb.image,subType=0] (-23856285) 
[2022-05-29 14:20:01] [INFO]: 收到群 潘安湖二手物品转卖群(949682820) 内 需要冬眠(1356300350) 的消息: 出粘毛器 1.5r[CQ:image,file=1925727dbfb8e47b2047018933ee6693.image,subType=0] (-1411146040) 
[2022-05-29 14:32:59] [INFO]: 收到群 潘安湖二手物品转卖群(949682820) 内 Wave.(1974733412) 的消息: 有无拼的[CQ:image,file=2f370c30e4b96badb6c2a555418562a4.image,subType=0] (-588992930) 
[2022-05-29 14:33:52] [INFO]: 收到群 潘安湖二手物品转卖群(949682820) 内 f组团(2835016415) 的消息: 我 (1173225444) 
[2022-05-29 14:37:57] [INFO]: 收到群 21软件2班(626284843) 内 陈慧(3166230258) 的消息: [CQ:at,qq=all]  关于开展2022年“诚信·感恩”主题教育活动已开始，活动分为6个子活动， 人工智能与软件学院承办：一段视频话“诚信·感恩”活动。
   一段视频话“诚信·感恩”活动。大家将自己的诚信自强，感恩愿望通过微视频的形式展现出来，要求：形式新颖，富有创意，严谨抄袭;微视频时长不少于30秒，命名方式:作品名+班级+姓名+联系方式
    活动要求：请班级每位建档生，自行选择1-2个活动参加，各类活动参赛详见附件2
    咱们学院承办的一段视频话“诚信·感恩”活动，请保证每个班级于6月4日前上交3个视频作品
‼️请各位受资助的同学完成后统一发给我‼️注意好时间节点 (-1986737163) 
[2022-05-29 14:38:05] [INFO]: 群 21软件2班(626284843) 内 陈慧(3166230258) 上传了文件: 附件2：各类参赛作品格式.doc 
[2022-05-29 14:38:24] [INFO]: 收到群 潘安湖二手物品转卖群(949682820) 内 出大三数据专业书(2912906799) 的消息: [CQ:image,file=c834e1acf1334920c76ca3f1fa6dbd5a.image,subType=0] (854249330) 
[2022-05-29 14:38:26] [INFO]: 收到群 潘安湖二手物品转卖群(949682820) 内 出大三数据专业书(2912906799) 的消息: [CQ:image,file=438cdc9c6198e329b758dbd36fe250a0.image,subType=0] (-1399956783) 
[2022-05-29 14:38:28] [INFO]: 收到群 潘安湖二手物品转卖群(949682820) 内 出大三数据专业书(2912906799) 的消息: [CQ:image,file=3d5436f5c6664e718e40a5799d46ed89.image,subType=0] (-611751353) 
[2022-05-29 14:38:32] [INFO]: 收到群 潘安湖二手物品转卖群(949682820) 内 出大三数据专业书(2912906799) 的消息: [CQ:image,file=40e05920f9144b1137459ff589e504a4.image,subType=0] (1115700221) 
[2022-05-29 14:38:34] [INFO]: 收到群 潘安湖二手物品转卖群(949682820) 内 出大三数据专业书(2912906799) 的消息: [CQ:image,file=eaf73ca96d7d0918051e127474a02a96.image,subType=0] (898042731) 
[2022-05-29 14:38:36] [INFO]: 收到群 潘安湖二手物品转卖群(949682820) 内 出大三数据专业书(2912906799) 的消息: [CQ:image,file=ce7e8f74a8ffd4cb24822afd36711c97.image,subType=0] (-1523050758) 
[2022-05-29 14:38:40] [INFO]: 收到群 潘安湖二手物品转卖群(949682820) 内 出大三数据专业书(2912906799) 的消息: [CQ:image,file=915d6128df1c4a974f86f61862ecc20d.image,subType=0] (-767613332) 
[2022-05-29 14:38:41] [INFO]: 收到群 潘安湖二手物品转卖群(949682820) 内 出大三数据专业书(2912906799) 的消息: [CQ:image,file=cfc4287a736ae458027819b4ea9b6fe6.image,subType=0] (-1292324983) 
[2022-05-29 14:38:42] [INFO]: 收到群 潘安湖二手物品转卖群(949682820) 内 出大三数据专业书(2912906799) 的消息: [CQ:image,file=2ba56f6d6fdbe830fe358dee3ac2a1c1.image,subType=0] (-973103329) 
[2022-05-29 14:38:49] [INFO]: 收到群 潘安湖二手物品转卖群(949682820) 内 出大三数据专业书(2912906799) 的消息: 加高款 (1559678629) 
[2022-05-29 14:42:58] [INFO]: 收到群 潘安湖二手物品转卖群(949682820) 内 收羽毛球龙骨手胶(1127803940) 的消息: 有人知道助农活动的水果啥时候领嘛 (737279539) 
[2022-05-29 14:43:02] [INFO]: 收到群 潘安湖二手物品转卖群(949682820) 内 收羽毛球龙骨手胶(1127803940) 的消息: [CQ:image,file=ac29b9c0d667552d3d700b1037bb3ac3.image,subType=1] (-1248498800) 
[2022-05-29 14:45:43] [INFO]: 收到群 潘安湖二手物品转卖群(949682820) 内 小兔子乖乖(2996376202) 的消息: f楼下自取[CQ:image,file=d7a840a32c34c30d2c849070f8838488.image,subType=0] (-1030595834) 
[2022-05-29 14:50:59] [INFO]: 收到群 21软件2班(626284843) 内 陈慧(3166230258) 的消息: [CQ:at,qq=all] 所以受资助的同学选一到两个项目参加，其中视频是一个必选项，就是每个受资助的同学都要交一份视频给我[CQ:face,id=63][CQ:face,id=63][CQ:face,id=63] (1738189529) 
[2022-05-29 14:51:12] [INFO]: 收到群 21软件2班(626284843) 内 陈慧(3166230258) 的消息: [CQ:at,qq=all] 所有受资助的同学选一到两个项目参加，其中视频是一个必选项，就是每个受资助的同学都要交一份视频给我[CQ:face,id=63][CQ:face,id=63][CQ:face,id=63] (-148523192) 
[2022-05-29 14:52:02] [INFO]: 发送群 18软件2班在线群(780548179) 的消息: 健康打卡已完成！
1 ... (1235234406) 
[2022-05-29 14:52:13] [INFO]: 发送群 20软件3班通知群(953064865) 的消息: 健康打卡自动提醒
尚 ... (765892369) 
[2022-05-29 14:52:24] [INFO]: 发送群 科文学院21Z计科(913765781) 的消息: 健康打卡已完成！
1 ... (1028566382) 
[2022-05-29 14:52:30] [INFO]: 收到群 潘安湖二手物品转卖群(949682820) 内 小兔子乖乖(2996376202) 的消息: 均八月[CQ:image,file=0d293de4e01346fbc812e138845d1601.image,subType=0] (1536887484) 
[2022-05-29 14:52:40] [INFO]: 收到群 潘安湖二手物品转卖群(949682820) 内 小兔子乖乖(2996376202) 的消息: 均八月到期[CQ:image,file=0d293de4e01346fbc812e138845d1601.image,subType=0] (748436010) 
[2022-05-29 14:56:51] [INFO]: 收到群 潘安湖二手物品转卖群(949682820) 内 25(1730456904) 的消息: 有无e组团跑腿 可送到宿舍的 (-1138546757) 
[2022-05-29 14:59:12] [INFO]: 收到群 21软件2班(626284843) 内 陈慧(3166230258) 的消息: 可以两三个人合作拍一个视频哦 (-2145220642) 
[2022-05-29 14:59:23] [INFO]: 收到群 21软件2班(626284843) 内 孙梓玥(2840313523) 的消息: 好～ (-757896007) 
[2022-05-29 15:09:48] [INFO]: 收到群 新蜂生活超市(854452883) 内 有猫饼(1595650770) 的消息: 太帮了，有蚊香就好 (-821246834) 
[2022-05-29 15:09:52] [INFO]: 收到群 新蜂生活超市(854452883) 内 有猫饼(1595650770) 的消息: 棒 (-1644351511) 
[2022-05-29 15:11:07] [INFO]: 收到群 新蜂生活超市(854452883) 内 有猫饼(1595650770) 的消息: 是在生活区吗 (-352706689) 
[2022-05-29 15:11:12] [INFO]: 收到群 潘安湖二手物品转卖群(949682820) 内 ZZ(2129543694) 的消息: [CQ:image,file=1694b8ec45952a8155971bf1645fe9e7.image,subType=0] (-886827219) 
[2022-05-29 15:11:14] [INFO]: 收到群 潘安湖二手物品转卖群(949682820) 内 ZZ(2129543694) 的消息: 出零食 (895529798) 
[2022-05-29 15:13:34] [INFO]: 收到群 新蜂生活超市(854452883) 内 白秋与(2993978886) 的消息: 对 (1945325253) 
[2022-05-29 15:14:29] [INFO]: 收到群 新蜂生活超市(854452883) 内 白秋与(2993978886) 的消息: [CQ:image,file=0ac075d0317abd74a80d2a8df2c699a0.image,subType=0] (83131987) 
[2022-05-29 15:18:05] [INFO]: 收到群 潘安湖二手物品转卖群(949682820) 内 羊咩咩(498735748) 的消息: 收两袋[CQ:image,file=faeda0bd0692ecc994782e264d71a008.image,subType=0] (1114080208) 
[2022-05-29 15:25:15] [INFO]: 收到群 潘安湖二手物品转卖群(949682820) 内 章鱼🐙小丸子(2326124006) 的消息: [CQ:image,file=e91967a6024c4f3a56f4633052d2a594.image,subType=0] (-613494166) 
[2022-05-29 15:25:42] [INFO]: 收到群 潘安湖二手物品转卖群(949682820) 内 章鱼🐙小丸子(2326124006) 的消息: 有没有拼肖秀荣知识点精讲精练的 ，有八元邮费，所以想拼单搞一下包邮 (-1402346756) 
[2022-05-29 15:25:57] [INFO]: 收到群 潘安湖二手物品转卖群(949682820) 内 章鱼🐙小丸子(2326124006) 的消息: 28.8一本，问了客服，是新货下单可发的 (839743327) 
[2022-05-29 15:27:17] [INFO]: 收到群 潘安湖二手物品转卖群(949682820) 内 E组团打印(3394177443) 的消息: 出打印机 (1158301641) 
[2022-05-29 15:27:45] [INFO]: 收到群 潘安湖二手物品转卖群(949682820) 内 ^O^(1504536771) 的消息: 吃打印机 (-603777421) 
[2022-05-29 15:28:49] [INFO]: 收到群 潘安湖二手物品转卖群(949682820) 内 abcd接打印(3105975401) 的消息: 吃打印机？ (-1425791259) 
[2022-05-29 15:29:09] [INFO]: 收到群 潘安湖二手物品转卖群(949682820) 内 Big正(1446982638) 的消息: 吃打印机？ (1002126196) 
[2022-05-29 15:29:11] [INFO]: 收到群 新蜂生活超市(854452883) 内 二郎神(80000000) 的消息: 可以多冻几瓶矿泉水嘛 刚去看没有了 (-1701778448) 
[2022-05-29 15:31:05] [INFO]: 收到群 新蜂生活超市(854452883) 内 新蜂生活超市(105070597) 的消息: 👌 (-308815002) 
[2022-05-29 15:32:00] [INFO]: 收到群 潘安湖二手物品转卖群(949682820) 内 efgh打印(209668852) 的消息: 吃打印机？ (1287392226) 
[2022-05-29 15:32:51] [INFO]: 收到群 潘安湖二手物品转卖群(949682820) 内 A-D打印(2066755926) 的消息: 吃打印机？ (746291719) 
[2022-05-29 15:34:58] [INFO]: 收到群 潘安湖二手物品转卖群(949682820) 内 啥？代自习选我(1062766048) 的消息: 出大二大三大四日语专业课本和书籍

高级日语 高级阅读 文学史笔译 日本企业概论等专业课和选修课书～ (1534898833) 
[2022-05-29 15:35:04] [INFO]: 收到群 潘安湖二手物品转卖群(949682820) 内 25(1455646772) 的消息: f有超市代买吗 (-1032461525) 
[2022-05-29 15:39:42] [INFO]: 收到群 新蜂生活超市(854452883) 内 牛魔王(80000000) 的消息: 现在超市有没有花生酱啊 (1956547292) 
[2022-05-29 15:42:55] [INFO]: 收到群 新蜂生活超市(854452883) 内 西海龙王(80000000) 的消息: 我有/斜眼笑/斜眼笑/斜眼笑 (60406346) 
[2022-05-29 15:43:21] [INFO]: 收到群 潘安湖二手物品转卖群(949682820) 内 ^O^(1504536771) 的消息: 出打印机 (-1250765891) 
[2022-05-29 15:43:25] [INFO]: 收到群 潘安湖二手物品转卖群(949682820) 内 ^O^(1504536771) 的消息: /辣眼睛 (722880030) 
[2022-05-29 15:47:47] [INFO]: 收到群 20软件1班官方群(927974093) 内 学习委员 吴玉涵(2915786685) 的消息: 软件工程作业还没交的宿舍尽快[CQ:at,qq=all] (-1327929870) 
[2022-05-29 15:47:57] [INFO]: 收到群 潘安湖二手物品转卖群(949682820) 内 A 打印d（不接急单）(3263949723) 的消息: 出7个麦当劳辣翅[CQ:image,file=f0bcfb096af3e131dfa17a9df9c9d61b.image] (1544648328) 
[2022-05-29 15:48:12] [INFO]: 收到群 新蜂生活超市(854452883) 内 新蜂生活超市(105070597) 的消息: [CQ:reply,id=1956547292]应该还有 (-1826183205) 
[2022-05-29 15:49:12] [INFO]: 新成员 ``(418519293) 进入了群 潘安湖二手物品转卖群(949682820). 
[2022-05-29 15:50:15] [INFO]: 收到群 潘安湖二手物品转卖群(949682820) 内 出汉服及相关(2098057429) 的消息: 出[CQ:image,file=38eb0e4309deeb0f3825d5ef0e35b1ce.image,subType=0][CQ:image,file=52e30c4f868972283cd7bbfaac9d4fa7.image,subType=0][CQ:image,file=3cbf6e7000fee34a085ee000972e303b.image,subType=0][CQ:image,file=147b2180656b63e08e43bad18f392cab.image,subType=0] (-988272846) 
[2022-05-29 15:51:41] [INFO]: 收到群 潘安湖二手物品转卖群(949682820) 内 出汉服及相关(2098057429) 的消息: 出[CQ:image,file=d5d2ef085ff88c85dd67d7ef3bc4c59f.image,subType=0] (-1306585180) 
[2022-05-29 15:53:35] [INFO]: 收到群 潘安湖二手物品转卖群(949682820) 内 A 打印d（不接急单）(3263949723) 的消息: 出了 (580913717) 
[2022-05-29 15:54:16] [INFO]: 收到群 潘安湖二手物品转卖群(949682820) 内 出汉服及相关(2098057429) 的消息: 出[CQ:image,file=840b8dcf40e9a2d11289f65fb31aa9d5.image,subType=0][CQ:image,file=dabc0e43fc7cc3ca0cdbb4fc21611a8c.image,subType=0][CQ:image,file=ec8d405fe778d3800f071f2cd201fe31.image,subType=0][CQ:image,file=cba4d0cd370334b9238cd897bd33aa5b.image,subType=0] (1437022883) 
[2022-05-29 15:59:50] [INFO]: 收到群 潘安湖二手物品转卖群(949682820) 内 墨涵(2127922549) 的消息: 出 (-59026567) 
[2022-05-29 15:59:51] [INFO]: 收到群 潘安湖二手物品转卖群(949682820) 内 墨涵(2127922549) 的消息: [CQ:image,file=99105d2c94c337f2764883a4fec93394.image,subType=0] (-1954782225) 
[2022-05-29 16:04:41] [INFO]: 收到群 潘安湖二手物品转卖群(949682820) 内 b1(2052864097) 的消息: abcd收收双眼皮贴 (309670485) 
[2022-05-29 16:04:49] [INFO]: 收到群 潘安湖二手物品转卖群(949682820) 内 小兔子乖乖(2996376202) 的消息: [CQ:reply,id=748436010][CQ:at,qq=2996376202] 已出 (1701970627) 
[2022-05-29 16:07:11] [INFO]: 收到群 潘安湖二手物品转卖群(949682820) 内 25(1730456904) 的消息: B组团有无出泡面 (-82405536) 
[2022-05-29 16:12:37] [INFO]: 收到群 潘安湖二手物品转卖群(949682820) 内 伊人莫相忘(2940409154) 的消息: 出白象火鸡面 茄皇袋装泡面  都是3.5/包，买多可优惠/吃糖/吃糖 (-1944999946) 
[2022-05-29 16:12:56] [INFO]: 收到群 潘安湖二手物品转卖群(949682820) 内 水爱晴柔(953351421) 的消息: 有没有人出屏幕清洁剂 (353957452) 
[2022-05-29 16:13:02] [INFO]: 收到群 潘安湖二手物品转卖群(949682820) 内 伊人莫相忘(2940409154) 的消息: [CQ:reply,id=-1944999946][CQ:at,qq=2940409154] 火鸡面还有两袋，茄皇两袋 (1646249690) 
[2022-05-29 16:14:44] [INFO]: 收到群 潘安湖二手物品转卖群(949682820) 内 蔡巨巨(3072965312) 的消息: [CQ:image,file=2790f4e42e50bba02f846913abcb6d9b.image,subType=0]有大神否，救命呀![CQ:image,file=ca51c7b78e8eaf5472b0576c2b44e4a6.image,subType=0][CQ:image,file=ca51c7b78e8eaf5472b0576c2b44e4a6.image,subType=0]，蜜城之恋随便一杯（月末了，地主家都没有余粮了之前充值的） (-224339125) 
[2022-05-29 16:18:25] [INFO]: 收到群 潘安湖二手物品转卖群(949682820) 内 F1 自提(851144238) 的消息: [CQ:image,file=a88ad764fc91a177b3d1f6e91a6230b8.image,subType=1] (-2052592675) 
[2022-05-29 16:18:29] [INFO]: 收到群 潘安湖二手物品转卖群(949682820) 内 F1 自提(851144238) 的消息: 鼠标垫dd (-446668232) 
[2022-05-29 16:18:37] [INFO]: 收到群 潘安湖二手物品转卖群(949682820) 内 F1 自提(851144238) 的消息: 收个鼠标垫 (-1838722386) 
[2022-05-29 16:26:25] [INFO]: 收到群 20软件2班官方群(953152455) 内 张彦伟195 5163 5017(1458335158) 的消息: 算法实验4，没交的同学尽快 (-1346907139) 
[2022-05-29 16:33:12] [INFO]: 收到群 21软件2班(626284843) 内 陈慧(3166230258) 的消息: [CQ:at,qq=all]  之前在微信那个小程序买水果的同学，下课后去双创楼109去领自己买的东西 (-1512809425) 
[2022-05-29 16:33:34] [INFO]: 收到群 21软件2班(626284843) 内 20软件1张浩健(1427774041) 的消息: 门口领西瓜 (1021119893) 
[2022-05-29 16:35:33] [INFO]: 收到群 潘安湖二手物品转卖群(949682820) 内 少管我(377757352) 的消息: [CQ:image,file=b8f1c47062e912140b1931fc0cacbff6.image,subType=0] (191759124) 
[2022-05-29 16:35:35] [INFO]: 收到群 潘安湖二手物品转卖群(949682820) 内 少管我(377757352) 的消息: [CQ:image,file=a838727f2af5d82c7f7b56ddd7fa1bf8.image,subType=0] (2087269250) 
[2022-05-29 16:35:36] [INFO]: 收到群 潘安湖二手物品转卖群(949682820) 内 少管我(377757352) 的消息: [CQ:image,file=54a405f6336785d6f10d18b47efdad04.image,subType=0] (-502421983) 
[2022-05-29 16:35:37] [INFO]: 收到群 潘安湖二手物品转卖群(949682820) 内 少管我(377757352) 的消息: [CQ:image,file=21357ae7712356c9f935359a58ec490b.image,subType=0] (-1794468169) 
[2022-05-29 16:35:38] [INFO]: 收到群 潘安湖二手物品转卖群(949682820) 内 少管我(377757352) 的消息: [CQ:image,file=fd77b7174835b78264b984d059736d84.image,subType=0] (201574157) 
[2022-05-29 16:36:21] [INFO]: 收到群 潘安湖二手物品转卖群(949682820) 内 爱丽丝(1837764625) 的消息: 出[CQ:image,file=5f18ab2f4315fed687ec209ba39d0618.image,subType=0][CQ:image,file=c8df59993091ee138dcfaad021d80de9.image,subType=0] (2063923099) 
[2022-05-29 16:36:23] [INFO]: 收到群 20软件3班通知群(953064865) 内 33-彭诗钰-副班长(1648866869) 的消息: 请已经在助农惠学平台下单的同学，尽快去双创楼东门领取水果，老师在那里等着了 (1520543623) 
[2022-05-29 16:36:25] [INFO]: 收到群 21数据官方群(673433432) 内 周甜(3162039817) 的消息: 各位同学，请提醒已经在助农惠学平台下单的同学，尽快去双创楼东门领取水果，老师在那里等着了&#91;抱拳&#93;@所有人 [CQ:at,qq=all]  (-668866395) 
[2022-05-29 16:36:27] [INFO]: 收到群 20软件3班通知群(953064865) 内 33-彭诗钰-副班长(1648866869) 的消息: [CQ:at,qq=all]  (139480288) 
[2022-05-29 16:36:39] [INFO]: 收到群 21软件3班通知群(684039593) 内 陈继若15670470371(924617592) 的消息: 各位同学，已经在助农惠学平台下单的同学，尽快去双创楼东门领取水果，老师在那里等着了[CQ:face,id=63] [CQ:at,qq=all]  (1698064579) 
[2022-05-29 16:37:20] [INFO]: 收到群 潘安湖二手物品转卖群(949682820) 内 h2(1944683093) 的消息: 收七年五季欧包 嘎嘎嘎收 (-340006390) 
[2022-05-29 16:37:28] [INFO]: 收到群 潘安湖二手物品转卖群(949682820) 内 h2(1944683093) 的消息: 电竞椅 (-1665344868) 
[2022-05-29 16:38:07] [INFO]: 收到群 潘安湖二手物品转卖群(949682820) 内 ！(3254685996) 的消息: 有没有人有红霉素眼膏或者什么消炎的眼膏 (-833801733) 
[2022-05-29 16:38:30] [INFO]: 收到群 潘安湖二手物品转卖群(949682820) 内 ！(3254685996) 的消息: 急用 (-1186332307) 
[2022-05-29 16:38:32] [INFO]: 收到群 潘安湖二手物品转卖群(949682820) 内 ！(3254685996) 的消息: [CQ:image,file=58965f976db3e975e233e9e5f1dd461c.image,subType=1] (541282519) 
[2022-05-29 16:38:34] [INFO]: 收到群 20软件1班官方群(927974093) 内 团支书卜雨欣(1328387724) 的消息: 20软件1卜雨欣 邀请您参加腾讯会议
会议主题：20软件1班新思想公开课
会议时间：2022/05/29 19:00-20:00 (GMT+08:00) 中国标准时间 - 北京

点击链接入会，或添加至会议列表：
https://meeting.tencent.com/dm/p5YP30hqPF40

#腾讯会议：738-320-513

手机一键拨号入会
+8675536550000,,738320513# (中国大陆)
+85230018898,,,2,738320513# (中国香港)

根据您的位置拨号
+8675536550000 (中国大陆)
+85230018898 (中国香港)

复制该信息，打开手机腾讯会议即可参与 (543586403) 
[2022-05-29 16:38:41] [INFO]: 收到群 潘安湖二手物品转卖群(949682820) 内 出自己(2972626873) 的消息: 这个医务室应该有 (1464098881) 
[2022-05-29 16:38:51] [INFO]: 收到群 潘安湖二手物品转卖群(949682820) 内 ！(3254685996) 的消息: 不给开 (-920586782) 
[2022-05-29 16:39:00] [INFO]: 群 潘安湖二手物品转卖群(949682820) 的 出室友(2972626873) 更新了名片 出自己 -> 出室友 
[2022-05-29 16:39:00] [INFO]: 收到群 潘安湖二手物品转卖群(949682820) 内 出自己(2972626873) 的消息: [CQ:image,file=cbfe35e341c81850c0edf7a3e2539198.image,subType=1] (-1104689804) 
[2022-05-29 16:39:06] [INFO]: 收到群 20软件1班官方群(927974093) 内 团支书卜雨欣(1328387724) 的消息: 今晚七点，新思想公开课（主讲人：朱可欣），与你不见不散[CQ:at,qq=all]  (1465993461) 
[2022-05-29 16:39:07] [INFO]: 收到群 潘安湖二手物品转卖群(949682820) 内 ！(3254685996) 的消息: 医务室的药是摆设😅 (657364174) 
[2022-05-29 16:39:28] [INFO]: 收到群 潘安湖二手物品转卖群(949682820) 内 Auckland(1294626687) 的消息: [CQ:image,file=ae0568e32a0022234ca6443cb50333a1.image,subType=0] (1344906328) 
[2022-05-29 16:39:37] [INFO]: 收到群 潘安湖二手物品转卖群(949682820) 内 Auckland(1294626687) 的消息: 雅马哈f310 325 (-1063863863) 
[2022-05-29 16:39:39] [INFO]: 收到群 潘安湖二手物品转卖群(949682820) 内 Auckland(1294626687) 的消息: 出 (-1215198881) 
[2022-05-29 16:43:04] [INFO]: 收到群 潘安湖二手物品转卖群(949682820) 内 经验丰富 滴滴挨打(1010494162) 的消息: [CQ:image,file=40a070748a47308c4a61c2b73275988a.image,subType=0] (-682229574) 
[2022-05-29 16:44:29] [INFO]: 收到群 潘安湖二手物品转卖群(949682820) 内 z(2394844305) 的消息: 收瓶酒精 (-1605291988) 
[2022-05-29 16:44:40] [INFO]: 收到群 潘安湖二手物品转卖群(949682820) 内 Estrus(2940408263) 的消息: 收啤酒 (962093462) 
[2022-05-29 16:45:18] [INFO]: 收到群 21软件2班(626284843) 内 陈慧(3166230258) 的消息: [CQ:face,id=74]同学们大家下午好！
新鲜的瓜果已运抵校园，为做到人员分流不聚集，请各班订购同学按照本班排定时间段进行签领。
西红柿/黄瓜签领点：双创楼109
西瓜签领点：双创楼楼东门口

订购同学的编号已放入群内，以便现场查验名单、签领。

同学们可点开图片，按照“西瓜”/“番茄/黄瓜/水果黄瓜”签领表、根据学院检索班级、姓名，找到自己的“序号”。（总表也放入群内，可直接检索姓名找“序号”）

在签领台报序号可更快核对订单信息，进行签领。
可个人/班集体领取，做好登记即可。

西瓜签领顺序：
（1）签领台签字
（2）按西瓜数量领取塑料袋
（3）领取西瓜

希望新鲜瓜果可以在炎炎夏日为同学们降温、解暑。[CQ:face,id=63][CQ:face,id=63][CQ:face,id=63] (1272593667) 
[2022-05-29 16:45:18] [INFO]: 群 21软件2班(626284843) 内 陈慧(3166230258) 上传了文件: 5月29日助农惠学签领表.xlsx 
[2022-05-29 16:47:53] [INFO]: 收到群 潘安湖二手物品转卖群(949682820) 内 出汉服及相关(2098057429) 的消息: [CQ:image,file=8490705b059a95e7f2e78a0f9aef45c1.image,subType=0] (1314869504) 
[2022-05-29 16:47:54] [INFO]: 收到群 潘安湖二手物品转卖群(949682820) 内 出汉服及相关(2098057429) 的消息: [CQ:image,file=039c90bf07362da860d75254b2685575.image,subType=0] (-801389405) 
[2022-05-29 16:50:12] [INFO]: 收到群 潘安湖二手物品转卖群(949682820) 内 爱丽丝(1837764625) 的消息: 出[CQ:image,file=a763a1a6990a067c066abc33ed1a92fd.image,subType=0][CQ:image,file=edf46f89d38f27ab96f279411f43b2a3.image,subType=0] (-1489177547) 
[2022-05-29 16:52:04] [INFO]: 发送群 20软件3班通知群(953064865) 的消息: 健康打卡自动提醒
尚 ... (2136439926) 
[2022-05-29 16:56:02] [INFO]: 收到群 潘安湖二手物品转卖群(949682820) 内 6(1551592061) 的消息: f组团有代买吗 (1043703183) 
[2022-05-29 16:57:29] [INFO]: 收到群 潘安湖二手物品转卖群(949682820) 内 ๑•̌.•̑๑(2689141127) 的消息: 收小喷雾瓶 (1228051737) 
[2022-05-29 16:58:15] [INFO]: 收到群 潘安湖二手物品转卖群(949682820) 内 奇变偶不变(2315533506) 的消息: 有无出冰袖 (-645035896) 
[2022-05-29 16:58:22] [INFO]: 收到群 20智能科学与技术(1014806242) 内 32陶志冰(2104665378) 的消息: &#91;&#91;分享&#93;“喜迎二十大，永远跟党走，奋进新征程” 主题原创海报设...&#93;请使用最新版本手机QQ查看[CQ:json,data={"app":"com.tencent.structmsg"&#44;"desc":"新闻"&#44;"view":"news"&#44;"ver":"0.0.0.1"&#44;"prompt":"&#91;分享&#93;“喜迎二十大，永远跟党走，奋进新征程” 主题原创海报设..."&#44;"meta":{"news":{"action":""&#44;"android_pkg_name":""&#44;"app_type":1&#44;"appid":1103188687&#44;"ctime":1653813516&#44;"desc":" "&#44;"jumpUrl":"http:\/\/mp.weixin.qq.com\/s?__biz=Mzg3MDc2NDAyNA==&amp;mid=2247488695&amp;idx=1&amp;sn=04064b75680faf3cc81a896b42085b88&amp;chksm=ce898820f9fe0136af0ec5ff2c1a8ee88f71f534b774125fec248a609a08728a4e7493c096e6&amp;mpshare=1&amp;scene=23&amp;srcid=0529jIEoFNv4zmqd3zmjBqG1&amp;sharer_sharetime=1653813509574&amp;sharer_shareid=595f2ca3658c7c104f7f26ccb2dad3d4#rd"&#44;"preview":"https:\/\/mmbiz.qlogo.cn\/mmbiz_jpg\/QeULQxy6JqqKyODZkSFh6J9HDN6fHhy29H6h3XsNf1O8OfQaOIkTvy38t8sonHAnJ4wusHLWSAhF4xDuFgfiaqg\/300?wx_fmt=jpeg&amp;wxfrom=7"&#44;"source_icon":"https:\/\/i.gtimg.cn\/open\/app_icon\/03\/18\/86\/87\/1103188687_100_m.png"&#44;"source_url":""&#44;"tag":"微信"&#44;"title":"“喜迎二十大，永远跟党走，奋进新征程” 主题原创海报设..."&#44;"uin":953060053}}&#44;"config":{"ctime":1653813516&#44;"forward":true&#44;"token":"21d4b9d4414486ce779c5c95ab9ebfde"&#44;"type":"normal"}}] (-1232802828) 
[2022-05-29 16:58:40] [INFO]: 收到群 潘安湖二手物品转卖群(949682820) 内 柏成💐(3136795849) 的消息: 非油炸番茄牛腩2.5r[CQ:image,file=98a620ee5cd933966050137b6583d4c3.image,subType=0] (-1366640610) 
[2022-05-29 16:58:54] [INFO]: 收到群 20智能科学与技术(1014806242) 内 32陶志冰(2104665378) 的消息: 感兴趣的同学参加哦[CQ:at,qq=all] [CQ:face,id=63][CQ:face,id=118] (-1048323230) 
[2022-05-29 16:59:07] [INFO]: 收到群 20Z计科通知群(540450397) 内 425宿舍刘浩(1017563517) 的消息: [CQ:json,data={"app":"com.tencent.structmsg"&#44;"desc":"新闻"&#44;"view":"news"&#44;"ver":"0.0.0.1"&#44;"prompt":"&#91;分享&#93;“喜迎二十大，永远跟党走，奋进新征程” 主题原创海报设..."&#44;"meta":{"news":{"action":""&#44;"android_pkg_name":""&#44;"app_type":1&#44;"appid":1103188687&#44;"ctime":1653813516&#44;"desc":" "&#44;"jumpUrl":"http:\/\/mp.weixin.qq.com\/s?__biz=Mzg3MDc2NDAyNA==&amp;mid=2247488695&amp;idx=1&amp;sn=04064b75680faf3cc81a896b42085b88&amp;chksm=ce898820f9fe0136af0ec5ff2c1a8ee88f71f534b774125fec248a609a08728a4e7493c096e6&amp;mpshare=1&amp;scene=23&amp;srcid=0529jIEoFNv4zmqd3zmjBqG1&amp;sharer_sharetime=1653813509574&amp;sharer_shareid=595f2ca3658c7c104f7f26ccb2dad3d4#rd"&#44;"preview":"https:\/\/mmbiz.qlogo.cn\/mmbiz_jpg\/QeULQxy6JqqKyODZkSFh6J9HDN6fHhy29H6h3XsNf1O8OfQaOIkTvy38t8sonHAnJ4wusHLWSAhF4xDuFgfiaqg\/300?wx_fmt=jpeg&amp;wxfrom=7"&#44;"source_icon":"https:\/\/i.gtimg.cn\/open\/app_icon\/03\/18\/86\/87\/1103188687_100_m.png"&#44;"source_url":""&#44;"tag":"微信"&#44;"title":"“喜迎二十大，永远跟党走，奋进新征程” 主题原创海报设..."&#44;"uin":953060053}}&#44;"config":{"ctime":1653813516&#44;"forward":true&#44;"token":"21d4b9d4414486ce779c5c95ab9ebfde"&#44;"type":"normal"}}] (-1528745494) 
[2022-05-29 16:59:12] [INFO]: 收到群 20软件3班通知群(953064865) 内 24-刘梦子-团支书(1533808001) 的消息: &#91;&#91;分享&#93;“喜迎二十大，永远跟党走，奋进新征程” 主题原创海报设...&#93;请使用最新版本手机QQ查看[CQ:json,data={"app":"com.tencent.structmsg"&#44;"desc":"新闻"&#44;"view":"news"&#44;"ver":"0.0.0.1"&#44;"prompt":"&#91;分享&#93;“喜迎二十大，永远跟党走，奋进新征程” 主题原创海报设..."&#44;"meta":{"news":{"action":""&#44;"android_pkg_name":""&#44;"app_type":1&#44;"appid":1103188687&#44;"ctime":1653813516&#44;"desc":" "&#44;"jumpUrl":"http:\/\/mp.weixin.qq.com\/s?__biz=Mzg3MDc2NDAyNA==&amp;mid=2247488695&amp;idx=1&amp;sn=04064b75680faf3cc81a896b42085b88&amp;chksm=ce898820f9fe0136af0ec5ff2c1a8ee88f71f534b774125fec248a609a08728a4e7493c096e6&amp;mpshare=1&amp;scene=23&amp;srcid=0529jIEoFNv4zmqd3zmjBqG1&amp;sharer_sharetime=1653813509574&amp;sharer_shareid=595f2ca3658c7c104f7f26ccb2dad3d4#rd"&#44;"preview":"https:\/\/mmbiz.qlogo.cn\/mmbiz_jpg\/QeULQxy6JqqKyODZkSFh6J9HDN6fHhy29H6h3XsNf1O8OfQaOIkTvy38t8sonHAnJ4wusHLWSAhF4xDuFgfiaqg\/300?wx_fmt=jpeg&amp;wxfrom=7"&#44;"source_icon":"https:\/\/i.gtimg.cn\/open\/app_icon\/03\/18\/86\/87\/1103188687_100_m.png"&#44;"source_url":""&#44;"tag":"微信"&#44;"title":"“喜迎二十大，永远跟党走，奋进新征程” 主题原创海报设..."&#44;"uin":953060053}}&#44;"config":{"ctime":1653813516&#44;"forward":true&#44;"token":"21d4b9d4414486ce779c5c95ab9ebfde"&#44;"type":"normal"}}] (-430035508) 
[2022-05-29 16:59:40] [INFO]: 收到群 20软件3班通知群(953064865) 内 24-刘梦子-团支书(1533808001) 的消息: 有意愿的同学可以参加一下[CQ:face,id=63][CQ:face,id=118] (-1856430758) 
[2022-05-29 17:00:05] [INFO]: 收到群 潘安湖二手物品转卖群(949682820) 内 胖虎是我表哥(1175775503) 的消息: 代取快递 (-1743284611) 
[2022-05-29 17:00:34] [INFO]: 收到群 潘安湖二手物品转卖群(949682820) 内 胖虎是我表哥(1175775503) 的消息: 有人帮代取快递吗 (-284121365) 
[2022-05-29 17:00:38] [INFO]: 收到群 新蜂生活超市(854452883) 内 辟寒大王(80000000) 的消息: 买了助农的搁哪取货哇 (-467560627) 
[2022-05-29 17:01:19] [INFO]: 收到群 新蜂生活超市(854452883) 内 爱吃西兰花🥦(1701489767) 的消息: @所有人 
&#91;太阳&#93;同学们大家下午好！
新鲜的瓜果已运抵校园，为做到人员分流不聚集，请各班订购同学按照本班排定时间段进行签领。
西红柿/黄瓜签领点：双创楼109
西瓜签领点：双创楼楼东门口

订购同学的编号已放入群内，以便现场查验名单、签领。

同学们可点开图片，按照“西瓜”/“番茄/黄瓜/水果黄瓜”签领表、根据学院检索班级、姓名，找到自己的“序号”。（总表也放入群内，可直接检索姓名找“序号”）

在签领台报序号可更快核对订单信息，进行签领。
可个人/班集体领取，做好登记即可。

西瓜签领顺序：
（1）签领台签字
（2）按西瓜数量领取塑料袋
（3）领取西瓜

希望新鲜瓜果可以在炎炎夏日为同学们降温、解暑。&#91;玫瑰&#93;&#91;玫瑰&#93;&#91;玫瑰&#93; (-2065293656) 
[2022-05-29 17:01:48] [INFO]: 收到群 新蜂生活超市(854452883) 内 文殊菩萨(80000000) 的消息: 超市现在有绿色心情吗 (-203346370) 
[2022-05-29 17:01:51] [INFO]: 新成员 哈哈哈(3504258101) 进入了群 潘安湖二手物品转卖群(949682820). 
[2022-05-29 17:02:38] [INFO]: 收到群 21数据官方群(673433432) 内 沈兴凡(3257308365) 的消息: 各位团支书：学院暂定6月8日举办东软睿道杯比赛，需要一位有基础、能压住场的主持人，请转发班级群，同学觉得能胜任想尝试一下的请明早9点前联系一下我。@全体成员 (-1356408781) 
[2022-05-29 17:02:39] [INFO]: 收到群 21数据官方群(673433432) 内 沈兴凡(3257308365) 的消息: [CQ:reply,id=-1130666959]想尝一下的同学请在明早9点前进入群聊 (1365408856) 
[2022-05-29 17:02:39] [WARNING]: 获取消息时出现错误: get value error: leveldb: not found 
[2022-05-29 17:02:39] [INFO]: 收到群 21数据官方群(673433432) 内 沈兴凡(3257308365) 的消息: 请各班团支书一并转发班群给有意愿的同学参加。[CQ:face,id=63][CQ:face,id=118] (644173006) 
[2022-05-29 17:02:40] [INFO]: 收到群 21数据官方群(673433432) 内 沈兴凡(3257308365) 的消息: &#91;&#91;分享&#93;“喜迎二十大，永远跟党走，奋进新征程” 主题原创海报设...&#93;请使用最新版本手机QQ查看[CQ:json,data={"app":"com.tencent.structmsg"&#44;"desc":"新闻"&#44;"view":"news"&#44;"ver":"0.0.0.1"&#44;"prompt":"&#91;分享&#93;“喜迎二十大，永远跟党走，奋进新征程” 主题原创海报设..."&#44;"appID":""&#44;"sourceName":""&#44;"actionData":""&#44;"actionData_A":""&#44;"sourceUrl":""&#44;"meta":{"news":{"action":""&#44;"android_pkg_name":""&#44;"app_type":1&#44;"appid":1103188687&#44;"ctime":1653813516&#44;"desc":" "&#44;"jumpUrl":"http:\/\/mp.weixin.qq.com\/s?__biz=Mzg3MDc2NDAyNA==&amp;mid=2247488695&amp;idx=1&amp;sn=04064b75680faf3cc81a896b42085b88&amp;chksm=ce898820f9fe0136af0ec5ff2c1a8ee88f71f534b774125fec248a609a08728a4e7493c096e6&amp;mpshare=1&amp;scene=23&amp;srcid=0529jIEoFNv4zmqd3zmjBqG1&amp;sharer_sharetime=1653813509574&amp;sharer_shareid=595f2ca3658c7c104f7f26ccb2dad3d4#rd"&#44;"preview":"https:\/\/mmbiz.qlogo.cn\/mmbiz_jpg\/QeULQxy6JqqKyODZkSFh6J9HDN6fHhy29H6h3XsNf1O8OfQaOIkTvy38t8sonHAnJ4wusHLWSAhF4xDuFgfiaqg\/300?wx_fmt=jpeg&amp;wxfrom=7"&#44;"source_icon":"https:\/\/i.gtimg.cn\/open\/app_icon\/03\/18\/86\/87\/1103188687_100_m.png"&#44;"source_url":""&#44;"tag":"微信"&#44;"title":"“喜迎二十大，永远跟党走，奋进新征程” 主题原创海报设..."&#44;"uin":953060053}}&#44;"config":{"ctime":1653813516&#44;"forward":true&#44;"token":"21d4b9d4414486ce779c5c95ab9ebfde"&#44;"type":"normal"}&#44;"text":""&#44;"sourceAd":""&#44;"extra":""}] (-1083433612) 
[2022-05-29 17:02:40] [INFO]: 收到群 21数据官方群(673433432) 内 沈兴凡(3257308365) 的消息: [CQ:image,file=705f0dbe9da796b50bf092e1f8fa93fb.image,subType=0] (-932499998) 
[2022-05-29 17:05:44] [INFO]: 收到群 20软件1班官方群(927974093) 内 团支书卜雨欣(1328387724) 的消息: [CQ:forward,id=Cmu7TbU1pIlDlrorbxaNb4tM9Iv9oKqNZyKkyFUqKhlpAhXOJA5YpzA7Rq2h2U5Z] (933675280) 
[2022-05-29 17:09:59] [INFO]: 收到群 潘安湖二手物品转卖群(949682820) 内 出冰可乐(3281710188) 的消息: 出天地壹号·苹果醋
3r 330ml，送冰块。 (1981413201) 
[2022-05-29 17:10:48] [INFO]: 收到群 20软件1班官方群(927974093) 内 夏康宁15150083010(373505118) 的消息: [CQ:at,qq=2796904898] 你怎么跑软2去了 (1084354950) 
[2022-05-29 17:10:56] [INFO]: 收到群 潘安湖二手物品转卖群(949682820) 内 出汉服及相关(2098057429) 的消息: [CQ:reply,id=1437022883][CQ:at,qq=2098057429] 固定扣已出 (18794439) 
[2022-05-29 17:11:14] [INFO]: 收到群 20软件1班官方群(927974093) 内 班长吴思鹏(2796904898) 的消息: 我们宿舍软二的  我就写了他们班了/捂脸/捂脸/捂脸 (-643260356) 
[2022-05-29 17:11:14] [INFO]: 收到群 20软件1班官方群(927974093) 内 夏康宁15150083010(373505118) 的消息: [CQ:image,file=e7ecd44bc8e2f8151e46983f01948acc.image,subType=0] (-1364225878) 
[2022-05-29 17:11:17] [INFO]: 收到群 新蜂生活超市(854452883) 内 KELAIDO(1910552067) 的消息: [CQ:at,qq=105070597]  (1793621892) 
[2022-05-29 17:11:30] [INFO]: 收到群 新蜂生活超市(854452883) 内 文殊菩萨(80000000) 的消息: [CQ:at,qq=105070597]  (502222610) 
[2022-05-29 17:11:55] [INFO]: 收到群 20软件1班官方群(927974093) 内 夏康宁15150083010(373505118) 的消息: [CQ:image,file=79ab907abb35ead8d8d00800b5b27069.image,subType=0]一个人4个瓜[CQ:face,id=76] (818611465) 
[2022-05-29 17:12:25] [INFO]: 收到群 20软件1班官方群(927974093) 内 20软件1周凯(1404471776) 的消息: [CQ:image,file=a28a34a61f1ad4cb9f3f46690f21d5e0.image,subType=1] (1204565407) 
[2022-05-29 17:12:25] [INFO]: 收到群 潘安湖二手物品转卖群(949682820) 内 哈哈哈(3504258101) 的消息: [CQ:image,file=19274cbc33cfe2c3a0823c2183a6e3de.image,subType=0] (-1619373468) 
[2022-05-29 17:12:28] [INFO]: 收到群 潘安湖二手物品转卖群(949682820) 内 哈哈哈(3504258101) 的消息: 出小花盆3r (-394435854) 
[2022-05-29 17:13:01] [INFO]: 收到群 新蜂生活超市(854452883) 内 辟寒大王(80000000) 的消息: [CQ:reply,id=-2065293656][CQ:at,qq=1701489767] [CQ:at,qq=1701489767] 谢谢 ，这是哪个群啊 (-2087986511) 
[2022-05-29 17:13:04] [INFO]: 收到群 21软件3班通知群(684039593) 内 夏康宁15150083010(373505118) 的消息: [CQ:image,file=5fae4db86645ab7a5634c8b8ebb5ebf3.image,subType=0] (-62965383) 
[2022-05-29 17:13:11] [INFO]: 收到群 21软件3班通知群(684039593) 内 夏康宁15150083010(373505118) 的消息: 快去领瓜 (-1959261713) 
[2022-05-29 17:13:26] [INFO]: 收到群 新蜂生活超市(854452883) 内 油炸胖大海(1275278617) 的消息: [CQ:image,file=889109ad9fda4ec035ef7e3b6348280e.image,subType=0] (-192091609) 
[2022-05-29 17:13:29] [INFO]: 收到群 新蜂生活超市(854452883) 内 油炸胖大海(1275278617) 的消息: 这个 (1837480861) 
[2022-05-29 17:13:55] [INFO]: 收到群 新蜂生活超市(854452883) 内 爱吃西兰花🥦(1701489767) 的消息: 我们班群发的 (444762891) 
[2022-05-29 17:14:06] [INFO]: 收到群 新蜂生活超市(854452883) 内 爱吃西兰花🥦(1701489767) 的消息: 你进这个就好了 (-1975675238) 
[2022-05-29 17:14:12] [INFO]: 收到群 新蜂生活超市(854452883) 内 爱吃西兰花🥦(1701489767) 的消息: [CQ:reply,id=-192091609][CQ:at,qq=1275278617]  这个 (-46488052) 
[2022-05-29 17:15:40] [INFO]: 收到群 新蜂生活超市(854452883) 内 辟寒大王(80000000) 的消息: 谢谢谢谢 (58589799) 
[2022-05-29 17:15:47] [INFO]: 收到群 潘安湖二手物品转卖群(949682820) 内 123(1952525828) 的消息: [CQ:image,file=9302471955a35e3897e25ce5daa3c915.image,subType=0] (1903440712) 
[2022-05-29 17:15:50] [INFO]: 收到群 21软件2班(626284843) 内 29权文亭(2247394331) 的消息: [CQ:json,data={"app":"com.tencent.structmsg"&#44;"desc":"新闻"&#44;"view":"news"&#44;"ver":"0.0.0.1"&#44;"prompt":"&#91;分享&#93;“喜迎二十大，永远跟党走，奋进新征程” 主题原创海报设..."&#44;"meta":{"news":{"action":""&#44;"android_pkg_name":""&#44;"app_type":1&#44;"appid":1103188687&#44;"ctime":1653813516&#44;"desc":" "&#44;"jumpUrl":"http:\/\/mp.weixin.qq.com\/s?__biz=Mzg3MDc2NDAyNA==&amp;mid=2247488695&amp;idx=1&amp;sn=04064b75680faf3cc81a896b42085b88&amp;chksm=ce898820f9fe0136af0ec5ff2c1a8ee88f71f534b774125fec248a609a08728a4e7493c096e6&amp;mpshare=1&amp;scene=23&amp;srcid=0529jIEoFNv4zmqd3zmjBqG1&amp;sharer_sharetime=1653813509574&amp;sharer_shareid=595f2ca3658c7c104f7f26ccb2dad3d4#rd"&#44;"preview":"https:\/\/mmbiz.qlogo.cn\/mmbiz_jpg\/QeULQxy6JqqKyODZkSFh6J9HDN6fHhy29H6h3XsNf1O8OfQaOIkTvy38t8sonHAnJ4wusHLWSAhF4xDuFgfiaqg\/300?wx_fmt=jpeg&amp;wxfrom=7"&#44;"source_icon":"https:\/\/i.gtimg.cn\/open\/app_icon\/03\/18\/86\/87\/1103188687_100_m.png"&#44;"source_url":""&#44;"tag":"微信"&#44;"title":"“喜迎二十大，永远跟党走，奋进新征程” 主题原创海报设..."&#44;"uin":953060053}}&#44;"config":{"ctime":1653813516&#44;"forward":true&#44;"token":"21d4b9d4414486ce779c5c95ab9ebfde"&#44;"type":"normal"}}] (-1564895178) 
[2022-05-29 17:15:55] [INFO]: 收到群 潘安湖二手物品转卖群(949682820) 内 123(1952525828) 的消息: 互的私我滴滴 (108200926) 
[2022-05-29 17:16:12] [INFO]: 收到群 潘安湖二手物品转卖群(949682820) 内 爱丽丝(1837764625) 的消息: 全新[CQ:image,file=dc667c75020b81e69f6a9d3f318764da.image,subType=0] (-1765007793) 
[2022-05-29 17:17:50] [INFO]: 收到群 潘安湖二手物品转卖群(949682820) 内 爱丽丝(1837764625) 的消息: 全新[CQ:image,file=d75324c960b6c9b44ce934be8c419aef.image,subType=0] (-506777895) 
[2022-05-29 17:19:45] [INFO]: 收到群 20软件1班官方群(927974093) 内 团支书卜雨欣(1328387724) 的消息: 有意愿的同学可以参加 (-1446882125) 
[2022-05-29 17:19:45] [INFO]: 收到群 20软件1班官方群(927974093) 内 团支书卜雨欣(1328387724) 的消息: &#91;&#91;分享&#93;“喜迎二十大，永远跟党走，奋进新征程” 主题原创海报设...&#93;请使用最新版本手机QQ查看[CQ:json,data={"app":"com.tencent.structmsg"&#44;"desc":"新闻"&#44;"view":"news"&#44;"ver":"0.0.0.1"&#44;"prompt":"&#91;分享&#93;“喜迎二十大，永远跟党走，奋进新征程” 主题原创海报设..."&#44;"appID":""&#44;"sourceName":""&#44;"actionData":""&#44;"actionData_A":""&#44;"sourceUrl":""&#44;"meta":{"news":{"action":""&#44;"android_pkg_name":""&#44;"app_type":1&#44;"appid":1103188687&#44;"ctime":1653813516&#44;"desc":" "&#44;"jumpUrl":"http:\/\/mp.weixin.qq.com\/s?__biz=Mzg3MDc2NDAyNA==&amp;mid=2247488695&amp;idx=1&amp;sn=04064b75680faf3cc81a896b42085b88&amp;chksm=ce898820f9fe0136af0ec5ff2c1a8ee88f71f534b774125fec248a609a08728a4e7493c096e6&amp;mpshare=1&amp;scene=23&amp;srcid=0529jIEoFNv4zmqd3zmjBqG1&amp;sharer_sharetime=1653813509574&amp;sharer_shareid=595f2ca3658c7c104f7f26ccb2dad3d4#rd"&#44;"preview":"https:\/\/mmbiz.qlogo.cn\/mmbiz_jpg\/QeULQxy6JqqKyODZkSFh6J9HDN6fHhy29H6h3XsNf1O8OfQaOIkTvy38t8sonHAnJ4wusHLWSAhF4xDuFgfiaqg\/300?wx_fmt=jpeg&amp;wxfrom=7"&#44;"source_icon":"https:\/\/i.gtimg.cn\/open\/app_icon\/03\/18\/86\/87\/1103188687_100_m.png"&#44;"source_url":""&#44;"tag":"微信"&#44;"title":"“喜迎二十大，永远跟党走，奋进新征程” 主题原创海报设..."&#44;"uin":953060053}}&#44;"config":{"ctime":1653813516&#44;"forward":true&#44;"token":"21d4b9d4414486ce779c5c95ab9ebfde"&#44;"type":"normal"}&#44;"text":""&#44;"sourceAd":""&#44;"extra":""}] (-557489115) 
[2022-05-29 17:22:12] [INFO]: 收到群 潘安湖二手物品转卖群(949682820) 内 Coke(2538472833) 的消息: 出大锅 20r 浅🔪[CQ:image,file=197d5e7033c34b77af5a3de5ad239c37.image,subType=0][CQ:image,file=181f73fe57085a2a4fdb2750e52033ab.image,subType=0] (-2129877188) 
[2022-05-29 17:26:05] [INFO]: 收到群 潘安湖二手物品转卖群(949682820) 内 柠檬(3196980774) 的消息: E食堂代买 (-167012438) 
[2022-05-29 17:26:35] [INFO]: 收到群 潘安湖二手物品转卖群(949682820) 内 山竹一直连跪(2698355801) 的消息: 有出花生酱芝麻酱的吗 (1862452752) 
[2022-05-29 17:26:54] [INFO]: 收到群 新蜂生活超市(854452883) 内 独角兕大王(80000000) 的消息: 连续点了水果黄瓜三次 第三次踩雷 估计过季了 所以避雷水果黄瓜 (1954099953) 
[2022-05-29 17:27:36] [INFO]: 收到群 潘安湖二手物品转卖群(949682820) 内 暮色陈陈(2149601762) 的消息: b组团有没有出番茄酱的 (403043974) 
[2022-05-29 17:28:22] [INFO]: 收到群 潘安湖二手物品转卖群(949682820) 内 一只球球(435698356) 的消息: 收电脑散热支架 (-2040437979) 
[2022-05-29 17:28:52] [INFO]: 收到群 潘安湖二手物品转卖群(949682820) 内 回到源点(2537202577) 的消息: 收六级真题 (-244952141) 
[2022-05-29 17:30:04] [INFO]: 收到群 潘安湖二手物品转卖群(949682820) 内 无糖王傲娇(1328486297) 的消息: [CQ:image,file=f1037a06aa98ee6dfaab1fe3bddca9d0.image,subType=0] (1752105481) 
[2022-05-29 17:30:04] [INFO]: 收到群 潘安湖二手物品转卖群(949682820) 内 无糖王傲娇(1328486297) 的消息: [CQ:image,file=9a981773817eebe8c560a058f423c9ea.image,subType=0] (526922399) 
[2022-05-29 17:30:04] [INFO]: 收到群 潘安湖二手物品转卖群(949682820) 内 无糖王傲娇(1328486297) 的消息: [CQ:image,file=4ce24921b5c4befd97c79b06745b69dc.image,subType=0] (-1881723122) 
[2022-05-29 17:32:20] [INFO]: 收到群 20软件1班官方群(927974093) 内 团支书卜雨欣(1328387724) 的消息: [CQ:at,qq=all] 领西瓜的现在赶紧去 (964512034) 
[2022-05-29 17:32:25] [INFO]: 收到群 20软件1班官方群(927974093) 内 团支书卜雨欣(1328387724) 的消息: @全体成员 领西瓜的现在赶紧去 (1316649396) 
[2022-05-29 17:32:28] [INFO]: 收到群 20软件1班官方群(927974093) 内 团支书卜雨欣(1328387724) 的消息: @全体成员 领西瓜的现在赶紧去 (2028427223) 
[2022-05-29 17:32:46] [INFO]: 收到群 潘安湖二手物品转卖群(949682820) 内 可还行(1441301078) 的消息: 收美妆蛋 (-120578152) 
[2022-05-29 17:33:23] [INFO]: 收到群 潘安湖二手物品转卖群(949682820) 内 出卸妆棉/水(1984261832) 的消息: 有偿借用小推车，急用，现在F组团 (-1440615169) 
[2022-05-29 17:34:44] [INFO]: 收到群 潘安湖二手物品转卖群(949682820) 内 b组团美甲(2239656805) 的消息: 德邦快递现在进的来吗 (-584661911) 
[2022-05-29 17:34:50] [INFO]: 收到群 潘安湖二手物品转卖群(949682820) 内 &逸染归尘@(2664283129) 的消息: 收包鸡精 (1143969235) 
[2022-05-29 17:37:15] [INFO]: 收到群 潘安湖二手物品转卖群(949682820) 内 妖精小🍊(1642418515) 的消息: 收阿莫西林 (858301765) 
[2022-05-29 17:37:40] [INFO]: 收到群 20软件1班官方群(927974093) 内 学习委员 吴玉涵(2915786685) 的消息: 还有三个宿舍软件工程作业没交 请尽快 在18：00之前[CQ:at,qq=all] (266364737) 
[2022-05-29 17:38:51] [INFO]: 收到群 潘安湖二手物品转卖群(949682820) 内 可还行(1441301078) 的消息: 有接打印的吗 (-1387515674) 
[2022-05-29 17:42:10] [INFO]: 收到群 潘安湖二手物品转卖群(949682820) 内 爱丽丝(1837764625) 的消息: 出[CQ:image,file=5bfd9c0b61a3ce80550158bbb5355672.image,subType=0] (-632618896) 
[2022-05-29 17:42:24] [INFO]: 收到群 潘安湖二手物品转卖群(949682820) 内 c组团(958290162) 的消息: 如果白天在系统申请报修 多久人维修人员会到宿舍啊 有知道的友友吗 (1128419786) 
[2022-05-29 17:43:04] [INFO]: 收到群 潘安湖二手物品转卖群(949682820) 内 可爱者甚蕃(1434772004) 的消息: 很快 (876962140) 
[2022-05-29 17:43:07] [INFO]: 收到群 潘安湖二手物品转卖群(949682820) 内 可爱者甚蕃(1434772004) 的消息: 几分钟就能 (-1527087923) 
[2022-05-29 17:43:29] [INFO]: 收到群 潘安湖二手物品转卖群(949682820) 内 c组团(958290162) 的消息: 好的 谢啦/骚扰 (-738374565) 
[2022-05-29 17:47:35] [INFO]: 收到群 潘安湖二手物品转卖群(949682820) 内 打印(2254370262) 的消息: [CQ:image,file=9bdbf02d9ff474f88e5a637fe7913111.image,subType=0] (-1287993922) 
[2022-05-29 17:47:36] [INFO]: 收到群 潘安湖二手物品转卖群(949682820) 内 打印(2254370262) 的消息: [CQ:image,file=99935d79aebbbb599881544f69a68239.image,subType=0] (-1002572504) 
[2022-05-29 17:47:38] [INFO]: 收到群 潘安湖二手物品转卖群(949682820) 内 打印(2254370262) 的消息: [CQ:image,file=f5881c69d288d9ef795b98d138022903.image,subType=0] (1563731090) 
[2022-05-29 17:47:39] [INFO]: 收到群 潘安湖二手物品转卖群(949682820) 内 打印(2254370262) 的消息: [CQ:image,file=a5d7d2baaa52c8269466860d1dcf4b8b.image,subType=0] (708023300) 
[2022-05-29 17:47:41] [INFO]: 收到群 潘安湖二手物品转卖群(949682820) 内 打印(2254370262) 的消息: [CQ:image,file=951e8d3798ff4e0f1129bd909d25586e.image,subType=0] (-1269366361) 
[2022-05-29 17:47:41] [INFO]: 收到群 潘安湖二手物品转卖群(949682820) 内 打印(2254370262) 的消息: [CQ:image,file=d0f965a3c14ac5d1d06cc2574a7d8c14.image,subType=0] (-1018154703) 
[2022-05-29 17:51:44] [INFO]: 收到群 21软件3班通知群(684039593) 内 刘琨19516186691(1649428466) 的消息: 还未领西瓜、西红柿、黄瓜、水果黄瓜的同学请至双创楼109教室领取。[CQ:at,qq=all]  (461837438) 
[2022-05-29 17:57:22] [INFO]: 收到群 新蜂生活超市(854452883) 内 温情.(2268551581) 的消息: 普通黄瓜还行 (-311401653) 
[2022-05-29 17:57:31] [INFO]: 收到群 新蜂生活超市(854452883) 内 温情.(2268551581) 的消息: 稍微有点老 (-1703455779) 
[2022-05-29 17:57:38] [INFO]: 收到群 新蜂生活超市(854452883) 内 温情.(2268551581) 的消息: 不影响口感 (68404862) 
[2022-05-29 17:57:45] [INFO]: 收到群 新蜂生活超市(854452883) 内 金咤(80000000) 的消息: 普通黄瓜今天买的很新鲜诶我觉得 (1930753768) 
[2022-05-29 17:57:47] [INFO]: 收到好友 JrNsywBzb(1458335158) 的消息: /作业 (-528006484) 
[2022-05-29 17:57:50] [INFO]: 收到群 新蜂生活超市(854452883) 内 金咤(80000000) 的消息: /睁眼 (-367155374) 
[2022-05-29 17:57:59] [INFO]: 收到群 新蜂生活超市(854452883) 内 温情.(2268551581) 的消息: 新鲜但老 (-1659201596) 
[2022-05-29 17:58:09] [INFO]: 收到好友 JrNsywBzb(1458335158) 的消息: /作业 (2128860943) 
[2022-05-29 17:58:31] [INFO]: 收到群 20软件2班官方群(953152455) 内 张彦伟195 5163 5017(1458335158) 的消息: /作业 (-814720488) 
[2022-05-29 17:58:42] [INFO]: 收到群 新蜂生活超市(854452883) 内 温情.(2268551581) 的消息: 好吃的 (228952661) 
[2022-05-29 17:58:48] [INFO]: 收到群 20软件2班官方群(953152455) 内 张彦伟195 5163 5017(1458335158) 的消息: 算法实验4，今天最后一天了，尽快 (561920820) 
[2022-05-29 18:03:05] [INFO]: 收到群 新蜂生活超市(854452883) 内 新蜂生活超市(105070597) 的消息: 有 (2057484995) 
[2022-05-29 18:03:17] [INFO]: 收到群 新蜂生活超市(854452883) 内 新蜂生活超市(105070597) 的消息: [CQ:image,file=9267371069389b81cf00070ba6cfad6f.image,subType=0] (442839846) 
[2022-05-29 18:03:53] [INFO]: 收到群 新蜂生活超市(854452883) 内 辟寒大王(80000000) 的消息: 爱喜 (1835140016) 
[2022-05-29 18:03:55] [INFO]: 收到群 新蜂生活超市(854452883) 内 辟寒大王(80000000) 的消息: 俺看到了 (-194293238) 
[2022-05-29 18:04:30] [INFO]: 收到群 20软件2班官方群(953152455) 内 关星月 19551638707(2529315991) 的消息: 今日打卡图@全体成员 [CQ:image,file=cea3b556745969fcd18c14c58269d16c.image,subType=0] (1450773410) 
[2022-05-29 18:04:30] [INFO]: 收到群 新蜂生活超市(854452883) 内 新蜂生活超市(105070597) 的消息: [CQ:image,file=f8e802188d9ae5197b42ee82d53fbfd7.image,subType=7] (-2090048868) 
[2022-05-29 18:04:36] [INFO]: 收到群 潘安湖二手物品转卖群(949682820) 内 人在F组(1769328397) 的消息: [CQ:image,file=fba5a51362a8c3afc66f1b25c32f77d7.image,subType=0] (1515806859) 
[2022-05-29 18:05:48] [INFO]: 收到群 潘安湖二手物品转卖群(949682820) 内 Estrus(2940408263) 的消息: 收啤酒 (761155613) 
[2022-05-29 18:06:01] [INFO]: 收到群 潘安湖二手物品转卖群(949682820) 内 efgh打印(209668852) 的消息: 现在可接打印 (-1109308020) 
[2022-05-29 18:06:21] [INFO]: 收到群 新蜂生活超市(854452883) 内 金咤(80000000) 的消息: 是啥我也想看看/菜汪 (487126847) 
[2022-05-29 18:08:43] [INFO]: 收到群 潘安湖二手物品转卖群(949682820) 内 ㄣ(3266573414) 的消息: 现切蛋糕有人吃吗5r一块，只限E自取 (-890864358) 
[2022-05-29 18:12:22] [INFO]: 收到群 新蜂生活超市(854452883) 内 电母(80000000) 的消息: 👀 (1779419049) 
[2022-05-29 18:29:12] [INFO]: 收到群 潘安湖二手物品转卖群(949682820) 内 半二两(1370245020) 的消息: 有人出kt板吗 (883087729) 
[2022-05-29 18:32:19] [INFO]: 收到群 潘安湖二手物品转卖群(949682820) 内 25(1455646772) 的消息: f找明天代取快递，较多 (1134946791) 
[2022-05-29 18:38:14] [INFO]: 收到群 潘安湖二手物品转卖群(949682820) 内 75 75 135 135(1051358613) 的消息: 有没有人出五号电池，b组团 (-626214819) 
[2022-05-29 18:46:13] [INFO]: 收到群 潘安湖二手物品转卖群(949682820) 内 B组团(951659601) 的消息: 灰绿色口罩三块钱一包十片，黑色口罩三块钱十二片[CQ:image,file=17de3254dbbc37bb615fc100aacd33ad.image][CQ:image,file=f60583f44c17d7686013886d549207fa.image] (-1381267253) 
[2022-05-29 18:46:14] [INFO]: 收到群 潘安湖二手物品转卖群(949682820) 内 B组团(951659601) 的消息: 出物联网专业大三书，五块钱一本[CQ:image,file=52d076098308353e0aa6a5af29c7b25c.image] (869211496) 
[2022-05-29 18:52:03] [INFO]: 发送群 20软件3班通知群(953064865) 的消息: 健康打卡已完成！
1 ... (255691001) 
[2022-05-29 18:52:55] [INFO]: 收到群 潘安湖二手物品转卖群(949682820) 内 75 75 135 135(1051358613) 的消息: [CQ:image,file=f26551789c640170e29767a905bb757c.image,subType=0] (1153969662) 
[2022-05-29 18:53:02] [INFO]: 收到群 潘安湖二手物品转卖群(949682820) 内 75 75 135 135(1051358613) 的消息: b组团，出一份二食堂二楼小馄饨，有意者速联系，趁热吃 (-574522300) 
[2022-05-29 18:56:09] [INFO]: 收到群 潘安湖二手物品转卖群(949682820) 内 软软(534083587) 的消息: 有没有出或者组英语四级耳机的 (-1429844782) 
[2022-05-29 18:58:55] [INFO]: 收到群 潘安湖二手物品转卖群(949682820) 内 ㄣ(3266573414) 的消息: [CQ:reply,id=-890864358][CQ:at,qq=3266573414] 出完了 (981029187) 
[2022-05-29 19:03:58] [INFO]: 收到群 潘安湖二手物品转卖群(949682820) 内 一杯火焰.(3104523169) 的消息: 收纯牛奶 (1300128213) 
[2022-05-29 19:04:05] [INFO]: 收到群 潘安湖二手物品转卖群(949682820) 内 z(2394844305) 的消息: [CQ:image,file=064745d610448b8c456002929b665dcf.image,subType=0] (767158320) 
[2022-05-29 19:04:11] [INFO]: 收到群 潘安湖二手物品转卖群(949682820) 内 z(2394844305) 的消息: 5快 有意私聊 (1522456742) 
[2022-05-29 19:05:20] [INFO]: 收到群 潘安湖二手物品转卖群(949682820) 内 小森林(2466143419) 的消息: H1有无打印 (-1011381988) 
[2022-05-29 19:06:00] [INFO]: 收到群 潘安湖二手物品转卖群(949682820) 内 Shu麦外敷(2901256547) 的消息: 找个c组团商业街代买，送到宿舍门口 (-1263486582) 
[2022-05-29 19:10:53] [INFO]: 收到群 潘安湖二手物品转卖群(949682820) 内 出租麻将(1975749013) 的消息: 出维达纸5.5元一条[CQ:image,file=8dbbc082bce55ff1aad842adcff595ab.image] (718548009) 
[2022-05-29 19:12:19] [INFO]: 收到群 潘安湖二手物品转卖群(949682820) 内 出租麻将(1975749013) 的消息: 口罩19个9.5出[CQ:image,file=498c6ae68d7552cff56fab8028443b44.image,subType=0] (1574116543) 
[2022-05-29 19:14:20] [INFO]: 收到群 潘安湖二手物品转卖群(949682820) 内 柏成💐(3136795849) 的消息: 水凝防窥膜2个全新未拆封工具全10r
除螨喷雾全新未拆封8r
N95  20个独立包装新10r
同碗福咸蛋黄拌面2r[CQ:image,file=09d7e960436c8286f5b8ab1c62779d35.image,subType=0] (-992326395) 
[2022-05-29 19:15:43] [INFO]: 收到群 潘安湖二手物品转卖群(949682820) 内 出租麻将(1975749013) 的消息: [CQ:reply,id=718548009][CQ:at,qq=1975749013] 已出 (-1277330029) 
[2022-05-29 19:15:43] [INFO]: 处置WS命令时发生无法恢复的异常：interface conversion: interface {} is nil, not uint32
goroutine 188646 [running]:
runtime/debug.Stack()
	runtime/debug/stack.go:24 +0x65
github.com/Mrs4s/go-cqhttp/server.(*wsConn).handleRequest.func1()
	github.com/Mrs4s/go-cqhttp/server/websocket.go:414 +0x45
panic({0xab33a0, 0xc000197560})
	runtime/panic.go:1038 +0x215
github.com/Mrs4s/go-cqhttp/coolq.(*CQBot).ConvertContentMessage(0xab6640, {0xc0006cae20, 0x2, 0x8}, 0x0)
	github.com/Mrs4s/go-cqhttp/coolq/cqcode.go:822 +0x1177
github.com/Mrs4s/go-cqhttp/coolq.(*CQBot).CQGetMessage(0x3, 0x67002f)
	github.com/Mrs4s/go-cqhttp/coolq/api.go:1576 +0x8f1
github.com/Mrs4s/go-cqhttp/modules/api.(*Caller).call(0xc0004d91c0, {0xc00067000c, 0x7}, {0xc6d200, 0xc0006cc1e0})
	github.com/Mrs4s/go-cqhttp/modules/api/api.go:173 +0x1a5
github.com/Mrs4s/go-cqhttp/modules/api.(*Caller).Call(0xc0004d91c0, {0xc00067000c, 0x7}, {0xc6d200, 0xc0006cc1e0})
	github.com/Mrs4s/go-cqhttp/modules/api/caller.go:34 +0xaa
github.com/Mrs4s/go-cqhttp/server.(*wsConn).handleRequest(0xc000633290, 0xc0002e0360, {0xc000670000, 0x52, 0x315f})
	github.com/Mrs4s/go-cqhttp/server/websocket.go:421 +0x525
github.com/Mrs4s/go-cqhttp/server.(*websocketClient).listenAPI.func2(0xc00045c6c0)
	github.com/Mrs4s/go-cqhttp/server/websocket.go:268 +0x95
created by github.com/Mrs4s/go-cqhttp/server.(*websocketClient).listenAPI
	github.com/Mrs4s/go-cqhttp/server/websocket.go:266 +0x1b2
 
[2022-05-29 19:15:43] [WARNING]: 监听反向WS Universal时出现错误: read tcp 10.0.4.15:53938->49.234.28.122:8088: use of closed network connection 
[2022-05-29 19:15:47] [WARNING]: 向反向WS Universal服务器推送 Event 时出现错误: write tcp 10.0.4.15:53938->49.234.28.122:8088: use of closed network connection 
[2022-05-29 19:15:50] [INFO]: 开始尝试连接到反向WebSocket Universal服务器: ws://49.234.28.122:8088/onebot/v11/ws 
[2022-05-29 19:15:50] [INFO]: 已连接到反向WebSocket Universal服务器 ws://49.234.28.122:8088/onebot/v11/ws 
[2022-05-29 19:18:11] [INFO]: 收到群 潘安湖二手物品转卖群(949682820) 内 Gin.(2449078245) 的消息: kato散粉全新 50出[CQ:image,file=35e788773cda0a94584405477dab60bb.image] (593649666) 
[2022-05-29 19:18:12] [INFO]: 收到群 潘安湖二手物品转卖群(949682820) 内 Gin.(2449078245) 的消息: 还有一半多 保质期到23年 35r[CQ:image,file=c9c495ee90fd978471d642ede926350c.image] (1415925908) 
[2022-05-29 19:26:30] [INFO]: 收到群 潘安湖二手物品转卖群(949682820) 内 半二两(1370245020) 的消息: 出增高架 (-29496032) 
[2022-05-29 19:26:30] [INFO]: 收到群 潘安湖二手物品转卖群(949682820) 内 半二两(1370245020) 的消息: f组团自取 (-1992630858) 
[2022-05-29 19:26:30] [INFO]: 收到群 潘安湖二手物品转卖群(949682820) 内 半二两(1370245020) 的消息: [CQ:image,file=87865c93c69523b0e9214f497ed452c4.image,subType=0] (271813644) 
[2022-05-29 19:28:33] [INFO]: 收到群 潘安湖二手物品转卖群(949682820) 内 我要去看雪(1281863021) 的消息: 收阿莫西林胶囊 (1731509402) 
[2022-05-29 19:29:39] [INFO]: 收到群 潘安湖二手物品转卖群(949682820) 内 E(2467243936) 的消息: 45一件80两件可送至组团楼下[CQ:image,file=ebcc7869d2e7761d0b96951b22ba7f71.image,subType=0][CQ:image,file=2a52b445f314b0cabfa33dc7fa5a0c9f.image,subType=0] (-112187079) 
[2022-05-29 19:29:44] [INFO]: 收到群 潘安湖二手物品转卖群(949682820) 内 巧克力花生酱(3377899980) 的消息: 有没有一食堂代买呀 (-1906894417) 
[2022-05-29 19:30:04] [INFO]: 收到群 潘安湖二手物品转卖群(949682820) 内 巧克力花生酱(3377899980) 的消息: a组团 (392054805) 
[2022-05-29 19:33:47] [INFO]: 收到群 潘安湖二手物品转卖群(949682820) 内 Shu麦外敷(2901256547) 的消息: 有没有c组团商业街代买 (1616476291) 
[2022-05-29 19:34:01] [INFO]: 收到群 潘安湖二手物品转卖群(949682820) 内 半二两(1370245020) 的消息: 已出 (-253336302) 
[2022-05-29 19:34:18] [INFO]: 收到群 潘安湖二手物品转卖群(949682820) 内 半二两(1370245020) 的消息: [CQ:reply,id=271813644][CQ:at,qq=1370245020] 已出 (-2015275644) 
[2022-05-29 19:36:44] [INFO]: 收到群 潘安湖二手物品转卖群(949682820) 内 我要去看雪(1281863021) 的消息: [CQ:reply,id=1731509402][CQ:at,qq=1281863021] 已收 (-416883615) 
[2022-05-29 19:38:59] [INFO]: 收到群 潘安湖二手物品转卖群(949682820) 内 出租麻将(1975749013) 的消息: 38码出，价格可议[CQ:image,file=8e7043ca546c9f5e908e817fb5c0ad94.image,subType=0] (-1876824841) 
[2022-05-29 19:44:59] [INFO]: 收到群 潘安湖二手物品转卖群(949682820) 内 b1(2052864097) 的消息: 收双眼皮贴 (153664845) 
[2022-05-29 19:56:46] [INFO]: 收到群 潘安湖二手物品转卖群(949682820) 内 75 75 135 135(1051358613) 的消息: b组团🈶️同学可以彩打嘛 (2117045723) 
[2022-05-29 19:56:58] [INFO]: 收到群 潘安湖二手物品转卖群(949682820) 内 75 75 135 135(1051358613) 的消息: acd组团也可，我去楼下拿 (-531949448) 
[2022-05-29 19:58:04] [INFO]: 收到群 潘安湖二手物品转卖群(949682820) 内 b1(2052864097) 的消息: [CQ:reply,id=153664845][CQ:at,qq=2052864097] 收了 (-1756616466) 
[2022-05-29 20:02:45] [INFO]: 收到群 21软件3班通知群(684039593) 内 夏康宁15150083010(373505118) 的消息: 你的QQ暂不支持查看视频短片，请期待后续版本 (1820337384) 
[2022-05-29 20:04:24] [INFO]: 收到群 21软件3班通知群(684039593) 内 夏康宁15150083010(373505118) 的消息: 太甜了 (206023949) 
[2022-05-29 20:04:52] [INFO]: 收到群 21软件3班通知群(684039593) 内 夏康宁15150083010(373505118) 的消息: [CQ:image,file=9320d24bedb016fcb85029f387803861.image,subType=1] (2067832219) 
[2022-05-29 20:06:53] [INFO]: 收到群 20智能科学与技术(1014806242) 内 数电-张静宇老师(732257229) 的消息: [CQ:image,file=b5c86bbb0312b11fd361ba4987efc544.image,subType=0] (-148966143) 
[2022-05-29 20:07:17] [INFO]: 收到群 20智能科学与技术(1014806242) 内 数电-张静宇老师(732257229) 的消息: 明日起按照在校学生人数不低于35%的比例（走读生为每日必检对象）进行核酸抽检，另每周三进行全员核酸；时间上略有调整：10:15—11:00，12:00—15:00，地点是教1楼与教2楼连廊，入口在教2楼东侧。[CQ:at,qq=all] (-2145794665) 
[2022-05-29 20:08:02] [INFO]: 收到群 潘安湖二手物品转卖群(949682820) 内 盐焗小星球💫(1259112434) 的消息: 出化妆棉
[CQ:image,file=1ae634a5cac452d5169d905817a5bf46.image,subType=0] (239434068) 
[2022-05-29 20:20:44] [INFO]: 收到群 潘安湖二手物品转卖群(949682820) 内 g组(1023725239) 的消息: 收双眼皮贴 (2034387394) 
[2022-05-29 20:22:13] [INFO]: 收到群 潘安湖二手物品转卖群(949682820) 内 25(1730456904) 的消息: 0.5r/包[CQ:image,file=15d2d179bbb3a194d3da2f7f8a5f3895.image] (-369273773) 
[2022-05-29 20:26:09] [INFO]: 收到群 21软件2班(626284843) 内 班主任-刘老师(1521259697) 的消息: [CQ:at,qq=all]  各位同学，按照学院最新安排，明日起按照在校学生人数不低于35%的比例进行核酸抽检，另每周三进行全员核酸检测。明日抽检名单如下，请抽取到的同学按照时间节点准时前往核酸检测点。
时间：12:30-13:00
地点：教一楼与教二楼连廊（入口：教二楼东侧）  🔔🔔🔔地点有变，别走错喽～[CQ:image,file=c955304ac693fe313d1cd2e184407985.image,subType=0] (1001441676) 
[2022-05-29 20:26:33] [INFO]: 收到群 潘安湖二手物品转卖群(949682820) 内 无糖王傲娇(1328486297) 的消息: [CQ:image,file=d5033e185f025ad9009441ccdc18bfea.image,subType=0] (-1627757371) 
[2022-05-29 20:27:03] [INFO]: 收到群 潘安湖二手物品转卖群(949682820) 内 幻听(2241105577) 的消息: 收置物架 (-871657566) 
[2022-05-29 20:27:21] [INFO]: 收到群 潘安湖二手物品转卖群(949682820) 内 幻听(2241105577) 的消息: 收增高架 (-1156792524) 
[2022-05-29 20:30:46] [INFO]: 收到群 20智能科学与技术(1014806242) 内 数电-张静宇老师(732257229) 的消息: 明天蔡雅芝和陈蕾也做核酸，别忘了 (420516909) 
[2022-05-29 20:35:30] [INFO]: 收到群 21软件3班通知群(684039593) 内 陈继若15670470371(924617592) 的消息: &#91;&#91;分享&#93;“喜迎二十大，永远跟党走，奋进新征程” 主题原创海报设...&#93;请使用最新版本手机QQ查看[CQ:json,data={"app":"com.tencent.structmsg"&#44;"desc":"新闻"&#44;"view":"news"&#44;"ver":"0.0.0.1"&#44;"prompt":"&#91;分享&#93;“喜迎二十大，永远跟党走，奋进新征程” 主题原创海报设..."&#44;"meta":{"news":{"action":""&#44;"android_pkg_name":""&#44;"app_type":1&#44;"appid":1103188687&#44;"ctime":1653813516&#44;"desc":" "&#44;"jumpUrl":"http:\/\/mp.weixin.qq.com\/s?__biz=Mzg3MDc2NDAyNA==&amp;mid=2247488695&amp;idx=1&amp;sn=04064b75680faf3cc81a896b42085b88&amp;chksm=ce898820f9fe0136af0ec5ff2c1a8ee88f71f534b774125fec248a609a08728a4e7493c096e6&amp;mpshare=1&amp;scene=23&amp;srcid=0529jIEoFNv4zmqd3zmjBqG1&amp;sharer_sharetime=1653813509574&amp;sharer_shareid=595f2ca3658c7c104f7f26ccb2dad3d4#rd"&#44;"preview":"https:\/\/mmbiz.qlogo.cn\/mmbiz_jpg\/QeULQxy6JqqKyODZkSFh6J9HDN6fHhy29H6h3XsNf1O8OfQaOIkTvy38t8sonHAnJ4wusHLWSAhF4xDuFgfiaqg\/300?wx_fmt=jpeg&amp;wxfrom=7"&#44;"source_icon":"https:\/\/i.gtimg.cn\/open\/app_icon\/03\/18\/86\/87\/1103188687_100_m.png"&#44;"source_url":""&#44;"tag":"微信"&#44;"title":"“喜迎二十大，永远跟党走，奋进新征程” 主题原创海报设..."&#44;"uin":953060053}}&#44;"config":{"ctime":1653813516&#44;"forward":true&#44;"token":"21d4b9d4414486ce779c5c95ab9ebfde"&#44;"type":"normal"}}] (-498480095) 
[2022-05-29 20:36:17] [INFO]: 收到群 21软件3班通知群(684039593) 内 陈继若15670470371(924617592) 的消息: 有意愿参加的同学可以积极参加哦~[CQ:face,id=63][CQ:at,qq=all]  (-1789985609) 
[2022-05-29 20:37:10] [INFO]: 收到群 潘安湖二手物品转卖群(949682820) 内 初衷(523076939) 的消息: 15[CQ:image,file=7c5d5779bcec079293cc312a63060ad6.image,subType=0] (570814094) 
[2022-05-29 20:47:28] [INFO]: 收到群 潘安湖二手物品转卖群(949682820) 内 清风梦儿(2026228854) 的消息: [CQ:image,file=79beb626f091f0727c549765a63699b1.image,subType=0] (1426251288) 
[2022-05-29 20:48:39] [INFO]: 收到群 新蜂生活超市(854452883) 内 西天佛老(80000000) 的消息: 超市现在还开门嘛 (-217672173) 
[2022-05-29 20:49:03] [INFO]: 收到群 新蜂生活超市(854452883) 内 新蜂生活超市(105070597) 的消息: [CQ:reply,id=-217672173]22点关门 (-2080266619) 
[2022-05-29 20:52:35] [INFO]: 收到群 新蜂生活超市(854452883) 内 西天佛老(80000000) 的消息: 好的好的 (348044052) 
[2022-05-29 20:53:40] [INFO]: 收到群 20软件2班官方群(953152455) 内 张彦伟195 5163 5017(1458335158) 的消息: /作业 (-937583103) 
[2022-05-29 20:53:44] [INFO]: 收到群 潘安湖二手物品转卖群(949682820) 内 每天学习(1943226036) 的消息: C组团打印有吗 (-882488389) 
[2022-05-29 20:53:54] [INFO]: 收到群 潘安湖二手物品转卖群(949682820) 内 每天学习(1943226036) 的消息: 现在 (-1134462163) 
[2022-05-29 20:54:32] [INFO]: 收到群 潘安湖二手物品转卖群(949682820) 内 巧克力花生酱(3377899980) 的消息: a有人出饼干吗 (627583639) 
[2022-05-29 20:57:32] [INFO]: 收到群 潘安湖二手物品转卖群(949682820) 内 🍰(2917450975) 的消息: 收个牙膏 带图带价[CQ:face,id=111][CQ:face,id=111] (1383012865) 
[2022-05-29 21:15:27] [INFO]: 新成员 慎独(376103620) 进入了群 潘安湖二手物品转卖群(949682820). 
[2022-05-29 21:24:52] [INFO]: 收到群 潘安湖二手物品转卖群(949682820) 内 雪嫣(3530637699) 的消息: 出四六级耳机🎧[CQ:image,file=2f3bb7df6afb24eb02b60765bcf62615.image,subType=0] (-1026553968) 
[2022-05-29 21:32:31] [INFO]: 收到群 潘安湖二手物品转卖群(949682820) 内 雪嫣(3530637699) 的消息: 出新拖把[CQ:image,file=26439816e3bff459456265ebdaa78053.image,subType=0] (-1244186874) 
[2022-05-29 21:34:14] [INFO]: 收到群 潘安湖二手物品转卖群(949682820) 内 C2(2216049393) 的消息: C组团谁有蜂蜜！急！ (-720322845) 
[2022-05-29 21:38:06] [INFO]: 收到群 新蜂生活超市(854452883) 内 。(657631972) 的消息: [CQ:image,file=bd02317b6263a1e7e257476d1d100e6a.image,subType=1] (1673104258) 
[2022-05-29 21:38:12] [INFO]: 收到群 新蜂生活超市(854452883) 内 。(657631972) 的消息: [CQ:image,file=bd02317b6263a1e7e257476d1d100e6a.image,subType=1] (-899292584) 
[2022-05-29 21:39:25] [INFO]: 收到群 潘安湖二手物品转卖群(949682820) 内 Antony(1581239391) 的消息: [CQ:reply,id=-720322845][CQ:at,qq=2216049393] [CQ:at,qq=2216049393] 我有 (-1575514507) 
[2022-05-29 21:39:38] [INFO]: 收到群 新蜂生活超市(854452883) 内 离陌浮频*^_^*(2408604069) 的消息: ） (-1117596978) 
[2022-05-29 21:41:31] [INFO]: 收到群 20软件2班官方群(953152455) 内 辅导员赵思文(929274745) 的消息: 各位同学，按照学院最近核酸检测安排，明日起按照在校学生人数不低于35%的比例（走读生为每日必检对象）进行核酸抽检，另每周三进行全员核酸；时间上略有调整：10:15—11:00，12:00—15:00，地点是教1楼与教2楼连廊，入口在教2楼东侧。[CQ:face,id=63]
表中已根据学生课表做好时间分配，请所有同学按照表中划分好的时间进行核酸检测，带上身份证和注册好的二维码。@全体成员  [CQ:image,file=63080ef14b2e3db280b85d598932740b.image,subType=0] (638844717) 
[2022-05-29 21:44:49] [INFO]: 收到群 潘安湖二手物品转卖群(949682820) 内 Anayiq(2585394867) 的消息: H组有人出网线吗 (991879119) 
[2022-05-29 21:48:47] [INFO]: 收到群 潘安湖二手物品转卖群(949682820) 内 👌(1774001143) 的消息: [CQ:image,file=7ec32e418a706c971d684e044d80ba81.image,subType=1] (1276768089) 
[2022-05-29 22:04:26] [INFO]: 收到群 潘安湖二手物品转卖群(949682820) 内 焦糖玛奇朵(3435533851) 的消息: [CQ:image,file=8da9dc3b53be1412137dff23ad625136.image,subType=0] (-763528454) 
[2022-05-29 22:06:46] [INFO]: 收到群 潘安湖二手物品转卖群(949682820) 内 efgh打印(209668852) 的消息: [CQ:image,file=2cad920f0566a242f54c1c1542edc2e4.image,subType=0] (-1518712212) 
[2022-05-29 22:06:51] [INFO]: 收到群 潘安湖二手物品转卖群(949682820) 内 efgh打印(209668852) 的消息: 5r出 (1014176726) 
[2022-05-29 22:06:57] [INFO]: 收到群 潘安湖二手物品转卖群(949682820) 内 January.(2503781489) 的消息: 3r 一半[CQ:image,file=22e5a9b8aa5ec243be2de16f5750fbf8.image,subType=0] (1265904448) 
[2022-05-29 22:12:22] [INFO]: 收到群 潘安湖二手物品转卖群(949682820) 内 wlhckoZ(535148319) 的消息: 出葡萄酒，全新未拆100元可刀[CQ:image,file=74c8613f4372da51eba1a49722c8e1ae.image,subType=0] (-607439151) 
[2022-05-29 22:18:27] [INFO]: 收到群 潘安湖二手物品转卖群(949682820) 内 小熊软糖(2582945628) 的消息: 收咖啡 (-1395915193) 
[2022-05-29 22:19:46] [INFO]: 收到群 潘安湖二手物品转卖群(949682820) 内 Bowie才是yyds(2377413813) 的消息: 出桃子味rio,6 c组团 (-1705957340) 
[2022-05-29 22:21:18] [INFO]: 收到群 潘安湖二手物品转卖群(949682820) 内 一杯火焰.(3104523169) 的消息: 出卸妆水6r[CQ:image,file=48a2b69e6516c5830e266567e6ef8379.image,subType=0] (-313124686) 
[2022-05-29 22:30:41] [INFO]: 收到群 新蜂生活超市(854452883) 内 嫦娥(80000000) 的消息: [CQ:image,file=aa3167127612622fca5d1e639d19bb9f.image,subType=0] (611025780) 
[2022-05-29 22:30:45] [INFO]: 收到群 新蜂生活超市(854452883) 内 嫦娥(80000000) 的消息: 有这个面包吗 (1399632866) 
[2022-05-29 22:31:33] [INFO]: 收到群 新蜂生活超市(854452883) 内 新蜂生活超市(105070597) 的消息: 徐州没有 (-855103935) 
[2022-05-29 22:33:36] [INFO]: 收到群 潘安湖二手物品转卖群(949682820) 内 嘎(1186467380) 的消息: 收苹果13手机壳 (1952401672) 
[2022-05-29 22:37:07] [INFO]: 收到群 潘安湖二手物品转卖群(949682820) 内 焦糖玛奇朵(3435533851) 的消息: [CQ:reply,id=-763528454][CQ:at,qq=3435533851] 已出 (56129950) 
[2022-05-29 22:37:57] [INFO]: 收到群 潘安湖二手物品转卖群(949682820) 内 Bowie才是yyds(2377413813) 的消息: [CQ:reply,id=-1705957340][CQ:at,qq=2377413813] 已出 (-1656951747) 
[2022-05-29 22:40:48] [INFO]: 收到群 潘安湖二手物品转卖群(949682820) 内 山野都有雾灯(1571711202) 的消息: 出全新未拆封欧莱雅牡丹精华水中样65ml 45r（官网130ml 350r）买正装送的，到货送到宿舍楼下[CQ:image,file=5fa544ecc811ec44161baa1c3aa5883a.image,subType=0][CQ:image,file=d05d90834687469e135e1376583bd916.image,subType=0] (-365175637) 
[2022-05-29 22:44:29] [INFO]: 收到群 新蜂生活超市(854452883) 内 水精老祖(80000000) 的消息: 超市那种一大包一起卖的菠萝包怎么卖啊[CQ:at,qq=105070597]  (-1173416233) 
[2022-05-29 22:48:50] [INFO]: 收到群 潘安湖二手物品转卖群(949682820) 内 E(2380411320) 的消息: 纪梵希心无禁忌香水，10ml用了1-2ml，65出[CQ:image,file=e855cb7b56fcf553301a197945a05a7c.image] (1932692753) 
[2022-05-29 22:48:55] [INFO]: 收到群 潘安湖二手物品转卖群(949682820) 内 E(2380411320) 的消息: 出4小支，5元出[CQ:image,file=d48eb7048efd0d510f8d1ec0deaf8a73.image][CQ:image,file=f9d86e7a05d85ff3f4660a19f3a43752.image] (70630791) 
[2022-05-29 22:50:31] [INFO]: 收到群 潘安湖二手物品转卖群(949682820) 内 一只特立独行的猪(3037914768) 的消息: 4元出，还剩三分之一[CQ:image,file=e17dceda12929a819f5f5592f5aed904.image] (-1802854378) 
[2022-05-29 22:50:46] [INFO]: 收到群 潘安湖二手物品转卖群(949682820) 内 一只特立独行的猪(3037914768) 的消息: 4元出，还剩三分之一[CQ:image,file=e17dceda12929a819f5f5592f5aed904.image] (-477261696) 
[2022-05-29 22:51:05] [INFO]: 收到群 潘安湖二手物品转卖群(949682820) 内 臻尘(1710987855) 的消息: 出书[CQ:image,file=f28154dd2319a3cf477e12d0eead91a1.image,subType=0][CQ:image,file=1ad016e444d05b791f1592385e893cc0.image,subType=0][CQ:image,file=6ed7795f09a7f221254dd5e5ec5688d8.image,subType=0] (-2092295835) 
[2022-05-29 22:52:35] [INFO]: 收到群 潘安湖二手物品转卖群(949682820) 内 需要冬眠(1356300350) 的消息: 出软工和二学历英语书 (-196269581) 
[2022-05-29 22:53:59] [INFO]: 收到群 新蜂生活超市(854452883) 内 懒羊羊(1834808612) 的消息: [CQ:reply,id=611025780]波波面包 (587614061) 
[2022-05-29 22:54:06] [INFO]: 收到群 新蜂生活超市(854452883) 内 懒羊羊(1834808612) 的消息: 吃了会有波波吗 (1409382395) 
[2022-05-29 22:54:28] [INFO]: 收到群 新蜂生活超市(854452883) 内 官方认证谷老板(1024664153) 的消息: ？ (-994153878) 
[2022-05-29 22:54:30] [INFO]: 收到群 新蜂生活超市(854452883) 内 官方认证谷老板(1024664153) 的消息: 这个好 (-1279698180) 
[2022-05-29 22:54:33] [INFO]: 收到群 新蜂生活超市(854452883) 内 官方认证谷老板(1024664153) 的消息: [CQ:face,id=2] (-746663143) 
[2022-05-29 22:54:51] [INFO]: 收到群 新蜂生活超市(854452883) 内 城北徐公💛(3022795235) 的消息: 这个真的好吃 (-1535515761) 
[2022-05-29 22:55:46] [INFO]: 收到群 新蜂生活超市(854452883) 内 懒羊羊(1834808612) 的消息: 懒大王没吃过 (1030795829) 
[2022-05-29 22:55:53] [INFO]: 收到群 新蜂生活超市(854452883) 内 懒羊羊(1834808612) 的消息: 老板能不能搞定它 (1249346211) 
[2022-05-29 23:04:17] [INFO]: 收到群 20软件2班官方群(953152455) 内 张彦伟195 5163 5017(1458335158) 的消息: /作业 (1360318395) 
[2022-05-29 23:05:05] [INFO]: 收到群 潘安湖二手物品转卖群(949682820) 内 🍃(3012472960) 的消息: 出[CQ:image,file=b662718c53c1ae95bb24c21c6fc4af62.image,subType=0] (1833203785) 
[2022-05-29 23:06:25] [INFO]: 收到群 新蜂生活超市(854452883) 内 劲节十八公(80000000) 的消息: [CQ:reply,id=-2065293656][CQ:at,qq=1701489767] 
那个群的西瓜怎么卖啊[CQ:at,qq=1701489767]  (-736946432) 
[2022-05-29 23:07:53] [INFO]: 收到群 潘安湖二手物品转卖群(949682820) 内 ZZ(2129543694) 的消息: 出粉色榨汁杯[CQ:image,file=8e090d5ea6db2daa6f697d8cb0efa8f4.image,subType=0] (440617183) 
[2022-05-29 23:09:25] [INFO]: 收到群 新蜂生活超市(854452883) 内 Glimmering.AN(2677477571) 的消息: [CQ:image,file=68e098f39669df4574f297bd7e6f4685.image,subType=0] (-1558960234) 
[2022-05-29 23:09:40] [INFO]: 收到群 新蜂生活超市(854452883) 内 Glimmering.AN(2677477571) 的消息: 可惜我们班没提过这个[CQ:face,id=64] (975009324) 
[2022-05-29 23:10:29] [INFO]: 收到群 潘安湖二手物品转卖群(949682820) 内 一只特立独行的猪(3037914768) 的消息: 兰芝隔离小样15元（可刀）[CQ:image,file=7d14fda5a36cf69638725f11a753c967.image] (-2077762180) 
[2022-05-29 23:14:40] [INFO]: 收到群 潘安湖二手物品转卖群(949682820) 内 11(1304217533) 的消息: 收三合一充电线 (-215945750) 
[2022-05-29 23:15:37] [INFO]: 收到群 新蜂生活超市(854452883) 内 肥肥(1290508607) 的消息: 老板 我要吃奥小黑/汪汪[CQ:at,qq=105070597]  (1293567674) 
[2022-05-29 23:16:06] [INFO]: 收到群 新蜂生活超市(854452883) 内 肥肥(1290508607) 的消息: [CQ:image,file=47607377474034af7a143a5b91846788.image,subType=0] (-576365781) 
[2022-05-29 23:16:18] [INFO]: 收到群 新蜂生活超市(854452883) 内 新蜂生活超市(105070597) 的消息: 😓 (-1432196163) 
[2022-05-29 23:20:45] [INFO]: 收到群 新蜂生活超市(854452883) 内 金母娘娘(80000000) 的消息: 老板 巧乐兹巧乐兹！有吗 (-128745254) 
[2022-05-29 23:20:49] [INFO]: 收到群 新蜂生活超市(854452883) 内 金母娘娘(80000000) 的消息: 原味的 (-1890275252) 
[2022-05-29 23:21:00] [INFO]: 收到群 新蜂生活超市(854452883) 内 新蜂生活超市(105070597) 的消息: 👌 (375251446) 
[2022-05-29 23:21:08] [INFO]: 收到群 新蜂生活超市(854452883) 内 新蜂生活超市(105070597) 的消息: 我记一下 (1633341792) 
[2022-05-29 23:21:55] [INFO]: 收到群 新蜂生活超市(854452883) 内 新蜂生活超市(105070597) 的消息: 下一位 (-12696381) 
[2022-05-29 23:22:22] [INFO]: 收到群 新蜂生活超市(854452883) 内 金母娘娘(80000000) 的消息: 啊有吗/暗中观察 (-2009500587) 
[2022-05-29 23:22:38] [INFO]: 收到群 新蜂生活超市(854452883) 内 新蜂生活超市(105070597) 的消息: 明天问下奥小黑 (288368111) 
[2022-05-29 23:22:41] [INFO]: 收到群 新蜂生活超市(854452883) 内 沙和尚(80000000) 的消息: 草莓味方糕！ (1714886009) 
[2022-05-29 23:22:44] [INFO]: 收到群 新蜂生活超市(854452883) 内 沙和尚(80000000) 的消息: 可以吗 (-158856984) 
[2022-05-29 23:22:51] [INFO]: 收到群 新蜂生活超市(854452883) 内 沙和尚(80000000) 的消息: [CQ:face,id=111][CQ:face,id=111] (-2121320322) 
[2022-05-29 23:23:37] [INFO]: 收到群 新蜂生活超市(854452883) 内 沙和尚(80000000) 的消息: 我同学说特别好吃我都没吃到过[CQ:face,id=5] (-515329637) 
[2022-05-29 23:27:01] [INFO]: 收到群 新蜂生活超市(854452883) 内 官方认证谷老板(1024664153) 的消息: [CQ:at,qq=105070597] 巧乐兹蓝莓的 (-1773174515) 
[2022-05-29 23:28:32] [INFO]: 收到群 新蜂生活超市(854452883) 内 新蜂生活超市(105070597) 的消息: 👌 (256299191) 
[2022-05-29 23:30:53] [INFO]: 收到群 新蜂生活超市(854452883) 内 白秋与(2993978886) 的消息: 可以进九制话梅吗 (2017583137) 
[2022-05-29 23:31:00] [INFO]: 收到群 潘安湖二手物品转卖群(949682820) 内 阿璍(1779849981) 的消息: 出床上桌，白枫木色 (1781120080) 
[2022-05-29 23:31:29] [INFO]: 收到群 新蜂生活超市(854452883) 内 白秋与(2993978886) 的消息:  老板 (-433752702) 
[2022-05-29 23:33:06] [INFO]: 收到群 新蜂生活超市(854452883) 内 新蜂生活超市(105070597) 的消息: [CQ:image,file=b58db25115dc85960d2cc157a36df6d8.image,subType=7] (-1860025068) 
[2022-05-29 23:33:52] [INFO]: 收到群 新蜂生活超市(854452883) 内 ⁢⁣ (1213153464) 的消息: 我还是想试试芥末味方糕.jpg (137041070) 
[2022-05-29 23:34:49] [INFO]: 收到群 新蜂生活超市(854452883) 内 新蜂生活超市(105070597) 的消息: 这个真没有 (2133599288) 
[2022-05-29 23:34:56] [INFO]: 收到群 新蜂生活超市(854452883) 内 ⁢⁣ (1213153464) 的消息: [CQ:image,file=8c529daf824685ab769d0c093d4f5dfa.image,subType=1] (-275564119) 
[2022-05-29 23:35:23] [INFO]: 收到群 新蜂生活超市(854452883) 内 如来佛(80000000) 的消息: 你可以买个芥末 (-1735128769) 
[2022-05-29 23:35:37] [INFO]: 收到群 新蜂生活超市(854452883) 内 新蜂生活超市(105070597) 的消息: [CQ:image,file=8c9b11da60453ef634f5c55715e5ad89.image,subType=7] (-1375131812) 
[2022-05-29 23:35:39] [INFO]: 收到群 新蜂生活超市(854452883) 内 如来佛(80000000) 的消息: 吃一口方糕挤一点芥末 (-653387830) 
[2022-05-29 23:43:31] [INFO]: 收到群 20软件3班通知群(953064865) 内 班主任(313323736) 的消息: 各位同学，按照学院最近安排，明日起按照在校学生人数不低于35%的比例（走读生为每日必检对象）进行核酸抽检，另每周三进行全员核酸；时间上略有调整：10:15—11:00，12:00—15:00，地点是教1楼与教2楼连廊，入口在教2楼东侧。请大家按照表中划分好的时间进行核酸检测。[CQ:at,qq=all] [CQ:image,file=b66080aaf48ce2d8539cb58504a62003.image,subType=0] (2017114223) 
[2022-05-29 23:43:46] [INFO]: 收到群 新蜂生活超市(854452883) 内 肥肥(1290508607) 的消息: 听我说谢谢你[CQ:at,qq=105070597]  (1074218608) 
[2022-05-29 23:44:05] [INFO]: 收到群 科文学院21Z计科(913765781) 内 班主任(313323736) 的消息: 各位同学，按照学院最近安排，明日起按照在校学生人数不低于35%的比例（走读生为每日必检对象）进行核酸抽检，另每周三进行全员核酸；时间上略有调整：10:15—11:00，12:00—15:00，地点是教1楼与教2楼连廊，入口在教2楼东侧。请大家按照表中划分好的时间进行核酸检测。[CQ:at,qq=all] 
[CQ:image,file=e25888c5bc514436838cfe927dd9c74b.image,subType=0] (-1538786092) 
[2022-05-29 23:45:22] [INFO]: 收到群 新蜂生活超市(854452883) 内 新蜂生活超市(105070597) 的消息: /斜眼笑不用这么客气，都是自己人 (922777318) 
[2022-05-29 23:46:53] [INFO]: 收到群 新蜂生活超市(854452883) 内 元始天尊(80000000) 的消息: [CQ:reply,id=137041070][CQ:at,qq=1213153464] 我有芥末[CQ:at,qq=1213153464]  (-1453006011) 
[2022-05-29 23:47:49] [INFO]: 收到群 新蜂生活超市(854452883) 内 新蜂生活超市(105070597) 的消息: 开玩笑，我是干嘛的，我免费赞助 (-563883053) 
[2022-05-29 23:48:24] [INFO]: 收到群 新蜂生活超市(854452883) 内 · L·(2631280624) 的消息: [CQ:image,file=20199e13a82c5fa623127a0ea16b3000.image,subType=1] (1198162537) 
